#
# There is insufficient memory for the Java Runtime Environment to continue.
# Native memory allocation (mmap) failed to map 901120 bytes for G1 virtual space
# Possible reasons:
#   The system is out of physical RAM or swap space
#   The process is running with CompressedOops enabled, and the Java Heap may be blocking the growth of the native heap
# Possible solutions:
#   Reduce memory load on the system
#   Increase physical memory or swap space
#   Check if swap backing store is full
#   Decrease Java heap size (-Xmx/-Xms)
#   Decrease number of Java threads
#   Decrease Java thread stack sizes (-Xss)
#   Set larger code cache with -XX:ReservedCodeCacheSize=
#   JVM is running with Unscaled Compressed Oops mode in which the Java heap is
#     placed in the first 4GB address space. The Java Heap base address is the
#     maximum limit for the native heap growth. Please use -XX:HeapBaseMinAddress
#     to set the Java Heap base and to place the Java Heap above 4GB virtual address.
# This output file may be truncated or incomplete.
#
#  Out of Memory Error (os_windows.cpp:3769), pid=367204, tid=367080
#
# JRE version: OpenJDK Runtime Environment (17.0.6) (build 17.0.6+0-b2043.56-10027231)
# Java VM: OpenJDK 64-Bit Server VM (17.0.6+0-b2043.56-10027231, mixed mode, tiered, compressed oops, compressed class ptrs, g1 gc, windows-amd64)
# No core dump will be written. Minidumps are not enabled by default on client versions of Windows
#

---------------  S U M M A R Y ------------

Command Line: --add-opens=java.base/java.util.concurrent.atomic=ALL-UNNAMED --add-opens=java.base/java.util=ALL-UNNAMED --add-opens=java.base/java.lang=ALL-UNNAMED --add-opens=java.base/java.lang.invoke=ALL-UNNAMED --add-opens=java.prefs/java.util.prefs=ALL-UNNAMED --add-opens=java.base/java.nio.charset=ALL-UNNAMED --add-opens=java.base/java.net=ALL-UNNAMED --add-opens=java.base/java.util.concurrent.atomic=ALL-UNNAMED -Xmx2048m -Dfile.encoding=UTF-8 -Duser.country=KR -Duser.language=ko -Duser.variant -javaagent:C:\Users\SSAFY\.gradle\wrapper\dists\gradle-8.3-bin\dxjbbhstwasg8cbags9q7cvli\gradle-8.3\lib\agents\gradle-instrumentation-agent-8.3.jar org.gradle.launcher.daemon.bootstrap.GradleDaemon 8.3

Host: Intel(R) Core(TM) i7-9750H CPU @ 2.60GHz, 12 cores, 15G,  Windows 10 , 64 bit Build 19041 (10.0.19041.3031)
Time: Sat Oct 28 17:39:25 2023  Windows 10 , 64 bit Build 19041 (10.0.19041.3031) elapsed time: 27.381513 seconds (0d 0h 0m 27s)

---------------  T H R E A D  ---------------

Current thread (0x0000024ad0431030):  VMThread "VM Thread" [stack: 0x000000cae1400000,0x000000cae1500000] [id=367080]

Stack: [0x000000cae1400000,0x000000cae1500000]
Native frames: (J=compiled Java code, j=interpreted, Vv=VM code, C=native code)
V  [jvm.dll+0x683c9a]
V  [jvm.dll+0x8427a4]
V  [jvm.dll+0x843f9e]
V  [jvm.dll+0x844603]
V  [jvm.dll+0x249b75]
V  [jvm.dll+0x680b69]
V  [jvm.dll+0x67505a]
V  [jvm.dll+0x309acb]
V  [jvm.dll+0x310f86]
V  [jvm.dll+0x360918]
V  [jvm.dll+0x360b1f]
V  [jvm.dll+0x2dfbf8]
V  [jvm.dll+0x2e2ce6]
V  [jvm.dll+0x2ed478]
V  [jvm.dll+0x322150]
V  [jvm.dll+0x848ccb]
V  [jvm.dll+0x849a04]
V  [jvm.dll+0x849f1d]
V  [jvm.dll+0x84a2f4]
V  [jvm.dll+0x84a3c0]
V  [jvm.dll+0x7f274a]
V  [jvm.dll+0x682ad5]
C  [ucrtbase.dll+0x21bb2]
C  [KERNEL32.DLL+0x17614]
C  [ntdll.dll+0x526f1]

VM_Operation (0x000000cae10ff440): G1Concurrent, mode: safepoint, requested by thread 0x0000024ab57ee1e0


---------------  P R O C E S S  ---------------

Threads class SMR info:
_java_thread_list=0x0000024ad9ae3d70, length=76, elements={
0x0000024ab5780dd0, 0x0000024ad0435d60, 0x0000024ad0436bd0, 0x0000024ad047ae40,
0x0000024ad047c810, 0x0000024ad047f6d0, 0x0000024ad04ac010, 0x0000024ad04aedb0,
0x0000024ad04b2d50, 0x0000024ad04bd760, 0x0000024ad05ab800, 0x0000024ad06ccc70,
0x0000024ad16d4860, 0x0000024ad1bdc990, 0x0000024ad2815440, 0x0000024ad28721f0,
0x0000024ad288ced0, 0x0000024ad2995430, 0x0000024ad286f700, 0x0000024ad299efb0,
0x0000024ad2816ae0, 0x0000024ad2816fb0, 0x0000024ad2817480, 0x0000024ad2816610,
0x0000024ad2815c70, 0x0000024ad2816140, 0x0000024ad37b5df0, 0x0000024ad37ba150,
0x0000024ad37bbe30, 0x0000024ad37b7ad0, 0x0000024ad37b7130, 0x0000024ad37b62c0,
0x0000024ad37ba620, 0x0000024ad37bb490, 0x0000024ad37bc7d0, 0x0000024ad37b7fa0,
0x0000024ad37b8e10, 0x0000024ad37b6790, 0x0000024ad37bafc0, 0x0000024ad37b7600,
0x0000024ad37b92e0, 0x0000024ad37b97b0, 0x0000024ad37b6c60, 0x0000024ad37bc300,
0x0000024ad37b9c80, 0x0000024ad37baaf0, 0x0000024ad68c6530, 0x0000024ad68c6ed0,
0x0000024ad68c9080, 0x0000024ad68c8bb0, 0x0000024ad68c9550, 0x0000024ad68c86e0,
0x0000024ad68c9a20, 0x0000024ad68c6060, 0x0000024ad68c7870, 0x0000024ad68c6a00,
0x0000024ad68c73a0, 0x0000024ad68c7d40, 0x0000024ad68c8210, 0x0000024ad6863b20,
0x0000024ad6860b00, 0x0000024ad6866b40, 0x0000024ad6864990, 0x0000024ad68614a0,
0x0000024ad6863ff0, 0x0000024ad68644c0, 0x0000024ad68661a0, 0x0000024ad6865330,
0x0000024ad6862cb0, 0x0000024ad6867010, 0x0000024ad6865800, 0x0000024ad6866670,
0x0000024ad68679b0, 0x0000024ad6863180, 0x0000024ad6868350, 0x0000024ad1407870
}

Java Threads: ( => current thread )
  0x0000024ab5780dd0 JavaThread "main" [_thread_blocked, id=365840, stack(0x000000cae0e00000,0x000000cae0f00000)]
  0x0000024ad0435d60 JavaThread "Reference Handler" daemon [_thread_blocked, id=367756, stack(0x000000cae1500000,0x000000cae1600000)]
  0x0000024ad0436bd0 JavaThread "Finalizer" daemon [_thread_blocked, id=367724, stack(0x000000cae1600000,0x000000cae1700000)]
  0x0000024ad047ae40 JavaThread "Signal Dispatcher" daemon [_thread_blocked, id=366252, stack(0x000000cae1700000,0x000000cae1800000)]
  0x0000024ad047c810 JavaThread "Attach Listener" daemon [_thread_blocked, id=368136, stack(0x000000cae1800000,0x000000cae1900000)]
  0x0000024ad047f6d0 JavaThread "Service Thread" daemon [_thread_blocked, id=368500, stack(0x000000cae1900000,0x000000cae1a00000)]
  0x0000024ad04ac010 JavaThread "Monitor Deflation Thread" daemon [_thread_blocked, id=367832, stack(0x000000cae1a00000,0x000000cae1b00000)]
  0x0000024ad04aedb0 JavaThread "C2 CompilerThread0" daemon [_thread_blocked, id=365428, stack(0x000000cae1b00000,0x000000cae1c00000)]
  0x0000024ad04b2d50 JavaThread "C1 CompilerThread0" daemon [_thread_blocked, id=342872, stack(0x000000cae1c00000,0x000000cae1d00000)]
  0x0000024ad04bd760 JavaThread "Sweeper thread" daemon [_thread_blocked, id=354828, stack(0x000000cae1d00000,0x000000cae1e00000)]
  0x0000024ad05ab800 JavaThread "Common-Cleaner" daemon [_thread_blocked, id=364648, stack(0x000000cae1e00000,0x000000cae1f00000)]
  0x0000024ad06ccc70 JavaThread "Notification Thread" daemon [_thread_blocked, id=362468, stack(0x000000cae1f00000,0x000000cae2000000)]
  0x0000024ad16d4860 JavaThread "Daemon health stats" [_thread_blocked, id=368208, stack(0x000000cae2600000,0x000000cae2700000)]
  0x0000024ad1bdc990 JavaThread "Incoming local TCP Connector on port 53503" [_thread_in_native, id=368156, stack(0x000000cae2700000,0x000000cae2800000)]
  0x0000024ad2815440 JavaThread "Daemon periodic checks" [_thread_blocked, id=368152, stack(0x000000cae2800000,0x000000cae2900000)]
  0x0000024ad28721f0 JavaThread "Daemon" [_thread_blocked, id=368284, stack(0x000000cae2900000,0x000000cae2a00000)]
  0x0000024ad288ced0 JavaThread "Handler for socket connection from /127.0.0.1:53503 to /127.0.0.1:53504" [_thread_in_native, id=366768, stack(0x000000cae2a00000,0x000000cae2b00000)]
  0x0000024ad2995430 JavaThread "Cancel handler" [_thread_blocked, id=368148, stack(0x000000cae2b00000,0x000000cae2c00000)]
  0x0000024ad286f700 JavaThread "Daemon worker" [_thread_blocked, id=367348, stack(0x000000cae2c00000,0x000000cae2d00000)]
  0x0000024ad299efb0 JavaThread "Asynchronous log dispatcher for DefaultDaemonConnection: socket connection from /127.0.0.1:53503 to /127.0.0.1:53504" [_thread_blocked, id=356000, stack(0x000000cae2d00000,0x000000cae2e00000)]
  0x0000024ad2816ae0 JavaThread "Stdin handler" [_thread_blocked, id=367828, stack(0x000000cae2e00000,0x000000cae2f00000)]
  0x0000024ad2816fb0 JavaThread "Daemon client event forwarder" [_thread_blocked, id=358420, stack(0x000000cae2f00000,0x000000cae3000000)]
  0x0000024ad2817480 JavaThread "Cache worker for journal cache (C:\Users\SSAFY\.gradle\caches\journal-1)" [_thread_blocked, id=368272, stack(0x000000cae3600000,0x000000cae3700000)]
  0x0000024ad2816610 JavaThread "File lock request listener" [_thread_in_native, id=368280, stack(0x000000cae3700000,0x000000cae3800000)]
  0x0000024ad2815c70 JavaThread "Cache worker for file hash cache (C:\Users\SSAFY\.gradle\caches\8.3\fileHashes)" [_thread_blocked, id=368288, stack(0x000000cae3800000,0x000000cae3900000)]
  0x0000024ad2816140 JavaThread "File watcher server" daemon [_thread_in_native, id=368292, stack(0x000000cae3900000,0x000000cae3a00000)]
  0x0000024ad37b5df0 JavaThread "File watcher consumer" daemon [_thread_blocked, id=368300, stack(0x000000cae3a00000,0x000000cae3b00000)]
  0x0000024ad37ba150 JavaThread "jar transforms" [_thread_blocked, id=368304, stack(0x000000cae3b00000,0x000000cae3c00000)]
  0x0000024ad37bbe30 JavaThread "jar transforms Thread 2" [_thread_blocked, id=368308, stack(0x000000cae3c00000,0x000000cae3d00000)]
  0x0000024ad37b7ad0 JavaThread "jar transforms Thread 3" [_thread_blocked, id=368268, stack(0x000000cae3d00000,0x000000cae3e00000)]
  0x0000024ad37b7130 JavaThread "jar transforms Thread 4" [_thread_blocked, id=368256, stack(0x000000cae3e00000,0x000000cae3f00000)]
  0x0000024ad37b62c0 JavaThread "jar transforms Thread 5" [_thread_blocked, id=367492, stack(0x000000cae3f00000,0x000000cae4000000)]
  0x0000024ad37ba620 JavaThread "jar transforms Thread 6" [_thread_blocked, id=366928, stack(0x000000cae4000000,0x000000cae4100000)]
  0x0000024ad37bb490 JavaThread "jar transforms Thread 7" [_thread_blocked, id=365676, stack(0x000000cae4100000,0x000000cae4200000)]
  0x0000024ad37bc7d0 JavaThread "jar transforms Thread 8" [_thread_blocked, id=365748, stack(0x000000cae4200000,0x000000cae4300000)]
  0x0000024ad37b7fa0 JavaThread "jar transforms Thread 9" [_thread_blocked, id=367456, stack(0x000000cae4300000,0x000000cae4400000)]
  0x0000024ad37b8e10 JavaThread "jar transforms Thread 10" [_thread_blocked, id=365276, stack(0x000000cae4400000,0x000000cae4500000)]
  0x0000024ad37b6790 JavaThread "jar transforms Thread 11" [_thread_blocked, id=368348, stack(0x000000cae4500000,0x000000cae4600000)]
  0x0000024ad37bafc0 JavaThread "jar transforms Thread 12" [_thread_blocked, id=368004, stack(0x000000cae4600000,0x000000cae4700000)]
  0x0000024ad37b7600 JavaThread "Cache worker for checksums cache (C:\Users\SSAFY\Desktop\S09P31C206\frontend\buildSrc\.gradle\8.3\checksums)" [_thread_blocked, id=368452, stack(0x000000cae4700000,0x000000cae4800000)]
  0x0000024ad37b92e0 JavaThread "Cache worker for file hash cache (C:\Users\SSAFY\Desktop\S09P31C206\frontend\buildSrc\.gradle\8.3\fileHashes)" [_thread_blocked, id=368424, stack(0x000000cae4800000,0x000000cae4900000)]
  0x0000024ad37b97b0 JavaThread "Cache worker for cache directory md-supplier (C:\Users\SSAFY\.gradle\caches\8.3\md-supplier)" [_thread_blocked, id=368460, stack(0x000000cae4900000,0x000000cae4a00000)]
  0x0000024ad37b6c60 JavaThread "Cache worker for file content cache (C:\Users\SSAFY\.gradle\caches\8.3\fileContent)" [_thread_blocked, id=368456, stack(0x000000cae4a00000,0x000000cae4b00000)]
  0x0000024ad37bc300 JavaThread "Cache worker for cache directory md-rule (C:\Users\SSAFY\.gradle\caches\8.3\md-rule)" [_thread_blocked, id=366416, stack(0x000000cae4b00000,0x000000cae4c00000)]
  0x0000024ad37b9c80 JavaThread "Cache worker for execution history cache (C:\Users\SSAFY\.gradle\caches\8.3\executionHistory)" [_thread_blocked, id=368320, stack(0x000000cae4c00000,0x000000cae4d00000)]
  0x0000024ad37baaf0 JavaThread "Cache worker for dependencies-accessors (C:\Users\SSAFY\Desktop\S09P31C206\frontend\buildSrc\.gradle\8.3\dependencies-accessors)" [_thread_blocked, id=367428, stack(0x000000cae4d00000,0x000000cae4e00000)]
  0x0000024ad68c6530 JavaThread "Cache worker for Build Output Cleanup Cache (C:\Users\SSAFY\Desktop\S09P31C206\frontend\buildSrc\.gradle\buildOutputCleanup)" [_thread_blocked, id=367404, stack(0x000000cae4e00000,0x000000cae4f00000)]
  0x0000024ad68c6ed0 JavaThread "Memory manager" [_thread_blocked, id=367420, stack(0x000000cae4f00000,0x000000cae5000000)]
  0x0000024ad68c9080 JavaThread "Cache worker for kotlin-dsl (C:\Users\SSAFY\.gradle\caches\8.3\kotlin-dsl)" [_thread_blocked, id=367424, stack(0x000000cae5000000,0x000000cae5100000)]
  0x0000024ad68c8bb0 JavaThread "Unconstrained build operations" [_thread_blocked, id=367444, stack(0x000000cae5100000,0x000000cae5200000)]
  0x0000024ad68c9550 JavaThread "Unconstrained build operations Thread 2" [_thread_blocked, id=367436, stack(0x000000cae5200000,0x000000cae5300000)]
  0x0000024ad68c86e0 JavaThread "Unconstrained build operations Thread 3" [_thread_blocked, id=367412, stack(0x000000cae5300000,0x000000cae5400000)]
  0x0000024ad68c9a20 JavaThread "Unconstrained build operations Thread 4" [_thread_blocked, id=367408, stack(0x000000cae5400000,0x000000cae5500000)]
  0x0000024ad68c6060 JavaThread "Unconstrained build operations Thread 5" [_thread_blocked, id=367440, stack(0x000000cae5500000,0x000000cae5600000)]
  0x0000024ad68c7870 JavaThread "Unconstrained build operations Thread 6" [_thread_blocked, id=367416, stack(0x000000cae5600000,0x000000cae5700000)]
  0x0000024ad68c6a00 JavaThread "Unconstrained build operations Thread 7" [_thread_blocked, id=367432, stack(0x000000cae5700000,0x000000cae5800000)]
  0x0000024ad68c73a0 JavaThread "Unconstrained build operations Thread 8" [_thread_blocked, id=354444, stack(0x000000cae5800000,0x000000cae5900000)]
  0x0000024ad68c7d40 JavaThread "Unconstrained build operations Thread 9" [_thread_blocked, id=357316, stack(0x000000cae5900000,0x000000cae5a00000)]
  0x0000024ad68c8210 JavaThread "Unconstrained build operations Thread 10" [_thread_blocked, id=365816, stack(0x000000cae5a00000,0x000000cae5b00000)]
  0x0000024ad6863b20 JavaThread "Unconstrained build operations Thread 11" [_thread_blocked, id=366752, stack(0x000000cae5b00000,0x000000cae5c00000)]
  0x0000024ad6860b00 JavaThread "build event listener" [_thread_blocked, id=366288, stack(0x000000cae5c00000,0x000000cae5d00000)]
  0x0000024ad6866b40 JavaThread "included builds" [_thread_blocked, id=367584, stack(0x000000cae5d00000,0x000000cae5e00000)]
  0x0000024ad6864990 JavaThread "Execution worker" [_thread_blocked, id=367560, stack(0x000000cae5e00000,0x000000cae5f00000)]
  0x0000024ad68614a0 JavaThread "Execution worker Thread 2" [_thread_blocked, id=367796, stack(0x000000cae5f00000,0x000000cae6000000)]
  0x0000024ad6863ff0 JavaThread "Execution worker Thread 3" [_thread_blocked, id=362252, stack(0x000000cae6000000,0x000000cae6100000)]
  0x0000024ad68644c0 JavaThread "Execution worker Thread 4" [_thread_blocked, id=353948, stack(0x000000cae6100000,0x000000cae6200000)]
  0x0000024ad68661a0 JavaThread "Execution worker Thread 5" [_thread_blocked, id=366664, stack(0x000000cae6200000,0x000000cae6300000)]
  0x0000024ad6865330 JavaThread "Execution worker Thread 6" [_thread_blocked, id=366644, stack(0x000000cae6300000,0x000000cae6400000)]
  0x0000024ad6862cb0 JavaThread "Execution worker Thread 7" [_thread_blocked, id=367588, stack(0x000000cae6400000,0x000000cae6500000)]
  0x0000024ad6867010 JavaThread "Execution worker Thread 8" [_thread_blocked, id=367532, stack(0x000000cae6500000,0x000000cae6600000)]
  0x0000024ad6865800 JavaThread "Execution worker Thread 9" [_thread_blocked, id=364264, stack(0x000000cae6600000,0x000000cae6700000)]
  0x0000024ad6866670 JavaThread "Execution worker Thread 10" [_thread_blocked, id=367772, stack(0x000000cae6700000,0x000000cae6800000)]
  0x0000024ad68679b0 JavaThread "Execution worker Thread 11" [_thread_blocked, id=367600, stack(0x000000cae6800000,0x000000cae6900000)]
  0x0000024ad6863180 JavaThread "Cache worker for execution history cache (C:\Users\SSAFY\Desktop\S09P31C206\frontend\buildSrc\.gradle\8.3\executionHistory)" [_thread_blocked, id=354664, stack(0x000000cae6900000,0x000000cae6a00000)]
  0x0000024ad6868350 JavaThread "idea-tooling-model-converter" [_thread_blocked, id=365732, stack(0x000000cae6a00000,0x000000cae6b00000)]
  0x0000024ad1407870 JavaThread "Unconstrained build operations Thread 12" [_thread_blocked, id=363484, stack(0x000000cae6b00000,0x000000cae6c00000)]

Other Threads:
=>0x0000024ad0431030 VMThread "VM Thread" [stack: 0x000000cae1400000,0x000000cae1500000] [id=367080]
  0x0000024ab5809040 WatcherThread [stack: 0x000000cae2000000,0x000000cae2100000] [id=360124]
  0x0000024ab35ca7d0 GCTaskThread "GC Thread#0" [stack: 0x000000cae0f00000,0x000000cae1000000] [id=366760]
  0x0000024ad118bd00 GCTaskThread "GC Thread#1" [stack: 0x000000cae2100000,0x000000cae2200000] [id=367064]
  0x0000024ad1112c80 GCTaskThread "GC Thread#2" [stack: 0x000000cae2200000,0x000000cae2300000] [id=366788]
  0x0000024ad1112f30 GCTaskThread "GC Thread#3" [stack: 0x000000cae2300000,0x000000cae2400000] [id=366808]
  0x0000024ad1157170 GCTaskThread "GC Thread#4" [stack: 0x000000cae2400000,0x000000cae2500000] [id=366712]
  0x0000024ad11f4060 GCTaskThread "GC Thread#5" [stack: 0x000000cae2500000,0x000000cae2600000] [id=362248]
  0x0000024ad2995090 GCTaskThread "GC Thread#6" [stack: 0x000000cae3000000,0x000000cae3100000] [id=368296]
  0x0000024ad298e5c0 GCTaskThread "GC Thread#7" [stack: 0x000000cae3100000,0x000000cae3200000] [id=368248]
  0x0000024ad1e87ee0 GCTaskThread "GC Thread#8" [stack: 0x000000cae3200000,0x000000cae3300000] [id=368252]
  0x0000024ad1eb0070 GCTaskThread "GC Thread#9" [stack: 0x000000cae3300000,0x000000cae3400000] [id=368260]
  0x0000024ab57ee1e0 ConcurrentGCThread "G1 Main Marker" [stack: 0x000000cae1000000,0x000000cae1100000] [id=366868]
  0x0000024ab57ef390 ConcurrentGCThread "G1 Conc#0" [stack: 0x000000cae1100000,0x000000cae1200000] [id=366852]
  0x0000024ad1ee9d10 ConcurrentGCThread "G1 Conc#1" [stack: 0x000000cae3400000,0x000000cae3500000] [id=368264]
  0x0000024ad1ef80f0 ConcurrentGCThread "G1 Conc#2" [stack: 0x000000cae3500000,0x000000cae3600000] [id=368276]
  0x0000024ab584e510 ConcurrentGCThread "G1 Refine#0" [stack: 0x000000cae1200000,0x000000cae1300000] [id=367000]
  0x0000024ad6dd7760 ConcurrentGCThread "G1 Refine#1" [stack: 0x000000cae6c00000,0x000000cae6d00000] [id=333600]
  0x0000024ad6dd6060 ConcurrentGCThread "G1 Refine#2" [stack: 0x000000cae6d00000,0x000000cae6e00000] [id=358260]
  0x0000024ad6dd8b80 ConcurrentGCThread "G1 Refine#3" [stack: 0x000000cae6e00000,0x000000cae6f00000] [id=367540]
  0x0000024acf8c4580 ConcurrentGCThread "G1 Service" [stack: 0x000000cae1300000,0x000000cae1400000] [id=367376]

Threads with active compile tasks:
C2 CompilerThread0    27431 8319       4       org.gradle.internal.execution.history.impl.FingerprintMapSerializer::readFingerprint (96 bytes)

VM state: at safepoint (normal execution)

VM Mutex/Monitor currently owned by a thread:  ([mutex/lock_event])
[0x0000024ab577c990] Threads_lock - owner thread: 0x0000024ad0431030
[0x0000024ab577b9d0] Heap_lock - owner thread: 0x0000024ab57ee1e0

Heap address: 0x0000000080000000, size: 2048 MB, Compressed Oops mode: 32-bit

CDS archive(s) not mapped
Compressed class space mapped at: 0x0000000100000000-0x0000000140000000, reserved size: 1073741824
Narrow klass base: 0x0000000000000000, Narrow klass shift: 3, Narrow klass range: 0x140000000

GC Precious Log:
 CPUs: 12 total, 12 available
 Memory: 16315M
 Large Page Support: Disabled
 NUMA Support: Disabled
 Compressed Oops: Enabled (32-bit)
 Heap Region Size: 1M
 Heap Min Capacity: 8M
 Heap Initial Capacity: 256M
 Heap Max Capacity: 2G
 Pre-touch: Disabled
 Parallel Workers: 10
 Concurrent Workers: 3
 Concurrent Refinement Workers: 10
 Periodic GC: Disabled

Heap:
 garbage-first heap   total 266240K, used 191219K [0x0000000080000000, 0x0000000100000000)
  region size 1024K, 19 young (19456K), 5 survivors (5120K)
 Metaspace       used 80797K, committed 81536K, reserved 1122304K
  class space    used 11323K, committed 11712K, reserved 1048576K

Heap Regions: E=young(eden), S=young(survivor), O=old, HS=humongous(starts), HC=humongous(continues), CS=collection set, F=free, OA=open archive, CA=closed archive, TAMS=top-at-mark-start (previous, next)
|   0|0x0000000080000000, 0x0000000080100000, 0x0000000080100000|100%|HS|  |TAMS 0x0000000080100000, 0x0000000080000000| Complete 
|   1|0x0000000080100000, 0x0000000080200000, 0x0000000080200000|100%|HC|  |TAMS 0x0000000080200000, 0x0000000080100000| Complete 
|   2|0x0000000080200000, 0x0000000080300000, 0x0000000080300000|100%|HC|  |TAMS 0x0000000080300000, 0x0000000080200000| Complete 
|   3|0x0000000080300000, 0x0000000080400000, 0x0000000080400000|100%|HC|  |TAMS 0x0000000080400000, 0x0000000080300000| Complete 
|   4|0x0000000080400000, 0x0000000080500000, 0x0000000080500000|100%| O|  |TAMS 0x0000000080500000, 0x0000000080400000| Untracked 
|   5|0x0000000080500000, 0x0000000080600000, 0x0000000080600000|100%| O|  |TAMS 0x0000000080600000, 0x0000000080500000| Untracked 
|   6|0x0000000080600000, 0x0000000080700000, 0x0000000080700000|100%| O|  |TAMS 0x0000000080700000, 0x0000000080600000| Untracked 
|   7|0x0000000080700000, 0x0000000080800000, 0x0000000080800000|100%| O|  |TAMS 0x0000000080800000, 0x0000000080700000| Updating 
|   8|0x0000000080800000, 0x0000000080900000, 0x0000000080900000|100%| O|  |TAMS 0x0000000080900000, 0x0000000080800000| Untracked 
|   9|0x0000000080900000, 0x0000000080a00000, 0x0000000080a00000|100%| O|  |TAMS 0x0000000080a00000, 0x0000000080900000| Untracked 
|  10|0x0000000080a00000, 0x0000000080b00000, 0x0000000080b00000|100%| O|  |TAMS 0x0000000080b00000, 0x0000000080a00000| Untracked 
|  11|0x0000000080b00000, 0x0000000080c00000, 0x0000000080c00000|100%| O|  |TAMS 0x0000000080c00000, 0x0000000080b00000| Untracked 
|  12|0x0000000080c00000, 0x0000000080d00000, 0x0000000080d00000|100%| O|  |TAMS 0x0000000080d00000, 0x0000000080c00000| Untracked 
|  13|0x0000000080d00000, 0x0000000080e00000, 0x0000000080e00000|100%| O|  |TAMS 0x0000000080e00000, 0x0000000080d00000| Updating 
|  14|0x0000000080e00000, 0x0000000080f00000, 0x0000000080f00000|100%| O|  |TAMS 0x0000000080f00000, 0x0000000080e00000| Untracked 
|  15|0x0000000080f00000, 0x0000000081000000, 0x0000000081000000|100%| O|  |TAMS 0x0000000081000000, 0x0000000080f00000| Untracked 
|  16|0x0000000081000000, 0x0000000081100000, 0x0000000081100000|100%| O|  |TAMS 0x0000000081100000, 0x0000000081000000| Untracked 
|  17|0x0000000081100000, 0x0000000081200000, 0x0000000081200000|100%| O|  |TAMS 0x0000000081200000, 0x0000000081100000| Untracked 
|  18|0x0000000081200000, 0x0000000081300000, 0x0000000081300000|100%| O|  |TAMS 0x0000000081300000, 0x0000000081200000| Untracked 
|  19|0x0000000081300000, 0x0000000081400000, 0x0000000081400000|100%|HS|  |TAMS 0x0000000081400000, 0x0000000081300000| Complete 
|  20|0x0000000081400000, 0x0000000081500000, 0x0000000081500000|100%|HC|  |TAMS 0x0000000081500000, 0x0000000081400000| Complete 
|  21|0x0000000081500000, 0x0000000081600000, 0x0000000081600000|100%|HS|  |TAMS 0x0000000081600000, 0x0000000081500000| Complete 
|  22|0x0000000081600000, 0x0000000081700000, 0x0000000081700000|100%|HC|  |TAMS 0x0000000081700000, 0x0000000081600000| Complete 
|  23|0x0000000081700000, 0x0000000081800000, 0x0000000081800000|100%|HC|  |TAMS 0x0000000081800000, 0x0000000081700000| Complete 
|  24|0x0000000081800000, 0x0000000081900000, 0x0000000081900000|100%| O|  |TAMS 0x0000000081900000, 0x0000000081800000| Untracked 
|  25|0x0000000081900000, 0x0000000081a00000, 0x0000000081a00000|100%|HS|  |TAMS 0x0000000081a00000, 0x0000000081900000| Complete 
|  26|0x0000000081a00000, 0x0000000081b00000, 0x0000000081b00000|100%|HC|  |TAMS 0x0000000081b00000, 0x0000000081a00000| Complete 
|  27|0x0000000081b00000, 0x0000000081c00000, 0x0000000081c00000|100%|HC|  |TAMS 0x0000000081c00000, 0x0000000081b00000| Complete 
|  28|0x0000000081c00000, 0x0000000081d00000, 0x0000000081d00000|100%| O|  |TAMS 0x0000000081d00000, 0x0000000081c00000| Updating 
|  29|0x0000000081d00000, 0x0000000081e00000, 0x0000000081e00000|100%| O|  |TAMS 0x0000000081e00000, 0x0000000081d00000| Untracked 
|  30|0x0000000081e00000, 0x0000000081f00000, 0x0000000081f00000|100%| O|  |TAMS 0x0000000081f00000, 0x0000000081e00000| Untracked 
|  31|0x0000000081f00000, 0x0000000082000000, 0x0000000082000000|100%| O|  |TAMS 0x0000000082000000, 0x0000000081f00000| Untracked 
|  32|0x0000000082000000, 0x0000000082100000, 0x0000000082100000|100%| O|  |TAMS 0x0000000082100000, 0x0000000082000000| Updating 
|  33|0x0000000082100000, 0x0000000082200000, 0x0000000082200000|100%|HS|  |TAMS 0x0000000082200000, 0x0000000082100000| Complete 
|  34|0x0000000082200000, 0x0000000082300000, 0x0000000082300000|100%|HC|  |TAMS 0x0000000082300000, 0x0000000082200000| Complete 
|  35|0x0000000082300000, 0x0000000082400000, 0x0000000082400000|100%|HC|  |TAMS 0x0000000082400000, 0x0000000082300000| Complete 
|  36|0x0000000082400000, 0x0000000082500000, 0x0000000082500000|100%|HC|  |TAMS 0x0000000082500000, 0x0000000082400000| Complete 
|  37|0x0000000082500000, 0x0000000082600000, 0x0000000082600000|100%|HC|  |TAMS 0x0000000082600000, 0x0000000082500000| Complete 
|  38|0x0000000082600000, 0x0000000082700000, 0x0000000082700000|100%|HC|  |TAMS 0x0000000082700000, 0x0000000082600000| Complete 
|  39|0x0000000082700000, 0x0000000082800000, 0x0000000082800000|100%|HC|  |TAMS 0x0000000082800000, 0x0000000082700000| Complete 
|  40|0x0000000082800000, 0x0000000082900000, 0x0000000082900000|100%|HC|  |TAMS 0x0000000082900000, 0x0000000082800000| Complete 
|  41|0x0000000082900000, 0x0000000082a00000, 0x0000000082a00000|100%|HC|  |TAMS 0x0000000082a00000, 0x0000000082900000| Complete 
|  42|0x0000000082a00000, 0x0000000082b00000, 0x0000000082b00000|100%|HC|  |TAMS 0x0000000082b00000, 0x0000000082a00000| Complete 
|  43|0x0000000082b00000, 0x0000000082c00000, 0x0000000082c00000|100%|HC|  |TAMS 0x0000000082c00000, 0x0000000082b00000| Complete 
|  44|0x0000000082c00000, 0x0000000082d00000, 0x0000000082d00000|100%|HC|  |TAMS 0x0000000082d00000, 0x0000000082c00000| Complete 
|  45|0x0000000082d00000, 0x0000000082e00000, 0x0000000082e00000|100%|HS|  |TAMS 0x0000000082e00000, 0x0000000082d00000| Complete 
|  46|0x0000000082e00000, 0x0000000082f00000, 0x0000000082f00000|100%|HC|  |TAMS 0x0000000082f00000, 0x0000000082e00000| Complete 
|  47|0x0000000082f00000, 0x0000000083000000, 0x0000000083000000|100%| O|  |TAMS 0x0000000083000000, 0x0000000082f00000| Untracked 
|  48|0x0000000083000000, 0x0000000083100000, 0x0000000083100000|100%| O|  |TAMS 0x0000000083100000, 0x0000000083000000| Untracked 
|  49|0x0000000083100000, 0x0000000083200000, 0x0000000083200000|100%| O|  |TAMS 0x0000000083200000, 0x0000000083100000| Untracked 
|  50|0x0000000083200000, 0x0000000083300000, 0x0000000083300000|100%| O|  |TAMS 0x0000000083300000, 0x0000000083200000| Untracked 
|  51|0x0000000083300000, 0x0000000083400000, 0x0000000083400000|100%| O|  |TAMS 0x0000000083400000, 0x0000000083300000| Untracked 
|  52|0x0000000083400000, 0x0000000083500000, 0x0000000083500000|100%| O|  |TAMS 0x0000000083500000, 0x0000000083400000| Untracked 
|  53|0x0000000083500000, 0x0000000083600000, 0x0000000083600000|100%| O|  |TAMS 0x0000000083600000, 0x0000000083500000| Untracked 
|  54|0x0000000083600000, 0x0000000083700000, 0x0000000083700000|100%| O|  |TAMS 0x0000000083700000, 0x0000000083600000| Updating 
|  55|0x0000000083700000, 0x0000000083800000, 0x0000000083800000|100%| O|  |TAMS 0x0000000083800000, 0x0000000083700000| Untracked 
|  56|0x0000000083800000, 0x0000000083900000, 0x0000000083900000|100%|HS|  |TAMS 0x0000000083900000, 0x0000000083800000| Complete 
|  57|0x0000000083900000, 0x0000000083a00000, 0x0000000083a00000|100%|HC|  |TAMS 0x0000000083a00000, 0x0000000083900000| Complete 
|  58|0x0000000083a00000, 0x0000000083b00000, 0x0000000083b00000|100%|HC|  |TAMS 0x0000000083b00000, 0x0000000083a00000| Complete 
|  59|0x0000000083b00000, 0x0000000083c00000, 0x0000000083c00000|100%| O|  |TAMS 0x0000000083c00000, 0x0000000083b00000| Untracked 
|  60|0x0000000083c00000, 0x0000000083d00000, 0x0000000083d00000|100%| O|  |TAMS 0x0000000083d00000, 0x0000000083c00000| Updating 
|  61|0x0000000083d00000, 0x0000000083e00000, 0x0000000083e00000|100%| O|  |TAMS 0x0000000083e00000, 0x0000000083d00000| Untracked 
|  62|0x0000000083e00000, 0x0000000083f00000, 0x0000000083f00000|100%| O|  |TAMS 0x0000000083f00000, 0x0000000083e00000| Updating 
|  63|0x0000000083f00000, 0x0000000084000000, 0x0000000084000000|100%| O|  |TAMS 0x0000000084000000, 0x0000000083f00000| Updating 
|  64|0x0000000084000000, 0x0000000084100000, 0x0000000084100000|100%| O|  |TAMS 0x0000000084100000, 0x0000000084000000| Updating 
|  65|0x0000000084100000, 0x0000000084200000, 0x0000000084200000|100%| O|  |TAMS 0x0000000084200000, 0x0000000084100000| Updating 
|  66|0x0000000084200000, 0x0000000084300000, 0x0000000084300000|100%| O|  |TAMS 0x0000000084300000, 0x0000000084200000| Untracked 
|  67|0x0000000084300000, 0x0000000084400000, 0x0000000084400000|100%| O|  |TAMS 0x0000000084400000, 0x0000000084300000| Untracked 
|  68|0x0000000084400000, 0x0000000084500000, 0x0000000084500000|100%| O|  |TAMS 0x0000000084500000, 0x0000000084400000| Updating 
|  69|0x0000000084500000, 0x0000000084600000, 0x0000000084600000|100%| O|  |TAMS 0x0000000084600000, 0x0000000084500000| Untracked 
|  70|0x0000000084600000, 0x0000000084700000, 0x0000000084700000|100%| O|  |TAMS 0x0000000084700000, 0x0000000084600000| Updating 
|  71|0x0000000084700000, 0x0000000084800000, 0x0000000084800000|100%| O|  |TAMS 0x0000000084800000, 0x0000000084700000| Updating 
|  72|0x0000000084800000, 0x0000000084900000, 0x0000000084900000|100%|HS|  |TAMS 0x0000000084900000, 0x0000000084800000| Complete 
|  73|0x0000000084900000, 0x0000000084a00000, 0x0000000084a00000|100%|HC|  |TAMS 0x0000000084a00000, 0x0000000084900000| Complete 
|  74|0x0000000084a00000, 0x0000000084b00000, 0x0000000084b00000|100%|HS|  |TAMS 0x0000000084b00000, 0x0000000084a00000| Complete 
|  75|0x0000000084b00000, 0x0000000084c00000, 0x0000000084c00000|100%|HC|  |TAMS 0x0000000084c00000, 0x0000000084b00000| Complete 
|  76|0x0000000084c00000, 0x0000000084d00000, 0x0000000084d00000|100%|HS|  |TAMS 0x0000000084d00000, 0x0000000084c00000| Complete 
|  77|0x0000000084d00000, 0x0000000084e00000, 0x0000000084e00000|100%|HC|  |TAMS 0x0000000084e00000, 0x0000000084d00000| Complete 
|  78|0x0000000084e00000, 0x0000000084f00000, 0x0000000084f00000|100%|HC|  |TAMS 0x0000000084f00000, 0x0000000084e00000| Complete 
|  79|0x0000000084f00000, 0x0000000085000000, 0x0000000085000000|100%|HC|  |TAMS 0x0000000085000000, 0x0000000084f00000| Complete 
|  80|0x0000000085000000, 0x0000000085100000, 0x0000000085100000|100%|HS|  |TAMS 0x0000000085100000, 0x0000000085000000| Complete 
|  81|0x0000000085100000, 0x0000000085200000, 0x0000000085200000|100%|HC|  |TAMS 0x0000000085200000, 0x0000000085100000| Complete 
|  82|0x0000000085200000, 0x0000000085300000, 0x0000000085300000|100%|HC|  |TAMS 0x0000000085300000, 0x0000000085200000| Complete 
|  83|0x0000000085300000, 0x0000000085400000, 0x0000000085400000|100%|HC|  |TAMS 0x0000000085400000, 0x0000000085300000| Complete 
|  84|0x0000000085400000, 0x0000000085500000, 0x0000000085500000|100%| O|  |TAMS 0x0000000085500000, 0x0000000085400000| Untracked 
|  85|0x0000000085500000, 0x0000000085600000, 0x0000000085600000|100%| O|  |TAMS 0x0000000085600000, 0x0000000085500000| Untracked 
|  86|0x0000000085600000, 0x0000000085700000, 0x0000000085700000|100%| O|  |TAMS 0x0000000085700000, 0x0000000085600000| Untracked 
|  87|0x0000000085700000, 0x0000000085800000, 0x0000000085800000|100%| O|  |TAMS 0x0000000085800000, 0x0000000085700000| Updating 
|  88|0x0000000085800000, 0x0000000085900000, 0x0000000085900000|100%| O|  |TAMS 0x0000000085900000, 0x0000000085800000| Untracked 
|  89|0x0000000085900000, 0x0000000085a00000, 0x0000000085a00000|100%|HS|  |TAMS 0x0000000085a00000, 0x0000000085900000| Complete 
|  90|0x0000000085a00000, 0x0000000085b00000, 0x0000000085b00000|100%|HC|  |TAMS 0x0000000085b00000, 0x0000000085a00000| Complete 
|  91|0x0000000085b00000, 0x0000000085c00000, 0x0000000085c00000|100%|HS|  |TAMS 0x0000000085c00000, 0x0000000085b00000| Complete 
|  92|0x0000000085c00000, 0x0000000085d00000, 0x0000000085d00000|100%|HC|  |TAMS 0x0000000085d00000, 0x0000000085c00000| Complete 
|  93|0x0000000085d00000, 0x0000000085e00000, 0x0000000085e00000|100%|HC|  |TAMS 0x0000000085e00000, 0x0000000085d00000| Complete 
|  94|0x0000000085e00000, 0x0000000085f00000, 0x0000000085f00000|100%|HS|  |TAMS 0x0000000085f00000, 0x0000000085e00000| Complete 
|  95|0x0000000085f00000, 0x0000000086000000, 0x0000000086000000|100%|HC|  |TAMS 0x0000000086000000, 0x0000000085f00000| Complete 
|  96|0x0000000086000000, 0x0000000086100000, 0x0000000086100000|100%|HC|  |TAMS 0x0000000086100000, 0x0000000086000000| Complete 
|  97|0x0000000086100000, 0x0000000086200000, 0x0000000086200000|100%|HS|  |TAMS 0x0000000086200000, 0x0000000086100000| Complete 
|  98|0x0000000086200000, 0x0000000086300000, 0x0000000086300000|100%|HC|  |TAMS 0x0000000086300000, 0x0000000086200000| Complete 
|  99|0x0000000086300000, 0x0000000086400000, 0x0000000086400000|100%|HC|  |TAMS 0x0000000086400000, 0x0000000086300000| Complete 
| 100|0x0000000086400000, 0x0000000086500000, 0x0000000086500000|100%|HC|  |TAMS 0x0000000086500000, 0x0000000086400000| Complete 
| 101|0x0000000086500000, 0x0000000086600000, 0x0000000086600000|100%|HC|  |TAMS 0x0000000086600000, 0x0000000086500000| Complete 
| 102|0x0000000086600000, 0x0000000086700000, 0x0000000086700000|100%|HC|  |TAMS 0x0000000086700000, 0x0000000086600000| Complete 
| 103|0x0000000086700000, 0x0000000086800000, 0x0000000086800000|100%|HC|  |TAMS 0x0000000086800000, 0x0000000086700000| Complete 
| 104|0x0000000086800000, 0x0000000086900000, 0x0000000086900000|100%|HC|  |TAMS 0x0000000086900000, 0x0000000086800000| Complete 
| 105|0x0000000086900000, 0x0000000086a00000, 0x0000000086a00000|100%|HC|  |TAMS 0x0000000086a00000, 0x0000000086900000| Complete 
| 106|0x0000000086a00000, 0x0000000086b00000, 0x0000000086b00000|100%|HC|  |TAMS 0x0000000086b00000, 0x0000000086a00000| Complete 
| 107|0x0000000086b00000, 0x0000000086c00000, 0x0000000086c00000|100%|HC|  |TAMS 0x0000000086c00000, 0x0000000086b00000| Complete 
| 108|0x0000000086c00000, 0x0000000086d00000, 0x0000000086d00000|100%|HC|  |TAMS 0x0000000086d00000, 0x0000000086c00000| Complete 
| 109|0x0000000086d00000, 0x0000000086e00000, 0x0000000086e00000|100%| O|  |TAMS 0x0000000086e00000, 0x0000000086d00000| Updating 
| 110|0x0000000086e00000, 0x0000000086f00000, 0x0000000086f00000|100%| O|  |TAMS 0x0000000086f00000, 0x0000000086e00000| Untracked 
| 111|0x0000000086f00000, 0x0000000087000000, 0x0000000087000000|100%| O|  |TAMS 0x0000000087000000, 0x0000000086f00000| Untracked 
| 112|0x0000000087000000, 0x0000000087100000, 0x0000000087100000|100%| O|  |TAMS 0x0000000087100000, 0x0000000087000000| Untracked 
| 113|0x0000000087100000, 0x0000000087200000, 0x0000000087200000|100%|HS|  |TAMS 0x0000000087200000, 0x0000000087100000| Complete 
| 114|0x0000000087200000, 0x0000000087300000, 0x0000000087300000|100%|HC|  |TAMS 0x0000000087300000, 0x0000000087200000| Complete 
| 115|0x0000000087300000, 0x0000000087400000, 0x0000000087400000|100%| O|  |TAMS 0x0000000087400000, 0x0000000087300000| Untracked 
| 116|0x0000000087400000, 0x0000000087500000, 0x0000000087500000|100%| O|  |TAMS 0x0000000087500000, 0x0000000087400000| Untracked 
| 117|0x0000000087500000, 0x0000000087600000, 0x0000000087600000|100%| O|  |TAMS 0x0000000087600000, 0x0000000087500000| Updating 
| 118|0x0000000087600000, 0x0000000087700000, 0x0000000087700000|100%| O|  |TAMS 0x0000000087700000, 0x0000000087600000| Untracked 
| 119|0x0000000087700000, 0x0000000087800000, 0x0000000087800000|100%| O|  |TAMS 0x0000000087800000, 0x0000000087700000| Untracked 
| 120|0x0000000087800000, 0x0000000087900000, 0x0000000087900000|100%| O|  |TAMS 0x0000000087900000, 0x0000000087800000| Untracked 
| 121|0x0000000087900000, 0x0000000087a00000, 0x0000000087a00000|100%| O|  |TAMS 0x0000000087a00000, 0x0000000087900000| Untracked 
| 122|0x0000000087a00000, 0x0000000087b00000, 0x0000000087b00000|100%| O|  |TAMS 0x0000000087b00000, 0x0000000087a00000| Untracked 
| 123|0x0000000087b00000, 0x0000000087c00000, 0x0000000087c00000|100%| O|  |TAMS 0x0000000087c00000, 0x0000000087b00000| Untracked 
| 124|0x0000000087c00000, 0x0000000087d00000, 0x0000000087d00000|100%| O|  |TAMS 0x0000000087d00000, 0x0000000087c00000| Untracked 
| 125|0x0000000087d00000, 0x0000000087e00000, 0x0000000087e00000|100%| O|  |TAMS 0x0000000087e00000, 0x0000000087d00000| Untracked 
| 126|0x0000000087e00000, 0x0000000087f00000, 0x0000000087f00000|100%| O|  |TAMS 0x0000000087f00000, 0x0000000087e00000| Untracked 
| 127|0x0000000087f00000, 0x0000000088000000, 0x0000000088000000|100%| O|  |TAMS 0x0000000088000000, 0x0000000087f00000| Untracked 
| 128|0x0000000088000000, 0x0000000088100000, 0x0000000088100000|100%| O|  |TAMS 0x0000000088100000, 0x0000000088000000| Untracked 
| 129|0x0000000088100000, 0x0000000088200000, 0x0000000088200000|100%| O|  |TAMS 0x0000000088200000, 0x0000000088100000| Untracked 
| 130|0x0000000088200000, 0x0000000088300000, 0x0000000088300000|100%| O|  |TAMS 0x0000000088300000, 0x0000000088200000| Untracked 
| 131|0x0000000088300000, 0x0000000088400000, 0x0000000088400000|100%| O|  |TAMS 0x0000000088400000, 0x0000000088300000| Updating 
| 132|0x0000000088400000, 0x0000000088500000, 0x0000000088500000|100%| O|  |TAMS 0x0000000088500000, 0x0000000088400000| Untracked 
| 133|0x0000000088500000, 0x0000000088600000, 0x0000000088600000|100%| O|  |TAMS 0x0000000088600000, 0x0000000088500000| Untracked 
| 134|0x0000000088600000, 0x0000000088700000, 0x0000000088700000|100%| O|  |TAMS 0x0000000088700000, 0x0000000088600000| Untracked 
| 135|0x0000000088700000, 0x0000000088800000, 0x0000000088800000|100%| O|  |TAMS 0x0000000088800000, 0x0000000088700000| Untracked 
| 136|0x0000000088800000, 0x0000000088900000, 0x0000000088900000|100%| O|  |TAMS 0x0000000088900000, 0x0000000088800000| Untracked 
| 137|0x0000000088900000, 0x0000000088a00000, 0x0000000088a00000|100%| O|  |TAMS 0x0000000088a00000, 0x0000000088900000| Updating 
| 138|0x0000000088a00000, 0x0000000088b00000, 0x0000000088b00000|100%| O|  |TAMS 0x0000000088b00000, 0x0000000088a00000| Updating 
| 139|0x0000000088b00000, 0x0000000088c00000, 0x0000000088c00000|100%| O|  |TAMS 0x0000000088c00000, 0x0000000088b00000| Untracked 
| 140|0x0000000088c00000, 0x0000000088d00000, 0x0000000088d00000|100%| O|  |TAMS 0x0000000088d00000, 0x0000000088c00000| Untracked 
| 141|0x0000000088d00000, 0x0000000088e00000, 0x0000000088e00000|100%| O|  |TAMS 0x0000000088dc0200, 0x0000000088d00000| Untracked 
| 142|0x0000000088e00000, 0x0000000088f00000, 0x0000000088f00000|100%| O|  |TAMS 0x0000000088f00000, 0x0000000088e00000| Untracked 
| 143|0x0000000088f00000, 0x0000000089000000, 0x0000000089000000|100%| O|  |TAMS 0x0000000089000000, 0x0000000088f00000| Untracked 
| 144|0x0000000089000000, 0x0000000089100000, 0x0000000089100000|100%| O|  |TAMS 0x0000000089100000, 0x0000000089000000| Untracked 
| 145|0x0000000089100000, 0x0000000089200000, 0x0000000089200000|100%| O|  |TAMS 0x0000000089200000, 0x0000000089100000| Untracked 
| 146|0x0000000089200000, 0x0000000089300000, 0x0000000089300000|100%| O|  |TAMS 0x0000000089300000, 0x0000000089200000| Untracked 
| 147|0x0000000089300000, 0x0000000089400000, 0x0000000089400000|100%| O|  |TAMS 0x0000000089400000, 0x0000000089300000| Untracked 
| 148|0x0000000089400000, 0x0000000089500000, 0x0000000089500000|100%| O|  |TAMS 0x0000000089500000, 0x0000000089400000| Untracked 
| 149|0x0000000089500000, 0x0000000089600000, 0x0000000089600000|100%| O|  |TAMS 0x0000000089600000, 0x0000000089500000| Untracked 
| 150|0x0000000089600000, 0x0000000089700000, 0x0000000089700000|100%| O|  |TAMS 0x0000000089700000, 0x0000000089600000| Untracked 
| 151|0x0000000089700000, 0x0000000089800000, 0x0000000089800000|100%| O|  |TAMS 0x0000000089800000, 0x0000000089700000| Updating 
| 152|0x0000000089800000, 0x0000000089900000, 0x0000000089900000|100%|HS|  |TAMS 0x0000000089900000, 0x0000000089800000| Complete 
| 153|0x0000000089900000, 0x0000000089a00000, 0x0000000089a00000|100%|HC|  |TAMS 0x0000000089a00000, 0x0000000089900000| Complete 
| 154|0x0000000089a00000, 0x0000000089b00000, 0x0000000089b00000|100%|HS|  |TAMS 0x0000000089b00000, 0x0000000089a00000| Complete 
| 155|0x0000000089b00000, 0x0000000089c00000, 0x0000000089c00000|100%|HC|  |TAMS 0x0000000089c00000, 0x0000000089b00000| Complete 
| 156|0x0000000089c00000, 0x0000000089d00000, 0x0000000089d00000|100%|HS|  |TAMS 0x0000000089d00000, 0x0000000089c00000| Complete 
| 157|0x0000000089d00000, 0x0000000089e00000, 0x0000000089e00000|100%|HC|  |TAMS 0x0000000089e00000, 0x0000000089d00000| Complete 
| 158|0x0000000089e00000, 0x0000000089f00000, 0x0000000089f00000|100%|HS|  |TAMS 0x0000000089f00000, 0x0000000089e00000| Complete 
| 159|0x0000000089f00000, 0x000000008a000000, 0x000000008a000000|100%|HC|  |TAMS 0x000000008a000000, 0x0000000089f00000| Complete 
| 160|0x000000008a000000, 0x000000008a100000, 0x000000008a100000|100%|HS|  |TAMS 0x000000008a100000, 0x000000008a000000| Complete 
| 161|0x000000008a100000, 0x000000008a200000, 0x000000008a200000|100%|HC|  |TAMS 0x000000008a200000, 0x000000008a100000| Complete 
| 162|0x000000008a200000, 0x000000008a300000, 0x000000008a300000|100%|HS|  |TAMS 0x000000008a300000, 0x000000008a200000| Complete 
| 163|0x000000008a300000, 0x000000008a400000, 0x000000008a400000|100%|HC|  |TAMS 0x000000008a400000, 0x000000008a300000| Complete 
| 164|0x000000008a400000, 0x000000008a500000, 0x000000008a500000|100%|HS|  |TAMS 0x000000008a500000, 0x000000008a400000| Complete 
| 165|0x000000008a500000, 0x000000008a600000, 0x000000008a600000|100%|HC|  |TAMS 0x000000008a600000, 0x000000008a500000| Complete 
| 166|0x000000008a600000, 0x000000008a700000, 0x000000008a700000|100%| O|  |TAMS 0x000000008a600000, 0x000000008a600000| Untracked 
| 167|0x000000008a700000, 0x000000008a742600, 0x000000008a800000| 25%| O|  |TAMS 0x000000008a700000, 0x000000008a700000| Updating 
| 168|0x000000008a800000, 0x000000008a900000, 0x000000008a900000|100%|HS|  |TAMS 0x000000008a800000, 0x000000008a800000| Complete 
| 169|0x000000008a900000, 0x000000008aa00000, 0x000000008aa00000|100%|HC|  |TAMS 0x000000008a900000, 0x000000008a900000| Complete 
| 170|0x000000008aa00000, 0x000000008aa00000, 0x000000008ab00000|  0%| F|  |TAMS 0x000000008aa00000, 0x000000008aa00000| Untracked 
| 171|0x000000008ab00000, 0x000000008ab00000, 0x000000008ac00000|  0%| F|  |TAMS 0x000000008ab00000, 0x000000008ab00000| Untracked 
| 172|0x000000008ac00000, 0x000000008ac00000, 0x000000008ad00000|  0%| F|  |TAMS 0x000000008ac00000, 0x000000008ac00000| Untracked 
| 173|0x000000008ad00000, 0x000000008ad00000, 0x000000008ae00000|  0%| F|  |TAMS 0x000000008ad00000, 0x000000008ad00000| Untracked 
| 174|0x000000008ae00000, 0x000000008ae00000, 0x000000008af00000|  0%| F|  |TAMS 0x000000008ae00000, 0x000000008ae00000| Untracked 
| 175|0x000000008af00000, 0x000000008af00000, 0x000000008b000000|  0%| F|  |TAMS 0x000000008af00000, 0x000000008af00000| Untracked 
| 176|0x000000008b000000, 0x000000008b000000, 0x000000008b100000|  0%| F|  |TAMS 0x000000008b000000, 0x000000008b000000| Untracked 
| 177|0x000000008b100000, 0x000000008b100000, 0x000000008b200000|  0%| F|  |TAMS 0x000000008b100000, 0x000000008b100000| Untracked 
| 178|0x000000008b200000, 0x000000008b200000, 0x000000008b300000|  0%| F|  |TAMS 0x000000008b200000, 0x000000008b200000| Untracked 
| 179|0x000000008b300000, 0x000000008b300000, 0x000000008b400000|  0%| F|  |TAMS 0x000000008b300000, 0x000000008b300000| Untracked 
| 180|0x000000008b400000, 0x000000008b400000, 0x000000008b500000|  0%| F|  |TAMS 0x000000008b400000, 0x000000008b400000| Untracked 
| 181|0x000000008b500000, 0x000000008b500000, 0x000000008b600000|  0%| F|  |TAMS 0x000000008b500000, 0x000000008b500000| Untracked 
| 182|0x000000008b600000, 0x000000008b600000, 0x000000008b700000|  0%| F|  |TAMS 0x000000008b600000, 0x000000008b600000| Untracked 
| 183|0x000000008b700000, 0x000000008b700000, 0x000000008b800000|  0%| F|  |TAMS 0x000000008b700000, 0x000000008b700000| Untracked 
| 184|0x000000008b800000, 0x000000008b800000, 0x000000008b900000|  0%| F|  |TAMS 0x000000008b800000, 0x000000008b800000| Untracked 
| 185|0x000000008b900000, 0x000000008b900000, 0x000000008ba00000|  0%| F|  |TAMS 0x000000008b900000, 0x000000008b900000| Untracked 
| 186|0x000000008ba00000, 0x000000008ba00000, 0x000000008bb00000|  0%| F|  |TAMS 0x000000008ba00000, 0x000000008ba00000| Untracked 
| 187|0x000000008bb00000, 0x000000008bb00000, 0x000000008bc00000|  0%| F|  |TAMS 0x000000008bb00000, 0x000000008bb00000| Untracked 
| 188|0x000000008bc00000, 0x000000008bc00000, 0x000000008bd00000|  0%| F|  |TAMS 0x000000008bc00000, 0x000000008bc00000| Untracked 
| 189|0x000000008bd00000, 0x000000008bd00000, 0x000000008be00000|  0%| F|  |TAMS 0x000000008bd00000, 0x000000008bd00000| Untracked 
| 190|0x000000008be00000, 0x000000008be00000, 0x000000008bf00000|  0%| F|  |TAMS 0x000000008be00000, 0x000000008be00000| Untracked 
| 191|0x000000008bf00000, 0x000000008bf00000, 0x000000008c000000|  0%| F|  |TAMS 0x000000008bf00000, 0x000000008bf00000| Untracked 
| 192|0x000000008c000000, 0x000000008c000000, 0x000000008c100000|  0%| F|  |TAMS 0x000000008c000000, 0x000000008c000000| Untracked 
| 193|0x000000008c100000, 0x000000008c100000, 0x000000008c200000|  0%| F|  |TAMS 0x000000008c100000, 0x000000008c100000| Untracked 
| 194|0x000000008c200000, 0x000000008c200000, 0x000000008c300000|  0%| F|  |TAMS 0x000000008c200000, 0x000000008c200000| Untracked 
| 195|0x000000008c300000, 0x000000008c300000, 0x000000008c400000|  0%| F|  |TAMS 0x000000008c300000, 0x000000008c300000| Untracked 
| 196|0x000000008c400000, 0x000000008c400000, 0x000000008c500000|  0%| F|  |TAMS 0x000000008c400000, 0x000000008c400000| Untracked 
| 197|0x000000008c500000, 0x000000008c500000, 0x000000008c600000|  0%| F|  |TAMS 0x000000008c500000, 0x000000008c500000| Untracked 
| 198|0x000000008c600000, 0x000000008c600000, 0x000000008c700000|  0%| F|  |TAMS 0x000000008c600000, 0x000000008c600000| Untracked 
| 199|0x000000008c700000, 0x000000008c700000, 0x000000008c800000|  0%| F|  |TAMS 0x000000008c700000, 0x000000008c700000| Untracked 
| 200|0x000000008c800000, 0x000000008c800000, 0x000000008c900000|  0%| F|  |TAMS 0x000000008c800000, 0x000000008c800000| Untracked 
| 201|0x000000008c900000, 0x000000008c900000, 0x000000008ca00000|  0%| F|  |TAMS 0x000000008c900000, 0x000000008c900000| Untracked 
| 202|0x000000008ca00000, 0x000000008ca00000, 0x000000008cb00000|  0%| F|  |TAMS 0x000000008ca00000, 0x000000008ca00000| Untracked 
| 203|0x000000008cb00000, 0x000000008cb00000, 0x000000008cc00000|  0%| F|  |TAMS 0x000000008cb00000, 0x000000008cb00000| Untracked 
| 204|0x000000008cc00000, 0x000000008cc00000, 0x000000008cd00000|  0%| F|  |TAMS 0x000000008cc00000, 0x000000008cc00000| Untracked 
| 205|0x000000008cd00000, 0x000000008cd00000, 0x000000008ce00000|  0%| F|  |TAMS 0x000000008cd00000, 0x000000008cd00000| Untracked 
| 206|0x000000008ce00000, 0x000000008ce00000, 0x000000008cf00000|  0%| F|  |TAMS 0x000000008ce00000, 0x000000008ce00000| Untracked 
| 207|0x000000008cf00000, 0x000000008cf00000, 0x000000008d000000|  0%| F|  |TAMS 0x000000008cf00000, 0x000000008cf00000| Untracked 
| 208|0x000000008d000000, 0x000000008d000000, 0x000000008d100000|  0%| F|  |TAMS 0x000000008d000000, 0x000000008d000000| Untracked 
| 209|0x000000008d100000, 0x000000008d100000, 0x000000008d200000|  0%| F|  |TAMS 0x000000008d100000, 0x000000008d100000| Untracked 
| 210|0x000000008d200000, 0x000000008d200000, 0x000000008d300000|  0%| F|  |TAMS 0x000000008d200000, 0x000000008d200000| Untracked 
| 211|0x000000008d300000, 0x000000008d300000, 0x000000008d400000|  0%| F|  |TAMS 0x000000008d300000, 0x000000008d300000| Untracked 
| 212|0x000000008d400000, 0x000000008d400000, 0x000000008d500000|  0%| F|  |TAMS 0x000000008d400000, 0x000000008d400000| Untracked 
| 213|0x000000008d500000, 0x000000008d500000, 0x000000008d600000|  0%| F|  |TAMS 0x000000008d500000, 0x000000008d500000| Untracked 
| 214|0x000000008d600000, 0x000000008d600000, 0x000000008d700000|  0%| F|  |TAMS 0x000000008d600000, 0x000000008d600000| Untracked 
| 215|0x000000008d700000, 0x000000008d700000, 0x000000008d800000|  0%| F|  |TAMS 0x000000008d700000, 0x000000008d700000| Untracked 
| 216|0x000000008d800000, 0x000000008d800000, 0x000000008d900000|  0%| F|  |TAMS 0x000000008d800000, 0x000000008d800000| Untracked 
| 217|0x000000008d900000, 0x000000008d900000, 0x000000008da00000|  0%| F|  |TAMS 0x000000008d900000, 0x000000008d900000| Untracked 
| 218|0x000000008da00000, 0x000000008da00000, 0x000000008db00000|  0%| F|  |TAMS 0x000000008da00000, 0x000000008da00000| Untracked 
| 219|0x000000008db00000, 0x000000008db00000, 0x000000008dc00000|  0%| F|  |TAMS 0x000000008db00000, 0x000000008db00000| Untracked 
| 220|0x000000008dc00000, 0x000000008dc00000, 0x000000008dd00000|  0%| F|  |TAMS 0x000000008dc00000, 0x000000008dc00000| Untracked 
| 221|0x000000008dd00000, 0x000000008dd00000, 0x000000008de00000|  0%| F|  |TAMS 0x000000008dd00000, 0x000000008dd00000| Untracked 
| 222|0x000000008de00000, 0x000000008de7a6e8, 0x000000008df00000| 47%| S|CS|TAMS 0x000000008de00000, 0x000000008de00000| Complete 
| 223|0x000000008df00000, 0x000000008e000000, 0x000000008e000000|100%| S|CS|TAMS 0x000000008df00000, 0x000000008df00000| Complete 
| 224|0x000000008e000000, 0x000000008e100000, 0x000000008e100000|100%| S|CS|TAMS 0x000000008e000000, 0x000000008e000000| Complete 
| 225|0x000000008e100000, 0x000000008e200000, 0x000000008e200000|100%| S|CS|TAMS 0x000000008e100000, 0x000000008e100000| Complete 
| 226|0x000000008e200000, 0x000000008e300000, 0x000000008e300000|100%| S|CS|TAMS 0x000000008e200000, 0x000000008e200000| Complete 
| 227|0x000000008e300000, 0x000000008e300000, 0x000000008e400000|  0%| F|  |TAMS 0x000000008e300000, 0x000000008e300000| Untracked 
| 228|0x000000008e400000, 0x000000008e400000, 0x000000008e500000|  0%| F|  |TAMS 0x000000008e400000, 0x000000008e400000| Untracked 
| 229|0x000000008e500000, 0x000000008e500000, 0x000000008e600000|  0%| F|  |TAMS 0x000000008e500000, 0x000000008e500000| Untracked 
| 230|0x000000008e600000, 0x000000008e600000, 0x000000008e700000|  0%| F|  |TAMS 0x000000008e600000, 0x000000008e600000| Untracked 
| 231|0x000000008e700000, 0x000000008e700000, 0x000000008e800000|  0%| F|  |TAMS 0x000000008e700000, 0x000000008e700000| Untracked 
| 232|0x000000008e800000, 0x000000008e800000, 0x000000008e900000|  0%| F|  |TAMS 0x000000008e800000, 0x000000008e800000| Untracked 
| 233|0x000000008e900000, 0x000000008e900000, 0x000000008ea00000|  0%| F|  |TAMS 0x000000008e900000, 0x000000008e900000| Untracked 
| 234|0x000000008ea00000, 0x000000008ea00000, 0x000000008eb00000|  0%| F|  |TAMS 0x000000008ea00000, 0x000000008ea00000| Untracked 
| 235|0x000000008eb00000, 0x000000008eb00000, 0x000000008ec00000|  0%| F|  |TAMS 0x000000008eb00000, 0x000000008eb00000| Untracked 
| 236|0x000000008ec00000, 0x000000008ec00000, 0x000000008ed00000|  0%| F|  |TAMS 0x000000008ec00000, 0x000000008ec00000| Untracked 
| 237|0x000000008ed00000, 0x000000008ed00000, 0x000000008ee00000|  0%| F|  |TAMS 0x000000008ed00000, 0x000000008ed00000| Untracked 
| 238|0x000000008ee00000, 0x000000008ee00000, 0x000000008ef00000|  0%| F|  |TAMS 0x000000008ee00000, 0x000000008ee00000| Untracked 
| 239|0x000000008ef00000, 0x000000008ef00000, 0x000000008f000000|  0%| F|  |TAMS 0x000000008ef00000, 0x000000008ef00000| Untracked 
| 240|0x000000008f000000, 0x000000008f000000, 0x000000008f100000|  0%| F|  |TAMS 0x000000008f000000, 0x000000008f000000| Untracked 
| 241|0x000000008f100000, 0x000000008f100000, 0x000000008f200000|  0%| F|  |TAMS 0x000000008f100000, 0x000000008f100000| Untracked 
| 242|0x000000008f200000, 0x000000008f200000, 0x000000008f300000|  0%| F|  |TAMS 0x000000008f200000, 0x000000008f200000| Untracked 
| 243|0x000000008f300000, 0x000000008f300000, 0x000000008f400000|  0%| F|  |TAMS 0x000000008f300000, 0x000000008f300000| Untracked 
| 244|0x000000008f400000, 0x000000008f400000, 0x000000008f500000|  0%| F|  |TAMS 0x000000008f400000, 0x000000008f400000| Untracked 
| 245|0x000000008f500000, 0x000000008f500000, 0x000000008f600000|  0%| F|  |TAMS 0x000000008f500000, 0x000000008f500000| Untracked 
| 246|0x000000008f600000, 0x000000008f6dae88, 0x000000008f700000| 85%| E|  |TAMS 0x000000008f600000, 0x000000008f600000| Complete 
| 247|0x000000008f700000, 0x000000008f800000, 0x000000008f800000|100%| E|CS|TAMS 0x000000008f700000, 0x000000008f700000| Complete 
| 248|0x000000008f800000, 0x000000008f900000, 0x000000008f900000|100%| E|CS|TAMS 0x000000008f800000, 0x000000008f800000| Complete 
| 249|0x000000008f900000, 0x000000008fa00000, 0x000000008fa00000|100%| E|CS|TAMS 0x000000008f900000, 0x000000008f900000| Complete 
| 250|0x000000008fa00000, 0x000000008fb00000, 0x000000008fb00000|100%| E|CS|TAMS 0x000000008fa00000, 0x000000008fa00000| Complete 
| 251|0x000000008fb00000, 0x000000008fc00000, 0x000000008fc00000|100%| E|CS|TAMS 0x000000008fb00000, 0x000000008fb00000| Complete 
| 252|0x000000008fc00000, 0x000000008fd00000, 0x000000008fd00000|100%| E|CS|TAMS 0x000000008fc00000, 0x000000008fc00000| Complete 
| 253|0x000000008fd00000, 0x000000008fe00000, 0x000000008fe00000|100%| E|CS|TAMS 0x000000008fd00000, 0x000000008fd00000| Complete 
| 254|0x000000008fe00000, 0x000000008ff00000, 0x000000008ff00000|100%| E|CS|TAMS 0x000000008fe00000, 0x000000008fe00000| Complete 
| 255|0x000000008ff00000, 0x0000000090000000, 0x0000000090000000|100%| E|CS|TAMS 0x000000008ff00000, 0x000000008ff00000| Complete 
| 256|0x0000000090000000, 0x0000000090100000, 0x0000000090100000|100%| E|CS|TAMS 0x0000000090000000, 0x0000000090000000| Complete 
| 257|0x0000000090100000, 0x0000000090200000, 0x0000000090200000|100%| E|CS|TAMS 0x0000000090100000, 0x0000000090100000| Complete 
| 258|0x0000000090200000, 0x0000000090300000, 0x0000000090300000|100%| E|CS|TAMS 0x0000000090200000, 0x0000000090200000| Complete 
| 259|0x0000000090300000, 0x0000000090400000, 0x0000000090400000|100%| E|CS|TAMS 0x0000000090300000, 0x0000000090300000| Complete 

Card table byte_map: [0x0000024ac85a0000,0x0000024ac89a0000] _byte_map_base: 0x0000024ac81a0000

Marking Bits (Prev, Next): (CMBitMap*) 0x0000024ab35cacf0, (CMBitMap*) 0x0000024ab35cad30
 Prev Bits: [0x0000024ac8da0000, 0x0000024acada0000)
 Next Bits: [0x0000024acada0000, 0x0000024accda0000)

Polling page: 0x0000024ab3730000

Metaspace:

Usage:
  Non-class:     67.85 MB used.
      Class:     11.06 MB used.
       Both:     78.90 MB used.

Virtual space:
  Non-class space:       72.00 MB reserved,      68.19 MB ( 95%) committed,  9 nodes.
      Class space:        1.00 GB reserved,      11.44 MB (  1%) committed,  1 nodes.
             Both:        1.07 GB reserved,      79.62 MB (  7%) committed. 

Chunk freelists:
   Non-Class:  3.69 MB
       Class:  495.00 KB
        Both:  4.17 MB

MaxMetaspaceSize: unlimited
CompressedClassSpaceSize: 1.00 GB
Initial GC threshold: 21.00 MB
Current GC threshold: 132.75 MB
CDS: off
MetaspaceReclaimPolicy: balanced
 - commit_granule_bytes: 65536.
 - commit_granule_words: 8192.
 - virtual_space_node_default_size: 1048576.
 - enlarge_chunks_in_place: 1.
 - new_chunks_are_fully_committed: 0.
 - uncommit_free_chunks: 1.
 - use_allocation_guard: 0.
 - handle_deallocations: 1.


Internal statistics:

num_allocs_failed_limit: 3.
num_arena_births: 964.
num_arena_deaths: 0.
num_vsnodes_births: 10.
num_vsnodes_deaths: 0.
num_space_committed: 1274.
num_space_uncommitted: 0.
num_chunks_returned_to_freelist: 3.
num_chunks_taken_from_freelist: 4028.
num_chunk_merges: 3.
num_chunk_splits: 2601.
num_chunks_enlarged: 1637.
num_purges: 0.
num_inconsistent_stats: 0.

CodeHeap 'non-profiled nmethods': size=120000Kb used=4251Kb max_used=4251Kb free=115748Kb
 bounds [0x0000024ac0720000, 0x0000024ac0b50000, 0x0000024ac7c50000]
CodeHeap 'profiled nmethods': size=120000Kb used=13916Kb max_used=13916Kb free=106083Kb
 bounds [0x0000024ab8c50000, 0x0000024ab99f0000, 0x0000024ac0180000]
CodeHeap 'non-nmethods': size=5760Kb used=2380Kb max_used=2454Kb free=3379Kb
 bounds [0x0000024ac0180000, 0x0000024ac0410000, 0x0000024ac0720000]
 total_blobs=8348 nmethods=7437 adapters=823
 compilation: enabled
              stopped_count=0, restarted_count=0
 full_count=0

Compilation events (20 events):
Event: 27.302 Thread 0x0000024ad04b2d50 8316       3       org.gradle.internal.fingerprint.impl.DefaultFileSystemLocationFingerprint::hashForType (73 bytes)
Event: 27.303 Thread 0x0000024ad04b2d50 nmethod 8316 0x0000024ab99e3f90 code [0x0000024ab99e4200, 0x0000024ab99e4b18]
Event: 27.303 Thread 0x0000024ad04b2d50 8318       3       com.esotericsoftware.kryo.io.Input::readUtf8_slow (255 bytes)
Event: 27.304 Thread 0x0000024ad04b2d50 nmethod 8318 0x0000024ab99e4e90 code [0x0000024ab99e5080, 0x0000024ab99e5748]
Event: 27.311 Thread 0x0000024ad04b2d50 8322   !   3       com.esotericsoftware.kryo.io.Input::fill (32 bytes)
Event: 27.311 Thread 0x0000024ad04b2d50 nmethod 8322 0x0000024ab99e5a10 code [0x0000024ab99e5be0, 0x0000024ab99e5ef8]
Event: 27.318 Thread 0x0000024ad04aedb0 nmethod 8313 0x0000024ac0b43210 code [0x0000024ac0b43420, 0x0000024ac0b443b8]
Event: 27.318 Thread 0x0000024ad04aedb0 8323       4       com.google.common.collect.ImmutableMap$Builder::put (35 bytes)
Event: 27.329 Thread 0x0000024ad04aedb0 nmethod 8323 0x0000024ac0b44d90 code [0x0000024ac0b44f20, 0x0000024ac0b455d8]
Event: 27.329 Thread 0x0000024ad04aedb0 8325 %     4       com.esotericsoftware.kryo.io.Input::readUtf8_slow @ 11 (255 bytes)
Event: 27.336 Thread 0x0000024ad04aedb0 nmethod 8325% 0x0000024ac0b45910 code [0x0000024ac0b45ac0, 0x0000024ac0b45fb8]
Event: 27.336 Thread 0x0000024ad04aedb0 8324       4       org.gradle.internal.fingerprint.impl.DefaultFileSystemLocationFingerprint::hashForType (73 bytes)
Event: 27.337 Thread 0x0000024ad04aedb0 nmethod 8324 0x0000024ac0b46390 code [0x0000024ac0b46500, 0x0000024ac0b465b8]
Event: 27.337 Thread 0x0000024ad04aedb0 8326       4       com.esotericsoftware.kryo.io.Input::readUtf8_slow (255 bytes)
Event: 27.344 Thread 0x0000024ad04aedb0 nmethod 8326 0x0000024ac0b46690 code [0x0000024ac0b46820, 0x0000024ac0b46c38]
Event: 27.344 Thread 0x0000024ad04aedb0 8319       4       org.gradle.internal.execution.history.impl.FingerprintMapSerializer::readFingerprint (96 bytes)
Event: 27.369 Thread 0x0000024ad04b2d50 8329       3       org.gradle.internal.snapshot.AbstractListChildMap$2::withReplacedChild (28 bytes)
Event: 27.370 Thread 0x0000024ad04b2d50 nmethod 8329 0x0000024ab99e6090 code [0x0000024ab99e6260, 0x0000024ab99e6698]
Event: 27.370 Thread 0x0000024ad04b2d50 8330       3       org.gradle.internal.snapshot.VfsRelativePath::pathFromChild (34 bytes)
Event: 27.370 Thread 0x0000024ad04b2d50 nmethod 8330 0x0000024ab99e6890 code [0x0000024ab99e6a60, 0x0000024ab99e6f18]

GC Heap History (20 events):
Event: 22.166 GC heap before
{Heap before GC invocations=45 (full 0):
 garbage-first heap   total 266240K, used 208634K [0x0000000080000000, 0x0000000100000000)
  region size 1024K, 61 young (62464K), 5 survivors (5120K)
 Metaspace       used 80761K, committed 81536K, reserved 1122304K
  class space    used 11313K, committed 11712K, reserved 1048576K
}
Event: 22.169 GC heap after
{Heap after GC invocations=46 (full 0):
 garbage-first heap   total 266240K, used 151892K [0x0000000080000000, 0x0000000100000000)
  region size 1024K, 5 young (5120K), 5 survivors (5120K)
 Metaspace       used 80761K, committed 81536K, reserved 1122304K
  class space    used 11313K, committed 11712K, reserved 1048576K
}
Event: 22.232 GC heap before
{Heap before GC invocations=46 (full 0):
 garbage-first heap   total 266240K, used 160084K [0x0000000080000000, 0x0000000100000000)
  region size 1024K, 13 young (13312K), 5 survivors (5120K)
 Metaspace       used 80761K, committed 81536K, reserved 1122304K
  class space    used 11313K, committed 11712K, reserved 1048576K
}
Event: 22.235 GC heap after
{Heap after GC invocations=47 (full 0):
 garbage-first heap   total 266240K, used 151075K [0x0000000080000000, 0x0000000100000000)
  region size 1024K, 2 young (2048K), 2 survivors (2048K)
 Metaspace       used 80761K, committed 81536K, reserved 1122304K
  class space    used 11313K, committed 11712K, reserved 1048576K
}
Event: 22.912 GC heap before
{Heap before GC invocations=47 (full 0):
 garbage-first heap   total 266240K, used 216611K [0x0000000080000000, 0x0000000100000000)
  region size 1024K, 66 young (67584K), 2 survivors (2048K)
 Metaspace       used 80762K, committed 81536K, reserved 1122304K
  class space    used 11313K, committed 11712K, reserved 1048576K
}
Event: 22.915 GC heap after
{Heap after GC invocations=48 (full 0):
 garbage-first heap   total 266240K, used 153013K [0x0000000080000000, 0x0000000100000000)
  region size 1024K, 4 young (4096K), 4 survivors (4096K)
 Metaspace       used 80762K, committed 81536K, reserved 1122304K
  class space    used 11313K, committed 11712K, reserved 1048576K
}
Event: 23.897 GC heap before
{Heap before GC invocations=49 (full 0):
 garbage-first heap   total 266240K, used 219573K [0x0000000080000000, 0x0000000100000000)
  region size 1024K, 69 young (70656K), 4 survivors (4096K)
 Metaspace       used 80763K, committed 81536K, reserved 1122304K
  class space    used 11313K, committed 11712K, reserved 1048576K
}
Event: 23.899 GC heap after
{Heap after GC invocations=50 (full 0):
 garbage-first heap   total 266240K, used 154623K [0x0000000080000000, 0x0000000100000000)
  region size 1024K, 6 young (6144K), 6 survivors (6144K)
 Metaspace       used 80763K, committed 81536K, reserved 1122304K
  class space    used 11313K, committed 11712K, reserved 1048576K
}
Event: 23.997 GC heap before
{Heap before GC invocations=50 (full 0):
 garbage-first heap   total 266240K, used 161791K [0x0000000080000000, 0x0000000100000000)
  region size 1024K, 13 young (13312K), 6 survivors (6144K)
 Metaspace       used 80763K, committed 81536K, reserved 1122304K
  class space    used 11313K, committed 11712K, reserved 1048576K
}
Event: 24.007 GC heap after
{Heap after GC invocations=51 (full 0):
 garbage-first heap   total 266240K, used 153822K [0x0000000080000000, 0x0000000100000000)
  region size 1024K, 2 young (2048K), 2 survivors (2048K)
 Metaspace       used 80763K, committed 81536K, reserved 1122304K
  class space    used 11313K, committed 11712K, reserved 1048576K
}
Event: 24.924 GC heap before
{Heap before GC invocations=51 (full 0):
 garbage-first heap   total 266240K, used 221406K [0x0000000080000000, 0x0000000100000000)
  region size 1024K, 68 young (69632K), 2 survivors (2048K)
 Metaspace       used 80764K, committed 81536K, reserved 1122304K
  class space    used 11313K, committed 11712K, reserved 1048576K
}
Event: 24.926 GC heap after
{Heap after GC invocations=52 (full 0):
 garbage-first heap   total 266240K, used 155870K [0x0000000080000000, 0x0000000100000000)
  region size 1024K, 4 young (4096K), 4 survivors (4096K)
 Metaspace       used 80764K, committed 81536K, reserved 1122304K
  class space    used 11313K, committed 11712K, reserved 1048576K
}
Event: 25.531 GC heap before
{Heap before GC invocations=52 (full 0):
 garbage-first heap   total 266240K, used 222430K [0x0000000080000000, 0x0000000100000000)
  region size 1024K, 69 young (70656K), 4 survivors (4096K)
 Metaspace       used 80764K, committed 81536K, reserved 1122304K
  class space    used 11313K, committed 11712K, reserved 1048576K
}
Event: 25.534 GC heap after
{Heap after GC invocations=53 (full 0):
 garbage-first heap   total 266240K, used 157596K [0x0000000080000000, 0x0000000100000000)
  region size 1024K, 6 young (6144K), 6 survivors (6144K)
 Metaspace       used 80764K, committed 81536K, reserved 1122304K
  class space    used 11313K, committed 11712K, reserved 1048576K
}
Event: 26.098 GC heap before
{Heap before GC invocations=53 (full 0):
 garbage-first heap   total 266240K, used 224156K [0x0000000080000000, 0x0000000100000000)
  region size 1024K, 71 young (72704K), 6 survivors (6144K)
 Metaspace       used 80765K, committed 81536K, reserved 1122304K
  class space    used 11313K, committed 11712K, reserved 1048576K
}
Event: 26.101 GC heap after
{Heap after GC invocations=54 (full 0):
 garbage-first heap   total 266240K, used 159181K [0x0000000080000000, 0x0000000100000000)
  region size 1024K, 6 young (6144K), 6 survivors (6144K)
 Metaspace       used 80765K, committed 81536K, reserved 1122304K
  class space    used 11313K, committed 11712K, reserved 1048576K
}
Event: 26.906 GC heap before
{Heap before GC invocations=54 (full 0):
 garbage-first heap   total 266240K, used 224717K [0x0000000080000000, 0x0000000100000000)
  region size 1024K, 70 young (71680K), 6 survivors (6144K)
 Metaspace       used 80765K, committed 81536K, reserved 1122304K
  class space    used 11313K, committed 11712K, reserved 1048576K
}
Event: 26.909 GC heap after
{Heap after GC invocations=55 (full 0):
 garbage-first heap   total 266240K, used 160610K [0x0000000080000000, 0x0000000100000000)
  region size 1024K, 6 young (6144K), 6 survivors (6144K)
 Metaspace       used 80765K, committed 81536K, reserved 1122304K
  class space    used 11313K, committed 11712K, reserved 1048576K
}
Event: 27.282 GC heap before
{Heap before GC invocations=55 (full 0):
 garbage-first heap   total 266240K, used 207714K [0x0000000080000000, 0x0000000100000000)
  region size 1024K, 39 young (39936K), 6 survivors (6144K)
 Metaspace       used 80795K, committed 81536K, reserved 1122304K
  class space    used 11323K, committed 11712K, reserved 1048576K
}
Event: 27.285 GC heap after
{Heap after GC invocations=56 (full 0):
 garbage-first heap   total 266240K, used 175859K [0x0000000080000000, 0x0000000100000000)
  region size 1024K, 5 young (5120K), 5 survivors (5120K)
 Metaspace       used 80795K, committed 81536K, reserved 1122304K
  class space    used 11323K, committed 11712K, reserved 1048576K
}

Dll operation events (3 events):
Event: 0.013 Loaded shared library C:\Program Files\Android\Android Studio\jbr\bin\java.dll
Event: 0.162 Loaded shared library C:\Program Files\Android\Android Studio\jbr\bin\zip.dll
Event: 1.031 Loaded shared library C:\Program Files\Android\Android Studio\jbr\bin\verify.dll

Deoptimization events (20 events):
Event: 27.367 Thread 0x0000024ad1407870 Uncommon trap: trap_request=0xffffffde fr.pc=0x0000024ac0b2e30c relative=0x0000000000000dcc
Event: 27.368 Thread 0x0000024ad1407870 Uncommon trap: reason=class_check action=maybe_recompile pc=0x0000024ac0b2e30c method=org.gradle.internal.snapshot.impl.DirectorySnapshotterStatistics$CollectingFileVisitor.preVisitDirectory(Ljava/lang/Object;Ljava/nio/file/attribute/BasicFileAttributes;)
Event: 27.368 Thread 0x0000024ad1407870 DEOPT PACKING pc=0x0000024ac0b2e30c sp=0x000000cae6bfc490
Event: 27.368 Thread 0x0000024ad1407870 DEOPT UNPACKING pc=0x0000024ac01d69a3 sp=0x000000cae6bfc478 mode 2
Event: 27.368 Thread 0x0000024ad1407870 Uncommon trap: trap_request=0xffffffde fr.pc=0x0000024ac0b314bc relative=0x0000000000000b1c
Event: 27.368 Thread 0x0000024ad1407870 Uncommon trap: reason=class_check action=maybe_recompile pc=0x0000024ac0b314bc method=org.gradle.internal.snapshot.impl.DirectorySnapshotter$PathVisitor.getInternedFileName(Ljava/nio/file/Path;)Ljava/lang/String; @ 1 c2
Event: 27.368 Thread 0x0000024ad1407870 DEOPT PACKING pc=0x0000024ac0b314bc sp=0x000000cae6bfc3a0
Event: 27.368 Thread 0x0000024ad1407870 DEOPT UNPACKING pc=0x0000024ac01d69a3 sp=0x000000cae6bfc300 mode 2
Event: 27.368 Thread 0x0000024ad1407870 Uncommon trap: trap_request=0xffffffde fr.pc=0x0000024ac0b37c8c relative=0x000000000000130c
Event: 27.368 Thread 0x0000024ad1407870 Uncommon trap: reason=class_check action=maybe_recompile pc=0x0000024ac0b37c8c method=org.gradle.internal.snapshot.impl.DirectorySnapshotterStatistics$CollectingFileVisitor.postVisitDirectory(Ljava/lang/Object;Ljava/io/IOException;)Ljava/nio/file/FileVisi
Event: 27.368 Thread 0x0000024ad1407870 DEOPT PACKING pc=0x0000024ac0b37c8c sp=0x000000cae6bfc470
Event: 27.368 Thread 0x0000024ad1407870 DEOPT UNPACKING pc=0x0000024ac01d69a3 sp=0x000000cae6bfc478 mode 2
Event: 27.368 Thread 0x0000024ad1407870 Uncommon trap: trap_request=0xfffffff4 fr.pc=0x0000024ac0b0bef4 relative=0x00000000000008b4
Event: 27.368 Thread 0x0000024ad1407870 Uncommon trap: reason=null_check action=make_not_entrant pc=0x0000024ac0b0bef4 method=org.gradle.internal.snapshot.MerkleDirectorySnapshotBuilder.collectEntry(Lorg/gradle/internal/snapshot/FileSystemLocationSnapshot;)V @ 9 c2
Event: 27.368 Thread 0x0000024ad1407870 DEOPT PACKING pc=0x0000024ac0b0bef4 sp=0x000000cae6bfc270
Event: 27.368 Thread 0x0000024ad1407870 DEOPT UNPACKING pc=0x0000024ac01d69a3 sp=0x000000cae6bfc248 mode 2
Event: 27.370 Thread 0x0000024ad1407870 Uncommon trap: trap_request=0xffffffc6 fr.pc=0x0000024ac0b2fbf0 relative=0x0000000000000810
Event: 27.370 Thread 0x0000024ad1407870 Uncommon trap: reason=bimorphic_or_optimized_type_check action=maybe_recompile pc=0x0000024ac0b2fbf0 method=java.util.stream.ReduceOps$ReduceOp.evaluateSequential(Ljava/util/stream/PipelineHelper;Ljava/util/Spliterator;)Ljava/lang/Object; @ 6 c2
Event: 27.370 Thread 0x0000024ad1407870 DEOPT PACKING pc=0x0000024ac0b2fbf0 sp=0x000000cae6bfd680
Event: 27.370 Thread 0x0000024ad1407870 DEOPT UNPACKING pc=0x0000024ac01d69a3 sp=0x000000cae6bfd628 mode 2

Classes unloaded (0 events):
No events

Classes redefined (0 events):
No events

Internal exceptions (20 events):
Event: 18.967 Thread 0x0000024ad286f700 Exception <a 'java/lang/ClassNotFoundException'{0x000000008fbaa278}: org/gradle/api/tasks/testing/TestCustomizer> (0x000000008fbaa278) 
thrown [s\src\hotspot\share\classfile\systemDictionary.cpp, line 256]
Event: 18.970 Thread 0x0000024ad286f700 Exception <a 'java/lang/ClassNotFoundException'{0x000000008fa3c160}: org/gradle/api/tasks/testing/Test_DecoratedCustomizer> (0x000000008fa3c160) 
thrown [s\src\hotspot\share\classfile\systemDictionary.cpp, line 256]
Event: 18.992 Thread 0x0000024ad286f700 Exception <a 'java/lang/ClassNotFoundException'{0x000000008f6f8ca0}: org/codehaus/groovy/runtime/NullObjectBeanInfo> (0x000000008f6f8ca0) 
thrown [s\src\hotspot\share\classfile\systemDictionary.cpp, line 256]
Event: 18.996 Thread 0x0000024ad286f700 Exception <a 'java/lang/ClassNotFoundException'{0x000000008f4c1c30}: org/codehaus/groovy/runtime/NullObjectCustomizer> (0x000000008f4c1c30) 
thrown [s\src\hotspot\share\classfile\systemDictionary.cpp, line 256]
Event: 18.999 Thread 0x0000024ad286f700 Exception <a 'java/lang/ClassNotFoundException'{0x000000008f4e4cc8}: org/gradle/internal/service/scopes/ProjectScopeServicesBeanInfo> (0x000000008f4e4cc8) 
thrown [s\src\hotspot\share\classfile\systemDictionary.cpp, line 256]
Event: 18.999 Thread 0x0000024ad286f700 Exception <a 'java/lang/ClassNotFoundException'{0x000000008f4ed480}: org/gradle/internal/service/scopes/ProjectScopeServicesCustomizer> (0x000000008f4ed480) 
thrown [s\src\hotspot\share\classfile\systemDictionary.cpp, line 256]
Event: 19.001 Thread 0x0000024ad286f700 Exception <a 'java/lang/ClassNotFoundException'{0x000000008f314118}: org/gradle/api/internal/catalog/DefaultDependenciesAccessorsBeanInfo> (0x000000008f314118) 
thrown [s\src\hotspot\share\classfile\systemDictionary.cpp, line 256]
Event: 19.002 Thread 0x0000024ad286f700 Exception <a 'java/lang/ClassNotFoundException'{0x000000008f31e648}: org/gradle/api/internal/catalog/DefaultDependenciesAccessorsCustomizer> (0x000000008f31e648) 
thrown [s\src\hotspot\share\classfile\systemDictionary.cpp, line 256]
Event: 19.003 Thread 0x0000024ad286f700 Exception <a 'java/lang/ClassNotFoundException'{0x000000008f33e5e0}: org/gradle/internal/classpath/DefaultClassPathBeanInfo> (0x000000008f33e5e0) 
thrown [s\src\hotspot\share\classfile\systemDictionary.cpp, line 256]
Event: 19.004 Thread 0x0000024ad286f700 Exception <a 'java/lang/ClassNotFoundException'{0x000000008f346ae0}: org/gradle/internal/classpath/DefaultClassPathCustomizer> (0x000000008f346ae0) 
thrown [s\src\hotspot\share\classfile\systemDictionary.cpp, line 256]
Event: 19.007 Thread 0x0000024ad286f700 Exception <a 'java/lang/ClassNotFoundException'{0x000000008f25fff0}: org/gradle/internal/classpath/DefaultClassPath$ImmutableUniqueListBeanInfo> (0x000000008f25fff0) 
thrown [s\src\hotspot\share\classfile\systemDictionary.cpp, line 256]
Event: 19.008 Thread 0x0000024ad286f700 Exception <a 'java/lang/ClassNotFoundException'{0x000000008f264720}: java/util/AbstractListBeanInfo> (0x000000008f264720) 
thrown [s\src\hotspot\share\classfile\systemDictionary.cpp, line 256]
Event: 19.008 Thread 0x0000024ad286f700 Exception <a 'java/lang/ClassNotFoundException'{0x000000008f268e38}: java/util/AbstractListCustomizer> (0x000000008f268e38) 
thrown [s\src\hotspot\share\classfile\systemDictionary.cpp, line 256]
Event: 19.008 Thread 0x0000024ad286f700 Exception <a 'java/lang/ClassNotFoundException'{0x000000008f27cb38}: org/gradle/internal/classpath/DefaultClassPath$ImmutableUniqueListCustomizer> (0x000000008f27cb38) 
thrown [s\src\hotspot\share\classfile\systemDictionary.cpp, line 256]
Event: 19.044 Thread 0x0000024ad286f700 Exception <a 'java/lang/ClassNotFoundException'{0x000000008f2be240}: org/jetbrains/plugins/gradle/model/DefaultDependencyAccessorsModelBeanInfo> (0x000000008f2be240) 
thrown [s\src\hotspot\share\classfile\systemDictionary.cpp, line 256]
Event: 19.045 Thread 0x0000024ad286f700 Exception <a 'java/lang/ClassNotFoundException'{0x000000008f2c6918}: org/jetbrains/plugins/gradle/model/DefaultDependencyAccessorsModelCustomizer> (0x000000008f2c6918) 
thrown [s\src\hotspot\share\classfile\systemDictionary.cpp, line 256]
Event: 19.048 Thread 0x0000024ad6868350 Exception <a 'java/lang/NoSuchMethodError'{0x000000008f7311b0}: static Lorg/jetbrains/plugins/gradle/tooling/internal/VersionCatalogsModelImpl;.<clinit>()V> (0x000000008f7311b0) 
thrown [s\src\hotspot\share\prims\jni.cpp, line 1108]
Event: 19.519 Thread 0x0000024ad1407870 Exception <a 'java/lang/NoSuchMethodError'{0x000000008eb13db8}: 'java.lang.Object java.lang.invoke.DirectMethodHandle$Holder.invokeSpecialIFC(java.lang.Object, java.lang.Object, java.lang.Object)'> (0x000000008eb13db8) 
thrown [s\src\hotspot\share\interpreter\linkResolver.cpp, line 771]
Event: 27.266 Thread 0x0000024ad1407870 Implicit null exception at 0x0000024ac0b39220 to 0x0000024ac0b3a404
Event: 27.368 Thread 0x0000024ad1407870 Implicit null exception at 0x0000024ac0b0b6b6 to 0x0000024ac0b0bee4

VM Operations (20 events):
Event: 22.915 Executing VM operation: G1CollectForAllocation done
Event: 22.973 Executing VM operation: G1Concurrent
Event: 22.977 Executing VM operation: G1Concurrent done
Event: 23.011 Executing VM operation: G1Concurrent
Event: 23.012 Executing VM operation: G1Concurrent done
Event: 23.896 Executing VM operation: G1CollectForAllocation
Event: 23.899 Executing VM operation: G1CollectForAllocation done
Event: 23.997 Executing VM operation: G1CollectForAllocation
Event: 24.007 Executing VM operation: G1CollectForAllocation done
Event: 24.924 Executing VM operation: G1CollectForAllocation
Event: 24.926 Executing VM operation: G1CollectForAllocation done
Event: 25.531 Executing VM operation: G1CollectForAllocation
Event: 25.534 Executing VM operation: G1CollectForAllocation done
Event: 26.098 Executing VM operation: G1CollectForAllocation
Event: 26.101 Executing VM operation: G1CollectForAllocation done
Event: 26.906 Executing VM operation: G1CollectForAllocation
Event: 26.909 Executing VM operation: G1CollectForAllocation done
Event: 27.282 Executing VM operation: G1TryInitiateConcMark
Event: 27.285 Executing VM operation: G1TryInitiateConcMark done
Event: 27.371 Executing VM operation: G1Concurrent

Events (20 events):
Event: 18.961 loading class java/util/HashSetCustomizer done
Event: 18.961 loading class java/util/HashSetCustomizer
Event: 18.961 loading class java/util/HashSetCustomizer done
Event: 18.962 loading class java/util/LinkedHashSetCustomizer
Event: 18.962 loading class java/util/LinkedHashSetCustomizer done
Event: 18.962 loading class java/util/LinkedHashSetCustomizer
Event: 18.962 loading class java/util/LinkedHashSetCustomizer done
Event: 19.007 loading class java/util/AbstractListBeanInfo
Event: 19.007 loading class java/util/AbstractListBeanInfo done
Event: 19.008 loading class java/util/AbstractListBeanInfo
Event: 19.008 loading class java/util/AbstractListBeanInfo done
Event: 19.008 loading class java/util/AbstractListCustomizer
Event: 19.008 loading class java/util/AbstractListCustomizer done
Event: 19.008 loading class java/util/AbstractListCustomizer
Event: 19.008 loading class java/util/AbstractListCustomizer done
Event: 19.482 Thread 0x0000024ad1407870 Thread added: 0x0000024ad1407870
Event: 20.553 loading class jdk/internal/access/foreign/MemorySegmentProxy
Event: 20.554 loading class jdk/internal/access/foreign/MemorySegmentProxy done
Event: 20.874 Thread 0x0000024ad04bd760 flushing nmethod 0x0000024ac075d690
Event: 20.877 Thread 0x0000024ad04bd760 flushing nmethod 0x0000024ab8d03710


Dynamic libraries:
0x00007ff780f80000 - 0x00007ff780f8a000 	C:\Program Files\Android\Android Studio\jbr\bin\java.exe
0x00007fff62750000 - 0x00007fff62948000 	C:\windows\SYSTEM32\ntdll.dll
0x00007fff62650000 - 0x00007fff6270f000 	C:\windows\System32\KERNEL32.DLL
0x00007fff5fed0000 - 0x00007fff601c6000 	C:\windows\System32\KERNELBASE.dll
0x00007fff601d0000 - 0x00007fff602d0000 	C:\windows\System32\ucrtbase.dll
0x00007fff477f0000 - 0x00007fff47807000 	C:\Program Files\Android\Android Studio\jbr\bin\jli.dll
0x00007fff5d2e0000 - 0x00007fff5d2fb000 	C:\Program Files\Android\Android Studio\jbr\bin\VCRUNTIME140.dll
0x00007fff61900000 - 0x00007fff61a9d000 	C:\windows\System32\USER32.dll
0x00007fff60460000 - 0x00007fff60482000 	C:\windows\System32\win32u.dll
0x00007fff62510000 - 0x00007fff6253c000 	C:\windows\System32\GDI32.dll
0x00007fff605f0000 - 0x00007fff60705000 	C:\windows\System32\gdi32full.dll
0x00007fff5fe30000 - 0x00007fff5fecd000 	C:\windows\System32\msvcp_win.dll
0x00007fff490e0000 - 0x00007fff4937a000 	C:\windows\WinSxS\amd64_microsoft.windows.common-controls_6595b64144ccf1df_6.0.19041.1110_none_60b5254171f9507e\COMCTL32.dll
0x00007fff60d90000 - 0x00007fff60e2e000 	C:\windows\System32\msvcrt.dll
0x00007fff616e0000 - 0x00007fff61710000 	C:\windows\System32\IMM32.DLL
0x00007fff5b490000 - 0x00007fff5b49c000 	C:\Program Files\Android\Android Studio\jbr\bin\vcruntime140_1.dll
0x00007fff58100000 - 0x00007fff5818d000 	C:\Program Files\Android\Android Studio\jbr\bin\msvcp140.dll
0x00007fff0cdf0000 - 0x00007fff0da5e000 	C:\Program Files\Android\Android Studio\jbr\bin\server\jvm.dll
0x00007fff61710000 - 0x00007fff617bf000 	C:\windows\System32\ADVAPI32.dll
0x00007fff625b0000 - 0x00007fff6264c000 	C:\windows\System32\sechost.dll
0x00007fff623e0000 - 0x00007fff62506000 	C:\windows\System32\RPCRT4.dll
0x00007fff55d30000 - 0x00007fff55d3a000 	C:\windows\SYSTEM32\VERSION.dll
0x00007fff53c50000 - 0x00007fff53c77000 	C:\windows\SYSTEM32\WINMM.dll
0x00007fff52f80000 - 0x00007fff52f89000 	C:\windows\SYSTEM32\WSOCK32.dll
0x00007fff62540000 - 0x00007fff625ab000 	C:\windows\System32\WS2_32.dll
0x00007fff5e630000 - 0x00007fff5e642000 	C:\windows\SYSTEM32\kernel.appcore.dll
0x00007fff59810000 - 0x00007fff5981a000 	C:\Program Files\Android\Android Studio\jbr\bin\jimage.dll
0x00007fff5db80000 - 0x00007fff5dd64000 	C:\windows\SYSTEM32\DBGHELP.DLL
0x00007fff46250000 - 0x00007fff46284000 	C:\windows\SYSTEM32\dbgcore.DLL
0x00007fff602d0000 - 0x00007fff60352000 	C:\windows\System32\bcryptPrimitives.dll
0x00007fff56620000 - 0x00007fff5662e000 	C:\Program Files\Android\Android Studio\jbr\bin\instrument.dll
0x00007fff32490000 - 0x00007fff324b5000 	C:\Program Files\Android\Android Studio\jbr\bin\java.dll
0x00007fff58f80000 - 0x00007fff58f98000 	C:\Program Files\Android\Android Studio\jbr\bin\zip.dll
0x00007fff60ec0000 - 0x00007fff61604000 	C:\windows\System32\SHELL32.dll
0x00007fff5dd70000 - 0x00007fff5e503000 	C:\windows\SYSTEM32\windows.storage.dll
0x00007fff61fa0000 - 0x00007fff622f4000 	C:\windows\System32\combase.dll
0x00007fff5f6c0000 - 0x00007fff5f6ee000 	C:\windows\SYSTEM32\Wldp.dll
0x00007fff61630000 - 0x00007fff616dd000 	C:\windows\System32\SHCORE.dll
0x00007fff60810000 - 0x00007fff60865000 	C:\windows\System32\shlwapi.dll
0x00007fff5fd70000 - 0x00007fff5fd8f000 	C:\windows\SYSTEM32\profapi.dll
0x00007fff4a4f0000 - 0x00007fff4a509000 	C:\Program Files\Android\Android Studio\jbr\bin\net.dll
0x00007fff58190000 - 0x00007fff5829a000 	C:\windows\SYSTEM32\WINHTTP.dll
0x00007fff5f4a0000 - 0x00007fff5f50a000 	C:\windows\system32\mswsock.dll
0x00007fff48a90000 - 0x00007fff48aa6000 	C:\Program Files\Android\Android Studio\jbr\bin\nio.dll
0x00007fff595b0000 - 0x00007fff595c0000 	C:\Program Files\Android\Android Studio\jbr\bin\verify.dll
0x00007fff524e0000 - 0x00007fff52507000 	C:\Users\SSAFY\.gradle\native\68d5fa5c4cc2d200863cafc0d521ce42e7d3e7ee720ec0a83991735586a16f82\windows-amd64\native-platform.dll
0x00007fff23d50000 - 0x00007fff23e94000 	C:\Users\SSAFY\.gradle\native\e376f236ea51e6404a007f0833ffe2c6e607c4080706a723a18a27aeea778392\windows-amd64\native-platform-file-events.dll
0x00007fff583a0000 - 0x00007fff583a9000 	C:\Program Files\Android\Android Studio\jbr\bin\management.dll
0x00007fff57f90000 - 0x00007fff57f9b000 	C:\Program Files\Android\Android Studio\jbr\bin\management_ext.dll
0x00007fff617c0000 - 0x00007fff617c8000 	C:\windows\System32\PSAPI.DLL
0x00007fff5f700000 - 0x00007fff5f718000 	C:\windows\SYSTEM32\CRYPTSP.dll
0x00007fff5ede0000 - 0x00007fff5ee14000 	C:\windows\system32\rsaenh.dll
0x00007fff60710000 - 0x00007fff60737000 	C:\windows\System32\bcrypt.dll
0x00007fff5fd30000 - 0x00007fff5fd5e000 	C:\windows\SYSTEM32\USERENV.dll
0x00007fff5f630000 - 0x00007fff5f63c000 	C:\windows\SYSTEM32\CRYPTBASE.dll
0x00007fff5f1b0000 - 0x00007fff5f1ec000 	C:\windows\SYSTEM32\IPHLPAPI.DLL
0x00007fff60a80000 - 0x00007fff60a88000 	C:\windows\System32\NSI.dll
0x00007fff55d60000 - 0x00007fff55d77000 	C:\windows\SYSTEM32\dhcpcsvc6.DLL
0x00007fff55d40000 - 0x00007fff55d5d000 	C:\windows\SYSTEM32\dhcpcsvc.DLL
0x00007fff5f1f0000 - 0x00007fff5f2ba000 	C:\windows\SYSTEM32\DNSAPI.dll
0x00007fff52f70000 - 0x00007fff52f77000 	C:\windows\system32\wshunix.dll
0x00007fff57f40000 - 0x00007fff57f57000 	C:\windows\system32\napinsp.dll
0x00007fff57f60000 - 0x00007fff57f7b000 	C:\windows\system32\pnrpnsp.dll
0x00007fff5aed0000 - 0x00007fff5aee5000 	C:\windows\system32\wshbth.dll
0x00007fff5b3a0000 - 0x00007fff5b3bd000 	C:\windows\system32\NLAapi.dll
0x00007fff58720000 - 0x00007fff58732000 	C:\windows\System32\winrnr.dll
0x00007fff59800000 - 0x00007fff5980a000 	C:\Windows\System32\rasadhlp.dll
0x00007fff4eac0000 - 0x00007fff4eb42000 	C:\windows\System32\fwpuclnt.dll

dbghelp: loaded successfully - version: 4.0.5 - missing functions: none
symbol engine: initialized successfully - sym options: 0x614 - pdb path: .;C:\Program Files\Android\Android Studio\jbr\bin;C:\windows\SYSTEM32;C:\windows\WinSxS\amd64_microsoft.windows.common-controls_6595b64144ccf1df_6.0.19041.1110_none_60b5254171f9507e;C:\Program Files\Android\Android Studio\jbr\bin\server;C:\Users\SSAFY\.gradle\native\68d5fa5c4cc2d200863cafc0d521ce42e7d3e7ee720ec0a83991735586a16f82\windows-amd64;C:\Users\SSAFY\.gradle\native\e376f236ea51e6404a007f0833ffe2c6e607c4080706a723a18a27aeea778392\windows-amd64

VM Arguments:
jvm_args: --add-opens=java.base/java.util.concurrent.atomic=ALL-UNNAMED --add-opens=java.base/java.util=ALL-UNNAMED --add-opens=java.base/java.lang=ALL-UNNAMED --add-opens=java.base/java.lang.invoke=ALL-UNNAMED --add-opens=java.prefs/java.util.prefs=ALL-UNNAMED --add-opens=java.base/java.nio.charset=ALL-UNNAMED --add-opens=java.base/java.net=ALL-UNNAMED --add-opens=java.base/java.util.concurrent.atomic=ALL-UNNAMED -Xmx2048m -Dfile.encoding=UTF-8 -Duser.country=KR -Duser.language=ko -Duser.variant -javaagent:C:\Users\SSAFY\.gradle\wrapper\dists\gradle-8.3-bin\dxjbbhstwasg8cbags9q7cvli\gradle-8.3\lib\agents\gradle-instrumentation-agent-8.3.jar 
java_command: org.gradle.launcher.daemon.bootstrap.GradleDaemon 8.3
java_class_path (initial): C:\Users\SSAFY\.gradle\wrapper\dists\gradle-8.3-bin\dxjbbhstwasg8cbags9q7cvli\gradle-8.3\lib\gradle-launcher-8.3.jar
Launcher Type: SUN_STANDARD

[Global flags]
     intx CICompilerCount                          = 4                                         {product} {ergonomic}
     uint ConcGCThreads                            = 3                                         {product} {ergonomic}
     uint G1ConcRefinementThreads                  = 10                                        {product} {ergonomic}
   size_t G1HeapRegionSize                         = 1048576                                   {product} {ergonomic}
    uintx GCDrainStackTargetSize                   = 64                                        {product} {ergonomic}
   size_t InitialHeapSize                          = 268435456                                 {product} {ergonomic}
   size_t MarkStackSize                            = 4194304                                   {product} {ergonomic}
   size_t MaxHeapSize                              = 2147483648                                {product} {command line}
   size_t MaxNewSize                               = 1287651328                                {product} {ergonomic}
   size_t MinHeapDeltaBytes                        = 1048576                                   {product} {ergonomic}
   size_t MinHeapSize                              = 8388608                                   {product} {ergonomic}
    uintx NonNMethodCodeHeapSize                   = 5839372                                {pd product} {ergonomic}
    uintx NonProfiledCodeHeapSize                  = 122909434                              {pd product} {ergonomic}
    uintx ProfiledCodeHeapSize                     = 122909434                              {pd product} {ergonomic}
    uintx ReservedCodeCacheSize                    = 251658240                              {pd product} {ergonomic}
     bool SegmentedCodeCache                       = true                                      {product} {ergonomic}
   size_t SoftMaxHeapSize                          = 2147483648                             {manageable} {ergonomic}
     bool UseCompressedClassPointers               = true                           {product lp64_product} {ergonomic}
     bool UseCompressedOops                        = true                           {product lp64_product} {ergonomic}
     bool UseG1GC                                  = true                                      {product} {ergonomic}
     bool UseLargePagesIndividualAllocation        = false                                  {pd product} {ergonomic}

Logging:
Log output configuration:
 #0: stdout all=warning uptime,level,tags
 #1: stderr all=off uptime,level,tags

Environment Variables:
JAVA_HOME=C:\Users\SSAFY\.jdks\graalvm-jdk-17.0.9
PATH=C:\Program Files (x86)\VMware\VMware Player\bin\;C:\windows\system32;C:\windows;C:\windows\System32\Wbem;C:\windows\System32\WindowsPowerShell\v1.0\;C:\windows\System32\OpenSSH\;C:\Users\SSAFY\AppData\Roaming\Microsoft\Windows\Start Menu\Programs\Python 3.11;C:\Program Files\Git\cmd;C:\Users\SSAFY\AppData\Roaming\nvm;C:\Program Files\nodejs;C:\Program Files (x86)\MySQL\MySQL Server 5.7\bin;C:\Program Files\PuTTY\;C:\Program Files\Docker\Docker\resources\bin;C:\MinGW\bin;C:\Program Files\Microsoft SQL Server\150\Tools\Binn\;C:\Program Files\Microsoft SQL Server\Client SDK\ODBC\170\Tools\Binn\;C:\Program Files\dotnet\;C:\Program Files\doxygen\bin;C:\Program Files (x86)\Windows Kits\10\Windows Performance Toolkit\;C:\Users\SSAFY\AppData\Roaming\Microsoft\Windows\Start Menu\Programs\Python 3.11;C:\Users\SSAFY\AppData\Local\Android\Sdk;C:\Users\SSAFY\AppData\Local\Android\Sdk\tools;C:\Users\SSAFY\AppData\Local\Android\Sdk\platform-tools;C:\Users\SSAFY\AppData\Local\Android\Sdk\emulator;C:\Users\SSAFY\AppData\Local\Android\Sdk\build-tools;C:\Users\SSAFY\AppData\Local\Microsoft\WindowsApps;C:\Users\SSAFY\AppData\Local\Programs\Microsoft VS Code\bin;C:\Users\SSAFY\AppData\Roaming\Microsoft\Windows\Start Menu\Programs\Python 3.11;C:\Users\SSAFY\AppData\Roaming\npm;C:\Users\SSAFY\AppData\Roaming\nvm;C:\Program Files\nodejs;C:\Program Files\JetBrains\IntelliJ IDEA Community Edition 2023.1.3\bin;;C:\Users\SSAFY\AppData\Local\Microsoft\WinGet\Packages\DenoLand.Deno_Microsoft.Winget.Source_8wekyb3d8bbwe;;C:\Users\SSAFY\.deno\bin;C:\Users\SSAFY\.dotnet\tools
USERNAME=SSAFY
OS=Windows_NT
PROCESSOR_IDENTIFIER=Intel64 Family 6 Model 158 Stepping 10, GenuineIntel
TMP=C:\Users\SSAFY\AppData\Local\Temp
TEMP=C:\Users\SSAFY\AppData\Local\Temp


JNI global refs:
JNI global refs: 28, weak refs: 5

JNI global refs memory usage: 843, weak refs: 841


---------------  S Y S T E M  ---------------

OS:
 Windows 10 , 64 bit Build 19041 (10.0.19041.3031)
OS uptime: 23 days 8:59 hours
Hyper-V role detected

CPU: total 12 (initial active 12) (6 cores per cpu, 2 threads per core) family 6 model 158 stepping 10 microcode 0xcc, cx8, cmov, fxsr, ht, mmx, 3dnowpref, sse, sse2, sse3, ssse3, sse4.1, sse4.2, popcnt, lzcnt, tsc, tscinvbit, avx, avx2, aes, erms, clmul, bmi1, bmi2, adx, fma, vzeroupper, clflush, clflushopt, hv

Memory: 4k page, system-wide physical 16315M (174M free)
TotalPageFile size 65467M (AvailPageFile size 5M)
current process WorkingSet (physical memory assigned to process): 448M, peak: 460M
current process commit charge ("private bytes"): 557M, peak: 558M

vm_info: OpenJDK 64-Bit Server VM (17.0.6+0-b2043.56-10027231) for windows-amd64 JRE (17.0.6+0-b2043.56-10027231), built on Apr 28 2023 00:43:19 by "androidbuild" with MS VC++ 16.10 / 16.11 (VS2019)

END.
