#
# There is insufficient memory for the Java Runtime Environment to continue.
# Native memory allocation (mmap) failed to map 39845888 bytes for G1 virtual space
# Possible reasons:
#   The system is out of physical RAM or swap space
#   The process is running with CompressedOops enabled, and the Java Heap may be blocking the growth of the native heap
# Possible solutions:
#   Reduce memory load on the system
#   Increase physical memory or swap space
#   Check if swap backing store is full
#   Decrease Java heap size (-Xmx/-Xms)
#   Decrease number of Java threads
#   Decrease Java thread stack sizes (-Xss)
#   Set larger code cache with -XX:ReservedCodeCacheSize=
#   JVM is running with Unscaled Compressed Oops mode in which the Java heap is
#     placed in the first 4GB address space. The Java Heap base address is the
#     maximum limit for the native heap growth. Please use -XX:HeapBaseMinAddress
#     to set the Java Heap base and to place the Java Heap above 4GB virtual address.
# This output file may be truncated or incomplete.
#
#  Out of Memory Error (os_windows.cpp:3769), pid=367052, tid=368384
#
# JRE version: OpenJDK Runtime Environment (17.0.6) (build 17.0.6+0-b2043.56-10027231)
# Java VM: OpenJDK 64-Bit Server VM (17.0.6+0-b2043.56-10027231, mixed mode, tiered, compressed oops, compressed class ptrs, g1 gc, windows-amd64)
# No core dump will be written. Minidumps are not enabled by default on client versions of Windows
#

---------------  S U M M A R Y ------------

Command Line: --add-opens=java.base/java.util.concurrent.atomic=ALL-UNNAMED --add-opens=java.base/java.util=ALL-UNNAMED --add-opens=java.base/java.lang=ALL-UNNAMED --add-opens=java.base/java.lang.invoke=ALL-UNNAMED --add-opens=java.prefs/java.util.prefs=ALL-UNNAMED --add-opens=java.base/java.nio.charset=ALL-UNNAMED --add-opens=java.base/java.net=ALL-UNNAMED --add-opens=java.base/java.util.concurrent.atomic=ALL-UNNAMED -Xmx2048m -Dfile.encoding=UTF-8 -Duser.country=KR -Duser.language=ko -Duser.variant -javaagent:C:\Users\SSAFY\.gradle\wrapper\dists\gradle-8.3-bin\dxjbbhstwasg8cbags9q7cvli\gradle-8.3\lib\agents\gradle-instrumentation-agent-8.3.jar org.gradle.launcher.daemon.bootstrap.GradleDaemon 8.3

Host: Intel(R) Core(TM) i7-9750H CPU @ 2.60GHz, 12 cores, 15G,  Windows 10 , 64 bit Build 19041 (10.0.19041.3031)
Time: Sat Oct 28 17:41:25 2023  Windows 10 , 64 bit Build 19041 (10.0.19041.3031) elapsed time: 16.351019 seconds (0d 0h 0m 16s)

---------------  T H R E A D  ---------------

Current thread (0x00000252f985c410):  VMThread "VM Thread" [stack: 0x000000fd3f100000,0x000000fd3f200000] [id=368384]

Stack: [0x000000fd3f100000,0x000000fd3f200000]
Native frames: (J=compiled Java code, j=interpreted, Vv=VM code, C=native code)
V  [jvm.dll+0x683c9a]
V  [jvm.dll+0x8427a4]
V  [jvm.dll+0x843f9e]
V  [jvm.dll+0x844603]
V  [jvm.dll+0x249b75]
V  [jvm.dll+0x680b69]
V  [jvm.dll+0x67505a]
V  [jvm.dll+0x309acb]
V  [jvm.dll+0x310f86]
V  [jvm.dll+0x3608ee]
V  [jvm.dll+0x360b1f]
V  [jvm.dll+0x2dfbf8]
V  [jvm.dll+0x2e2ce6]
V  [jvm.dll+0x2ed478]
V  [jvm.dll+0x322150]
V  [jvm.dll+0x848ccb]
V  [jvm.dll+0x849a04]
V  [jvm.dll+0x849f1d]
V  [jvm.dll+0x84a2f4]
V  [jvm.dll+0x84a3c0]
V  [jvm.dll+0x7f274a]
V  [jvm.dll+0x682ad5]
C  [ucrtbase.dll+0x21bb2]
C  [KERNEL32.DLL+0x17614]
C  [ntdll.dll+0x526f1]

VM_Operation (0x000000fd3edff400): G1Concurrent, mode: safepoint, requested by thread 0x00000252de9abc00


---------------  P R O C E S S  ---------------

Threads class SMR info:
_java_thread_list=0x00000252fc0f8570, length=62, elements={
0x00000252de93da20, 0x00000252f9860f50, 0x00000252f9861c50, 0x00000252f98b7270,
0x00000252f98b8a40, 0x00000252f98b9200, 0x00000252f98dc530, 0x00000252f98dedf0,
0x00000252f98e74b0, 0x00000252f98f9aa0, 0x00000252f99c6c20, 0x00000252f9b67010,
0x00000252fb4a6110, 0x00000252fb610a20, 0x00000252fb613f90, 0x00000252fb185f10,
0x00000252fb1863e0, 0x00000252fb2a2040, 0x00000252fb2a2510, 0x00000252fb33f9e0,
0x00000252fb675b80, 0x00000252fb677390, 0x00000252fb678200, 0x00000252fb6756b0,
0x00000252fb6769f0, 0x00000252fb676050, 0x00000252fb6786d0, 0x00000252fb676520,
0x00000252fb678ba0, 0x00000252fb677860, 0x00000252fb677d30, 0x00000252fe29c650,
0x00000252fe29e800, 0x00000252fe29d4c0, 0x00000252fe29d990, 0x00000252fe29bcb0,
0x00000252fe29de60, 0x00000252fe29ecd0, 0x00000252fe29e330, 0x00000252fe29b310,
0x00000252fe29b7e0, 0x00000252fe29c180, 0x00000252fe29cff0, 0x00000252fbdcf2e0,
0x00000252fbdd4e50, 0x00000252fbdd27d0, 0x00000252fbdd0fc0, 0x00000252fbdd1490,
0x00000252fbdd1960, 0x00000252fe5e8540, 0x00000252fbdd1e30, 0x00000252fbdd2300,
0x00000252fbdd3170, 0x00000252fbdd57f0, 0x00000252fbdd3b10, 0x00000252fbdd3fe0,
0x00000252fbdd4980, 0x00000252febb07f0, 0x00000252febaf4b0, 0x00000252febb0320,
0x00000252febb4680, 0x00000252febb0cc0
}

Java Threads: ( => current thread )
  0x00000252de93da20 JavaThread "main" [_thread_blocked, id=367820, stack(0x000000fd3eb00000,0x000000fd3ec00000)]
  0x00000252f9860f50 JavaThread "Reference Handler" daemon [_thread_blocked, id=341672, stack(0x000000fd3f200000,0x000000fd3f300000)]
  0x00000252f9861c50 JavaThread "Finalizer" daemon [_thread_blocked, id=366068, stack(0x000000fd3f300000,0x000000fd3f400000)]
  0x00000252f98b7270 JavaThread "Signal Dispatcher" daemon [_thread_blocked, id=358336, stack(0x000000fd3f400000,0x000000fd3f500000)]
  0x00000252f98b8a40 JavaThread "Attach Listener" daemon [_thread_blocked, id=366580, stack(0x000000fd3f500000,0x000000fd3f600000)]
  0x00000252f98b9200 JavaThread "Service Thread" daemon [_thread_blocked, id=362260, stack(0x000000fd3f600000,0x000000fd3f700000)]
  0x00000252f98dc530 JavaThread "Monitor Deflation Thread" daemon [_thread_blocked, id=365828, stack(0x000000fd3f700000,0x000000fd3f800000)]
  0x00000252f98dedf0 JavaThread "C2 CompilerThread0" daemon [_thread_blocked, id=367336, stack(0x000000fd3f800000,0x000000fd3f900000)]
  0x00000252f98e74b0 JavaThread "C1 CompilerThread0" daemon [_thread_blocked, id=366476, stack(0x000000fd3f900000,0x000000fd3fa00000)]
  0x00000252f98f9aa0 JavaThread "Sweeper thread" daemon [_thread_blocked, id=359648, stack(0x000000fd3fa00000,0x000000fd3fb00000)]
  0x00000252f99c6c20 JavaThread "Common-Cleaner" daemon [_thread_blocked, id=368224, stack(0x000000fd3fb00000,0x000000fd3fc00000)]
  0x00000252f9b67010 JavaThread "Notification Thread" daemon [_thread_blocked, id=368228, stack(0x000000fd3fc00000,0x000000fd3fd00000)]
  0x00000252fb4a6110 JavaThread "Daemon health stats" [_thread_blocked, id=348792, stack(0x000000fd40400000,0x000000fd40500000)]
  0x00000252fb610a20 JavaThread "Incoming local TCP Connector on port 53606" [_thread_in_native, id=364736, stack(0x000000fd40300000,0x000000fd40400000)]
  0x00000252fb613f90 JavaThread "Daemon periodic checks" [_thread_blocked, id=350092, stack(0x000000fd40600000,0x000000fd40700000)]
  0x00000252fb185f10 JavaThread "Daemon" [_thread_blocked, id=368596, stack(0x000000fd40700000,0x000000fd40800000)]
  0x00000252fb1863e0 JavaThread "Handler for socket connection from /127.0.0.1:53606 to /127.0.0.1:53607" [_thread_in_native, id=357944, stack(0x000000fd40800000,0x000000fd40900000)]
  0x00000252fb2a2040 JavaThread "Cancel handler" [_thread_blocked, id=366696, stack(0x000000fd40900000,0x000000fd40a00000)]
  0x00000252fb2a2510 JavaThread "Daemon worker" [_thread_blocked, id=366656, stack(0x000000fd40a00000,0x000000fd40b00000)]
  0x00000252fb33f9e0 JavaThread "Asynchronous log dispatcher for DefaultDaemonConnection: socket connection from /127.0.0.1:53606 to /127.0.0.1:53607" [_thread_blocked, id=367136, stack(0x000000fd40b00000,0x000000fd40c00000)]
  0x00000252fb675b80 JavaThread "Stdin handler" [_thread_blocked, id=367816, stack(0x000000fd40c00000,0x000000fd40d00000)]
  0x00000252fb677390 JavaThread "Daemon client event forwarder" [_thread_blocked, id=283804, stack(0x000000fd40d00000,0x000000fd40e00000)]
  0x00000252fb678200 JavaThread "Cache worker for journal cache (C:\Users\SSAFY\.gradle\caches\journal-1)" [_thread_blocked, id=368580, stack(0x000000fd40500000,0x000000fd40600000)]
  0x00000252fb6756b0 JavaThread "File lock request listener" [_thread_in_native, id=348016, stack(0x000000fd41400000,0x000000fd41500000)]
  0x00000252fb6769f0 JavaThread "Cache worker for file hash cache (C:\Users\SSAFY\.gradle\caches\8.3\fileHashes)" [_thread_blocked, id=368600, stack(0x000000fd41600000,0x000000fd41700000)]
  0x00000252fb676050 JavaThread "File watcher server" daemon [_thread_in_native, id=367364, stack(0x000000fd41700000,0x000000fd41800000)]
  0x00000252fb6786d0 JavaThread "File watcher consumer" daemon [_thread_blocked, id=367716, stack(0x000000fd41800000,0x000000fd41900000)]
  0x00000252fb676520 JavaThread "jar transforms" [_thread_blocked, id=353808, stack(0x000000fd41900000,0x000000fd41a00000)]
  0x00000252fb678ba0 JavaThread "jar transforms Thread 2" [_thread_blocked, id=367668, stack(0x000000fd41a00000,0x000000fd41b00000)]
  0x00000252fb677860 JavaThread "jar transforms Thread 3" [_thread_blocked, id=363812, stack(0x000000fd41b00000,0x000000fd41c00000)]
  0x00000252fb677d30 JavaThread "jar transforms Thread 4" [_thread_blocked, id=364132, stack(0x000000fd41c00000,0x000000fd41d00000)]
  0x00000252fe29c650 JavaThread "jar transforms Thread 5" [_thread_blocked, id=367804, stack(0x000000fd41d00000,0x000000fd41e00000)]
  0x00000252fe29e800 JavaThread "jar transforms Thread 6" [_thread_blocked, id=366228, stack(0x000000fd41e00000,0x000000fd41f00000)]
  0x00000252fe29d4c0 JavaThread "jar transforms Thread 7" [_thread_blocked, id=347736, stack(0x000000fd41f00000,0x000000fd42000000)]
  0x00000252fe29d990 JavaThread "jar transforms Thread 8" [_thread_blocked, id=363976, stack(0x000000fd42000000,0x000000fd42100000)]
  0x00000252fe29bcb0 JavaThread "jar transforms Thread 9" [_thread_blocked, id=368536, stack(0x000000fd42100000,0x000000fd42200000)]
  0x00000252fe29de60 JavaThread "jar transforms Thread 10" [_thread_blocked, id=362256, stack(0x000000fd42200000,0x000000fd42300000)]
  0x00000252fe29ecd0 JavaThread "jar transforms Thread 11" [_thread_blocked, id=364748, stack(0x000000fd42300000,0x000000fd42400000)]
  0x00000252fe29e330 JavaThread "jar transforms Thread 12" [_thread_blocked, id=329516, stack(0x000000fd42400000,0x000000fd42500000)]
  0x00000252fe29b310 JavaThread "Cache worker for checksums cache (C:\Users\SSAFY\Desktop\S09P31C206\frontend\buildSrc\.gradle\8.3\checksums)" [_thread_blocked, id=368328, stack(0x000000fd42500000,0x000000fd42600000)]
  0x00000252fe29b7e0 JavaThread "Cache worker for file hash cache (C:\Users\SSAFY\Desktop\S09P31C206\frontend\buildSrc\.gradle\8.3\fileHashes)" [_thread_blocked, id=344288, stack(0x000000fd42600000,0x000000fd42700000)]
  0x00000252fe29c180 JavaThread "Cache worker for cache directory md-supplier (C:\Users\SSAFY\.gradle\caches\8.3\md-supplier)" [_thread_blocked, id=365764, stack(0x000000fd42700000,0x000000fd42800000)]
  0x00000252fe29cff0 JavaThread "Cache worker for file content cache (C:\Users\SSAFY\.gradle\caches\8.3\fileContent)" [_thread_blocked, id=368316, stack(0x000000fd42800000,0x000000fd42900000)]
  0x00000252fbdcf2e0 JavaThread "Cache worker for cache directory md-rule (C:\Users\SSAFY\.gradle\caches\8.3\md-rule)" [_thread_blocked, id=367680, stack(0x000000fd41500000,0x000000fd41600000)]
  0x00000252fbdd4e50 JavaThread "Cache worker for execution history cache (C:\Users\SSAFY\.gradle\caches\8.3\executionHistory)" [_thread_blocked, id=367688, stack(0x000000fd42900000,0x000000fd42a00000)]
  0x00000252fbdd27d0 JavaThread "Cache worker for dependencies-accessors (C:\Users\SSAFY\Desktop\S09P31C206\frontend\buildSrc\.gradle\8.3\dependencies-accessors)" [_thread_blocked, id=367232, stack(0x000000fd42a00000,0x000000fd42b00000)]
  0x00000252fbdd0fc0 JavaThread "Cache worker for Build Output Cleanup Cache (C:\Users\SSAFY\Desktop\S09P31C206\frontend\buildSrc\.gradle\buildOutputCleanup)" [_thread_blocked, id=367236, stack(0x000000fd42b00000,0x000000fd42c00000)]
  0x00000252fbdd1490 JavaThread "Memory manager" [_thread_blocked, id=367996, stack(0x000000fd42c00000,0x000000fd42d00000)]
  0x00000252fbdd1960 JavaThread "Cache worker for kotlin-dsl (C:\Users\SSAFY\.gradle\caches\8.3\kotlin-dsl)" [_thread_blocked, id=367992, stack(0x000000fd42d00000,0x000000fd42e00000)]
  0x00000252fe5e8540 JavaThread "C2 CompilerThread1" daemon [_thread_blocked, id=366080, stack(0x000000fd42e00000,0x000000fd42f00000)]
  0x00000252fbdd1e30 JavaThread "Unconstrained build operations" [_thread_blocked, id=365944, stack(0x000000fd42f00000,0x000000fd43000000)]
  0x00000252fbdd2300 JavaThread "Unconstrained build operations Thread 2" [_thread_blocked, id=367708, stack(0x000000fd43000000,0x000000fd43100000)]
  0x00000252fbdd3170 JavaThread "Unconstrained build operations Thread 3" [_thread_blocked, id=352088, stack(0x000000fd43100000,0x000000fd43200000)]
  0x00000252fbdd57f0 JavaThread "Unconstrained build operations Thread 4" [_thread_blocked, id=368340, stack(0x000000fd43200000,0x000000fd43300000)]
  0x00000252fbdd3b10 JavaThread "Unconstrained build operations Thread 5" [_thread_blocked, id=366736, stack(0x000000fd43300000,0x000000fd43400000)]
  0x00000252fbdd3fe0 JavaThread "Unconstrained build operations Thread 6" [_thread_blocked, id=367988, stack(0x000000fd43400000,0x000000fd43500000)]
  0x00000252fbdd4980 JavaThread "Unconstrained build operations Thread 7" [_thread_blocked, id=367828, stack(0x000000fd43500000,0x000000fd43600000)]
  0x00000252febb07f0 JavaThread "Unconstrained build operations Thread 8" [_thread_blocked, id=368296, stack(0x000000fd43600000,0x000000fd43700000)]
  0x00000252febaf4b0 JavaThread "Unconstrained build operations Thread 9" [_thread_blocked, id=367168, stack(0x000000fd43700000,0x000000fd43800000)]
  0x00000252febb0320 JavaThread "Unconstrained build operations Thread 10" [_thread_blocked, id=354316, stack(0x000000fd43800000,0x000000fd43900000)]
  0x00000252febb4680 JavaThread "Unconstrained build operations Thread 11" [_thread_blocked, id=365712, stack(0x000000fd43900000,0x000000fd43a00000)]
  0x00000252febb0cc0 JavaThread "build event listener" [_thread_blocked, id=367572, stack(0x000000fd43a00000,0x000000fd43b00000)]

Other Threads:
=>0x00000252f985c410 VMThread "VM Thread" [stack: 0x000000fd3f100000,0x000000fd3f200000] [id=368384]
  0x00000252de93e9d0 WatcherThread [stack: 0x000000fd3fd00000,0x000000fd3fe00000] [id=361708]
  0x00000252de99acc0 GCTaskThread "GC Thread#0" [stack: 0x000000fd3ec00000,0x000000fd3ed00000] [id=368376]
  0x00000252fadc6840 GCTaskThread "GC Thread#1" [stack: 0x000000fd3fe00000,0x000000fd3ff00000] [id=365652]
  0x00000252facd9a00 GCTaskThread "GC Thread#2" [stack: 0x000000fd3ff00000,0x000000fd40000000] [id=365776]
  0x00000252facf43e0 GCTaskThread "GC Thread#3" [stack: 0x000000fd40000000,0x000000fd40100000] [id=368528]
  0x00000252facf4aa0 GCTaskThread "GC Thread#4" [stack: 0x000000fd40100000,0x000000fd40200000] [id=357456]
  0x00000252f9f46390 GCTaskThread "GC Thread#5" [stack: 0x000000fd40200000,0x000000fd40300000] [id=364676]
  0x00000252fbce0030 GCTaskThread "GC Thread#6" [stack: 0x000000fd40e00000,0x000000fd40f00000] [id=368568]
  0x00000252fbc6df10 GCTaskThread "GC Thread#7" [stack: 0x000000fd40f00000,0x000000fd41000000] [id=364772]
  0x00000252fbc5eca0 GCTaskThread "GC Thread#8" [stack: 0x000000fd41000000,0x000000fd41100000] [id=365704]
  0x00000252fb2e0230 GCTaskThread "GC Thread#9" [stack: 0x000000fd41100000,0x000000fd41200000] [id=365464]
  0x00000252de9abc00 ConcurrentGCThread "G1 Main Marker" [stack: 0x000000fd3ed00000,0x000000fd3ee00000] [id=368464]
  0x00000252de9acdb0 ConcurrentGCThread "G1 Conc#0" [stack: 0x000000fd3ee00000,0x000000fd3ef00000] [id=368372]
  0x00000252fb2e04e0 ConcurrentGCThread "G1 Conc#1" [stack: 0x000000fd41200000,0x000000fd41300000] [id=368552]
  0x00000252fb898b20 ConcurrentGCThread "G1 Conc#2" [stack: 0x000000fd41300000,0x000000fd41400000] [id=368560]
  0x00000252f8ace250 ConcurrentGCThread "G1 Refine#0" [stack: 0x000000fd3ef00000,0x000000fd3f000000] [id=367936]
  0x00000252f8ace690 ConcurrentGCThread "G1 Service" [stack: 0x000000fd3f000000,0x000000fd3f100000] [id=368364]

Threads with active compile tasks:
C2 CompilerThread0    16409 6899       4       jdk.internal.org.objectweb.asm.Frame::getAbstractTypeFromDescriptor (415 bytes)
C2 CompilerThread1    16409 6880       4       com.google.common.collect.ImmutableSet$RegularSetBuilderImpl::add (68 bytes)

VM state: at safepoint (normal execution)

VM Mutex/Monitor currently owned by a thread:  ([mutex/lock_event])
[0x00000252de939790] Threads_lock - owner thread: 0x00000252f985c410
[0x00000252de939160] Heap_lock - owner thread: 0x00000252de9abc00

Heap address: 0x0000000080000000, size: 2048 MB, Compressed Oops mode: 32-bit

CDS archive(s) not mapped
Compressed class space mapped at: 0x0000000100000000-0x0000000140000000, reserved size: 1073741824
Narrow klass base: 0x0000000000000000, Narrow klass shift: 3, Narrow klass range: 0x140000000

GC Precious Log:
 CPUs: 12 total, 12 available
 Memory: 16315M
 Large Page Support: Disabled
 NUMA Support: Disabled
 Compressed Oops: Enabled (32-bit)
 Heap Region Size: 1M
 Heap Min Capacity: 8M
 Heap Initial Capacity: 256M
 Heap Max Capacity: 2G
 Pre-touch: Disabled
 Parallel Workers: 10
 Concurrent Workers: 3
 Concurrent Refinement Workers: 10
 Periodic GC: Disabled

Heap:
 garbage-first heap   total 162816K, used 118229K [0x0000000080000000, 0x0000000100000000)
  region size 1024K, 8 young (8192K), 5 survivors (5120K)
 Metaspace       used 74094K, committed 74816K, reserved 1114112K
  class space    used 10292K, committed 10624K, reserved 1048576K

Heap Regions: E=young(eden), S=young(survivor), O=old, HS=humongous(starts), HC=humongous(continues), CS=collection set, F=free, OA=open archive, CA=closed archive, TAMS=top-at-mark-start (previous, next)
|   0|0x0000000080000000, 0x0000000080100000, 0x0000000080100000|100%|HS|  |TAMS 0x0000000080100000, 0x0000000080000000| Complete 
|   1|0x0000000080100000, 0x0000000080200000, 0x0000000080200000|100%|HC|  |TAMS 0x0000000080200000, 0x0000000080100000| Complete 
|   2|0x0000000080200000, 0x0000000080300000, 0x0000000080300000|100%|HC|  |TAMS 0x0000000080300000, 0x0000000080200000| Complete 
|   3|0x0000000080300000, 0x0000000080400000, 0x0000000080400000|100%|HC|  |TAMS 0x0000000080400000, 0x0000000080300000| Complete 
|   4|0x0000000080400000, 0x0000000080500000, 0x0000000080500000|100%| O|  |TAMS 0x0000000080500000, 0x0000000080400000| Untracked 
|   5|0x0000000080500000, 0x0000000080600000, 0x0000000080600000|100%| O|  |TAMS 0x0000000080600000, 0x0000000080500000| Untracked 
|   6|0x0000000080600000, 0x0000000080700000, 0x0000000080700000|100%| O|  |TAMS 0x0000000080700000, 0x0000000080600000| Untracked 
|   7|0x0000000080700000, 0x0000000080800000, 0x0000000080800000|100%| O|  |TAMS 0x0000000080800000, 0x0000000080700000| Updating 
|   8|0x0000000080800000, 0x0000000080900000, 0x0000000080900000|100%| O|  |TAMS 0x0000000080900000, 0x0000000080800000| Untracked 
|   9|0x0000000080900000, 0x0000000080a00000, 0x0000000080a00000|100%| O|  |TAMS 0x0000000080a00000, 0x0000000080900000| Untracked 
|  10|0x0000000080a00000, 0x0000000080abce00, 0x0000000080b00000| 73%| O|  |TAMS 0x0000000080abce00, 0x0000000080a00000| Updating 
|  11|0x0000000080b00000, 0x0000000080c00000, 0x0000000080c00000|100%| O|  |TAMS 0x0000000080c00000, 0x0000000080b00000| Untracked 
|  12|0x0000000080c00000, 0x0000000080d00000, 0x0000000080d00000|100%| O|  |TAMS 0x0000000080d00000, 0x0000000080c00000| Untracked 
|  13|0x0000000080d00000, 0x0000000080e00000, 0x0000000080e00000|100%| O|  |TAMS 0x0000000080e00000, 0x0000000080d00000| Untracked 
|  14|0x0000000080e00000, 0x0000000080f00000, 0x0000000080f00000|100%| O|  |TAMS 0x0000000080f00000, 0x0000000080e00000| Untracked 
|  15|0x0000000080f00000, 0x0000000081000000, 0x0000000081000000|100%| O|  |TAMS 0x0000000081000000, 0x0000000080f00000| Untracked 
|  16|0x0000000081000000, 0x0000000081100000, 0x0000000081100000|100%| O|  |TAMS 0x0000000081100000, 0x0000000081000000| Untracked 
|  17|0x0000000081100000, 0x0000000081200000, 0x0000000081200000|100%| O|  |TAMS 0x0000000081200000, 0x0000000081100000| Untracked 
|  18|0x0000000081200000, 0x0000000081300000, 0x0000000081300000|100%| O|  |TAMS 0x0000000081300000, 0x0000000081200000| Untracked 
|  19|0x0000000081300000, 0x0000000081400000, 0x0000000081400000|100%|HS|  |TAMS 0x0000000081400000, 0x0000000081300000| Complete 
|  20|0x0000000081400000, 0x0000000081500000, 0x0000000081500000|100%|HC|  |TAMS 0x0000000081500000, 0x0000000081400000| Complete 
|  21|0x0000000081500000, 0x0000000081600000, 0x0000000081600000|100%|HS|  |TAMS 0x0000000081600000, 0x0000000081500000| Complete 
|  22|0x0000000081600000, 0x0000000081700000, 0x0000000081700000|100%|HC|  |TAMS 0x0000000081700000, 0x0000000081600000| Complete 
|  23|0x0000000081700000, 0x0000000081800000, 0x0000000081800000|100%|HC|  |TAMS 0x0000000081800000, 0x0000000081700000| Complete 
|  24|0x0000000081800000, 0x0000000081900000, 0x0000000081900000|100%|HS|  |TAMS 0x0000000081900000, 0x0000000081800000| Complete 
|  25|0x0000000081900000, 0x0000000081a00000, 0x0000000081a00000|100%|HC|  |TAMS 0x0000000081a00000, 0x0000000081900000| Complete 
|  26|0x0000000081a00000, 0x0000000081b00000, 0x0000000081b00000|100%|HC|  |TAMS 0x0000000081b00000, 0x0000000081a00000| Complete 
|  27|0x0000000081b00000, 0x0000000081c00000, 0x0000000081c00000|100%| O|  |TAMS 0x0000000081c00000, 0x0000000081b00000| Untracked 
|  28|0x0000000081c00000, 0x0000000081d00000, 0x0000000081d00000|100%| O|  |TAMS 0x0000000081d00000, 0x0000000081c00000| Untracked 
|  29|0x0000000081d00000, 0x0000000081e00000, 0x0000000081e00000|100%| O|  |TAMS 0x0000000081e00000, 0x0000000081d00000| Updating 
|  30|0x0000000081e00000, 0x0000000081f00000, 0x0000000081f00000|100%|HS|  |TAMS 0x0000000081f00000, 0x0000000081e00000| Complete 
|  31|0x0000000081f00000, 0x0000000082000000, 0x0000000082000000|100%|HC|  |TAMS 0x0000000082000000, 0x0000000081f00000| Complete 
|  32|0x0000000082000000, 0x0000000082100000, 0x0000000082100000|100%|HC|  |TAMS 0x0000000082100000, 0x0000000082000000| Complete 
|  33|0x0000000082100000, 0x0000000082200000, 0x0000000082200000|100%|HC|  |TAMS 0x0000000082200000, 0x0000000082100000| Complete 
|  34|0x0000000082200000, 0x0000000082300000, 0x0000000082300000|100%|HC|  |TAMS 0x0000000082300000, 0x0000000082200000| Complete 
|  35|0x0000000082300000, 0x0000000082400000, 0x0000000082400000|100%|HC|  |TAMS 0x0000000082400000, 0x0000000082300000| Complete 
|  36|0x0000000082400000, 0x0000000082500000, 0x0000000082500000|100%|HC|  |TAMS 0x0000000082500000, 0x0000000082400000| Complete 
|  37|0x0000000082500000, 0x0000000082600000, 0x0000000082600000|100%|HC|  |TAMS 0x0000000082600000, 0x0000000082500000| Complete 
|  38|0x0000000082600000, 0x0000000082700000, 0x0000000082700000|100%|HC|  |TAMS 0x0000000082700000, 0x0000000082600000| Complete 
|  39|0x0000000082700000, 0x0000000082800000, 0x0000000082800000|100%|HC|  |TAMS 0x0000000082800000, 0x0000000082700000| Complete 
|  40|0x0000000082800000, 0x0000000082900000, 0x0000000082900000|100%|HC|  |TAMS 0x0000000082900000, 0x0000000082800000| Complete 
|  41|0x0000000082900000, 0x0000000082a00000, 0x0000000082a00000|100%|HC|  |TAMS 0x0000000082a00000, 0x0000000082900000| Complete 
|  42|0x0000000082a00000, 0x0000000082b00000, 0x0000000082b00000|100%| O|  |TAMS 0x0000000082b00000, 0x0000000082a00000| Untracked 
|  43|0x0000000082b00000, 0x0000000082c00000, 0x0000000082c00000|100%| O|  |TAMS 0x0000000082c00000, 0x0000000082b00000| Untracked 
|  44|0x0000000082c00000, 0x0000000082d00000, 0x0000000082d00000|100%| O|  |TAMS 0x0000000082d00000, 0x0000000082c00000| Updating 
|  45|0x0000000082d00000, 0x0000000082e00000, 0x0000000082e00000|100%|HS|  |TAMS 0x0000000082e00000, 0x0000000082d00000| Complete 
|  46|0x0000000082e00000, 0x0000000082f00000, 0x0000000082f00000|100%|HC|  |TAMS 0x0000000082f00000, 0x0000000082e00000| Complete 
|  47|0x0000000082f00000, 0x0000000083000000, 0x0000000083000000|100%| O|  |TAMS 0x0000000083000000, 0x0000000082f00000| Updating 
|  48|0x0000000083000000, 0x0000000083100000, 0x0000000083100000|100%| O|  |TAMS 0x0000000083100000, 0x0000000083000000| Untracked 
|  49|0x0000000083100000, 0x0000000083200000, 0x0000000083200000|100%| O|  |TAMS 0x0000000083200000, 0x0000000083100000| Untracked 
|  50|0x0000000083200000, 0x0000000083300000, 0x0000000083300000|100%| O|  |TAMS 0x0000000083300000, 0x0000000083200000| Untracked 
|  51|0x0000000083300000, 0x0000000083400000, 0x0000000083400000|100%| O|  |TAMS 0x0000000083400000, 0x0000000083300000| Untracked 
|  52|0x0000000083400000, 0x0000000083500000, 0x0000000083500000|100%| O|  |TAMS 0x0000000083500000, 0x0000000083400000| Untracked 
|  53|0x0000000083500000, 0x0000000083600000, 0x0000000083600000|100%| O|  |TAMS 0x0000000083600000, 0x0000000083500000| Untracked 
|  54|0x0000000083600000, 0x0000000083700000, 0x0000000083700000|100%| O|  |TAMS 0x0000000083700000, 0x0000000083600000| Untracked 
|  55|0x0000000083700000, 0x0000000083800000, 0x0000000083800000|100%| O|  |TAMS 0x0000000083800000, 0x0000000083700000| Updating 
|  56|0x0000000083800000, 0x0000000083900000, 0x0000000083900000|100%| O|  |TAMS 0x0000000083900000, 0x0000000083800000| Untracked 
|  57|0x0000000083900000, 0x0000000083a00000, 0x0000000083a00000|100%|HS|  |TAMS 0x0000000083a00000, 0x0000000083900000| Complete 
|  58|0x0000000083a00000, 0x0000000083b00000, 0x0000000083b00000|100%|HC|  |TAMS 0x0000000083b00000, 0x0000000083a00000| Complete 
|  59|0x0000000083b00000, 0x0000000083c00000, 0x0000000083c00000|100%|HC|  |TAMS 0x0000000083c00000, 0x0000000083b00000| Complete 
|  60|0x0000000083c00000, 0x0000000083d00000, 0x0000000083d00000|100%| O|  |TAMS 0x0000000083d00000, 0x0000000083c00000| Untracked 
|  61|0x0000000083d00000, 0x0000000083e00000, 0x0000000083e00000|100%| O|  |TAMS 0x0000000083e00000, 0x0000000083d00000| Untracked 
|  62|0x0000000083e00000, 0x0000000083f00000, 0x0000000083f00000|100%| O|  |TAMS 0x0000000083f00000, 0x0000000083e00000| Untracked 
|  63|0x0000000083f00000, 0x0000000084000000, 0x0000000084000000|100%| O|  |TAMS 0x0000000084000000, 0x0000000083f00000| Updating 
|  64|0x0000000084000000, 0x0000000084100000, 0x0000000084100000|100%| O|  |TAMS 0x0000000084100000, 0x0000000084000000| Untracked 
|  65|0x0000000084100000, 0x0000000084200000, 0x0000000084200000|100%| O|  |TAMS 0x0000000084200000, 0x0000000084100000| Untracked 
|  66|0x0000000084200000, 0x0000000084300000, 0x0000000084300000|100%| O|  |TAMS 0x0000000084300000, 0x0000000084200000| Untracked 
|  67|0x0000000084300000, 0x0000000084400000, 0x0000000084400000|100%| O|  |TAMS 0x0000000084400000, 0x0000000084300000| Untracked 
|  68|0x0000000084400000, 0x0000000084500000, 0x0000000084500000|100%| O|  |TAMS 0x0000000084500000, 0x0000000084400000| Untracked 
|  69|0x0000000084500000, 0x0000000084600000, 0x0000000084600000|100%| O|  |TAMS 0x0000000084600000, 0x0000000084500000| Untracked 
|  70|0x0000000084600000, 0x0000000084700000, 0x0000000084700000|100%|HS|  |TAMS 0x0000000084700000, 0x0000000084600000| Complete 
|  71|0x0000000084700000, 0x0000000084800000, 0x0000000084800000|100%|HC|  |TAMS 0x0000000084800000, 0x0000000084700000| Complete 
|  72|0x0000000084800000, 0x0000000084900000, 0x0000000084900000|100%|HS|  |TAMS 0x0000000084900000, 0x0000000084800000| Complete 
|  73|0x0000000084900000, 0x0000000084a00000, 0x0000000084a00000|100%|HC|  |TAMS 0x0000000084a00000, 0x0000000084900000| Complete 
|  74|0x0000000084a00000, 0x0000000084b00000, 0x0000000084b00000|100%| O|  |TAMS 0x0000000084b00000, 0x0000000084a00000| Updating 
|  75|0x0000000084b00000, 0x0000000084c00000, 0x0000000084c00000|100%| O|  |TAMS 0x0000000084c00000, 0x0000000084b00000| Updating 
|  76|0x0000000084c00000, 0x0000000084d00000, 0x0000000084d00000|100%| O|  |TAMS 0x0000000084d00000, 0x0000000084c00000| Updating 
|  77|0x0000000084d00000, 0x0000000084e00000, 0x0000000084e00000|100%|HS|  |TAMS 0x0000000084e00000, 0x0000000084d00000| Complete 
|  78|0x0000000084e00000, 0x0000000084f00000, 0x0000000084f00000|100%|HC|  |TAMS 0x0000000084f00000, 0x0000000084e00000| Complete 
|  79|0x0000000084f00000, 0x0000000085000000, 0x0000000085000000|100%|HC|  |TAMS 0x0000000085000000, 0x0000000084f00000| Complete 
|  80|0x0000000085000000, 0x0000000085100000, 0x0000000085100000|100%|HC|  |TAMS 0x0000000085100000, 0x0000000085000000| Complete 
|  81|0x0000000085100000, 0x0000000085200000, 0x0000000085200000|100%|HS|  |TAMS 0x0000000085200000, 0x0000000085100000| Complete 
|  82|0x0000000085200000, 0x0000000085300000, 0x0000000085300000|100%|HC|  |TAMS 0x0000000085300000, 0x0000000085200000| Complete 
|  83|0x0000000085300000, 0x0000000085400000, 0x0000000085400000|100%|HC|  |TAMS 0x0000000085400000, 0x0000000085300000| Complete 
|  84|0x0000000085400000, 0x0000000085500000, 0x0000000085500000|100%|HC|  |TAMS 0x0000000085500000, 0x0000000085400000| Complete 
|  85|0x0000000085500000, 0x0000000085600000, 0x0000000085600000|100%| O|  |TAMS 0x0000000085600000, 0x0000000085500000| Untracked 
|  86|0x0000000085600000, 0x0000000085700000, 0x0000000085700000|100%| O|  |TAMS 0x0000000085700000, 0x0000000085600000| Untracked 
|  87|0x0000000085700000, 0x0000000085800000, 0x0000000085800000|100%| O|  |TAMS 0x0000000085800000, 0x0000000085700000| Untracked 
|  88|0x0000000085800000, 0x0000000085900000, 0x0000000085900000|100%| O|  |TAMS 0x0000000085825e00, 0x0000000085800000| Untracked 
|  89|0x0000000085900000, 0x00000000859d7400, 0x0000000085a00000| 84%| O|  |TAMS 0x0000000085900000, 0x0000000085900000| Updating 
|  90|0x0000000085a00000, 0x0000000085b00000, 0x0000000085b00000|100%|HS|  |TAMS 0x0000000085a00000, 0x0000000085a00000| Complete 
|  91|0x0000000085b00000, 0x0000000085c00000, 0x0000000085c00000|100%|HC|  |TAMS 0x0000000085b00000, 0x0000000085b00000| Complete 
|  92|0x0000000085c00000, 0x0000000085d00000, 0x0000000085d00000|100%|HS|  |TAMS 0x0000000085c00000, 0x0000000085c00000| Complete 
|  93|0x0000000085d00000, 0x0000000085e00000, 0x0000000085e00000|100%|HC|  |TAMS 0x0000000085d00000, 0x0000000085d00000| Complete 
|  94|0x0000000085e00000, 0x0000000085f00000, 0x0000000085f00000|100%|HC|  |TAMS 0x0000000085e00000, 0x0000000085e00000| Complete 
|  95|0x0000000085f00000, 0x0000000086000000, 0x0000000086000000|100%|HS|  |TAMS 0x0000000085f00000, 0x0000000085f00000| Complete 
|  96|0x0000000086000000, 0x0000000086100000, 0x0000000086100000|100%|HC|  |TAMS 0x0000000086000000, 0x0000000086000000| Complete 
|  97|0x0000000086100000, 0x0000000086200000, 0x0000000086200000|100%|HC|  |TAMS 0x0000000086100000, 0x0000000086100000| Complete 
|  98|0x0000000086200000, 0x0000000086300000, 0x0000000086300000|100%|HS|  |TAMS 0x0000000086200000, 0x0000000086200000| Complete 
|  99|0x0000000086300000, 0x0000000086400000, 0x0000000086400000|100%|HC|  |TAMS 0x0000000086300000, 0x0000000086300000| Complete 
| 100|0x0000000086400000, 0x0000000086500000, 0x0000000086500000|100%|HC|  |TAMS 0x0000000086400000, 0x0000000086400000| Complete 
| 101|0x0000000086500000, 0x0000000086600000, 0x0000000086600000|100%|HC|  |TAMS 0x0000000086500000, 0x0000000086500000| Complete 
| 102|0x0000000086600000, 0x0000000086700000, 0x0000000086700000|100%|HC|  |TAMS 0x0000000086600000, 0x0000000086600000| Complete 
| 103|0x0000000086700000, 0x0000000086800000, 0x0000000086800000|100%|HC|  |TAMS 0x0000000086700000, 0x0000000086700000| Complete 
| 104|0x0000000086800000, 0x0000000086900000, 0x0000000086900000|100%|HC|  |TAMS 0x0000000086800000, 0x0000000086800000| Complete 
| 105|0x0000000086900000, 0x0000000086a00000, 0x0000000086a00000|100%|HC|  |TAMS 0x0000000086900000, 0x0000000086900000| Complete 
| 106|0x0000000086a00000, 0x0000000086b00000, 0x0000000086b00000|100%|HC|  |TAMS 0x0000000086a00000, 0x0000000086a00000| Complete 
| 107|0x0000000086b00000, 0x0000000086c00000, 0x0000000086c00000|100%|HC|  |TAMS 0x0000000086b00000, 0x0000000086b00000| Complete 
| 108|0x0000000086c00000, 0x0000000086d00000, 0x0000000086d00000|100%|HC|  |TAMS 0x0000000086c00000, 0x0000000086c00000| Complete 
| 109|0x0000000086d00000, 0x0000000086e00000, 0x0000000086e00000|100%|HC|  |TAMS 0x0000000086d00000, 0x0000000086d00000| Complete 
| 110|0x0000000086e00000, 0x0000000086e00000, 0x0000000086f00000|  0%| F|  |TAMS 0x0000000086e00000, 0x0000000086e00000| Untracked 
| 111|0x0000000086f00000, 0x0000000086f00000, 0x0000000087000000|  0%| F|  |TAMS 0x0000000086f00000, 0x0000000086f00000| Untracked 
| 112|0x0000000087000000, 0x0000000087000000, 0x0000000087100000|  0%| F|  |TAMS 0x0000000087000000, 0x0000000087000000| Untracked 
| 113|0x0000000087100000, 0x0000000087100000, 0x0000000087200000|  0%| F|  |TAMS 0x0000000087100000, 0x0000000087100000| Untracked 
| 114|0x0000000087200000, 0x0000000087200000, 0x0000000087300000|  0%| F|  |TAMS 0x0000000087200000, 0x0000000087200000| Untracked 
| 115|0x0000000087300000, 0x0000000087300000, 0x0000000087400000|  0%| F|  |TAMS 0x0000000087300000, 0x0000000087300000| Untracked 
| 116|0x0000000087400000, 0x0000000087400000, 0x0000000087500000|  0%| F|  |TAMS 0x0000000087400000, 0x0000000087400000| Untracked 
| 117|0x0000000087500000, 0x0000000087500000, 0x0000000087600000|  0%| F|  |TAMS 0x0000000087500000, 0x0000000087500000| Untracked 
| 118|0x0000000087600000, 0x00000000876e1400, 0x0000000087700000| 87%| S|CS|TAMS 0x0000000087600000, 0x0000000087600000| Complete 
| 119|0x0000000087700000, 0x0000000087800000, 0x0000000087800000|100%| S|CS|TAMS 0x0000000087700000, 0x0000000087700000| Complete 
| 120|0x0000000087800000, 0x0000000087800000, 0x0000000087900000|  0%| F|  |TAMS 0x0000000087800000, 0x0000000087800000| Untracked 
| 121|0x0000000087900000, 0x0000000087900000, 0x0000000087a00000|  0%| F|  |TAMS 0x0000000087900000, 0x0000000087900000| Untracked 
| 122|0x0000000087a00000, 0x0000000087a00000, 0x0000000087b00000|  0%| F|  |TAMS 0x0000000087a00000, 0x0000000087a00000| Untracked 
| 123|0x0000000087b00000, 0x0000000087c00000, 0x0000000087c00000|100%| S|CS|TAMS 0x0000000087b00000, 0x0000000087b00000| Complete 
| 124|0x0000000087c00000, 0x0000000087d00000, 0x0000000087d00000|100%| S|CS|TAMS 0x0000000087c00000, 0x0000000087c00000| Complete 
| 125|0x0000000087d00000, 0x0000000087e00000, 0x0000000087e00000|100%| S|CS|TAMS 0x0000000087d00000, 0x0000000087d00000| Complete 
| 126|0x0000000087e00000, 0x0000000087e00000, 0x0000000087f00000|  0%| F|  |TAMS 0x0000000087e00000, 0x0000000087e00000| Untracked 
| 127|0x0000000087f00000, 0x0000000087f00000, 0x0000000088000000|  0%| F|  |TAMS 0x0000000087f00000, 0x0000000087f00000| Untracked 
| 128|0x0000000088000000, 0x0000000088000000, 0x0000000088100000|  0%| F|  |TAMS 0x0000000088000000, 0x0000000088000000| Untracked 
| 129|0x0000000088100000, 0x0000000088100000, 0x0000000088200000|  0%| F|  |TAMS 0x0000000088100000, 0x0000000088100000| Untracked 
| 130|0x0000000088200000, 0x0000000088200000, 0x0000000088300000|  0%| F|  |TAMS 0x0000000088200000, 0x0000000088200000| Untracked 
| 131|0x0000000088300000, 0x0000000088300000, 0x0000000088400000|  0%| F|  |TAMS 0x0000000088300000, 0x0000000088300000| Untracked 
| 132|0x0000000088400000, 0x0000000088400000, 0x0000000088500000|  0%| F|  |TAMS 0x0000000088400000, 0x0000000088400000| Untracked 
| 133|0x0000000088500000, 0x0000000088500000, 0x0000000088600000|  0%| F|  |TAMS 0x0000000088500000, 0x0000000088500000| Untracked 
| 134|0x0000000088600000, 0x0000000088600000, 0x0000000088700000|  0%| F|  |TAMS 0x0000000088600000, 0x0000000088600000| Untracked 
| 135|0x0000000088700000, 0x0000000088700000, 0x0000000088800000|  0%| F|  |TAMS 0x0000000088700000, 0x0000000088700000| Untracked 
| 136|0x0000000088800000, 0x0000000088800000, 0x0000000088900000|  0%| F|  |TAMS 0x0000000088800000, 0x0000000088800000| Untracked 
| 137|0x0000000088900000, 0x0000000088900000, 0x0000000088a00000|  0%| F|  |TAMS 0x0000000088900000, 0x0000000088900000| Untracked 
| 138|0x0000000088a00000, 0x0000000088a00000, 0x0000000088b00000|  0%| F|  |TAMS 0x0000000088a00000, 0x0000000088a00000| Untracked 
| 139|0x0000000088b00000, 0x0000000088b00000, 0x0000000088c00000|  0%| F|  |TAMS 0x0000000088b00000, 0x0000000088b00000| Untracked 
| 140|0x0000000088c00000, 0x0000000088c00000, 0x0000000088d00000|  0%| F|  |TAMS 0x0000000088c00000, 0x0000000088c00000| Untracked 
| 141|0x0000000088d00000, 0x0000000088d00000, 0x0000000088e00000|  0%| F|  |TAMS 0x0000000088d00000, 0x0000000088d00000| Untracked 
| 142|0x0000000088e00000, 0x0000000088e00000, 0x0000000088f00000|  0%| F|  |TAMS 0x0000000088e00000, 0x0000000088e00000| Untracked 
| 143|0x0000000088f00000, 0x0000000088f00000, 0x0000000089000000|  0%| F|  |TAMS 0x0000000088f00000, 0x0000000088f00000| Untracked 
| 144|0x0000000089000000, 0x0000000089000000, 0x0000000089100000|  0%| F|  |TAMS 0x0000000089000000, 0x0000000089000000| Untracked 
| 145|0x0000000089100000, 0x0000000089100000, 0x0000000089200000|  0%| F|  |TAMS 0x0000000089100000, 0x0000000089100000| Untracked 
| 146|0x0000000089200000, 0x0000000089200000, 0x0000000089300000|  0%| F|  |TAMS 0x0000000089200000, 0x0000000089200000| Untracked 
| 147|0x0000000089300000, 0x0000000089300000, 0x0000000089400000|  0%| F|  |TAMS 0x0000000089300000, 0x0000000089300000| Untracked 
| 148|0x0000000089400000, 0x0000000089400000, 0x0000000089500000|  0%| F|  |TAMS 0x0000000089400000, 0x0000000089400000| Untracked 
| 149|0x0000000089500000, 0x0000000089500000, 0x0000000089600000|  0%| F|  |TAMS 0x0000000089500000, 0x0000000089500000| Untracked 
| 200|0x000000008c800000, 0x000000008c800000, 0x000000008c900000|  0%| F|  |TAMS 0x000000008c800000, 0x000000008c800000| Untracked 
| 201|0x000000008c900000, 0x000000008c900000, 0x000000008ca00000|  0%| F|  |TAMS 0x000000008c900000, 0x000000008c900000| Untracked 
| 202|0x000000008ca00000, 0x000000008ca00000, 0x000000008cb00000|  0%| F|  |TAMS 0x000000008ca00000, 0x000000008ca00000| Untracked 
| 203|0x000000008cb00000, 0x000000008cb00000, 0x000000008cc00000|  0%| F|  |TAMS 0x000000008cb00000, 0x000000008cb00000| Untracked 
| 204|0x000000008cc00000, 0x000000008cc00000, 0x000000008cd00000|  0%| F|  |TAMS 0x000000008cc00000, 0x000000008cc00000| Untracked 
| 205|0x000000008cd00000, 0x000000008cd00000, 0x000000008ce00000|  0%| F|  |TAMS 0x000000008cd00000, 0x000000008cd00000| Untracked 
| 206|0x000000008ce00000, 0x000000008ce7a370, 0x000000008cf00000| 47%| E|  |TAMS 0x000000008ce00000, 0x000000008ce00000| Complete 
| 207|0x000000008cf00000, 0x000000008cfb7eb8, 0x000000008d000000| 71%| E|  |TAMS 0x000000008cf00000, 0x000000008cf00000| Complete 
| 255|0x000000008ff00000, 0x0000000090000000, 0x0000000090000000|100%| E|CS|TAMS 0x000000008ff00000, 0x000000008ff00000| Complete 

Card table byte_map: [0x00000252f1770000,0x00000252f1b70000] _byte_map_base: 0x00000252f1370000

Marking Bits (Prev, Next): (CMBitMap*) 0x00000252de99b2d0, (CMBitMap*) 0x00000252de99b310
 Prev Bits: [0x00000252f1f70000, 0x00000252f3f70000)
 Next Bits: [0x00000252f3f70000, 0x00000252f5f70000)

Polling page: 0x00000252dc5e0000

Metaspace:

Usage:
  Non-class:     62.31 MB used.
      Class:     10.05 MB used.
       Both:     72.36 MB used.

Virtual space:
  Non-class space:       64.00 MB reserved,      62.69 MB ( 98%) committed,  8 nodes.
      Class space:        1.00 GB reserved,      10.38 MB (  1%) committed,  1 nodes.
             Both:        1.06 GB reserved,      73.06 MB (  7%) committed. 

Chunk freelists:
   Non-Class:  816.00 KB
       Class:  1.53 MB
        Both:  2.33 MB

MaxMetaspaceSize: unlimited
CompressedClassSpaceSize: 1.00 GB
Initial GC threshold: 21.00 MB
Current GC threshold: 113.75 MB
CDS: off
MetaspaceReclaimPolicy: balanced
 - commit_granule_bytes: 65536.
 - commit_granule_words: 8192.
 - virtual_space_node_default_size: 1048576.
 - enlarge_chunks_in_place: 1.
 - new_chunks_are_fully_committed: 0.
 - uncommit_free_chunks: 1.
 - use_allocation_guard: 0.
 - handle_deallocations: 1.


Internal statistics:

num_allocs_failed_limit: 3.
num_arena_births: 830.
num_arena_deaths: 0.
num_vsnodes_births: 9.
num_vsnodes_deaths: 0.
num_space_committed: 1169.
num_space_uncommitted: 0.
num_chunks_returned_to_freelist: 3.
num_chunks_taken_from_freelist: 3499.
num_chunk_merges: 0.
num_chunk_splits: 2298.
num_chunks_enlarged: 1519.
num_purges: 0.
num_inconsistent_stats: 0.

CodeHeap 'non-profiled nmethods': size=120000Kb used=3123Kb max_used=3518Kb free=116876Kb
 bounds [0x00000252e98e0000, 0x00000252e9c50000, 0x00000252f0e10000]
CodeHeap 'profiled nmethods': size=120000Kb used=11653Kb max_used=12234Kb free=108346Kb
 bounds [0x00000252e1e10000, 0x00000252e2a20000, 0x00000252e9340000]
CodeHeap 'non-nmethods': size=5760Kb used=2367Kb max_used=2451Kb free=3392Kb
 bounds [0x00000252e9340000, 0x00000252e95c0000, 0x00000252e98e0000]
 total_blobs=6993 nmethods=6095 adapters=810
 compilation: enabled
              stopped_count=0, restarted_count=0
 full_count=0

Compilation events (20 events):
Event: 16.239 Thread 0x00000252f98e74b0 6952       3       com.google.common.collect.MapMakerInternalMap$StrongKeyWeakValueEntry$Helper::copy (17 bytes)
Event: 16.240 Thread 0x00000252f98e74b0 nmethod 6952 0x00000252e1ebd310 code [0x00000252e1ebd500, 0x00000252e1ebdbd8]
Event: 16.240 Thread 0x00000252f98e74b0 6954       3       com.google.common.collect.MapMakerInternalMap$Segment::copyEntry (19 bytes)
Event: 16.240 Thread 0x00000252f98e74b0 nmethod 6954 0x00000252e1ebcd90 code [0x00000252e1ebcf40, 0x00000252e1ebd1f8]
Event: 16.240 Thread 0x00000252f98e74b0 6953       3       com.google.common.collect.MapMakerInternalMap$StrongKeyWeakValueEntry$Helper::copy (19 bytes)
Event: 16.240 Thread 0x00000252f98e74b0 nmethod 6953 0x00000252e1ebc610 code [0x00000252e1ebc7e0, 0x00000252e1ebcbb8]
Event: 16.268 Thread 0x00000252f98dedf0 nmethod 6860 0x00000252e9a0e510 code [0x00000252e9a0f6c0, 0x00000252e9a176e8]
Event: 16.268 Thread 0x00000252f98dedf0 6936       4       java.net.URI$Parser::scan (76 bytes)
Event: 16.274 Thread 0x00000252f98dedf0 nmethod 6936 0x00000252e9a0de10 code [0x00000252e9a0dfc0, 0x00000252e9a0e258]
Event: 16.274 Thread 0x00000252f98dedf0 6935   !   4       sun.nio.fs.WindowsPath::initOffsets (153 bytes)
Event: 16.325 Thread 0x00000252f98dedf0 nmethod 6935 0x00000252e9939810 code [0x00000252e9939a20, 0x00000252e993b328]
Event: 16.326 Thread 0x00000252f98dedf0 6925       4       java.lang.Integer::stringSize (47 bytes)
Event: 16.328 Thread 0x00000252f98dedf0 nmethod 6925 0x00000252e9967690 code [0x00000252e9967800, 0x00000252e99678f8]
Event: 16.328 Thread 0x00000252f98dedf0 6926       4       java.lang.Integer::getChars (131 bytes)
Event: 16.334 Thread 0x00000252f98e74b0 6955       3       java.nio.charset.CharsetDecoder::<init> (10 bytes)
Event: 16.335 Thread 0x00000252f98e74b0 nmethod 6955 0x00000252e2052c90 code [0x00000252e2052e40, 0x00000252e2052f88]
Event: 16.340 Thread 0x00000252f98dedf0 nmethod 6926 0x00000252e9a0d510 code [0x00000252e9a0d6a0, 0x00000252e9a0db98]
Event: 16.340 Thread 0x00000252f98dedf0 6910       4       jdk.internal.org.objectweb.asm.Frame::getLocal (46 bytes)
Event: 16.342 Thread 0x00000252f98dedf0 nmethod 6910 0x00000252e9a0d210 code [0x00000252e9a0d380, 0x00000252e9a0d478]
Event: 16.342 Thread 0x00000252f98dedf0 6899       4       jdk.internal.org.objectweb.asm.Frame::getAbstractTypeFromDescriptor (415 bytes)

GC Heap History (20 events):
Event: 11.946 GC heap before
{Heap before GC invocations=26 (full 0):
 garbage-first heap   total 116736K, used 91790K [0x0000000080000000, 0x0000000100000000)
  region size 1024K, 27 young (27648K), 4 survivors (4096K)
 Metaspace       used 56040K, committed 56640K, reserved 1097728K
  class space    used 7517K, committed 7808K, reserved 1048576K
}
Event: 11.952 GC heap after
{Heap after GC invocations=27 (full 0):
 garbage-first heap   total 116736K, used 69454K [0x0000000080000000, 0x0000000100000000)
  region size 1024K, 4 young (4096K), 4 survivors (4096K)
 Metaspace       used 56040K, committed 56640K, reserved 1097728K
  class space    used 7517K, committed 7808K, reserved 1048576K
}
Event: 12.511 GC heap before
{Heap before GC invocations=27 (full 0):
 garbage-first heap   total 116736K, used 93006K [0x0000000080000000, 0x0000000100000000)
  region size 1024K, 27 young (27648K), 4 survivors (4096K)
 Metaspace       used 58336K, committed 59008K, reserved 1105920K
  class space    used 7941K, committed 8256K, reserved 1048576K
}
Event: 12.515 GC heap after
{Heap after GC invocations=28 (full 0):
 garbage-first heap   total 116736K, used 70608K [0x0000000080000000, 0x0000000100000000)
  region size 1024K, 3 young (3072K), 3 survivors (3072K)
 Metaspace       used 58336K, committed 59008K, reserved 1105920K
  class space    used 7941K, committed 8256K, reserved 1048576K
}
Event: 12.924 GC heap before
{Heap before GC invocations=29 (full 0):
 garbage-first heap   total 122880K, used 95184K [0x0000000080000000, 0x0000000100000000)
  region size 1024K, 27 young (27648K), 3 survivors (3072K)
 Metaspace       used 59926K, committed 60608K, reserved 1105920K
  class space    used 8231K, committed 8512K, reserved 1048576K
}
Event: 12.927 GC heap after
{Heap after GC invocations=30 (full 0):
 garbage-first heap   total 122880K, used 71729K [0x0000000080000000, 0x0000000100000000)
  region size 1024K, 3 young (3072K), 3 survivors (3072K)
 Metaspace       used 59926K, committed 60608K, reserved 1105920K
  class space    used 8231K, committed 8512K, reserved 1048576K
}
Event: 13.418 GC heap before
{Heap before GC invocations=30 (full 0):
 garbage-first heap   total 122880K, used 91185K [0x0000000080000000, 0x0000000100000000)
  region size 1024K, 23 young (23552K), 3 survivors (3072K)
 Metaspace       used 61359K, committed 62016K, reserved 1105920K
  class space    used 8449K, committed 8768K, reserved 1048576K
}
Event: 13.423 GC heap after
{Heap after GC invocations=31 (full 0):
 garbage-first heap   total 122880K, used 74455K [0x0000000080000000, 0x0000000100000000)
  region size 1024K, 4 young (4096K), 4 survivors (4096K)
 Metaspace       used 61359K, committed 62016K, reserved 1105920K
  class space    used 8449K, committed 8768K, reserved 1048576K
}
Event: 13.700 GC heap before
{Heap before GC invocations=32 (full 0):
 garbage-first heap   total 135168K, used 83671K [0x0000000080000000, 0x0000000100000000)
  region size 1024K, 11 young (11264K), 4 survivors (4096K)
 Metaspace       used 61869K, committed 62528K, reserved 1105920K
  class space    used 8537K, committed 8832K, reserved 1048576K
}
Event: 13.705 GC heap after
{Heap after GC invocations=33 (full 0):
 garbage-first heap   total 162816K, used 79934K [0x0000000080000000, 0x0000000100000000)
  region size 1024K, 2 young (2048K), 2 survivors (2048K)
 Metaspace       used 61869K, committed 62528K, reserved 1105920K
  class space    used 8537K, committed 8832K, reserved 1048576K
}
Event: 13.964 GC heap before
{Heap before GC invocations=34 (full 0):
 garbage-first heap   total 162816K, used 93246K [0x0000000080000000, 0x0000000100000000)
  region size 1024K, 12 young (12288K), 2 survivors (2048K)
 Metaspace       used 62875K, committed 63552K, reserved 1105920K
  class space    used 8671K, committed 8960K, reserved 1048576K
}
Event: 13.966 GC heap after
{Heap after GC invocations=35 (full 0):
 garbage-first heap   total 162816K, used 84758K [0x0000000080000000, 0x0000000100000000)
  region size 1024K, 3 young (3072K), 3 survivors (3072K)
 Metaspace       used 62875K, committed 63552K, reserved 1105920K
  class space    used 8671K, committed 8960K, reserved 1048576K
}
Event: 14.565 GC heap before
{Heap before GC invocations=36 (full 0):
 garbage-first heap   total 162816K, used 121622K [0x0000000080000000, 0x0000000100000000)
  region size 1024K, 35 young (35840K), 3 survivors (3072K)
 Metaspace       used 65924K, committed 66624K, reserved 1114112K
  class space    used 9138K, committed 9472K, reserved 1048576K
}
Event: 14.567 GC heap after
{Heap after GC invocations=37 (full 0):
 garbage-first heap   total 162816K, used 90081K [0x0000000080000000, 0x0000000100000000)
  region size 1024K, 4 young (4096K), 4 survivors (4096K)
 Metaspace       used 65924K, committed 66624K, reserved 1114112K
  class space    used 9138K, committed 9472K, reserved 1048576K
}
Event: 15.053 GC heap before
{Heap before GC invocations=37 (full 0):
 garbage-first heap   total 162816K, used 122849K [0x0000000080000000, 0x0000000100000000)
  region size 1024K, 36 young (36864K), 4 survivors (4096K)
 Metaspace       used 69000K, committed 69696K, reserved 1114112K
  class space    used 9557K, committed 9920K, reserved 1048576K
}
Event: 15.057 GC heap after
{Heap after GC invocations=38 (full 0):
 garbage-first heap   total 162816K, used 91779K [0x0000000080000000, 0x0000000100000000)
  region size 1024K, 5 young (5120K), 5 survivors (5120K)
 Metaspace       used 69000K, committed 69696K, reserved 1114112K
  class space    used 9557K, committed 9920K, reserved 1048576K
}
Event: 15.610 GC heap before
{Heap before GC invocations=39 (full 0):
 garbage-first heap   total 162816K, used 125571K [0x0000000080000000, 0x0000000100000000)
  region size 1024K, 38 young (38912K), 5 survivors (5120K)
 Metaspace       used 71533K, committed 72256K, reserved 1114112K
  class space    used 9915K, committed 10240K, reserved 1048576K
}
Event: 15.614 GC heap after
{Heap after GC invocations=40 (full 0):
 garbage-first heap   total 162816K, used 92927K [0x0000000080000000, 0x0000000100000000)
  region size 1024K, 3 young (3072K), 3 survivors (3072K)
 Metaspace       used 71533K, committed 72256K, reserved 1114112K
  class space    used 9915K, committed 10240K, reserved 1048576K
}
Event: 16.290 GC heap before
{Heap before GC invocations=40 (full 0):
 garbage-first heap   total 162816K, used 124671K [0x0000000080000000, 0x0000000100000000)
  region size 1024K, 36 young (36864K), 3 survivors (3072K)
 Metaspace       used 74093K, committed 74816K, reserved 1114112K
  class space    used 10292K, committed 10624K, reserved 1048576K
}
Event: 16.295 GC heap after
{Heap after GC invocations=41 (full 0):
 garbage-first heap   total 162816K, used 96725K [0x0000000080000000, 0x0000000100000000)
  region size 1024K, 5 young (5120K), 5 survivors (5120K)
 Metaspace       used 74093K, committed 74816K, reserved 1114112K
  class space    used 10292K, committed 10624K, reserved 1048576K
}

Dll operation events (3 events):
Event: 0.052 Loaded shared library C:\Program Files\Android\Android Studio\jbr\bin\java.dll
Event: 0.253 Loaded shared library C:\Program Files\Android\Android Studio\jbr\bin\zip.dll
Event: 0.774 Loaded shared library C:\Program Files\Android\Android Studio\jbr\bin\verify.dll

Deoptimization events (20 events):
Event: 15.882 Thread 0x00000252fb2a2510 Uncommon trap: trap_request=0xffffffde fr.pc=0x00000252e9b0026c relative=0x000000000000054c
Event: 15.882 Thread 0x00000252fb2a2510 Uncommon trap: reason=class_check action=maybe_recompile pc=0x00000252e9b0026c method=jdk.internal.loader.URLClassPath.getResource(Ljava/lang/String;Z)Ljdk/internal/loader/Resource; @ 53 c2
Event: 15.882 Thread 0x00000252fb2a2510 DEOPT PACKING pc=0x00000252e9b0026c sp=0x000000fd40af8340
Event: 15.882 Thread 0x00000252fb2a2510 DEOPT UNPACKING pc=0x00000252e93969a3 sp=0x000000fd40af8300 mode 2
Event: 15.887 Thread 0x00000252fb2a2510 Uncommon trap: trap_request=0xffffffde fr.pc=0x00000252e9ab4684 relative=0x0000000000002904
Event: 15.887 Thread 0x00000252fb2a2510 Uncommon trap: reason=class_check action=maybe_recompile pc=0x00000252e9ab4684 method=jdk.internal.loader.URLClassPath.getLoader(I)Ljdk/internal/loader/URLClassPath$Loader; @ 190 c2
Event: 15.887 Thread 0x00000252fb2a2510 DEOPT PACKING pc=0x00000252e9ab4684 sp=0x000000fd40af7e60
Event: 15.887 Thread 0x00000252fb2a2510 DEOPT UNPACKING pc=0x00000252e93969a3 sp=0x000000fd40af7e50 mode 2
Event: 15.887 Thread 0x00000252fb2a2510 Uncommon trap: trap_request=0xffffffde fr.pc=0x00000252e9b0026c relative=0x000000000000054c
Event: 15.887 Thread 0x00000252fb2a2510 Uncommon trap: reason=class_check action=maybe_recompile pc=0x00000252e9b0026c method=jdk.internal.loader.URLClassPath.getResource(Ljava/lang/String;Z)Ljdk/internal/loader/Resource; @ 53 c2
Event: 15.887 Thread 0x00000252fb2a2510 DEOPT PACKING pc=0x00000252e9b0026c sp=0x000000fd40af7f20
Event: 15.887 Thread 0x00000252fb2a2510 DEOPT UNPACKING pc=0x00000252e93969a3 sp=0x000000fd40af7ee0 mode 2
Event: 16.039 Thread 0x00000252fb2a2510 Uncommon trap: trap_request=0xffffff45 fr.pc=0x00000252e98fe4f0 relative=0x0000000000000ab0
Event: 16.039 Thread 0x00000252fb2a2510 Uncommon trap: reason=unstable_if action=reinterpret pc=0x00000252e98fe4f0 method=java.util.concurrent.ConcurrentHashMap.addCount(JI)V @ 110 c2
Event: 16.039 Thread 0x00000252fb2a2510 DEOPT PACKING pc=0x00000252e98fe4f0 sp=0x000000fd40af7030
Event: 16.039 Thread 0x00000252fb2a2510 DEOPT UNPACKING pc=0x00000252e93969a3 sp=0x000000fd40af6ee8 mode 2
Event: 16.191 Thread 0x00000252fb2a2510 Uncommon trap: trap_request=0xffffff45 fr.pc=0x00000252e9b732bc relative=0x00000000000007fc
Event: 16.191 Thread 0x00000252fb2a2510 Uncommon trap: reason=unstable_if action=reinterpret pc=0x00000252e9b732bc method=java.lang.Integer.stringSize(I)I @ 3 c2
Event: 16.191 Thread 0x00000252fb2a2510 DEOPT PACKING pc=0x00000252e9b732bc sp=0x000000fd40afc130
Event: 16.191 Thread 0x00000252fb2a2510 DEOPT UNPACKING pc=0x00000252e93969a3 sp=0x000000fd40afc080 mode 2

Classes unloaded (0 events):
No events

Classes redefined (0 events):
No events

Internal exceptions (20 events):
Event: 14.052 Thread 0x00000252fb2a2510 Exception <a 'java/lang/NoSuchMethodError'{0x000000008cd97f60}: static Lorg/jetbrains/kotlin/gradle/plugin/internal/DefaultArtifactTypeAttributeAccessorVariantFactory;.<clinit>()V> (0x000000008cd97f60) 
thrown [s\src\hotspot\share\prims\jni.cpp, line 1108]
Event: 14.054 Thread 0x00000252fb2a2510 Exception <a 'java/lang/NoSuchMethodError'{0x000000008cdb9ab8}: static Lorg/jetbrains/kotlin/gradle/plugin/internal/MavenPluginConfigurator$DefaultMavenPluginConfiguratorVariantFactory;.<clinit>()V> (0x000000008cdb9ab8) 
thrown [s\src\hotspot\share\prims\jni.cpp, line 1108]
Event: 14.055 Thread 0x00000252fb2a2510 Exception <a 'java/lang/NoSuchMethodError'{0x000000008cdda688}: static Lorg/jetbrains/kotlin/gradle/plugin/internal/DefaultJavaSourceSetsAccessorVariantFactory;.<clinit>()V> (0x000000008cdda688) 
thrown [s\src\hotspot\share\prims\jni.cpp, line 1108]
Event: 14.057 Thread 0x00000252fb2a2510 Exception <a 'java/lang/NoSuchMethodError'{0x000000008cdfa998}: static Lorg/jetbrains/kotlin/gradle/targets/js/nodejs/DefaultUnameExecutorVariantFactory;.<clinit>()V> (0x000000008cdfa998) 
thrown [s\src\hotspot\share\prims\jni.cpp, line 1108]
Event: 14.059 Thread 0x00000252fb2a2510 Exception <a 'java/lang/NoSuchMethodError'{0x000000008cc1bd80}: static Lorg/jetbrains/kotlin/gradle/plugin/internal/DefaultBasePluginConfigurationVariantFactory;.<clinit>()V> (0x000000008cc1bd80) 
thrown [s\src\hotspot\share\prims\jni.cpp, line 1108]
Event: 14.061 Thread 0x00000252fb2a2510 Exception <a 'java/lang/NoSuchMethodError'{0x000000008cc3c1a0}: static Lorg/jetbrains/kotlin/gradle/plugin/internal/DefaultIdeaSyncDetectorVariantFactory;.<clinit>()V> (0x000000008cc3c1a0) 
thrown [s\src\hotspot\share\prims\jni.cpp, line 1108]
Event: 14.063 Thread 0x00000252fb2a2510 Exception <a 'java/lang/NoSuchMethodError'{0x000000008cc5daa0}: static Lorg/jetbrains/kotlin/gradle/plugin/internal/DefaultKotlinTestReportCompatibilityHelperVariantFactory;.<clinit>()V> (0x000000008cc5daa0) 
thrown [s\src\hotspot\share\prims\jni.cpp, line 1108]
Event: 15.284 Thread 0x00000252fb2a2510 Exception <a 'java/lang/NoSuchMethodError'{0x000000008916f1b8}: 'int java.lang.invoke.DirectMethodHandle$Holder.invokeInterface(java.lang.Object, java.lang.Object, java.lang.Object, java.lang.Object)'> (0x000000008916f1b8) 
thrown [s\src\hotspot\share\interpreter\linkResolver.cpp, line 771]
Event: 15.465 Thread 0x00000252fb2a2510 Exception <a 'java/lang/ClassNotFoundException'{0x00000000886a4f08}: org/jetbrains/kotlin/gradle/targets/js/npm/DefaultNpmDependencyExtensionBeanInfo> (0x00000000886a4f08) 
thrown [s\src\hotspot\share\classfile\systemDictionary.cpp, line 256]
Event: 15.465 Thread 0x00000252fb2a2510 Exception <a 'java/lang/ClassNotFoundException'{0x00000000886b16c8}: org/jetbrains/kotlin/gradle/targets/js/npm/DefaultNpmDependencyExtensionCustomizer> (0x00000000886b16c8) 
thrown [s\src\hotspot\share\classfile\systemDictionary.cpp, line 256]
Event: 15.473 Thread 0x00000252fb2a2510 Exception <a 'java/lang/ClassNotFoundException'{0x000000008853c5e8}: org/jetbrains/kotlin/gradle/targets/js/npm/NpmDependencyExtensionKt$defaultNpmDependencyDelegate$1BeanInfo> (0x000000008853c5e8) 
thrown [s\src\hotspot\share\classfile\systemDictionary.cpp, line 256]
Event: 15.474 Thread 0x00000252fb2a2510 Exception <a 'java/lang/ClassNotFoundException'{0x0000000088549de0}: org/jetbrains/kotlin/gradle/targets/js/npm/NpmDependencyExtensionDelegateBeanInfo> (0x0000000088549de0) 
thrown [s\src\hotspot\share\classfile\systemDictionary.cpp, line 256]
Event: 15.474 Thread 0x00000252fb2a2510 Exception <a 'java/lang/ClassNotFoundException'{0x0000000088557050}: org/jetbrains/kotlin/gradle/targets/js/npm/NpmDependencyExtensionDelegateCustomizer> (0x0000000088557050) 
thrown [s\src\hotspot\share\classfile\systemDictionary.cpp, line 256]
Event: 15.476 Thread 0x00000252fb2a2510 Exception <a 'java/lang/ClassNotFoundException'{0x000000008857ad90}: org/jetbrains/kotlin/gradle/targets/js/npm/NpmDependencyExtensionKt$defaultNpmDependencyDelegate$1Customizer> (0x000000008857ad90) 
thrown [s\src\hotspot\share\classfile\systemDictionary.cpp, line 256]
Event: 15.480 Thread 0x00000252fb2a2510 Exception <a 'java/lang/ClassNotFoundException'{0x00000000885ba950}: org/jetbrains/kotlin/gradle/targets/js/npm/DefaultDevNpmDependencyExtensionBeanInfo> (0x00000000885ba950) 
thrown [s\src\hotspot\share\classfile\systemDictionary.cpp, line 256]
Event: 15.480 Thread 0x00000252fb2a2510 Exception <a 'java/lang/ClassNotFoundException'{0x00000000885c7128}: org/jetbrains/kotlin/gradle/targets/js/npm/DefaultDevNpmDependencyExtensionCustomizer> (0x00000000885c7128) 
thrown [s\src\hotspot\share\classfile\systemDictionary.cpp, line 256]
Event: 15.483 Thread 0x00000252fb2a2510 Exception <a 'java/lang/ClassNotFoundException'{0x0000000088409120}: org/jetbrains/kotlin/gradle/targets/js/npm/DefaultPeerNpmDependencyExtensionBeanInfo> (0x0000000088409120) 
thrown [s\src\hotspot\share\classfile\systemDictionary.cpp, line 256]
Event: 15.484 Thread 0x00000252fb2a2510 Exception <a 'java/lang/ClassNotFoundException'{0x0000000088415908}: org/jetbrains/kotlin/gradle/targets/js/npm/DefaultPeerNpmDependencyExtensionCustomizer> (0x0000000088415908) 
thrown [s\src\hotspot\share\classfile\systemDictionary.cpp, line 256]
Event: 15.486 Thread 0x00000252fb2a2510 Exception <a 'java/lang/ClassNotFoundException'{0x0000000088460c80}: org/jetbrains/kotlin/gradle/targets/js/npm/DefaultPeerNpmDependencyExtension$delegate$1BeanInfo> (0x0000000088460c80) 
thrown [s\src\hotspot\share\classfile\systemDictionary.cpp, line 256]
Event: 15.487 Thread 0x00000252fb2a2510 Exception <a 'java/lang/ClassNotFoundException'{0x000000008846d590}: org/jetbrains/kotlin/gradle/targets/js/npm/DefaultPeerNpmDependencyExtension$delegate$1Customizer> (0x000000008846d590) 
thrown [s\src\hotspot\share\classfile\systemDictionary.cpp, line 256]

VM Operations (20 events):
Event: 14.722 Executing VM operation: HandshakeAllThreads done
Event: 14.736 Executing VM operation: HandshakeAllThreads
Event: 14.736 Executing VM operation: HandshakeAllThreads done
Event: 14.765 Executing VM operation: HandshakeAllThreads
Event: 14.765 Executing VM operation: HandshakeAllThreads done
Event: 15.053 Executing VM operation: G1CollectForAllocation
Event: 15.057 Executing VM operation: G1CollectForAllocation done
Event: 15.102 Executing VM operation: G1Concurrent
Event: 15.105 Executing VM operation: G1Concurrent done
Event: 15.124 Executing VM operation: G1Concurrent
Event: 15.124 Executing VM operation: G1Concurrent done
Event: 15.599 Executing VM operation: G1CollectForAllocation
Event: 15.614 Executing VM operation: G1CollectForAllocation done
Event: 15.872 Executing VM operation: ICBufferFull
Event: 15.872 Executing VM operation: ICBufferFull done
Event: 16.077 Executing VM operation: HandshakeAllThreads
Event: 16.077 Executing VM operation: HandshakeAllThreads done
Event: 16.290 Executing VM operation: G1TryInitiateConcMark
Event: 16.295 Executing VM operation: G1TryInitiateConcMark done
Event: 16.342 Executing VM operation: G1Concurrent

Events (20 events):
Event: 14.787 loading class java/util/ArrayList$SubList$1
Event: 14.787 loading class java/util/ArrayList$SubList$1 done
Event: 14.809 loading class java/lang/Override
Event: 14.809 loading class java/lang/Override done
Event: 15.270 loading class java/util/regex/Pattern$1
Event: 15.271 loading class java/util/regex/Pattern$1 done
Event: 15.572 loading class java/nio/file/FileTreeWalker$1
Event: 15.572 loading class java/nio/file/FileTreeWalker$1 done
Event: 15.950 loading class java/util/Comparators$NaturalOrderComparator
Event: 15.951 loading class java/util/Comparators$NaturalOrderComparator done
Event: 15.951 loading class java/util/stream/ReduceOps$2
Event: 15.951 loading class java/util/stream/ReduceOps$2 done
Event: 15.951 loading class java/util/stream/ReduceOps$2ReducingSink
Event: 15.951 loading class java/util/stream/ReduceOps$2ReducingSink done
Event: 16.078 loading class java/util/Stack
Event: 16.078 loading class java/util/Stack done
Event: 16.151 loading class java/lang/AbstractMethodError
Event: 16.151 loading class java/lang/AbstractMethodError done
Event: 16.203 loading class java/io/NotSerializableException
Event: 16.203 loading class java/io/NotSerializableException done


Dynamic libraries:
0x00007ff780f80000 - 0x00007ff780f8a000 	C:\Program Files\Android\Android Studio\jbr\bin\java.exe
0x00007fff62750000 - 0x00007fff62948000 	C:\windows\SYSTEM32\ntdll.dll
0x00007fff62650000 - 0x00007fff6270f000 	C:\windows\System32\KERNEL32.DLL
0x00007fff5fed0000 - 0x00007fff601c6000 	C:\windows\System32\KERNELBASE.dll
0x00007fff601d0000 - 0x00007fff602d0000 	C:\windows\System32\ucrtbase.dll
0x00007fff5d2e0000 - 0x00007fff5d2fb000 	C:\Program Files\Android\Android Studio\jbr\bin\VCRUNTIME140.dll
0x00007fff477f0000 - 0x00007fff47807000 	C:\Program Files\Android\Android Studio\jbr\bin\jli.dll
0x00007fff61900000 - 0x00007fff61a9d000 	C:\windows\System32\USER32.dll
0x00007fff60460000 - 0x00007fff60482000 	C:\windows\System32\win32u.dll
0x00007fff62510000 - 0x00007fff6253c000 	C:\windows\System32\GDI32.dll
0x00007fff605f0000 - 0x00007fff60705000 	C:\windows\System32\gdi32full.dll
0x00007fff490e0000 - 0x00007fff4937a000 	C:\windows\WinSxS\amd64_microsoft.windows.common-controls_6595b64144ccf1df_6.0.19041.1110_none_60b5254171f9507e\COMCTL32.dll
0x00007fff5fe30000 - 0x00007fff5fecd000 	C:\windows\System32\msvcp_win.dll
0x00007fff60d90000 - 0x00007fff60e2e000 	C:\windows\System32\msvcrt.dll
0x00007fff616e0000 - 0x00007fff61710000 	C:\windows\System32\IMM32.DLL
0x00007fff5b490000 - 0x00007fff5b49c000 	C:\Program Files\Android\Android Studio\jbr\bin\vcruntime140_1.dll
0x00007fff58100000 - 0x00007fff5818d000 	C:\Program Files\Android\Android Studio\jbr\bin\msvcp140.dll
0x00007fff0cdf0000 - 0x00007fff0da5e000 	C:\Program Files\Android\Android Studio\jbr\bin\server\jvm.dll
0x00007fff61710000 - 0x00007fff617bf000 	C:\windows\System32\ADVAPI32.dll
0x00007fff625b0000 - 0x00007fff6264c000 	C:\windows\System32\sechost.dll
0x00007fff623e0000 - 0x00007fff62506000 	C:\windows\System32\RPCRT4.dll
0x00007fff52f80000 - 0x00007fff52f89000 	C:\windows\SYSTEM32\WSOCK32.dll
0x00007fff62540000 - 0x00007fff625ab000 	C:\windows\System32\WS2_32.dll
0x00007fff53c50000 - 0x00007fff53c77000 	C:\windows\SYSTEM32\WINMM.dll
0x00007fff55d30000 - 0x00007fff55d3a000 	C:\windows\SYSTEM32\VERSION.dll
0x00007fff5e630000 - 0x00007fff5e642000 	C:\windows\SYSTEM32\kernel.appcore.dll
0x00007fff59810000 - 0x00007fff5981a000 	C:\Program Files\Android\Android Studio\jbr\bin\jimage.dll
0x00007fff5db80000 - 0x00007fff5dd64000 	C:\windows\SYSTEM32\DBGHELP.DLL
0x00007fff46250000 - 0x00007fff46284000 	C:\windows\SYSTEM32\dbgcore.DLL
0x00007fff602d0000 - 0x00007fff60352000 	C:\windows\System32\bcryptPrimitives.dll
0x00007fff56620000 - 0x00007fff5662e000 	C:\Program Files\Android\Android Studio\jbr\bin\instrument.dll
0x00007fff32490000 - 0x00007fff324b5000 	C:\Program Files\Android\Android Studio\jbr\bin\java.dll
0x00007fff58f80000 - 0x00007fff58f98000 	C:\Program Files\Android\Android Studio\jbr\bin\zip.dll
0x00007fff60ec0000 - 0x00007fff61604000 	C:\windows\System32\SHELL32.dll
0x00007fff5dd70000 - 0x00007fff5e503000 	C:\windows\SYSTEM32\windows.storage.dll
0x00007fff61fa0000 - 0x00007fff622f4000 	C:\windows\System32\combase.dll
0x00007fff5f6c0000 - 0x00007fff5f6ee000 	C:\windows\SYSTEM32\Wldp.dll
0x00007fff61630000 - 0x00007fff616dd000 	C:\windows\System32\SHCORE.dll
0x00007fff60810000 - 0x00007fff60865000 	C:\windows\System32\shlwapi.dll
0x00007fff5fd70000 - 0x00007fff5fd8f000 	C:\windows\SYSTEM32\profapi.dll
0x00007fff4a4f0000 - 0x00007fff4a509000 	C:\Program Files\Android\Android Studio\jbr\bin\net.dll
0x00007fff58190000 - 0x00007fff5829a000 	C:\windows\SYSTEM32\WINHTTP.dll
0x00007fff5f4a0000 - 0x00007fff5f50a000 	C:\windows\system32\mswsock.dll
0x00007fff48a90000 - 0x00007fff48aa6000 	C:\Program Files\Android\Android Studio\jbr\bin\nio.dll
0x00007fff595b0000 - 0x00007fff595c0000 	C:\Program Files\Android\Android Studio\jbr\bin\verify.dll
0x00007fff524e0000 - 0x00007fff52507000 	C:\Users\SSAFY\.gradle\native\68d5fa5c4cc2d200863cafc0d521ce42e7d3e7ee720ec0a83991735586a16f82\windows-amd64\native-platform.dll
0x00007fff23d50000 - 0x00007fff23e94000 	C:\Users\SSAFY\.gradle\native\e376f236ea51e6404a007f0833ffe2c6e607c4080706a723a18a27aeea778392\windows-amd64\native-platform-file-events.dll
0x00007fff583a0000 - 0x00007fff583a9000 	C:\Program Files\Android\Android Studio\jbr\bin\management.dll
0x00007fff57f90000 - 0x00007fff57f9b000 	C:\Program Files\Android\Android Studio\jbr\bin\management_ext.dll
0x00007fff617c0000 - 0x00007fff617c8000 	C:\windows\System32\PSAPI.DLL
0x00007fff5f700000 - 0x00007fff5f718000 	C:\windows\SYSTEM32\CRYPTSP.dll
0x00007fff5ede0000 - 0x00007fff5ee14000 	C:\windows\system32\rsaenh.dll
0x00007fff60710000 - 0x00007fff60737000 	C:\windows\System32\bcrypt.dll
0x00007fff5fd30000 - 0x00007fff5fd5e000 	C:\windows\SYSTEM32\USERENV.dll
0x00007fff5f630000 - 0x00007fff5f63c000 	C:\windows\SYSTEM32\CRYPTBASE.dll
0x00007fff5f1b0000 - 0x00007fff5f1ec000 	C:\windows\SYSTEM32\IPHLPAPI.DLL
0x00007fff60a80000 - 0x00007fff60a88000 	C:\windows\System32\NSI.dll
0x00007fff55d60000 - 0x00007fff55d77000 	C:\windows\SYSTEM32\dhcpcsvc6.DLL
0x00007fff55d40000 - 0x00007fff55d5d000 	C:\windows\SYSTEM32\dhcpcsvc.DLL
0x00007fff5f1f0000 - 0x00007fff5f2ba000 	C:\windows\SYSTEM32\DNSAPI.dll
0x00007fff52f70000 - 0x00007fff52f77000 	C:\windows\system32\wshunix.dll

dbghelp: loaded successfully - version: 4.0.5 - missing functions: none
symbol engine: initialized successfully - sym options: 0x614 - pdb path: .;C:\Program Files\Android\Android Studio\jbr\bin;C:\windows\SYSTEM32;C:\windows\WinSxS\amd64_microsoft.windows.common-controls_6595b64144ccf1df_6.0.19041.1110_none_60b5254171f9507e;C:\Program Files\Android\Android Studio\jbr\bin\server;C:\Users\SSAFY\.gradle\native\68d5fa5c4cc2d200863cafc0d521ce42e7d3e7ee720ec0a83991735586a16f82\windows-amd64;C:\Users\SSAFY\.gradle\native\e376f236ea51e6404a007f0833ffe2c6e607c4080706a723a18a27aeea778392\windows-amd64

VM Arguments:
jvm_args: --add-opens=java.base/java.util.concurrent.atomic=ALL-UNNAMED --add-opens=java.base/java.util=ALL-UNNAMED --add-opens=java.base/java.lang=ALL-UNNAMED --add-opens=java.base/java.lang.invoke=ALL-UNNAMED --add-opens=java.prefs/java.util.prefs=ALL-UNNAMED --add-opens=java.base/java.nio.charset=ALL-UNNAMED --add-opens=java.base/java.net=ALL-UNNAMED --add-opens=java.base/java.util.concurrent.atomic=ALL-UNNAMED -Xmx2048m -Dfile.encoding=UTF-8 -Duser.country=KR -Duser.language=ko -Duser.variant -javaagent:C:\Users\SSAFY\.gradle\wrapper\dists\gradle-8.3-bin\dxjbbhstwasg8cbags9q7cvli\gradle-8.3\lib\agents\gradle-instrumentation-agent-8.3.jar 
java_command: org.gradle.launcher.daemon.bootstrap.GradleDaemon 8.3
java_class_path (initial): C:\Users\SSAFY\.gradle\wrapper\dists\gradle-8.3-bin\dxjbbhstwasg8cbags9q7cvli\gradle-8.3\lib\gradle-launcher-8.3.jar
Launcher Type: SUN_STANDARD

[Global flags]
     intx CICompilerCount                          = 4                                         {product} {ergonomic}
     uint ConcGCThreads                            = 3                                         {product} {ergonomic}
     uint G1ConcRefinementThreads                  = 10                                        {product} {ergonomic}
   size_t G1HeapRegionSize                         = 1048576                                   {product} {ergonomic}
    uintx GCDrainStackTargetSize                   = 64                                        {product} {ergonomic}
   size_t InitialHeapSize                          = 268435456                                 {product} {ergonomic}
   size_t MarkStackSize                            = 4194304                                   {product} {ergonomic}
   size_t MaxHeapSize                              = 2147483648                                {product} {command line}
   size_t MaxNewSize                               = 1287651328                                {product} {ergonomic}
   size_t MinHeapDeltaBytes                        = 1048576                                   {product} {ergonomic}
   size_t MinHeapSize                              = 8388608                                   {product} {ergonomic}
    uintx NonNMethodCodeHeapSize                   = 5839372                                {pd product} {ergonomic}
    uintx NonProfiledCodeHeapSize                  = 122909434                              {pd product} {ergonomic}
    uintx ProfiledCodeHeapSize                     = 122909434                              {pd product} {ergonomic}
    uintx ReservedCodeCacheSize                    = 251658240                              {pd product} {ergonomic}
     bool SegmentedCodeCache                       = true                                      {product} {ergonomic}
   size_t SoftMaxHeapSize                          = 2147483648                             {manageable} {ergonomic}
     bool UseCompressedClassPointers               = true                           {product lp64_product} {ergonomic}
     bool UseCompressedOops                        = true                           {product lp64_product} {ergonomic}
     bool UseG1GC                                  = true                                      {product} {ergonomic}
     bool UseLargePagesIndividualAllocation        = false                                  {pd product} {ergonomic}

Logging:
Log output configuration:
 #0: stdout all=warning uptime,level,tags
 #1: stderr all=off uptime,level,tags

Environment Variables:
JAVA_HOME=C:\Users\SSAFY\.jdks\graalvm-jdk-17.0.9
PATH=C:\Program Files (x86)\VMware\VMware Player\bin\;C:\windows\system32;C:\windows;C:\windows\System32\Wbem;C:\windows\System32\WindowsPowerShell\v1.0\;C:\windows\System32\OpenSSH\;C:\Users\SSAFY\AppData\Roaming\Microsoft\Windows\Start Menu\Programs\Python 3.11;C:\Program Files\Git\cmd;C:\Users\SSAFY\AppData\Roaming\nvm;C:\Program Files\nodejs;C:\Program Files (x86)\MySQL\MySQL Server 5.7\bin;C:\Program Files\PuTTY\;C:\Program Files\Docker\Docker\resources\bin;C:\MinGW\bin;C:\Program Files\Microsoft SQL Server\150\Tools\Binn\;C:\Program Files\Microsoft SQL Server\Client SDK\ODBC\170\Tools\Binn\;C:\Program Files\dotnet\;C:\Program Files\doxygen\bin;C:\Program Files (x86)\Windows Kits\10\Windows Performance Toolkit\;C:\Users\SSAFY\AppData\Roaming\Microsoft\Windows\Start Menu\Programs\Python 3.11;C:\Users\SSAFY\AppData\Local\Android\Sdk;C:\Users\SSAFY\AppData\Local\Android\Sdk\tools;C:\Users\SSAFY\AppData\Local\Android\Sdk\platform-tools;C:\Users\SSAFY\AppData\Local\Android\Sdk\emulator;C:\Users\SSAFY\AppData\Local\Android\Sdk\build-tools;C:\Users\SSAFY\AppData\Local\Microsoft\WindowsApps;C:\Users\SSAFY\AppData\Local\Programs\Microsoft VS Code\bin;C:\Users\SSAFY\AppData\Roaming\Microsoft\Windows\Start Menu\Programs\Python 3.11;C:\Users\SSAFY\AppData\Roaming\npm;C:\Users\SSAFY\AppData\Roaming\nvm;C:\Program Files\nodejs;C:\Program Files\JetBrains\IntelliJ IDEA Community Edition 2023.1.3\bin;;C:\Users\SSAFY\AppData\Local\Microsoft\WinGet\Packages\DenoLand.Deno_Microsoft.Winget.Source_8wekyb3d8bbwe;;C:\Users\SSAFY\.deno\bin;C:\Users\SSAFY\.dotnet\tools
USERNAME=SSAFY
OS=Windows_NT
PROCESSOR_IDENTIFIER=Intel64 Family 6 Model 158 Stepping 10, GenuineIntel
TMP=C:\Users\SSAFY\AppData\Local\Temp
TEMP=C:\Users\SSAFY\AppData\Local\Temp


JNI global refs:
JNI global refs: 28, weak refs: 1

JNI global refs memory usage: 843, weak refs: 841


---------------  S Y S T E M  ---------------

OS:
 Windows 10 , 64 bit Build 19041 (10.0.19041.3031)
OS uptime: 23 days 9:01 hours
Hyper-V role detected

CPU: total 12 (initial active 12) (6 cores per cpu, 2 threads per core) family 6 model 158 stepping 10 microcode 0xcc, cx8, cmov, fxsr, ht, mmx, 3dnowpref, sse, sse2, sse3, ssse3, sse4.1, sse4.2, popcnt, lzcnt, tsc, tscinvbit, avx, avx2, aes, erms, clmul, bmi1, bmi2, adx, fma, vzeroupper, clflush, clflushopt, hv

Memory: 4k page, system-wide physical 16315M (284M free)
TotalPageFile size 65467M (AvailPageFile size 44M)
current process WorkingSet (physical memory assigned to process): 359M, peak: 360M
current process commit charge ("private bytes"): 404M, peak: 443M

vm_info: OpenJDK 64-Bit Server VM (17.0.6+0-b2043.56-10027231) for windows-amd64 JRE (17.0.6+0-b2043.56-10027231), built on Apr 28 2023 00:43:19 by "androidbuild" with MS VC++ 16.10 / 16.11 (VS2019)

END.
