#
# There is insufficient memory for the Java Runtime Environment to continue.
# Native memory allocation (mmap) failed to map 65536 bytes for Failed to commit metaspace.
# Possible reasons:
#   The system is out of physical RAM or swap space
#   The process is running with CompressedOops enabled, and the Java Heap may be blocking the growth of the native heap
# Possible solutions:
#   Reduce memory load on the system
#   Increase physical memory or swap space
#   Check if swap backing store is full
#   Decrease Java heap size (-Xmx/-Xms)
#   Decrease number of Java threads
#   Decrease Java thread stack sizes (-Xss)
#   Set larger code cache with -XX:ReservedCodeCacheSize=
#   JVM is running with Zero Based Compressed Oops mode in which the Java heap is
#     placed in the first 32GB address space. The Java Heap base address is the
#     maximum limit for the native heap growth. Please use -XX:HeapBaseMinAddress
#     to set the Java Heap base and to place the Java Heap above 32GB virtual address.
# This output file may be truncated or incomplete.
#
#  Out of Memory Error (virtualSpaceNode.cpp:110), pid=365884, tid=367064
#
# JRE version: OpenJDK Runtime Environment (17.0.6) (build 17.0.6+0-b2043.56-10027231)
# Java VM: OpenJDK 64-Bit Server VM (17.0.6+0-b2043.56-10027231, mixed mode, tiered, compressed oops, compressed class ptrs, g1 gc, windows-amd64)
# No core dump will be written. Minidumps are not enabled by default on client versions of Windows
#

---------------  S U M M A R Y ------------

Command Line: org.jetbrains.kotlin.cli.jvm.K2JVMCompiler @C:\Users\SSAFY\Desktop\S09P31C206\frontend\app\build\20231029_8796537622245318734.compiler.options

Host: Intel(R) Core(TM) i7-9750H CPU @ 2.60GHz, 12 cores, 15G,  Windows 10 , 64 bit Build 19041 (10.0.19041.3031)
Time: Sun Oct 29 12:32:53 2023  Windows 10 , 64 bit Build 19041 (10.0.19041.3031) elapsed time: 13.197105 seconds (0d 0h 0m 13s)

---------------  T H R E A D  ---------------

Current thread (0x0000025af2bcbb50):  JavaThread "main" [_thread_in_vm, id=367064, stack(0x000000776ae00000,0x000000776af00000)]

Stack: [0x000000776ae00000,0x000000776af00000]
Native frames: (J=compiled Java code, j=interpreted, Vv=VM code, C=native code)
V  [jvm.dll+0x683c9a]
V  [jvm.dll+0x8427a4]
V  [jvm.dll+0x843f9e]
V  [jvm.dll+0x844603]
V  [jvm.dll+0x249b75]
V  [jvm.dll+0x83e7fb]
V  [jvm.dll+0x628006]
V  [jvm.dll+0x1c194e]
V  [jvm.dll+0x62a941]
V  [jvm.dll+0x6289a6]
V  [jvm.dll+0xa6fbf]
V  [jvm.dll+0x1ee923]
V  [jvm.dll+0x1e3dcc]
V  [jvm.dll+0x547fed]
V  [jvm.dll+0x7bd3d5]
V  [jvm.dll+0x7bd4ee]
V  [jvm.dll+0x41182a]
V  [jvm.dll+0x4179a9]
C  [java.dll+0x17ec]

Java frames: (J=compiled Java code, j=interpreted, Vv=VM code)
J 517  java.lang.ClassLoader.defineClass1(Ljava/lang/ClassLoader;Ljava/lang/String;[BIILjava/security/ProtectionDomain;Ljava/lang/String;)Ljava/lang/Class; java.base@17.0.6 (0 bytes) @ 0x0000025a87af0be3 [0x0000025a87af0b20+0x00000000000000c3]
J 10278 c2 jdk.internal.loader.BuiltinClassLoader.findClassOnClassPathOrNull(Ljava/lang/String;)Ljava/lang/Class; java.base@17.0.6 (64 bytes) @ 0x0000025a87e8adf0 [0x0000025a87e895e0+0x0000000000001810]
J 10258 c2 jdk.internal.loader.BuiltinClassLoader.loadClassOrNull(Ljava/lang/String;Z)Ljava/lang/Class; java.base@17.0.6 (143 bytes) @ 0x0000025a87e4d960 [0x0000025a87e4d1a0+0x00000000000007c0]
J 2855 c2 java.lang.ClassLoader.loadClass(Ljava/lang/String;)Ljava/lang/Class; java.base@17.0.6 (7 bytes) @ 0x0000025a87bf6aa4 [0x0000025a87bf6a40+0x0000000000000064]
v  ~StubRoutines::call_stub
j  org.jetbrains.kotlin.codegen.optimization.fixStack.FixStackContext.<init>(Lorg/jetbrains/org/objectweb/asm/tree/MethodNode;)V+323
j  org.jetbrains.kotlin.codegen.optimization.fixStack.FixStackMethodTransformer.transform(Ljava/lang/String;Lorg/jetbrains/org/objectweb/asm/tree/MethodNode;)V+17
j  org.jetbrains.kotlin.codegen.optimization.transformer.CompositeMethodTransformer.transform(Ljava/lang/String;Lorg/jetbrains/org/objectweb/asm/tree/MethodNode;)V+64
j  org.jetbrains.kotlin.codegen.optimization.transformer.CompositeMethodTransformer.transform(Ljava/lang/String;Lorg/jetbrains/org/objectweb/asm/tree/MethodNode;)V+64
j  org.jetbrains.kotlin.codegen.optimization.OptimizationMethodVisitor.performTransformations(Lorg/jetbrains/org/objectweb/asm/tree/MethodNode;)V+13
j  org.jetbrains.kotlin.codegen.TransformationMethodVisitor.visitEnd()V+50
J 6525 c1 org.jetbrains.org.objectweb.asm.MethodVisitor.visitEnd()V (15 bytes) @ 0x0000025a80ce2b14 [0x0000025a80ce2aa0+0x0000000000000074]
j  org.jetbrains.org.objectweb.asm.tree.MethodNode.accept(Lorg/jetbrains/org/objectweb/asm/MethodVisitor;)V+870
j  org.jetbrains.kotlin.backend.jvm.codegen.ClassCodegen.generateMethod(Lorg/jetbrains/kotlin/ir/declarations/IrFunction;Lorg/jetbrains/kotlin/codegen/inline/SourceMapper;)V+349
j  org.jetbrains.kotlin.backend.jvm.codegen.ClassCodegen.generate()V+264
j  org.jetbrains.kotlin.backend.jvm.FileCodegen.lower(Lorg/jetbrains/kotlin/ir/declarations/IrFile;)V+112
j  org.jetbrains.kotlin.backend.common.phaser.FileLoweringPhaseAdapter.invoke(Lorg/jetbrains/kotlin/backend/common/phaser/PhaseConfig;Lorg/jetbrains/kotlin/backend/common/phaser/PhaserState;Lorg/jetbrains/kotlin/backend/common/CommonBackendContext;Lorg/jetbrains/kotlin/ir/declarations/IrFile;)Lorg/jetbrains/kotlin/ir/declarations/IrFile;+40
J 13638 c1 org.jetbrains.kotlin.backend.common.phaser.FileLoweringPhaseAdapter.invoke(Lorg/jetbrains/kotlin/backend/common/phaser/PhaseConfig;Lorg/jetbrains/kotlin/backend/common/phaser/PhaserState;Lorg/jetbrains/kotlin/backend/common/CommonBackendContext;Ljava/lang/Object;)Ljava/lang/Object; (13 bytes) @ 0x0000025a81d30dac [0x0000025a81d30d20+0x000000000000008c]
J 13636 c1 org.jetbrains.kotlin.backend.common.phaser.NamedCompilerPhase.invoke(Lorg/jetbrains/kotlin/backend/common/phaser/PhaseConfig;Lorg/jetbrains/kotlin/backend/common/phaser/PhaserState;Lorg/jetbrains/kotlin/backend/common/CommonBackendContext;Ljava/lang/Object;)Ljava/lang/Object; (373 bytes) @ 0x0000025a81d2ef9c [0x0000025a81d2eb00+0x000000000000049c]
j  org.jetbrains.kotlin.backend.common.phaser.PerformByIrFilePhase.invokeSequential(Lorg/jetbrains/kotlin/backend/common/phaser/PhaseConfig;Lorg/jetbrains/kotlin/backend/common/phaser/PhaserState;Lorg/jetbrains/kotlin/backend/common/CommonBackendContext;Lorg/jetbrains/kotlin/ir/declarations/IrModuleFragment;)Lorg/jetbrains/kotlin/ir/declarations/IrModuleFragment;+82
j  org.jetbrains.kotlin.backend.common.phaser.PerformByIrFilePhase.invoke(Lorg/jetbrains/kotlin/backend/common/phaser/PhaseConfig;Lorg/jetbrains/kotlin/backend/common/phaser/PhaserState;Lorg/jetbrains/kotlin/backend/common/CommonBackendContext;Lorg/jetbrains/kotlin/ir/declarations/IrModuleFragment;)Lorg/jetbrains/kotlin/ir/declarations/IrModuleFragment;+83
j  org.jetbrains.kotlin.backend.common.phaser.PerformByIrFilePhase.invoke(Lorg/jetbrains/kotlin/backend/common/phaser/PhaseConfig;Lorg/jetbrains/kotlin/backend/common/phaser/PhaserState;Lorg/jetbrains/kotlin/backend/common/CommonBackendContext;Ljava/lang/Object;)Ljava/lang/Object;+9
J 13636 c1 org.jetbrains.kotlin.backend.common.phaser.NamedCompilerPhase.invoke(Lorg/jetbrains/kotlin/backend/common/phaser/PhaseConfig;Lorg/jetbrains/kotlin/backend/common/phaser/PhaserState;Lorg/jetbrains/kotlin/backend/common/CommonBackendContext;Ljava/lang/Object;)Ljava/lang/Object; (373 bytes) @ 0x0000025a81d2ef9c [0x0000025a81d2eb00+0x000000000000049c]
j  org.jetbrains.kotlin.backend.common.phaser.CompositePhase.invoke(Lorg/jetbrains/kotlin/backend/common/phaser/PhaseConfig;Lorg/jetbrains/kotlin/backend/common/phaser/PhaserState;Lorg/jetbrains/kotlin/backend/common/CommonBackendContext;Ljava/lang/Object;)Ljava/lang/Object;+161
J 13636 c1 org.jetbrains.kotlin.backend.common.phaser.NamedCompilerPhase.invoke(Lorg/jetbrains/kotlin/backend/common/phaser/PhaseConfig;Lorg/jetbrains/kotlin/backend/common/phaser/PhaserState;Lorg/jetbrains/kotlin/backend/common/CommonBackendContext;Ljava/lang/Object;)Ljava/lang/Object; (373 bytes) @ 0x0000025a81d2ef9c [0x0000025a81d2eb00+0x000000000000049c]
j  org.jetbrains.kotlin.backend.common.phaser.CompilerPhaseKt.invokeToplevel(Lorg/jetbrains/kotlin/backend/common/phaser/CompilerPhase;Lorg/jetbrains/kotlin/backend/common/phaser/PhaseConfig;Lorg/jetbrains/kotlin/backend/common/CommonBackendContext;Ljava/lang/Object;)Ljava/lang/Object;+36
j  org.jetbrains.kotlin.backend.jvm.JvmIrCodegenFactory.invokeCodegen(Lorg/jetbrains/kotlin/codegen/CodegenFactory$CodegenInput;)V+133
j  org.jetbrains.kotlin.cli.jvm.compiler.KotlinToJVMBytecodeCompiler.runCodegen(Lorg/jetbrains/kotlin/codegen/CodegenFactory$CodegenInput;Lorg/jetbrains/kotlin/codegen/state/GenerationState;Lorg/jetbrains/kotlin/codegen/CodegenFactory;Lorg/jetbrains/kotlin/resolve/BindingContext;Lorg/jetbrains/kotlin/diagnostics/impl/BaseDiagnosticsCollector;Lorg/jetbrains/kotlin/config/CompilerConfiguration;)Lorg/jetbrains/kotlin/codegen/state/GenerationState;+31
j  org.jetbrains.kotlin.cli.jvm.compiler.KotlinToJVMBytecodeCompiler.compileModules$cli(Lorg/jetbrains/kotlin/cli/jvm/compiler/KotlinCoreEnvironment;Ljava/io/File;Ljava/util/List;Z)Z+788
j  org.jetbrains.kotlin.cli.jvm.compiler.KotlinToJVMBytecodeCompiler.compileModules$cli$default(Lorg/jetbrains/kotlin/cli/jvm/compiler/KotlinToJVMBytecodeCompiler;Lorg/jetbrains/kotlin/cli/jvm/compiler/KotlinCoreEnvironment;Ljava/io/File;Ljava/util/List;ZILjava/lang/Object;)Z+17
j  org.jetbrains.kotlin.cli.jvm.K2JVMCompiler.doExecute(Lorg/jetbrains/kotlin/cli/common/arguments/K2JVMCompilerArguments;Lorg/jetbrains/kotlin/config/CompilerConfiguration;Lorg/jetbrains/kotlin/com/intellij/openapi/Disposable;Lorg/jetbrains/kotlin/utils/KotlinPaths;)Lorg/jetbrains/kotlin/cli/common/ExitCode;+1041
j  org.jetbrains.kotlin.cli.jvm.K2JVMCompiler.doExecute(Lorg/jetbrains/kotlin/cli/common/arguments/CommonCompilerArguments;Lorg/jetbrains/kotlin/config/CompilerConfiguration;Lorg/jetbrains/kotlin/com/intellij/openapi/Disposable;Lorg/jetbrains/kotlin/utils/KotlinPaths;)Lorg/jetbrains/kotlin/cli/common/ExitCode;+9
j  org.jetbrains.kotlin.cli.common.CLICompiler.execImpl(Lorg/jetbrains/kotlin/cli/common/messages/MessageCollector;Lorg/jetbrains/kotlin/config/Services;Lorg/jetbrains/kotlin/cli/common/arguments/CommonCompilerArguments;)Lorg/jetbrains/kotlin/cli/common/ExitCode;+219
j  org.jetbrains.kotlin.cli.common.CLICompiler.execImpl(Lorg/jetbrains/kotlin/cli/common/messages/MessageCollector;Lorg/jetbrains/kotlin/config/Services;Lorg/jetbrains/kotlin/cli/common/arguments/CommonToolArguments;)Lorg/jetbrains/kotlin/cli/common/ExitCode;+7
j  org.jetbrains.kotlin.cli.common.CLITool.exec(Lorg/jetbrains/kotlin/cli/common/messages/MessageCollector;Lorg/jetbrains/kotlin/config/Services;Lorg/jetbrains/kotlin/cli/common/arguments/CommonToolArguments;)Lorg/jetbrains/kotlin/cli/common/ExitCode;+76
j  org.jetbrains.kotlin.cli.common.CLITool.exec(Ljava/io/PrintStream;Lorg/jetbrains/kotlin/config/Services;Lorg/jetbrains/kotlin/cli/common/messages/MessageRenderer;[Ljava/lang/String;)Lorg/jetbrains/kotlin/cli/common/ExitCode;+224
j  org.jetbrains.kotlin.cli.common.CLITool.exec(Ljava/io/PrintStream;Lorg/jetbrains/kotlin/cli/common/messages/MessageRenderer;[Ljava/lang/String;)Lorg/jetbrains/kotlin/cli/common/ExitCode;+25
j  org.jetbrains.kotlin.cli.common.CLITool$Companion.doMainNoExit(Lorg/jetbrains/kotlin/cli/common/CLITool;[Ljava/lang/String;Lorg/jetbrains/kotlin/cli/common/messages/MessageRenderer;)Lorg/jetbrains/kotlin/cli/common/ExitCode;+39
j  org.jetbrains.kotlin.cli.common.CLITool$Companion.doMainNoExit$default(Lorg/jetbrains/kotlin/cli/common/CLITool$Companion;Lorg/jetbrains/kotlin/cli/common/CLITool;[Ljava/lang/String;Lorg/jetbrains/kotlin/cli/common/messages/MessageRenderer;ILjava/lang/Object;)Lorg/jetbrains/kotlin/cli/common/ExitCode;+16
j  org.jetbrains.kotlin.cli.common.CLITool$Companion.doMain(Lorg/jetbrains/kotlin/cli/common/CLITool;[Ljava/lang/String;)V+57
j  org.jetbrains.kotlin.cli.jvm.K2JVMCompiler$Companion.main([Ljava/lang/String;)V+20
j  org.jetbrains.kotlin.cli.jvm.K2JVMCompiler.main([Ljava/lang/String;)V+4
v  ~StubRoutines::call_stub

---------------  P R O C E S S  ---------------

Threads class SMR info:
_java_thread_list=0x0000025a92bd42b0, length=12, elements={
0x0000025af2bcbb50, 0x0000025a92460630, 0x0000025a92461720, 0x0000025a92474500,
0x0000025a92476130, 0x0000025a92478bf0, 0x0000025a924795a0, 0x0000025a92497500,
0x0000025a92497eb0, 0x0000025a92499080, 0x0000025a92616aa0, 0x0000025a92629010
}

Java Threads: ( => current thread )
=>0x0000025af2bcbb50 JavaThread "main" [_thread_in_vm, id=367064, stack(0x000000776ae00000,0x000000776af00000)]
  0x0000025a92460630 JavaThread "Reference Handler" daemon [_thread_blocked, id=358676, stack(0x000000776b500000,0x000000776b600000)]
  0x0000025a92461720 JavaThread "Finalizer" daemon [_thread_blocked, id=374416, stack(0x000000776b600000,0x000000776b700000)]
  0x0000025a92474500 JavaThread "Signal Dispatcher" daemon [_thread_blocked, id=325812, stack(0x000000776b700000,0x000000776b800000)]
  0x0000025a92476130 JavaThread "Attach Listener" daemon [_thread_blocked, id=367692, stack(0x000000776b800000,0x000000776b900000)]
  0x0000025a92478bf0 JavaThread "Service Thread" daemon [_thread_blocked, id=337660, stack(0x000000776b900000,0x000000776ba00000)]
  0x0000025a924795a0 JavaThread "Monitor Deflation Thread" daemon [_thread_blocked, id=366720, stack(0x000000776ba00000,0x000000776bb00000)]
  0x0000025a92497500 JavaThread "C2 CompilerThread0" daemon [_thread_blocked, id=369852, stack(0x000000776bb00000,0x000000776bc00000)]
  0x0000025a92497eb0 JavaThread "C1 CompilerThread0" daemon [_thread_blocked, id=375724, stack(0x000000776bc00000,0x000000776bd00000)]
  0x0000025a92499080 JavaThread "Sweeper thread" daemon [_thread_blocked, id=372316, stack(0x000000776bd00000,0x000000776be00000)]
  0x0000025a92616aa0 JavaThread "Notification Thread" daemon [_thread_blocked, id=371668, stack(0x000000776be00000,0x000000776bf00000)]
  0x0000025a92629010 JavaThread "Common-Cleaner" daemon [_thread_blocked, id=366868, stack(0x000000776c000000,0x000000776c100000)]

Other Threads:
  0x0000025a91a9eb80 VMThread "VM Thread" [stack: 0x000000776b400000,0x000000776b500000] [id=374168]
  0x0000025a924f35d0 WatcherThread [stack: 0x000000776bf00000,0x000000776c000000] [id=327008]
  0x0000025af2c3a5e0 GCTaskThread "GC Thread#0" [stack: 0x000000776af00000,0x000000776b000000] [id=366220]
  0x0000025a92abc3e0 GCTaskThread "GC Thread#1" [stack: 0x000000776c200000,0x000000776c300000] [id=374832]
  0x0000025a92be2470 GCTaskThread "GC Thread#2" [stack: 0x000000776c300000,0x000000776c400000] [id=367244]
  0x0000025a92be2720 GCTaskThread "GC Thread#3" [stack: 0x000000776c400000,0x000000776c500000] [id=1228]
  0x0000025a92c12070 GCTaskThread "GC Thread#4" [stack: 0x000000776c500000,0x000000776c600000] [id=374128]
  0x0000025a92c12320 GCTaskThread "GC Thread#5" [stack: 0x000000776c600000,0x000000776c700000] [id=375004]
  0x0000025a93bc2200 GCTaskThread "GC Thread#6" [stack: 0x000000776c100000,0x000000776c200000] [id=374896]
  0x0000025a93bc34d0 GCTaskThread "GC Thread#7" [stack: 0x000000776c700000,0x000000776c800000] [id=312072]
  0x0000025a93bc2f70 GCTaskThread "GC Thread#8" [stack: 0x000000776c800000,0x000000776c900000] [id=374904]
  0x0000025a93bc24b0 GCTaskThread "GC Thread#9" [stack: 0x000000776c900000,0x000000776ca00000] [id=372532]
  0x0000025af2c4b420 ConcurrentGCThread "G1 Main Marker" [stack: 0x000000776b000000,0x000000776b100000] [id=371812]
  0x0000025af2c4c5d0 ConcurrentGCThread "G1 Conc#0" [stack: 0x000000776b100000,0x000000776b200000] [id=371348]
  0x0000025a93bc3220 ConcurrentGCThread "G1 Conc#1" [stack: 0x000000776ca00000,0x000000776cb00000] [id=368728]
  0x0000025a93bc2a10 ConcurrentGCThread "G1 Conc#2" [stack: 0x000000776cb00000,0x000000776cc00000] [id=374296]
  0x0000025af2c9dc60 ConcurrentGCThread "G1 Refine#0" [stack: 0x000000776b200000,0x000000776b300000] [id=373212]
  0x0000025a97b83920 ConcurrentGCThread "G1 Refine#1" [stack: 0x000000776cc00000,0x000000776cd00000] [id=367188]
  0x0000025a97b86160 ConcurrentGCThread "G1 Refine#2" [stack: 0x000000776cd00000,0x000000776ce00000] [id=373912]
  0x0000025a97b85020 ConcurrentGCThread "G1 Refine#3" [stack: 0x000000776ce00000,0x000000776cf00000] [id=374616]
  0x0000025a97b84780 ConcurrentGCThread "G1 Refine#4" [stack: 0x000000776cf00000,0x000000776d000000] [id=81308]
  0x0000025af2c9e680 ConcurrentGCThread "G1 Service" [stack: 0x000000776b300000,0x000000776b400000] [id=264576]

Threads with active compile tasks:

VM state: not at safepoint (normal execution)

VM Mutex/Monitor currently owned by a thread:  ([mutex/lock_event])
[0x0000025af0b8c3f0] Metaspace_lock - owner thread: 0x0000025af2bcbb50

Heap address: 0x0000000701000000, size: 4080 MB, Compressed Oops mode: Zero based, Oop shift amount: 3

CDS archive(s) not mapped
Compressed class space mapped at: 0x0000000800000000-0x0000000840000000, reserved size: 1073741824
Narrow klass base: 0x0000000800000000, Narrow klass shift: 0, Narrow klass range: 0x40000000

GC Precious Log:
 CPUs: 12 total, 12 available
 Memory: 16315M
 Large Page Support: Disabled
 NUMA Support: Disabled
 Compressed Oops: Enabled (Zero based)
 Heap Region Size: 2M
 Heap Min Capacity: 8M
 Heap Initial Capacity: 256M
 Heap Max Capacity: 4080M
 Pre-touch: Disabled
 Parallel Workers: 10
 Concurrent Workers: 3
 Concurrent Refinement Workers: 10
 Periodic GC: Disabled

Heap:
 garbage-first heap   total 192512K, used 98676K [0x0000000701000000, 0x0000000800000000)
  region size 2048K, 7 young (14336K), 3 survivors (6144K)
 Metaspace       used 87428K, committed 87744K, reserved 1130496K
  class space    used 9825K, committed 9984K, reserved 1048576K

Heap Regions: E=young(eden), S=young(survivor), O=old, HS=humongous(starts), HC=humongous(continues), CS=collection set, F=free, OA=open archive, CA=closed archive, TAMS=top-at-mark-start (previous, next)
|   0|0x0000000701000000, 0x0000000701200000, 0x0000000701200000|100%|HS|  |TAMS 0x0000000701200000, 0x0000000701000000| Complete 
|   1|0x0000000701200000, 0x0000000701400000, 0x0000000701400000|100%|HC|  |TAMS 0x0000000701400000, 0x0000000701200000| Complete 
|   2|0x0000000701400000, 0x0000000701600000, 0x0000000701600000|100%| O|  |TAMS 0x0000000701600000, 0x0000000701400000| Untracked 
|   3|0x0000000701600000, 0x0000000701800000, 0x0000000701800000|100%|HS|  |TAMS 0x0000000701800000, 0x0000000701600000| Complete 
|   4|0x0000000701800000, 0x0000000701a00000, 0x0000000701a00000|100%|HC|  |TAMS 0x0000000701a00000, 0x0000000701800000| Complete 
|   5|0x0000000701a00000, 0x0000000701c00000, 0x0000000701c00000|100%| O|  |TAMS 0x0000000701c00000, 0x0000000701a00000| Untracked 
|   6|0x0000000701c00000, 0x0000000701e00000, 0x0000000701e00000|100%| O|  |TAMS 0x0000000701e00000, 0x0000000701c00000| Untracked 
|   7|0x0000000701e00000, 0x0000000702000000, 0x0000000702000000|100%| O|  |TAMS 0x0000000702000000, 0x0000000701e00000| Untracked 
|   8|0x0000000702000000, 0x0000000702200000, 0x0000000702200000|100%| O|  |TAMS 0x0000000702200000, 0x0000000702000000| Untracked 
|   9|0x0000000702200000, 0x0000000702400000, 0x0000000702400000|100%| O|  |TAMS 0x0000000702400000, 0x0000000702200000| Untracked 
|  10|0x0000000702400000, 0x0000000702600000, 0x0000000702600000|100%| O|  |TAMS 0x0000000702600000, 0x0000000702400000| Untracked 
|  11|0x0000000702600000, 0x0000000702800000, 0x0000000702800000|100%|HS|  |TAMS 0x0000000702800000, 0x0000000702600000| Complete 
|  12|0x0000000702800000, 0x0000000702a00000, 0x0000000702a00000|100%| O|  |TAMS 0x0000000702800000, 0x0000000702800000| Untracked 
|  13|0x0000000702a00000, 0x0000000702c00000, 0x0000000702c00000|100%| O|  |TAMS 0x0000000702c00000, 0x0000000702a00000| Untracked 
|  14|0x0000000702c00000, 0x0000000702e00000, 0x0000000702e00000|100%| O|  |TAMS 0x0000000702e00000, 0x0000000702c00000| Untracked 
|  15|0x0000000702e00000, 0x0000000703000000, 0x0000000703000000|100%| O|  |TAMS 0x0000000703000000, 0x0000000702e00000| Untracked 
|  16|0x0000000703000000, 0x0000000703200000, 0x0000000703200000|100%| O|  |TAMS 0x0000000703200000, 0x0000000703000000| Untracked 
|  17|0x0000000703200000, 0x0000000703400000, 0x0000000703400000|100%| O|  |TAMS 0x0000000703330e00, 0x0000000703200000| Untracked 
|  18|0x0000000703400000, 0x0000000703600000, 0x0000000703600000|100%| O|  |TAMS 0x0000000703400000, 0x0000000703400000| Untracked 
|  19|0x0000000703600000, 0x0000000703800000, 0x0000000703800000|100%| O|  |TAMS 0x0000000703600000, 0x0000000703600000| Untracked 
|  20|0x0000000703800000, 0x0000000703a00000, 0x0000000703a00000|100%| O|  |TAMS 0x0000000703800000, 0x0000000703800000| Untracked 
|  21|0x0000000703a00000, 0x0000000703c00000, 0x0000000703c00000|100%| O|  |TAMS 0x0000000703a00000, 0x0000000703a00000| Untracked 
|  22|0x0000000703c00000, 0x0000000703e00000, 0x0000000703e00000|100%| O|  |TAMS 0x0000000703c00000, 0x0000000703c00000| Untracked 
|  23|0x0000000703e00000, 0x0000000704000000, 0x0000000704000000|100%| O|  |TAMS 0x0000000703e00000, 0x0000000703e00000| Untracked 
|  24|0x0000000704000000, 0x0000000704200000, 0x0000000704200000|100%| O|  |TAMS 0x0000000704000000, 0x0000000704000000| Untracked 
|  25|0x0000000704200000, 0x0000000704400000, 0x0000000704400000|100%| O|  |TAMS 0x0000000704200000, 0x0000000704200000| Untracked 
|  26|0x0000000704400000, 0x0000000704600000, 0x0000000704600000|100%| O|  |TAMS 0x0000000704400000, 0x0000000704400000| Untracked 
|  27|0x0000000704600000, 0x0000000704800000, 0x0000000704800000|100%| O|  |TAMS 0x0000000704600000, 0x0000000704600000| Untracked 
|  28|0x0000000704800000, 0x0000000704a00000, 0x0000000704a00000|100%| O|  |TAMS 0x0000000704800000, 0x0000000704800000| Untracked 
|  29|0x0000000704a00000, 0x0000000704c00000, 0x0000000704c00000|100%| O|  |TAMS 0x0000000704a00000, 0x0000000704a00000| Untracked 
|  30|0x0000000704c00000, 0x0000000704e00000, 0x0000000704e00000|100%| O|  |TAMS 0x0000000704c00000, 0x0000000704c00000| Untracked 
|  31|0x0000000704e00000, 0x0000000705000000, 0x0000000705000000|100%| O|  |TAMS 0x0000000704e00000, 0x0000000704e00000| Untracked 
|  32|0x0000000705000000, 0x0000000705200000, 0x0000000705200000|100%| O|  |TAMS 0x0000000705000000, 0x0000000705000000| Untracked 
|  33|0x0000000705200000, 0x0000000705400000, 0x0000000705400000|100%| O|  |TAMS 0x0000000705200000, 0x0000000705200000| Untracked 
|  34|0x0000000705400000, 0x0000000705600000, 0x0000000705600000|100%| O|  |TAMS 0x0000000705400000, 0x0000000705400000| Untracked 
|  35|0x0000000705600000, 0x0000000705800000, 0x0000000705800000|100%| O|  |TAMS 0x0000000705600000, 0x0000000705600000| Untracked 
|  36|0x0000000705800000, 0x0000000705a00000, 0x0000000705a00000|100%| O|  |TAMS 0x0000000705800000, 0x0000000705800000| Untracked 
|  37|0x0000000705a00000, 0x0000000705c00000, 0x0000000705c00000|100%| O|  |TAMS 0x0000000705a00000, 0x0000000705a00000| Untracked 
|  38|0x0000000705c00000, 0x0000000705e00000, 0x0000000705e00000|100%| O|  |TAMS 0x0000000705c00000, 0x0000000705c00000| Untracked 
|  39|0x0000000705e00000, 0x0000000706000000, 0x0000000706000000|100%| O|  |TAMS 0x0000000705e00000, 0x0000000705e00000| Untracked 
|  40|0x0000000706000000, 0x0000000706200000, 0x0000000706200000|100%| O|  |TAMS 0x0000000706000000, 0x0000000706000000| Untracked 
|  41|0x0000000706200000, 0x0000000706400000, 0x0000000706400000|100%| O|  |TAMS 0x0000000706200000, 0x0000000706200000| Untracked 
|  42|0x0000000706400000, 0x00000007065ee600, 0x0000000706600000| 96%| O|  |TAMS 0x0000000706400000, 0x0000000706400000| Untracked 
|  43|0x0000000706600000, 0x0000000706600000, 0x0000000706800000|  0%| F|  |TAMS 0x0000000706600000, 0x0000000706600000| Untracked 
|  44|0x0000000706800000, 0x0000000706800000, 0x0000000706a00000|  0%| F|  |TAMS 0x0000000706800000, 0x0000000706800000| Untracked 
|  45|0x0000000706a00000, 0x0000000706a00000, 0x0000000706c00000|  0%| F|  |TAMS 0x0000000706a00000, 0x0000000706a00000| Untracked 
|  46|0x0000000706c00000, 0x0000000706c00000, 0x0000000706e00000|  0%| F|  |TAMS 0x0000000706c00000, 0x0000000706c00000| Untracked 
|  47|0x0000000706e00000, 0x0000000706e00000, 0x0000000707000000|  0%| F|  |TAMS 0x0000000706e00000, 0x0000000706e00000| Untracked 
|  48|0x0000000707000000, 0x0000000707000000, 0x0000000707200000|  0%| F|  |TAMS 0x0000000707000000, 0x0000000707000000| Untracked 
|  49|0x0000000707200000, 0x0000000707200000, 0x0000000707400000|  0%| F|  |TAMS 0x0000000707200000, 0x0000000707200000| Untracked 
|  50|0x0000000707400000, 0x0000000707400000, 0x0000000707600000|  0%| F|  |TAMS 0x0000000707400000, 0x0000000707400000| Untracked 
|  51|0x0000000707600000, 0x0000000707600000, 0x0000000707800000|  0%| F|  |TAMS 0x0000000707600000, 0x0000000707600000| Untracked 
|  52|0x0000000707800000, 0x0000000707800000, 0x0000000707a00000|  0%| F|  |TAMS 0x0000000707800000, 0x0000000707800000| Untracked 
|  53|0x0000000707a00000, 0x0000000707a00000, 0x0000000707c00000|  0%| F|  |TAMS 0x0000000707a00000, 0x0000000707a00000| Untracked 
|  54|0x0000000707c00000, 0x0000000707c00000, 0x0000000707e00000|  0%| F|  |TAMS 0x0000000707c00000, 0x0000000707c00000| Untracked 
|  55|0x0000000707e00000, 0x0000000707e00000, 0x0000000708000000|  0%| F|  |TAMS 0x0000000707e00000, 0x0000000707e00000| Untracked 
|  56|0x0000000708000000, 0x0000000708000000, 0x0000000708200000|  0%| F|  |TAMS 0x0000000708000000, 0x0000000708000000| Untracked 
|  57|0x0000000708200000, 0x0000000708200000, 0x0000000708400000|  0%| F|  |TAMS 0x0000000708200000, 0x0000000708200000| Untracked 
|  58|0x0000000708400000, 0x0000000708400000, 0x0000000708600000|  0%| F|  |TAMS 0x0000000708400000, 0x0000000708400000| Untracked 
|  59|0x0000000708600000, 0x0000000708600000, 0x0000000708800000|  0%| F|  |TAMS 0x0000000708600000, 0x0000000708600000| Untracked 
|  60|0x0000000708800000, 0x0000000708800000, 0x0000000708a00000|  0%| F|  |TAMS 0x0000000708800000, 0x0000000708800000| Untracked 
|  61|0x0000000708a00000, 0x0000000708a00000, 0x0000000708c00000|  0%| F|  |TAMS 0x0000000708a00000, 0x0000000708a00000| Untracked 
|  62|0x0000000708c00000, 0x0000000708c6edb0, 0x0000000708e00000| 21%| S|CS|TAMS 0x0000000708c00000, 0x0000000708c00000| Complete 
|  63|0x0000000708e00000, 0x0000000709000000, 0x0000000709000000|100%| S|CS|TAMS 0x0000000708e00000, 0x0000000708e00000| Complete 
|  64|0x0000000709000000, 0x0000000709200000, 0x0000000709200000|100%| S|CS|TAMS 0x0000000709000000, 0x0000000709000000| Complete 
|  65|0x0000000709200000, 0x0000000709200000, 0x0000000709400000|  0%| F|  |TAMS 0x0000000709200000, 0x0000000709200000| Untracked 
|  66|0x0000000709400000, 0x0000000709400000, 0x0000000709600000|  0%| F|  |TAMS 0x0000000709400000, 0x0000000709400000| Untracked 
|  67|0x0000000709600000, 0x0000000709600000, 0x0000000709800000|  0%| F|  |TAMS 0x0000000709600000, 0x0000000709600000| Untracked 
|  68|0x0000000709800000, 0x0000000709800000, 0x0000000709a00000|  0%| F|  |TAMS 0x0000000709800000, 0x0000000709800000| Untracked 
|  69|0x0000000709a00000, 0x0000000709a00000, 0x0000000709c00000|  0%| F|  |TAMS 0x0000000709a00000, 0x0000000709a00000| Untracked 
|  70|0x0000000709c00000, 0x0000000709c00000, 0x0000000709e00000|  0%| F|  |TAMS 0x0000000709c00000, 0x0000000709c00000| Untracked 
|  71|0x0000000709e00000, 0x0000000709e00000, 0x000000070a000000|  0%| F|  |TAMS 0x0000000709e00000, 0x0000000709e00000| Untracked 
|  72|0x000000070a000000, 0x000000070a000000, 0x000000070a200000|  0%| F|  |TAMS 0x000000070a000000, 0x000000070a000000| Untracked 
|  73|0x000000070a200000, 0x000000070a200000, 0x000000070a400000|  0%| F|  |TAMS 0x000000070a200000, 0x000000070a200000| Untracked 
|  74|0x000000070a400000, 0x000000070a400000, 0x000000070a600000|  0%| F|  |TAMS 0x000000070a400000, 0x000000070a400000| Untracked 
|  75|0x000000070a600000, 0x000000070a600000, 0x000000070a800000|  0%| F|  |TAMS 0x000000070a600000, 0x000000070a600000| Untracked 
|  76|0x000000070a800000, 0x000000070a800000, 0x000000070aa00000|  0%| F|  |TAMS 0x000000070a800000, 0x000000070a800000| Untracked 
|  77|0x000000070aa00000, 0x000000070aa00000, 0x000000070ac00000|  0%| F|  |TAMS 0x000000070aa00000, 0x000000070aa00000| Untracked 
|  78|0x000000070ac00000, 0x000000070ac00000, 0x000000070ae00000|  0%| F|  |TAMS 0x000000070ac00000, 0x000000070ac00000| Untracked 
|  79|0x000000070ae00000, 0x000000070ae00000, 0x000000070b000000|  0%| F|  |TAMS 0x000000070ae00000, 0x000000070ae00000| Untracked 
|  80|0x000000070b000000, 0x000000070b000000, 0x000000070b200000|  0%| F|  |TAMS 0x000000070b000000, 0x000000070b000000| Untracked 
|  81|0x000000070b200000, 0x000000070b200000, 0x000000070b400000|  0%| F|  |TAMS 0x000000070b200000, 0x000000070b200000| Untracked 
|  82|0x000000070b400000, 0x000000070b400000, 0x000000070b600000|  0%| F|  |TAMS 0x000000070b400000, 0x000000070b400000| Untracked 
|  83|0x000000070b600000, 0x000000070b600000, 0x000000070b800000|  0%| F|  |TAMS 0x000000070b600000, 0x000000070b600000| Untracked 
|  84|0x000000070b800000, 0x000000070b800000, 0x000000070ba00000|  0%| F|  |TAMS 0x000000070b800000, 0x000000070b800000| Untracked 
|  85|0x000000070ba00000, 0x000000070ba00000, 0x000000070bc00000|  0%| F|  |TAMS 0x000000070ba00000, 0x000000070ba00000| Untracked 
|  86|0x000000070bc00000, 0x000000070bc00000, 0x000000070be00000|  0%| F|  |TAMS 0x000000070bc00000, 0x000000070bc00000| Untracked 
|  87|0x000000070be00000, 0x000000070be00000, 0x000000070c000000|  0%| F|  |TAMS 0x000000070be00000, 0x000000070be00000| Untracked 
|  88|0x000000070c000000, 0x000000070c000000, 0x000000070c200000|  0%| F|  |TAMS 0x000000070c000000, 0x000000070c000000| Untracked 
| 122|0x0000000710400000, 0x0000000710400000, 0x0000000710600000|  0%| F|  |TAMS 0x0000000710400000, 0x0000000710400000| Untracked 
| 123|0x0000000710600000, 0x0000000710700800, 0x0000000710800000| 50%| E|  |TAMS 0x0000000710600000, 0x0000000710600000| Complete 
| 124|0x0000000710800000, 0x0000000710a00000, 0x0000000710a00000|100%| E|CS|TAMS 0x0000000710800000, 0x0000000710800000| Complete 
| 125|0x0000000710a00000, 0x0000000710c00000, 0x0000000710c00000|100%| E|CS|TAMS 0x0000000710a00000, 0x0000000710a00000| Complete 
| 127|0x0000000710e00000, 0x0000000711000000, 0x0000000711000000|100%| E|CS|TAMS 0x0000000710e00000, 0x0000000710e00000| Complete 

Card table byte_map: [0x0000025af6df0000,0x0000025af75f0000] _byte_map_base: 0x0000025af35e8000

Marking Bits (Prev, Next): (CMBitMap*) 0x0000025af2c3ac30, (CMBitMap*) 0x0000025af2c3abf0
 Prev Bits: [0x0000025afbdb0000, 0x0000025affd70000)
 Next Bits: [0x0000025af7df0000, 0x0000025afbdb0000)

Polling page: 0x0000025af23a0000

Metaspace:

Usage:
  Non-class:     75.78 MB used.
      Class:      9.60 MB used.
       Both:     85.38 MB used.

Virtual space:
  Non-class space:       80.00 MB reserved,      75.94 MB ( 95%) committed,  10 nodes.
      Class space:        1.00 GB reserved,       9.75 MB ( <1%) committed,  1 nodes.
             Both:        1.08 GB reserved,      85.69 MB (  8%) committed. 

Chunk freelists:
   Non-Class:  48.00 KB
       Class:  2.25 MB
        Both:  2.30 MB

MaxMetaspaceSize: unlimited
CompressedClassSpaceSize: 1.00 GB
Initial GC threshold: 21.00 MB
Current GC threshold: 98.12 MB
CDS: off
MetaspaceReclaimPolicy: balanced
 - commit_granule_bytes: 65536.
 - commit_granule_words: 8192.
 - virtual_space_node_default_size: 1048576.
 - enlarge_chunks_in_place: 1.
 - new_chunks_are_fully_committed: 0.
 - uncommit_free_chunks: 1.
 - use_allocation_guard: 0.
 - handle_deallocations: 1.


Internal statistics:

num_allocs_failed_limit: 9.
num_arena_births: 494.
num_arena_deaths: 0.
num_vsnodes_births: 11.
num_vsnodes_deaths: 0.
num_space_committed: 1369.
num_space_uncommitted: 0.
num_chunks_returned_to_freelist: 9.
num_chunks_taken_from_freelist: 3337.
num_chunk_merges: 9.
num_chunk_splits: 2675.
num_chunks_enlarged: 2268.
num_purges: 0.
num_inconsistent_stats: 0.

CodeHeap 'non-profiled nmethods': size=120000Kb used=4732Kb max_used=4732Kb free=115267Kb
 bounds [0x0000025a87ad0000, 0x0000025a87f70000, 0x0000025a8f000000]
CodeHeap 'profiled nmethods': size=120000Kb used=30710Kb max_used=30710Kb free=89289Kb
 bounds [0x0000025a80000000, 0x0000025a81e00000, 0x0000025a87530000]
CodeHeap 'non-nmethods': size=5760Kb used=1414Kb max_used=1488Kb free=4345Kb
 bounds [0x0000025a87530000, 0x0000025a877a0000, 0x0000025a87ad0000]
 total_blobs=13016 nmethods=12268 adapters=656
 compilation: disabled (not enough contiguous free space left)
              stopped_count=1, restarted_count=0
 full_count=1

Compilation events (20 events):
Event: 12.375 Thread 0x0000025a92497eb0 nmethod 13930 0x0000025a81df8510 code [0x0000025a81df8800, 0x0000025a81df9658]
Event: 12.375 Thread 0x0000025a92497eb0 13929       3       org.jetbrains.kotlin.backend.jvm.InlineClassAbiKt::getFullValueParameterList (27 bytes)
Event: 12.375 Thread 0x0000025a92497eb0 nmethod 13929 0x0000025a81df9b10 code [0x0000025a81df9dc0, 0x0000025a81dfab98]
Event: 12.375 Thread 0x0000025a92497eb0 13875       3       org.jetbrains.kotlin.backend.common.ClassLoweringVisitor::visitSetField (13 bytes)
Event: 12.376 Thread 0x0000025a92497eb0 nmethod 13875 0x0000025a81dfb010 code [0x0000025a81dfb300, 0x0000025a81dfc118]
Event: 12.376 Thread 0x0000025a92497eb0 13876       3       org.jetbrains.kotlin.backend.common.ClassLoweringVisitor::visitSetField (7 bytes)
Event: 12.376 Thread 0x0000025a92497eb0 nmethod 13876 0x0000025a81dfc610 code [0x0000025a81dfc8e0, 0x0000025a81dfd598]
Event: 12.377 Thread 0x0000025a92497eb0 13877       3       org.jetbrains.kotlin.backend.common.ClassLoweringVisitor::visitSetField (6 bytes)
Event: 12.377 Thread 0x0000025a92497eb0 nmethod 13877 0x0000025a81dfda90 code [0x0000025a81dfdd60, 0x0000025a81dfea18]
Event: 12.377 Thread 0x0000025a92497eb0 13933       3       org.jetbrains.kotlin.backend.jvm.InlineClassAbiKt::getHasMangledParameters (138 bytes)
Event: 12.378 Thread 0x0000025a92497500 nmethod 13921 0x0000025a87f67610 code [0x0000025a87f677e0, 0x0000025a87f68098]
Event: 12.378 Thread 0x0000025a92497500 13925       4       java.util.HashMap::put (13 bytes)
Event: 12.379 Thread 0x0000025a92497eb0 nmethod 13933 0x0000025a87f68610 code [0x0000025a87f68c60, 0x0000025a87f6c618]
Event: 12.379 Thread 0x0000025a92497eb0 13937       3       org.jetbrains.kotlin.backend.jvm.InlineClassAbiKt::getHasMangledReturnType (56 bytes)
Event: 12.380 Thread 0x0000025a92497eb0 nmethod 13937 0x0000025a87f6d510 code [0x0000025a87f6d880, 0x0000025a87f6ec88]
Event: 12.380 Thread 0x0000025a92497eb0 13935       3       org.jetbrains.kotlin.backend.jvm.lower.JvmValueClassAbstractLowering$visitClassNew$2::invoke (9 bytes)
Event: 12.380 Thread 0x0000025a92497eb0 nmethod 13935 0x0000025a81dfee90 code [0x0000025a81dff040, 0x0000025a81dff288]
Event: 12.380 Thread 0x0000025a92497eb0 13936       3       org.jetbrains.kotlin.backend.jvm.lower.JvmValueClassAbstractLowering$visitClassNew$2::invoke (79 bytes)
Event: 12.381 Thread 0x0000025a92497eb0 

Event: 12.387 Thread 0x0000025a92497500 


GC Heap History (20 events):
Event: 3.518 GC heap before
{Heap before GC invocations=10 (full 0):
 garbage-first heap   total 159744K, used 27821K [0x0000000701000000, 0x0000000800000000)
  region size 2048K, 3 young (6144K), 1 survivors (2048K)
 Metaspace       used 38565K, committed 38848K, reserved 1089536K
  class space    used 4885K, committed 4992K, reserved 1048576K
}
Event: 3.522 GC heap after
{Heap after GC invocations=11 (full 0):
 garbage-first heap   total 159744K, used 25862K [0x0000000701000000, 0x0000000800000000)
  region size 2048K, 1 young (2048K), 1 survivors (2048K)
 Metaspace       used 38565K, committed 38848K, reserved 1089536K
  class space    used 4885K, committed 4992K, reserved 1048576K
}
Event: 4.854 GC heap before
{Heap before GC invocations=11 (full 0):
 garbage-first heap   total 159744K, used 105734K [0x0000000701000000, 0x0000000800000000)
  region size 2048K, 39 young (79872K), 1 survivors (2048K)
 Metaspace       used 53269K, committed 53568K, reserved 1097728K
  class space    used 6426K, committed 6592K, reserved 1048576K
}
Event: 4.865 GC heap after
{Heap after GC invocations=12 (full 0):
 garbage-first heap   total 159744K, used 36613K [0x0000000701000000, 0x0000000800000000)
  region size 2048K, 5 young (10240K), 5 survivors (10240K)
 Metaspace       used 53269K, committed 53568K, reserved 1097728K
  class space    used 6426K, committed 6592K, reserved 1048576K
}
Event: 5.779 GC heap before
{Heap before GC invocations=12 (full 0):
 garbage-first heap   total 159744K, used 108293K [0x0000000701000000, 0x0000000800000000)
  region size 2048K, 40 young (81920K), 5 survivors (10240K)
 Metaspace       used 59110K, committed 59392K, reserved 1105920K
  class space    used 7032K, committed 7168K, reserved 1048576K
}
Event: 5.793 GC heap after
{Heap after GC invocations=13 (full 0):
 garbage-first heap   total 159744K, used 44788K [0x0000000701000000, 0x0000000800000000)
  region size 2048K, 5 young (10240K), 5 survivors (10240K)
 Metaspace       used 59110K, committed 59392K, reserved 1105920K
  class space    used 7032K, committed 7168K, reserved 1048576K
}
Event: 6.150 GC heap before
{Heap before GC invocations=13 (full 0):
 garbage-first heap   total 159744K, used 71412K [0x0000000701000000, 0x0000000800000000)
  region size 2048K, 19 young (38912K), 5 survivors (10240K)
 Metaspace       used 59888K, committed 60160K, reserved 1105920K
  class space    used 7097K, committed 7232K, reserved 1048576K
}
Event: 6.163 GC heap after
{Heap after GC invocations=14 (full 0):
 garbage-first heap   total 159744K, used 50327K [0x0000000701000000, 0x0000000800000000)
  region size 2048K, 3 young (6144K), 3 survivors (6144K)
 Metaspace       used 59888K, committed 60160K, reserved 1105920K
  class space    used 7097K, committed 7232K, reserved 1048576K
}
Event: 7.505 GC heap before
{Heap before GC invocations=15 (full 0):
 garbage-first heap   total 159744K, used 113815K [0x0000000701000000, 0x0000000800000000)
  region size 2048K, 34 young (69632K), 3 survivors (6144K)
 Metaspace       used 63702K, committed 64000K, reserved 1105920K
  class space    used 7470K, committed 7616K, reserved 1048576K
}
Event: 7.521 GC heap after
{Heap after GC invocations=16 (full 0):
 garbage-first heap   total 159744K, used 59392K [0x0000000701000000, 0x0000000800000000)
  region size 2048K, 5 young (10240K), 5 survivors (10240K)
 Metaspace       used 63702K, committed 64000K, reserved 1105920K
  class space    used 7470K, committed 7616K, reserved 1048576K
}
Event: 7.574 GC heap before
{Heap before GC invocations=16 (full 0):
 garbage-first heap   total 159744K, used 61440K [0x0000000701000000, 0x0000000800000000)
  region size 2048K, 6 young (12288K), 5 survivors (10240K)
 Metaspace       used 63752K, committed 64064K, reserved 1105920K
  class space    used 7470K, committed 7616K, reserved 1048576K
}
Event: 7.592 GC heap after
{Heap after GC invocations=17 (full 0):
 garbage-first heap   total 192512K, used 61187K [0x0000000701000000, 0x0000000800000000)
  region size 2048K, 1 young (2048K), 1 survivors (2048K)
 Metaspace       used 63752K, committed 64064K, reserved 1105920K
  class space    used 7470K, committed 7616K, reserved 1048576K
}
Event: 9.225 GC heap before
{Heap before GC invocations=17 (full 0):
 garbage-first heap   total 192512K, used 143107K [0x0000000701000000, 0x0000000800000000)
  region size 2048K, 41 young (83968K), 1 survivors (2048K)
 Metaspace       used 67189K, committed 67456K, reserved 1114112K
  class space    used 7701K, committed 7808K, reserved 1048576K
}
Event: 9.235 GC heap after
{Heap after GC invocations=18 (full 0):
 garbage-first heap   total 192512K, used 66740K [0x0000000701000000, 0x0000000800000000)
  region size 2048K, 4 young (8192K), 4 survivors (8192K)
 Metaspace       used 67189K, committed 67456K, reserved 1114112K
  class space    used 7701K, committed 7808K, reserved 1048576K
}
Event: 10.909 GC heap before
{Heap before GC invocations=18 (full 0):
 garbage-first heap   total 192512K, used 144564K [0x0000000701000000, 0x0000000800000000)
  region size 2048K, 42 young (86016K), 4 survivors (8192K)
 Metaspace       used 76173K, committed 76544K, reserved 1122304K
  class space    used 8662K, committed 8832K, reserved 1048576K
}
Event: 10.931 GC heap after
{Heap after GC invocations=19 (full 0):
 garbage-first heap   total 192512K, used 79166K [0x0000000701000000, 0x0000000800000000)
  region size 2048K, 6 young (12288K), 6 survivors (12288K)
 Metaspace       used 76173K, committed 76544K, reserved 1122304K
  class space    used 8662K, committed 8832K, reserved 1048576K
}
Event: 12.048 GC heap before
{Heap before GC invocations=19 (full 0):
 garbage-first heap   total 192512K, used 144702K [0x0000000701000000, 0x0000000800000000)
  region size 2048K, 38 young (77824K), 6 survivors (12288K)
 Metaspace       used 83283K, committed 83648K, reserved 1130496K
  class space    used 9438K, committed 9600K, reserved 1048576K
}
Event: 12.066 GC heap after
{Heap after GC invocations=20 (full 0):
 garbage-first heap   total 192512K, used 88480K [0x0000000701000000, 0x0000000800000000)
  region size 2048K, 5 young (10240K), 5 survivors (10240K)
 Metaspace       used 83283K, committed 83648K, reserved 1130496K
  class space    used 9438K, committed 9600K, reserved 1048576K
}
Event: 13.009 GC heap before
{Heap before GC invocations=20 (full 0):
 garbage-first heap   total 192512K, used 147872K [0x0000000701000000, 0x0000000800000000)
  region size 2048K, 34 young (69632K), 5 survivors (10240K)
 Metaspace       used 86285K, committed 86656K, reserved 1130496K
  class space    used 9731K, committed 9920K, reserved 1048576K
}
Event: 13.020 GC heap after
{Heap after GC invocations=21 (full 0):
 garbage-first heap   total 192512K, used 92532K [0x0000000701000000, 0x0000000800000000)
  region size 2048K, 3 young (6144K), 3 survivors (6144K)
 Metaspace       used 86285K, committed 86656K, reserved 1130496K
  class space    used 9731K, committed 9920K, reserved 1048576K
}

Dll operation events (2 events):
Event: 0.012 Loaded shared library C:\Program Files\Android\Android Studio\jbr\bin\java.dll
Event: 1.350 Loaded shared library C:\Program Files\Android\Android Studio\jbr\bin\verify.dll

Deoptimization events (20 events):
Event: 13.025 Thread 0x0000025af2bcbb50 Uncommon trap: trap_request=0xffffff66 fr.pc=0x0000025a87f3fe9c relative=0x00000000000001fc
Event: 13.025 Thread 0x0000025af2bcbb50 Uncommon trap: reason=speculate_class_check action=maybe_recompile pc=0x0000025a87f3fe9c method=org.jetbrains.kotlin.ir.expressions.IrExpression.transform(Lorg/jetbrains/kotlin/ir/visitors/IrElementTransformer;Ljava/lang/Object;)Lorg/jetbrains/kotlin/ir/e
Event: 13.025 Thread 0x0000025af2bcbb50 DEOPT PACKING pc=0x0000025a87f3fe9c sp=0x000000776aefc1d0
Event: 13.025 Thread 0x0000025af2bcbb50 DEOPT UNPACKING pc=0x0000025a875869a3 sp=0x000000776aefc100 mode 2
Event: 13.025 Thread 0x0000025af2bcbb50 Uncommon trap: trap_request=0xffffff66 fr.pc=0x0000025a87f3fe9c relative=0x00000000000001fc
Event: 13.025 Thread 0x0000025af2bcbb50 Uncommon trap: reason=speculate_class_check action=maybe_recompile pc=0x0000025a87f3fe9c method=org.jetbrains.kotlin.ir.expressions.IrExpression.transform(Lorg/jetbrains/kotlin/ir/visitors/IrElementTransformer;Ljava/lang/Object;)Lorg/jetbrains/kotlin/ir/e
Event: 13.025 Thread 0x0000025af2bcbb50 DEOPT PACKING pc=0x0000025a87f3fe9c sp=0x000000776aefbc60
Event: 13.025 Thread 0x0000025af2bcbb50 DEOPT UNPACKING pc=0x0000025a875869a3 sp=0x000000776aefbb90 mode 2
Event: 13.110 Thread 0x0000025af2bcbb50 Uncommon trap: trap_request=0xffffff45 fr.pc=0x0000025a87f241dc relative=0x00000000000002bc
Event: 13.110 Thread 0x0000025af2bcbb50 Uncommon trap: reason=unstable_if action=reinterpret pc=0x0000025a87f241dc method=java.lang.String.indexOf([BBILjava/lang/String;I)I @ 21 c2
Event: 13.110 Thread 0x0000025af2bcbb50 DEOPT PACKING pc=0x0000025a87f241dc sp=0x000000776aefd270
Event: 13.110 Thread 0x0000025af2bcbb50 DEOPT UNPACKING pc=0x0000025a875869a3 sp=0x000000776aefd110 mode 2
Event: 13.134 Thread 0x0000025af2bcbb50 Uncommon trap: trap_request=0xffffffde fr.pc=0x0000025a87e7b068 relative=0x00000000000002a8
Event: 13.134 Thread 0x0000025af2bcbb50 Uncommon trap: reason=class_check action=maybe_recompile pc=0x0000025a87e7b068 method=org.jetbrains.kotlin.utils.ThreadLocalDelegate.getValue(Ljava/lang/Object;Lkotlin/reflect/KProperty;)Ljava/lang/Object; @ 42 c2
Event: 13.134 Thread 0x0000025af2bcbb50 DEOPT PACKING pc=0x0000025a87e7b068 sp=0x000000776aefdf90
Event: 13.134 Thread 0x0000025af2bcbb50 DEOPT UNPACKING pc=0x0000025a875869a3 sp=0x000000776aefdf30 mode 2
Event: 13.134 Thread 0x0000025af2bcbb50 Uncommon trap: trap_request=0xffffffde fr.pc=0x0000025a87e7b068 relative=0x00000000000002a8
Event: 13.134 Thread 0x0000025af2bcbb50 Uncommon trap: reason=class_check action=maybe_recompile pc=0x0000025a87e7b068 method=org.jetbrains.kotlin.utils.ThreadLocalDelegate.getValue(Ljava/lang/Object;Lkotlin/reflect/KProperty;)Ljava/lang/Object; @ 42 c2
Event: 13.134 Thread 0x0000025af2bcbb50 DEOPT PACKING pc=0x0000025a87e7b068 sp=0x000000776aefdf90
Event: 13.134 Thread 0x0000025af2bcbb50 DEOPT UNPACKING pc=0x0000025a875869a3 sp=0x000000776aefdf30 mode 2

Classes unloaded (0 events):
No events

Classes redefined (0 events):
No events

Internal exceptions (20 events):
Event: 6.485 Thread 0x0000025af2bcbb50 Exception <a 'java/lang/NoSuchMethodError'{0x0000000709f3b540}: 'int java.lang.invoke.DirectMethodHandle$Holder.invokeStaticInit(java.lang.Object, int)'> (0x0000000709f3b540) 
thrown [s\src\hotspot\share\interpreter\linkResolver.cpp, line 771]
Event: 7.861 Thread 0x0000025af2bcbb50 Exception <a 'java/lang/NoSuchMethodError'{0x000000070bcd9a80}: 'java.lang.Object java.lang.invoke.DirectMethodHandle$Holder.newInvokeSpecial(java.lang.Object, java.lang.Object, java.lang.Object, java.lang.Object, java.lang.Object, java.lang.Object, java.lang.Object)'> (0x000000070bcd9a80) 
thrown [s\src\hotspot\share\interpreter\linkResolver.cpp, line 771]
Event: 7.862 Thread 0x0000025af2bcbb50 Exception <a 'java/lang/NoSuchMethodError'{0x000000070bcde8e0}: 'java.lang.Object java.lang.invoke.Invokers$Holder.linkToTargetMethod(java.lang.Object, java.lang.Object, java.lang.Object, java.lang.Object, java.lang.Object, java.lang.Object, java.lang.Object)'> (0x000000070bcde8e0) 
thrown [s\src\hotspot\share\interpreter\linkResolver.cpp, line 771]
Event: 8.261 Thread 0x0000025af2bcbb50 Implicit null exception at 0x0000025a87d71f75 to 0x0000025a87d726b8
Event: 8.273 Thread 0x0000025af2bcbb50 Exception <a 'java/lang/NoSuchMethodError'{0x000000070a8650d0}: 'java.lang.Object java.lang.invoke.DirectMethodHandle$Holder.invokeInterface(java.lang.Object, java.lang.Object, java.lang.Object)'> (0x000000070a8650d0) 
thrown [s\src\hotspot\share\interpreter\linkResolver.cpp, line 771]
Event: 8.273 Thread 0x0000025af2bcbb50 Exception <a 'java/lang/IncompatibleClassChangeError'{0x000000070a868ce8}: Found class java.lang.Object, but interface was expected> (0x000000070a868ce8) 
thrown [s\src\hotspot\share\interpreter\linkResolver.cpp, line 838]
Event: 8.277 Thread 0x0000025af2bcbb50 Implicit null exception at 0x0000025a87d9aa72 to 0x0000025a87d9b1c4
Event: 8.589 Thread 0x0000025af2bcbb50 Exception <a 'java/lang/NoSuchMethodError'{0x0000000709aaaa38}: 'void java.lang.invoke.DirectMethodHandle$Holder.invokeStatic(java.lang.Object, java.lang.Object, java.lang.Object)'> (0x0000000709aaaa38) 
thrown [s\src\hotspot\share\interpreter\linkResolver.cpp, line 771]
Event: 9.127 Thread 0x0000025af2bcbb50 Implicit null exception at 0x0000025a87b6a274 to 0x0000025a87b6a48c
Event: 9.463 Thread 0x0000025af2bcbb50 Exception <a 'java/lang/NoSuchMethodError'{0x00000007105aa5b8}: 'java.lang.Object java.lang.invoke.DirectMethodHandle$Holder.invokeStaticInit(java.lang.Object, java.lang.Object, java.lang.Object, java.lang.Object)'> (0x00000007105aa5b8) 
thrown [s\src\hotspot\share\interpreter\linkResolver.cpp, line 771]
Event: 9.789 Thread 0x0000025af2bcbb50 Exception <a 'java/lang/NoSuchMethodError'{0x000000070b7c6920}: 'java.lang.Object java.lang.invoke.DirectMethodHandle$Holder.newInvokeSpecial(java.lang.Object, java.lang.Object, java.lang.Object, int, int)'> (0x000000070b7c6920) 
thrown [s\src\hotspot\share\interpreter\linkResolver.cpp, line 771]
Event: 9.789 Thread 0x0000025af2bcbb50 Exception <a 'java/lang/NoSuchMethodError'{0x000000070b7ca760}: 'java.lang.Object java.lang.invoke.DirectMethodHandle$Holder.invokeSpecial(java.lang.Object, java.lang.Object, java.lang.Object, java.lang.Object, int, int)'> (0x000000070b7ca760) 
thrown [s\src\hotspot\share\interpreter\linkResolver.cpp, line 771]
Event: 10.072 Thread 0x0000025af2bcbb50 Implicit null exception at 0x0000025a87b3dd80 to 0x0000025a87b3dfe4
Event: 10.125 Thread 0x0000025af2bcbb50 Exception <a 'java/lang/NoSuchMethodError'{0x000000070a61df40}: 'java.lang.Object java.lang.invoke.DirectMethodHandle$Holder.newInvokeSpecial(java.lang.Object, java.lang.Object, int, int, java.lang.Object, java.lang.Object, java.lang.Object)'> (0x000000070a61df40) 
thrown [s\src\hotspot\share\interpreter\linkResolver.cpp, line 771]
Event: 10.125 Thread 0x0000025af2bcbb50 Exception <a 'java/lang/NoSuchMethodError'{0x000000070a622540}: 'java.lang.Object java.lang.invoke.DirectMethodHandle$Holder.invokeSpecial(java.lang.Object, java.lang.Object, java.lang.Object, int, int, java.lang.Object, java.lang.Object, java.lang.Object)'> (0x000000070a622540) 
thrown [s\src\hotspot\share\interpreter\linkResolver.cpp, line 771]
Event: 10.130 Thread 0x0000025af2bcbb50 Exception <a 'java/lang/NoSuchMethodError'{0x000000070a65c918}: 'java.lang.Object java.lang.invoke.DirectMethodHandle$Holder.newInvokeSpecial(java.lang.Object, int, java.lang.Object, java.lang.Object)'> (0x000000070a65c918) 
thrown [s\src\hotspot\share\interpreter\linkResolver.cpp, line 771]
Event: 10.141 Thread 0x0000025af2bcbb50 Exception <a 'java/lang/NoSuchMethodError'{0x000000070a6bd868}: 'java.lang.Object java.lang.invoke.DirectMethodHandle$Holder.invokeSpecial(java.lang.Object, java.lang.Object, int, int, java.lang.Object, java.lang.Object, java.lang.Object, java.lang.Object, java.lang.Object)'> (0x000000070a6bd868) 
thrown [s\src\hotspot\share\interpreter\linkResolver.cpp, line 771]
Event: 10.236 Thread 0x0000025af2bcbb50 Exception <a 'java/lang/NoSuchMethodError'{0x000000070a5a78a0}: 'java.lang.Object java.lang.invoke.DirectMethodHandle$Holder.invokeStatic(java.lang.Object, java.lang.Object, java.lang.Object, int, int, java.lang.Object, java.lang.Object, java.lang.Object, java.lang.Object)'> (0x000000070a5a78a0) 
thrown [s\src\hotspot\share\interpreter\linkResolver.cpp, line 771]
Event: 10.237 Thread 0x0000025af2bcbb50 Exception <a 'java/lang/NoSuchMethodError'{0x000000070a5b1b68}: 'java.lang.Object java.lang.invoke.DirectMethodHandle$Holder.newInvokeSpecial(java.lang.Object, java.lang.Object, java.lang.Object, int, int, java.lang.Object)'> (0x000000070a5b1b68) 
thrown [s\src\hotspot\share\interpreter\linkResolver.cpp, line 771]
Event: 10.237 Thread 0x0000025af2bcbb50 Exception <a 'java/lang/NoSuchMethodError'{0x000000070a5b9508}: 'java.lang.Object java.lang.invoke.Invokers$Holder.linkToTargetMethod(java.lang.Object, java.lang.Object, int, int, java.lang.Object, java.lang.Object)'> (0x000000070a5b9508) 
thrown [s\src\hotspot\share\interpreter\linkResolver.cpp, line 771]

VM Operations (20 events):
Event: 12.209 Executing VM operation: ICBufferFull
Event: 12.209 Executing VM operation: ICBufferFull done
Event: 12.267 Executing VM operation: HandshakeAllThreads
Event: 12.267 Executing VM operation: HandshakeAllThreads done
Event: 12.340 Executing VM operation: ICBufferFull
Event: 12.341 Executing VM operation: ICBufferFull done
Event: 12.431 Executing VM operation: ICBufferFull
Event: 12.432 Executing VM operation: ICBufferFull done
Event: 12.677 Executing VM operation: HandshakeAllThreads
Event: 12.677 Executing VM operation: HandshakeAllThreads done
Event: 13.009 Executing VM operation: G1CollectForAllocation
Event: 13.020 Executing VM operation: G1CollectForAllocation done
Event: 13.087 Executing VM operation: HandshakeAllThreads
Event: 13.087 Executing VM operation: HandshakeAllThreads done
Event: 13.103 Executing VM operation: HandshakeAllThreads
Event: 13.103 Executing VM operation: HandshakeAllThreads done
Event: 13.111 Executing VM operation: HandshakeAllThreads
Event: 13.111 Executing VM operation: HandshakeAllThreads done
Event: 13.113 Executing VM operation: HandshakeAllThreads
Event: 13.113 Executing VM operation: HandshakeAllThreads done

Events (20 events):
Event: 12.294 loading class java/lang/constant/DirectMethodHandleDescImpl
Event: 12.294 loading class java/lang/constant/DirectMethodHandleDesc
Event: 12.295 loading class java/lang/constant/DirectMethodHandleDesc done
Event: 12.295 loading class java/lang/constant/DirectMethodHandleDescImpl done
Event: 12.295 loading class java/lang/constant/DirectMethodHandleDescImpl$1
Event: 12.295 loading class java/lang/constant/DirectMethodHandleDescImpl$1 done
Event: 12.295 loading class java/lang/constant/DirectMethodHandleDesc$1
Event: 12.295 loading class java/lang/constant/DirectMethodHandleDesc$1 done
Event: 12.295 loading class java/lang/constant/PrimitiveClassDescImpl
Event: 12.295 loading class java/lang/constant/DynamicConstantDesc
Event: 12.295 loading class java/lang/constant/DynamicConstantDesc done
Event: 12.295 loading class java/lang/constant/PrimitiveClassDescImpl done
Event: 12.295 loading class java/lang/constant/DynamicConstantDesc$AnonymousDynamicConstantDesc
Event: 12.295 loading class java/lang/constant/DynamicConstantDesc$AnonymousDynamicConstantDesc done
Event: 12.295 loading class sun/security/provider/ByteArrayAccess
Event: 12.295 loading class sun/security/provider/ByteArrayAccess done
Event: 12.296 loading class java/util/Base64
Event: 12.298 loading class java/util/Base64 done
Event: 12.298 loading class java/util/Base64$Encoder
Event: 12.298 loading class java/util/Base64$Encoder done


Dynamic libraries:
0x00007ff6b96f0000 - 0x00007ff6b96fa000 	C:\Program Files\Android\Android Studio\jbr\bin\java.exe
0x00007fff62750000 - 0x00007fff62948000 	C:\windows\SYSTEM32\ntdll.dll
0x00007fff62650000 - 0x00007fff6270f000 	C:\windows\System32\KERNEL32.DLL
0x00007fff5fed0000 - 0x00007fff601c6000 	C:\windows\System32\KERNELBASE.dll
0x00007fff601d0000 - 0x00007fff602d0000 	C:\windows\System32\ucrtbase.dll
0x00007fff477f0000 - 0x00007fff47807000 	C:\Program Files\Android\Android Studio\jbr\bin\jli.dll
0x00007fff5ae20000 - 0x00007fff5ae3b000 	C:\Program Files\Android\Android Studio\jbr\bin\VCRUNTIME140.dll
0x00007fff61900000 - 0x00007fff61a9d000 	C:\windows\System32\USER32.dll
0x00007fff60460000 - 0x00007fff60482000 	C:\windows\System32\win32u.dll
0x00007fff490e0000 - 0x00007fff4937a000 	C:\windows\WinSxS\amd64_microsoft.windows.common-controls_6595b64144ccf1df_6.0.19041.1110_none_60b5254171f9507e\COMCTL32.dll
0x00007fff62510000 - 0x00007fff6253c000 	C:\windows\System32\GDI32.dll
0x00007fff60d90000 - 0x00007fff60e2e000 	C:\windows\System32\msvcrt.dll
0x00007fff605f0000 - 0x00007fff60705000 	C:\windows\System32\gdi32full.dll
0x00007fff5fe30000 - 0x00007fff5fecd000 	C:\windows\System32\msvcp_win.dll
0x00007fff616e0000 - 0x00007fff61710000 	C:\windows\System32\IMM32.DLL
0x00007fff5d2e0000 - 0x00007fff5d2ec000 	C:\Program Files\Android\Android Studio\jbr\bin\vcruntime140_1.dll
0x00007fff5ad60000 - 0x00007fff5aded000 	C:\Program Files\Android\Android Studio\jbr\bin\msvcp140.dll
0x00007fff0cdf0000 - 0x00007fff0da5e000 	C:\Program Files\Android\Android Studio\jbr\bin\server\jvm.dll
0x00007fff61710000 - 0x00007fff617bf000 	C:\windows\System32\ADVAPI32.dll
0x00007fff625b0000 - 0x00007fff6264c000 	C:\windows\System32\sechost.dll
0x00007fff623e0000 - 0x00007fff62506000 	C:\windows\System32\RPCRT4.dll
0x00007fff52f80000 - 0x00007fff52f89000 	C:\windows\SYSTEM32\WSOCK32.dll
0x00007fff62540000 - 0x00007fff625ab000 	C:\windows\System32\WS2_32.dll
0x00007fff55d30000 - 0x00007fff55d3a000 	C:\windows\SYSTEM32\VERSION.dll
0x00007fff53c50000 - 0x00007fff53c77000 	C:\windows\SYSTEM32\WINMM.dll
0x00007fff5e630000 - 0x00007fff5e642000 	C:\windows\SYSTEM32\kernel.appcore.dll
0x00007fff59810000 - 0x00007fff5981a000 	C:\Program Files\Android\Android Studio\jbr\bin\jimage.dll
0x00007fff5db80000 - 0x00007fff5dd64000 	C:\windows\SYSTEM32\DBGHELP.DLL
0x00007fff46250000 - 0x00007fff46284000 	C:\windows\SYSTEM32\dbgcore.DLL
0x00007fff602d0000 - 0x00007fff60352000 	C:\windows\System32\bcryptPrimitives.dll
0x00007fff32490000 - 0x00007fff324b5000 	C:\Program Files\Android\Android Studio\jbr\bin\java.dll
0x00007fff58f80000 - 0x00007fff58f98000 	C:\Program Files\Android\Android Studio\jbr\bin\zip.dll
0x00007fff60ec0000 - 0x00007fff61604000 	C:\windows\System32\SHELL32.dll
0x00007fff5dd70000 - 0x00007fff5e503000 	C:\windows\SYSTEM32\windows.storage.dll
0x00007fff61fa0000 - 0x00007fff622f4000 	C:\windows\System32\combase.dll
0x00007fff5f6c0000 - 0x00007fff5f6ee000 	C:\windows\SYSTEM32\Wldp.dll
0x00007fff61630000 - 0x00007fff616dd000 	C:\windows\System32\SHCORE.dll
0x00007fff60810000 - 0x00007fff60865000 	C:\windows\System32\shlwapi.dll
0x00007fff5fd70000 - 0x00007fff5fd8f000 	C:\windows\SYSTEM32\profapi.dll
0x00007fff4a4f0000 - 0x00007fff4a509000 	C:\Program Files\Android\Android Studio\jbr\bin\net.dll
0x00007fff58190000 - 0x00007fff5829a000 	C:\windows\SYSTEM32\WINHTTP.dll
0x00007fff5f4a0000 - 0x00007fff5f50a000 	C:\windows\system32\mswsock.dll
0x00007fff48a90000 - 0x00007fff48aa6000 	C:\Program Files\Android\Android Studio\jbr\bin\nio.dll
0x00007fff595b0000 - 0x00007fff595c0000 	C:\Program Files\Android\Android Studio\jbr\bin\verify.dll

dbghelp: loaded successfully - version: 4.0.5 - missing functions: none
symbol engine: initialized successfully - sym options: 0x614 - pdb path: .;C:\Program Files\Android\Android Studio\jbr\bin;C:\windows\SYSTEM32;C:\windows\WinSxS\amd64_microsoft.windows.common-controls_6595b64144ccf1df_6.0.19041.1110_none_60b5254171f9507e;C:\Program Files\Android\Android Studio\jbr\bin\server

VM Arguments:
java_command: org.jetbrains.kotlin.cli.jvm.K2JVMCompiler @C:\Users\SSAFY\Desktop\S09P31C206\frontend\app\build\20231029_8796537622245318734.compiler.options
java_class_path (initial): C:\Users\SSAFY\.gradle\caches\modules-2\files-2.1\org.jetbrains.kotlin\kotlin-compiler-embeddable\1.8.10\b0757fd774344d54ce93f5ad6c30ba1c1731c8ff\kotlin-compiler-embeddable-1.8.10.jar;C:\Users\SSAFY\.gradle\caches\modules-2\files-2.1\org.jetbrains.kotlin\kotlin-stdlib\1.8.10\6d5560a229477df9406943d5feda5618e98eb64c\kotlin-stdlib-1.8.10.jar;C:\Users\SSAFY\.gradle\caches\modules-2\files-2.1\org.jetbrains.kotlin\kotlin-script-runtime\1.8.10\b13ea9c7e46d589139e56086a878763290e20bd5\kotlin-script-runtime-1.8.10.jar;C:\Users\SSAFY\.gradle\caches\modules-2\files-2.1\org.jetbrains.kotlin\kotlin-reflect\1.6.10\1cbe9c92c12a94eea200d23c2bbaedaf3daf5132\kotlin-reflect-1.6.10.jar;C:\Users\SSAFY\.gradle\caches\modules-2\files-2.1\org.jetbrains.kotlin\kotlin-daemon-embeddable\1.8.10\ad8541d9bc1cf9e52c3204161247910c2cf601d4\kotlin-daemon-embeddable-1.8.10.jar;C:\Users\SSAFY\.gradle\caches\modules-2\files-2.1\org.jetbrains.intellij.deps\trove4j\1.0.20200330\3afb14d5f9ceb459d724e907a21145e8ff394f02\trove4j-1.0.20200330.jar;C:\Users\SSAFY\.gradle\caches\modules-2\files-2.1\net.java.dev.jna\jna\5.6.0\330f2244e9030119ab3030fc3fededc86713d9cc\jna-5.6.0.jar;C:\Users\SSAFY\.gradle\caches\modules-2\files-2.1\org.jetbrains.kotlin\kotlin-stdlib-common\1.8.10\a61b182458550492c12aee66157d7b524a63a5ec\kotlin-stdlib-common-1.8.10.jar;C:\Users\SSAFY\.gradle\caches\modules-2\files-2.1\org.jetbrains\annotations\13.0\919f0dfe192fb4e063e7dacadee7f8bb9a2672a9\annotations-13.0.jar
Launcher Type: SUN_STANDARD

[Global flags]
     intx CICompilerCount                          = 4                                         {product} {ergonomic}
     uint ConcGCThreads                            = 3                                         {product} {ergonomic}
     uint G1ConcRefinementThreads                  = 10                                        {product} {ergonomic}
   size_t G1HeapRegionSize                         = 2097152                                   {product} {ergonomic}
    uintx GCDrainStackTargetSize                   = 64                                        {product} {ergonomic}
   size_t InitialHeapSize                          = 268435456                                 {product} {ergonomic}
   size_t MarkStackSize                            = 4194304                                   {product} {ergonomic}
   size_t MaxHeapSize                              = 4278190080                                {product} {ergonomic}
   size_t MaxNewSize                               = 2566914048                                {product} {ergonomic}
   size_t MinHeapDeltaBytes                        = 2097152                                   {product} {ergonomic}
   size_t MinHeapSize                              = 8388608                                   {product} {ergonomic}
    uintx NonNMethodCodeHeapSize                   = 5839372                                {pd product} {ergonomic}
    uintx NonProfiledCodeHeapSize                  = 122909434                              {pd product} {ergonomic}
    uintx ProfiledCodeHeapSize                     = 122909434                              {pd product} {ergonomic}
    uintx ReservedCodeCacheSize                    = 251658240                              {pd product} {ergonomic}
     bool SegmentedCodeCache                       = true                                      {product} {ergonomic}
   size_t SoftMaxHeapSize                          = 4278190080                             {manageable} {ergonomic}
     bool UseCompressedClassPointers               = true                           {product lp64_product} {ergonomic}
     bool UseCompressedOops                        = true                           {product lp64_product} {ergonomic}
     bool UseG1GC                                  = true                                      {product} {ergonomic}
     bool UseLargePagesIndividualAllocation        = false                                  {pd product} {ergonomic}

Logging:
Log output configuration:
 #0: stdout all=warning uptime,level,tags
 #1: stderr all=off uptime,level,tags

Environment Variables:
JAVA_HOME=C:\Users\SSAFY\.jdks\graalvm-jdk-17.0.9
PATH=C:\Program Files (x86)\VMware\VMware Player\bin\;C:\windows\system32;C:\windows;C:\windows\System32\Wbem;C:\windows\System32\WindowsPowerShell\v1.0\;C:\windows\System32\OpenSSH\;C:\Users\SSAFY\AppData\Roaming\Microsoft\Windows\Start Menu\Programs\Python 3.11;C:\Program Files\Git\cmd;C:\Users\SSAFY\AppData\Roaming\nvm;C:\Program Files\nodejs;C:\Program Files (x86)\MySQL\MySQL Server 5.7\bin;C:\Program Files\PuTTY\;C:\Program Files\Docker\Docker\resources\bin;C:\MinGW\bin;C:\Program Files\Microsoft SQL Server\150\Tools\Binn\;C:\Program Files\Microsoft SQL Server\Client SDK\ODBC\170\Tools\Binn\;C:\Program Files\dotnet\;C:\Program Files\doxygen\bin;C:\Program Files (x86)\Windows Kits\10\Windows Performance Toolkit\;C:\Users\SSAFY\AppData\Roaming\Microsoft\Windows\Start Menu\Programs\Python 3.11;C:\Users\SSAFY\AppData\Local\Android\Sdk;C:\Users\SSAFY\AppData\Local\Android\Sdk\tools;C:\Users\SSAFY\AppData\Local\Android\Sdk\platform-tools;C:\Users\SSAFY\AppData\Local\Android\Sdk\emulator;C:\Users\SSAFY\AppData\Local\Android\Sdk\build-tools;C:\Users\SSAFY\AppData\Local\Microsoft\WindowsApps;C:\Users\SSAFY\AppData\Local\Programs\Microsoft VS Code\bin;C:\Users\SSAFY\AppData\Roaming\Microsoft\Windows\Start Menu\Programs\Python 3.11;C:\Users\SSAFY\AppData\Roaming\npm;C:\Users\SSAFY\AppData\Roaming\nvm;C:\Program Files\nodejs;C:\Program Files\JetBrains\IntelliJ IDEA Community Edition 2023.1.3\bin;;C:\Users\SSAFY\AppData\Local\Microsoft\WinGet\Packages\DenoLand.Deno_Microsoft.Winget.Source_8wekyb3d8bbwe;;C:\Users\SSAFY\.deno\bin;C:\Users\SSAFY\.dotnet\tools
USERNAME=SSAFY
OS=Windows_NT
PROCESSOR_IDENTIFIER=Intel64 Family 6 Model 158 Stepping 10, GenuineIntel
TMP=C:\Users\SSAFY\AppData\Local\Temp
TEMP=C:\Users\SSAFY\AppData\Local\Temp


JNI global refs:
JNI global refs: 10, weak refs: 0

JNI global refs memory usage: 843, weak refs: 209


---------------  S Y S T E M  ---------------

OS:
 Windows 10 , 64 bit Build 19041 (10.0.19041.3031)
OS uptime: 24 days 3:52 hours
Hyper-V role detected

CPU: total 12 (initial active 12) (6 cores per cpu, 2 threads per core) family 6 model 158 stepping 10 microcode 0xcc, cx8, cmov, fxsr, ht, mmx, 3dnowpref, sse, sse2, sse3, ssse3, sse4.1, sse4.2, popcnt, lzcnt, tsc, tscinvbit, avx, avx2, aes, erms, clmul, bmi1, bmi2, adx, fma, vzeroupper, clflush, clflushopt, hv

Memory: 4k page, system-wide physical 16315M (227M free)
TotalPageFile size 65467M (AvailPageFile size 0M)
current process WorkingSet (physical memory assigned to process): 394M, peak: 394M
current process commit charge ("private bytes"): 445M, peak: 445M

vm_info: OpenJDK 64-Bit Server VM (17.0.6+0-b2043.56-10027231) for windows-amd64 JRE (17.0.6+0-b2043.56-10027231), built on Apr 28 2023 00:43:19 by "androidbuild" with MS VC++ 16.10 / 16.11 (VS2019)

END.
