#
# There is insufficient memory for the Java Runtime Environment to continue.
# Native memory allocation (mmap) failed to map 100663296 bytes for G1 virtual space
# Possible reasons:
#   The system is out of physical RAM or swap space
#   The process is running with CompressedOops enabled, and the Java Heap may be blocking the growth of the native heap
# Possible solutions:
#   Reduce memory load on the system
#   Increase physical memory or swap space
#   Check if swap backing store is full
#   Decrease Java heap size (-Xmx/-Xms)
#   Decrease number of Java threads
#   Decrease Java thread stack sizes (-Xss)
#   Set larger code cache with -XX:ReservedCodeCacheSize=
#   JVM is running with Zero Based Compressed Oops mode in which the Java heap is
#     placed in the first 32GB address space. The Java Heap base address is the
#     maximum limit for the native heap growth. Please use -XX:HeapBaseMinAddress
#     to set the Java Heap base and to place the Java Heap above 32GB virtual address.
# This output file may be truncated or incomplete.
#
#  Out of Memory Error (os_windows.cpp:3769), pid=364040, tid=365744
#
# JRE version: OpenJDK Runtime Environment (17.0.6) (build 17.0.6+0-b2043.56-10027231)
# Java VM: OpenJDK 64-Bit Server VM (17.0.6+0-b2043.56-10027231, mixed mode, tiered, compressed oops, compressed class ptrs, g1 gc, windows-amd64)
# No core dump will be written. Minidumps are not enabled by default on client versions of Windows
#

---------------  S U M M A R Y ------------

Command Line: org.jetbrains.kotlin.cli.jvm.K2JVMCompiler @C:\Users\SSAFY\Desktop\S09P31C206\frontend\app\build\20231029_631589019809869459.compiler.options

Host: Intel(R) Core(TM) i7-9750H CPU @ 2.60GHz, 12 cores, 15G,  Windows 10 , 64 bit Build 19041 (10.0.19041.3031)
Time: Sun Oct 29 12:35:22 2023  Windows 10 , 64 bit Build 19041 (10.0.19041.3031) elapsed time: 12.848554 seconds (0d 0h 0m 12s)

---------------  T H R E A D  ---------------

Current thread (0x000002507d8c2ec0):  VMThread "VM Thread" [stack: 0x000000f3c6d00000,0x000000f3c6e00000] [id=365744]

Stack: [0x000000f3c6d00000,0x000000f3c6e00000]
Native frames: (J=compiled Java code, j=interpreted, Vv=VM code, C=native code)
V  [jvm.dll+0x683c9a]
V  [jvm.dll+0x8427a4]
V  [jvm.dll+0x843f9e]
V  [jvm.dll+0x844603]
V  [jvm.dll+0x249b75]
V  [jvm.dll+0x680b69]
V  [jvm.dll+0x67505a]
V  [jvm.dll+0x309acb]
V  [jvm.dll+0x310f86]
V  [jvm.dll+0x3608ee]
V  [jvm.dll+0x360b1f]
V  [jvm.dll+0x2dfbf8]
V  [jvm.dll+0x2ddec4]
V  [jvm.dll+0x2dd4cc]
V  [jvm.dll+0x321f3b]
V  [jvm.dll+0x848ccb]
V  [jvm.dll+0x849a04]
V  [jvm.dll+0x849f1d]
V  [jvm.dll+0x84a2f4]
V  [jvm.dll+0x84a3c0]
V  [jvm.dll+0x7f274a]
V  [jvm.dll+0x682ad5]
C  [ucrtbase.dll+0x21bb2]
C  [KERNEL32.DLL+0x17614]
C  [ntdll.dll+0x526f1]

VM_Operation (0x000000f3c67fbc40): G1CollectForAllocation, mode: safepoint, requested by thread 0x000002505ea8f1e0


---------------  P R O C E S S  ---------------

Threads class SMR info:
_java_thread_list=0x0000025000d136a0, length=13, elements={
0x000002505ea8f1e0, 0x000002507e46a620, 0x000002507e46c6b0, 0x000002507e4b20a0,
0x000002507e4b5880, 0x000002507e4b7f50, 0x000002507e4b8b30, 0x000002507e4c8c30,
0x000002507e4cb150, 0x000002507e4cd760, 0x000002507e62f660, 0x000002507e631810,
0x0000025002f8d030
}

Java Threads: ( => current thread )
  0x000002505ea8f1e0 JavaThread "main" [_thread_blocked, id=371860, stack(0x000000f3c6700000,0x000000f3c6800000)]
  0x000002507e46a620 JavaThread "Reference Handler" daemon [_thread_blocked, id=326972, stack(0x000000f3c6e00000,0x000000f3c6f00000)]
  0x000002507e46c6b0 JavaThread "Finalizer" daemon [_thread_blocked, id=368192, stack(0x000000f3c6f00000,0x000000f3c7000000)]
  0x000002507e4b20a0 JavaThread "Signal Dispatcher" daemon [_thread_blocked, id=371368, stack(0x000000f3c7000000,0x000000f3c7100000)]
  0x000002507e4b5880 JavaThread "Attach Listener" daemon [_thread_blocked, id=269572, stack(0x000000f3c7100000,0x000000f3c7200000)]
  0x000002507e4b7f50 JavaThread "Service Thread" daemon [_thread_blocked, id=368064, stack(0x000000f3c7200000,0x000000f3c7300000)]
  0x000002507e4b8b30 JavaThread "Monitor Deflation Thread" daemon [_thread_blocked, id=375336, stack(0x000000f3c7300000,0x000000f3c7400000)]
  0x000002507e4c8c30 JavaThread "C2 CompilerThread0" daemon [_thread_blocked, id=327708, stack(0x000000f3c7400000,0x000000f3c7500000)]
  0x000002507e4cb150 JavaThread "C1 CompilerThread0" daemon [_thread_blocked, id=160292, stack(0x000000f3c7500000,0x000000f3c7600000)]
  0x000002507e4cd760 JavaThread "Sweeper thread" daemon [_thread_blocked, id=372092, stack(0x000000f3c7600000,0x000000f3c7700000)]
  0x000002507e62f660 JavaThread "Notification Thread" daemon [_thread_blocked, id=363140, stack(0x000000f3c7700000,0x000000f3c7800000)]
  0x000002507e631810 JavaThread "Common-Cleaner" daemon [_thread_blocked, id=375444, stack(0x000000f3c7900000,0x000000f3c7a00000)]
  0x0000025002f8d030 JavaThread "C2 CompilerThread1" daemon [_thread_blocked, id=364412, stack(0x000000f3c7a00000,0x000000f3c7b00000)]

Other Threads:
=>0x000002507d8c2ec0 VMThread "VM Thread" [stack: 0x000000f3c6d00000,0x000000f3c6e00000] [id=365744]
  0x000002505eb31a00 WatcherThread [stack: 0x000000f3c7800000,0x000000f3c7900000] [id=347224]
  0x000002505eafac60 GCTaskThread "GC Thread#0" [stack: 0x000000f3c6800000,0x000000f3c6900000] [id=351156]
  0x000002507ebb98b0 GCTaskThread "GC Thread#1" [stack: 0x000000f3c7b00000,0x000000f3c7c00000] [id=368180]
  0x000002507ebb9b60 GCTaskThread "GC Thread#2" [stack: 0x000000f3c7c00000,0x000000f3c7d00000] [id=374908]
  0x000002507ebb9e10 GCTaskThread "GC Thread#3" [stack: 0x000000f3c7d00000,0x000000f3c7e00000] [id=375588]
  0x000002507ebd9cc0 GCTaskThread "GC Thread#4" [stack: 0x000000f3c7e00000,0x000000f3c7f00000] [id=369324]
  0x000002507ec23c60 GCTaskThread "GC Thread#5" [stack: 0x000000f3c7f00000,0x000000f3c8000000] [id=375080]
  0x000002507edbeb50 GCTaskThread "GC Thread#6" [stack: 0x000000f3c8000000,0x000000f3c8100000] [id=350628]
  0x000002507edbf8c0 GCTaskThread "GC Thread#7" [stack: 0x000000f3c8100000,0x000000f3c8200000] [id=375124]
  0x000002507edbe5f0 GCTaskThread "GC Thread#8" [stack: 0x000000f3c8200000,0x000000f3c8300000] [id=367240]
  0x000002507edbf0b0 GCTaskThread "GC Thread#9" [stack: 0x000000f3c8300000,0x000000f3c8400000] [id=370668]
  0x000002505eb0baa0 ConcurrentGCThread "G1 Main Marker" [stack: 0x000000f3c6900000,0x000000f3c6a00000] [id=373936]
  0x000002505eb0c4b0 ConcurrentGCThread "G1 Conc#0" [stack: 0x000000f3c6a00000,0x000000f3c6b00000] [id=373012]
  0x000002507edbe340 ConcurrentGCThread "G1 Conc#1" [stack: 0x000000f3c8400000,0x000000f3c8500000] [id=375752]
  0x000002507edbee00 ConcurrentGCThread "G1 Conc#2" [stack: 0x000000f3c8500000,0x000000f3c8600000] [id=369316]
  0x000002507d7644f0 ConcurrentGCThread "G1 Refine#0" [stack: 0x000000f3c6b00000,0x000000f3c6c00000] [id=375628]
  0x0000025001e478d0 ConcurrentGCThread "G1 Refine#1" [stack: 0x000000f3c8600000,0x000000f3c8700000] [id=366148]
  0x0000025001e47030 ConcurrentGCThread "G1 Refine#2" [stack: 0x000000f3c8700000,0x000000f3c8800000] [id=375548]
  0x0000025001e47e90 ConcurrentGCThread "G1 Refine#3" [stack: 0x000000f3c8800000,0x000000f3c8900000] [id=374960]
  0x0000025001e4ac90 ConcurrentGCThread "G1 Refine#4" [stack: 0x000000f3c8900000,0x000000f3c8a00000] [id=374828]
  0x0000025001e47310 ConcurrentGCThread "G1 Refine#5" [stack: 0x000000f3c8a00000,0x000000f3c8b00000] [id=375528]
  0x0000025001e475f0 ConcurrentGCThread "G1 Refine#6" [stack: 0x000000f3c8b00000,0x000000f3c8c00000] [id=375592]
  0x000002507d764f10 ConcurrentGCThread "G1 Service" [stack: 0x000000f3c6c00000,0x000000f3c6d00000] [id=369456]

Threads with active compile tasks:

VM state: at safepoint (normal execution)

VM Mutex/Monitor currently owned by a thread:  ([mutex/lock_event])
[0x000002505ea7baf0] Threads_lock - owner thread: 0x000002507d8c2ec0
[0x000002505ea7aaa0] Heap_lock - owner thread: 0x000002505ea8f1e0

Heap address: 0x0000000701000000, size: 4080 MB, Compressed Oops mode: Zero based, Oop shift amount: 3

CDS archive(s) not mapped
Compressed class space mapped at: 0x0000000800000000-0x0000000840000000, reserved size: 1073741824
Narrow klass base: 0x0000000800000000, Narrow klass shift: 0, Narrow klass range: 0x40000000

GC Precious Log:
 CPUs: 12 total, 12 available
 Memory: 16315M
 Large Page Support: Disabled
 NUMA Support: Disabled
 Compressed Oops: Enabled (Zero based)
 Heap Region Size: 2M
 Heap Min Capacity: 8M
 Heap Initial Capacity: 256M
 Heap Max Capacity: 4080M
 Pre-touch: Disabled
 Parallel Workers: 10
 Concurrent Workers: 3
 Concurrent Refinement Workers: 10
 Periodic GC: Disabled

Heap:
 garbage-first heap   total 163840K, used 94096K [0x0000000701000000, 0x0000000800000000)
  region size 2048K, 1 young (2048K), 1 survivors (2048K)
 Metaspace       used 87740K, committed 88128K, reserved 1130496K
  class space    used 9821K, committed 9984K, reserved 1048576K

Heap Regions: E=young(eden), S=young(survivor), O=old, HS=humongous(starts), HC=humongous(continues), CS=collection set, F=free, OA=open archive, CA=closed archive, TAMS=top-at-mark-start (previous, next)
|   0|0x0000000701000000, 0x0000000701200000, 0x0000000701200000|100%|HS|  |TAMS 0x0000000701200000, 0x0000000701000000| Complete 
|   1|0x0000000701200000, 0x0000000701400000, 0x0000000701400000|100%|HC|  |TAMS 0x0000000701400000, 0x0000000701200000| Complete 
|   2|0x0000000701400000, 0x0000000701600000, 0x0000000701600000|100%|HS|  |TAMS 0x0000000701600000, 0x0000000701400000| Complete 
|   3|0x0000000701600000, 0x0000000701800000, 0x0000000701800000|100%|HS|  |TAMS 0x0000000701800000, 0x0000000701600000| Complete 
|   4|0x0000000701800000, 0x0000000701a00000, 0x0000000701a00000|100%|HC|  |TAMS 0x0000000701a00000, 0x0000000701800000| Complete 
|   5|0x0000000701a00000, 0x0000000701c00000, 0x0000000701c00000|100%| O|  |TAMS 0x0000000701c00000, 0x0000000701a00000| Untracked 
|   6|0x0000000701c00000, 0x0000000701e00000, 0x0000000701e00000|100%| O|  |TAMS 0x0000000701e00000, 0x0000000701c00000| Untracked 
|   7|0x0000000701e00000, 0x0000000702000000, 0x0000000702000000|100%| O|  |TAMS 0x0000000702000000, 0x0000000701e00000| Untracked 
|   8|0x0000000702000000, 0x0000000702200000, 0x0000000702200000|100%| O|  |TAMS 0x0000000702200000, 0x0000000702000000| Untracked 
|   9|0x0000000702200000, 0x0000000702400000, 0x0000000702400000|100%| O|  |TAMS 0x0000000702400000, 0x0000000702200000| Untracked 
|  10|0x0000000702400000, 0x0000000702600000, 0x0000000702600000|100%| O|  |TAMS 0x0000000702400000, 0x0000000702400000| Untracked 
|  11|0x0000000702600000, 0x0000000702800000, 0x0000000702800000|100%| O|  |TAMS 0x0000000702800000, 0x0000000702600000| Untracked 
|  12|0x0000000702800000, 0x0000000702a00000, 0x0000000702a00000|100%| O|  |TAMS 0x0000000702a00000, 0x0000000702800000| Untracked 
|  13|0x0000000702a00000, 0x0000000702c00000, 0x0000000702c00000|100%| O|  |TAMS 0x0000000702c00000, 0x0000000702a00000| Untracked 
|  14|0x0000000702c00000, 0x0000000702e00000, 0x0000000702e00000|100%| O|  |TAMS 0x0000000702e00000, 0x0000000702c00000| Untracked 
|  15|0x0000000702e00000, 0x0000000703000000, 0x0000000703000000|100%| O|  |TAMS 0x0000000703000000, 0x0000000702e00000| Untracked 
|  16|0x0000000703000000, 0x0000000703200000, 0x0000000703200000|100%| O|  |TAMS 0x0000000703200000, 0x0000000703000000| Untracked 
|  17|0x0000000703200000, 0x0000000703400000, 0x0000000703400000|100%| O|  |TAMS 0x0000000703400000, 0x0000000703200000| Untracked 
|  18|0x0000000703400000, 0x0000000703600000, 0x0000000703600000|100%| O|  |TAMS 0x0000000703600000, 0x0000000703400000| Untracked 
|  19|0x0000000703600000, 0x0000000703800000, 0x0000000703800000|100%| O|  |TAMS 0x0000000703800000, 0x0000000703600000| Untracked 
|  20|0x0000000703800000, 0x0000000703a00000, 0x0000000703a00000|100%| O|  |TAMS 0x0000000703a00000, 0x0000000703800000| Untracked 
|  21|0x0000000703a00000, 0x0000000703c00000, 0x0000000703c00000|100%| O|  |TAMS 0x0000000703c00000, 0x0000000703a00000| Untracked 
|  22|0x0000000703c00000, 0x0000000703e00000, 0x0000000703e00000|100%| O|  |TAMS 0x0000000703e00000, 0x0000000703c00000| Untracked 
|  23|0x0000000703e00000, 0x0000000704000000, 0x0000000704000000|100%| O|  |TAMS 0x0000000704000000, 0x0000000703e00000| Untracked 
|  24|0x0000000704000000, 0x0000000704200000, 0x0000000704200000|100%| O|  |TAMS 0x0000000704200000, 0x0000000704000000| Untracked 
|  25|0x0000000704200000, 0x0000000704200000, 0x0000000704400000|  0%| F|  |TAMS 0x0000000704200000, 0x0000000704200000| Untracked 
|  26|0x0000000704400000, 0x0000000704600000, 0x0000000704600000|100%| O|  |TAMS 0x0000000704600000, 0x0000000704400000| Untracked 
|  27|0x0000000704600000, 0x0000000704800000, 0x0000000704800000|100%| O|  |TAMS 0x0000000704800000, 0x0000000704600000| Untracked 
|  28|0x0000000704800000, 0x0000000704a00000, 0x0000000704a00000|100%| O|  |TAMS 0x0000000704a00000, 0x0000000704800000| Untracked 
|  29|0x0000000704a00000, 0x0000000704c00000, 0x0000000704c00000|100%| O|  |TAMS 0x0000000704c00000, 0x0000000704a00000| Untracked 
|  30|0x0000000704c00000, 0x0000000704e00000, 0x0000000704e00000|100%| O|  |TAMS 0x0000000704e00000, 0x0000000704c00000| Untracked 
|  31|0x0000000704e00000, 0x0000000705000000, 0x0000000705000000|100%| O|  |TAMS 0x0000000705000000, 0x0000000704e00000| Untracked 
|  32|0x0000000705000000, 0x0000000705200000, 0x0000000705200000|100%| O|  |TAMS 0x0000000705200000, 0x0000000705000000| Untracked 
|  33|0x0000000705200000, 0x0000000705400000, 0x0000000705400000|100%| O|  |TAMS 0x0000000705400000, 0x0000000705200000| Untracked 
|  34|0x0000000705400000, 0x0000000705600000, 0x0000000705600000|100%| O|  |TAMS 0x0000000705600000, 0x0000000705400000| Untracked 
|  35|0x0000000705600000, 0x0000000705800000, 0x0000000705800000|100%| O|  |TAMS 0x0000000705800000, 0x0000000705600000| Untracked 
|  36|0x0000000705800000, 0x0000000705a00000, 0x0000000705a00000|100%| O|  |TAMS 0x0000000705a00000, 0x0000000705800000| Untracked 
|  37|0x0000000705a00000, 0x0000000705c00000, 0x0000000705c00000|100%| O|  |TAMS 0x0000000705c00000, 0x0000000705a00000| Untracked 
|  38|0x0000000705c00000, 0x0000000705e00000, 0x0000000705e00000|100%| O|  |TAMS 0x0000000705e00000, 0x0000000705c00000| Untracked 
|  39|0x0000000705e00000, 0x0000000706000000, 0x0000000706000000|100%| O|  |TAMS 0x0000000706000000, 0x0000000705e00000| Untracked 
|  40|0x0000000706000000, 0x0000000706200000, 0x0000000706200000|100%| O|  |TAMS 0x0000000706200000, 0x0000000706000000| Untracked 
|  41|0x0000000706200000, 0x0000000706400000, 0x0000000706400000|100%| O|  |TAMS 0x0000000706400000, 0x0000000706200000| Untracked 
|  42|0x0000000706400000, 0x0000000706600000, 0x0000000706600000|100%| O|  |TAMS 0x0000000706600000, 0x0000000706400000| Untracked 
|  43|0x0000000706600000, 0x0000000706600000, 0x0000000706800000|  0%| F|  |TAMS 0x0000000706600000, 0x0000000706600000| Untracked 
|  44|0x0000000706800000, 0x0000000706a00000, 0x0000000706a00000|100%| O|  |TAMS 0x0000000706a00000, 0x0000000706800000| Untracked 
|  45|0x0000000706a00000, 0x0000000706c00000, 0x0000000706c00000|100%| O|  |TAMS 0x0000000706b46800, 0x0000000706a00000| Untracked 
|  46|0x0000000706c00000, 0x0000000706e00000, 0x0000000706e00000|100%| O|  |TAMS 0x0000000706c00000, 0x0000000706c00000| Untracked 
|  47|0x0000000706e00000, 0x0000000706f9aa00, 0x0000000707000000| 80%| O|  |TAMS 0x0000000706e00000, 0x0000000706e00000| Untracked 
|  48|0x0000000707000000, 0x0000000707000000, 0x0000000707200000|  0%| F|  |TAMS 0x0000000707000000, 0x0000000707000000| Untracked 
|  49|0x0000000707200000, 0x0000000707200000, 0x0000000707400000|  0%| F|  |TAMS 0x0000000707200000, 0x0000000707200000| Untracked 
|  50|0x0000000707400000, 0x0000000707400000, 0x0000000707600000|  0%| F|  |TAMS 0x0000000707400000, 0x0000000707400000| Untracked 
|  51|0x0000000707600000, 0x0000000707600000, 0x0000000707800000|  0%| F|  |TAMS 0x0000000707600000, 0x0000000707600000| Untracked 
|  52|0x0000000707800000, 0x0000000707800000, 0x0000000707a00000|  0%| F|  |TAMS 0x0000000707800000, 0x0000000707800000| Untracked 
|  53|0x0000000707a00000, 0x0000000707a00000, 0x0000000707c00000|  0%| F|  |TAMS 0x0000000707a00000, 0x0000000707a00000| Untracked 
|  54|0x0000000707c00000, 0x0000000707c00000, 0x0000000707e00000|  0%| F|  |TAMS 0x0000000707c00000, 0x0000000707c00000| Untracked 
|  55|0x0000000707e00000, 0x0000000707e00000, 0x0000000708000000|  0%| F|  |TAMS 0x0000000707e00000, 0x0000000707e00000| Untracked 
|  56|0x0000000708000000, 0x0000000708000000, 0x0000000708200000|  0%| F|  |TAMS 0x0000000708000000, 0x0000000708000000| Untracked 
|  57|0x0000000708200000, 0x0000000708200000, 0x0000000708400000|  0%| F|  |TAMS 0x0000000708200000, 0x0000000708200000| Untracked 
|  58|0x0000000708400000, 0x0000000708400000, 0x0000000708600000|  0%| F|  |TAMS 0x0000000708400000, 0x0000000708400000| Untracked 
|  59|0x0000000708600000, 0x0000000708600000, 0x0000000708800000|  0%| F|  |TAMS 0x0000000708600000, 0x0000000708600000| Untracked 
|  60|0x0000000708800000, 0x0000000708800000, 0x0000000708a00000|  0%| F|  |TAMS 0x0000000708800000, 0x0000000708800000| Untracked 
|  61|0x0000000708a00000, 0x0000000708a00000, 0x0000000708c00000|  0%| F|  |TAMS 0x0000000708a00000, 0x0000000708a00000| Untracked 
|  62|0x0000000708c00000, 0x0000000708c00000, 0x0000000708e00000|  0%| F|  |TAMS 0x0000000708c00000, 0x0000000708c00000| Untracked 
|  63|0x0000000708e00000, 0x0000000708e00000, 0x0000000709000000|  0%| F|  |TAMS 0x0000000708e00000, 0x0000000708e00000| Untracked 
|  64|0x0000000709000000, 0x0000000709000000, 0x0000000709200000|  0%| F|  |TAMS 0x0000000709000000, 0x0000000709000000| Untracked 
|  65|0x0000000709200000, 0x0000000709200000, 0x0000000709400000|  0%| F|  |TAMS 0x0000000709200000, 0x0000000709200000| Untracked 
|  66|0x0000000709400000, 0x0000000709400000, 0x0000000709600000|  0%| F|  |TAMS 0x0000000709400000, 0x0000000709400000| Untracked 
|  67|0x0000000709600000, 0x0000000709600000, 0x0000000709800000|  0%| F|  |TAMS 0x0000000709600000, 0x0000000709600000| Untracked 
|  68|0x0000000709800000, 0x0000000709800000, 0x0000000709a00000|  0%| F|  |TAMS 0x0000000709800000, 0x0000000709800000| Untracked 
|  69|0x0000000709a00000, 0x0000000709a00000, 0x0000000709c00000|  0%| F|  |TAMS 0x0000000709a00000, 0x0000000709a00000| Untracked 
|  70|0x0000000709c00000, 0x0000000709c00000, 0x0000000709e00000|  0%| F|  |TAMS 0x0000000709c00000, 0x0000000709c00000| Untracked 
|  71|0x0000000709e00000, 0x0000000709e00000, 0x000000070a000000|  0%| F|  |TAMS 0x0000000709e00000, 0x0000000709e00000| Untracked 
|  72|0x000000070a000000, 0x000000070a000000, 0x000000070a200000|  0%| F|  |TAMS 0x000000070a000000, 0x000000070a000000| Untracked 
|  73|0x000000070a200000, 0x000000070a200000, 0x000000070a400000|  0%| F|  |TAMS 0x000000070a200000, 0x000000070a200000| Untracked 
|  74|0x000000070a400000, 0x000000070a400000, 0x000000070a600000|  0%| F|  |TAMS 0x000000070a400000, 0x000000070a400000| Untracked 
|  75|0x000000070a600000, 0x000000070a600000, 0x000000070a800000|  0%| F|  |TAMS 0x000000070a600000, 0x000000070a600000| Untracked 
|  76|0x000000070a800000, 0x000000070a8498c0, 0x000000070aa00000| 14%| S|CS|TAMS 0x000000070a800000, 0x000000070a800000| Complete 
|  77|0x000000070aa00000, 0x000000070aa00000, 0x000000070ac00000|  0%| F|  |TAMS 0x000000070aa00000, 0x000000070aa00000| Untracked 
|  78|0x000000070ac00000, 0x000000070ac00000, 0x000000070ae00000|  0%| F|  |TAMS 0x000000070ac00000, 0x000000070ac00000| Untracked 
| 127|0x0000000710e00000, 0x0000000710e00000, 0x0000000711000000|  0%| F|  |TAMS 0x0000000710e00000, 0x0000000710e00000| Untracked 

Card table byte_map: [0x0000025071cb0000,0x00000250724b0000] _byte_map_base: 0x000002506e4a8000

Marking Bits (Prev, Next): (CMBitMap*) 0x000002505eafb2b0, (CMBitMap*) 0x000002505eafb270
 Prev Bits: [0x0000025076c70000, 0x000002507ac30000)
 Next Bits: [0x0000025072cb0000, 0x0000025076c70000)

Polling page: 0x000002505e260000

Metaspace:

Usage:
  Non-class:     76.09 MB used.
      Class:      9.59 MB used.
       Both:     85.68 MB used.

Virtual space:
  Non-class space:       80.00 MB reserved,      76.31 MB ( 95%) committed,  10 nodes.
      Class space:        1.00 GB reserved,       9.75 MB ( <1%) committed,  1 nodes.
             Both:        1.08 GB reserved,      86.06 MB (  8%) committed. 

Chunk freelists:
   Non-Class:  3.73 MB
       Class:  2.25 MB
        Both:  5.98 MB

MaxMetaspaceSize: unlimited
CompressedClassSpaceSize: 1.00 GB
Initial GC threshold: 21.00 MB
Current GC threshold: 140.00 MB
CDS: off
MetaspaceReclaimPolicy: balanced
 - commit_granule_bytes: 65536.
 - commit_granule_words: 8192.
 - virtual_space_node_default_size: 1048576.
 - enlarge_chunks_in_place: 1.
 - new_chunks_are_fully_committed: 0.
 - uncommit_free_chunks: 1.
 - use_allocation_guard: 0.
 - handle_deallocations: 1.


Internal statistics:

num_allocs_failed_limit: 9.
num_arena_births: 494.
num_arena_deaths: 0.
num_vsnodes_births: 11.
num_vsnodes_deaths: 0.
num_space_committed: 1375.
num_space_uncommitted: 0.
num_chunks_returned_to_freelist: 9.
num_chunks_taken_from_freelist: 3309.
num_chunk_merges: 9.
num_chunk_splits: 2662.
num_chunks_enlarged: 2301.
num_purges: 0.
num_inconsistent_stats: 0.

CodeHeap 'non-profiled nmethods': size=120000Kb used=6341Kb max_used=6341Kb free=113658Kb
 bounds [0x0000025069a30000, 0x000002506a070000, 0x0000025070f60000]
CodeHeap 'profiled nmethods': size=120000Kb used=39074Kb max_used=39074Kb free=80925Kb
 bounds [0x0000025061f60000, 0x0000025064590000, 0x0000025069490000]
CodeHeap 'non-nmethods': size=5760Kb used=1415Kb max_used=1502Kb free=4344Kb
 bounds [0x0000025069490000, 0x0000025069700000, 0x0000025069a30000]
 total_blobs=13703 nmethods=12955 adapters=656
 compilation: enabled
              stopped_count=0, restarted_count=0
 full_count=0

Compilation events (20 events):
Event: 12.748 Thread 0x000002507e4cb150 14929       1       org.jetbrains.kotlin.psi2ir.descriptors.IrBuiltInsOverDescriptors::getArrayClass (5 bytes)
Event: 12.748 Thread 0x000002507e4cb150 nmethod 14929 0x000002506a04e390 code [0x000002506a04e520, 0x000002506a04e5f8]
Event: 12.748 Thread 0x000002507e4cb150 14993       1       org.jetbrains.kotlin.ir.expressions.impl.IrTryImpl::getCatches (5 bytes)
Event: 12.749 Thread 0x000002507e4cb150 nmethod 14993 0x000002506a04e690 code [0x000002506a04e820, 0x000002506a04e8f8]
Event: 12.753 Thread 0x000002507e4c8c30 nmethod 14905 0x000002506a04e990 code [0x000002506a04eb80, 0x000002506a04f508]
Event: 12.753 Thread 0x000002507e4c8c30 14893       4       org.jetbrains.kotlin.ir.visitors.IrElementVisitor$DefaultImpls::visitBody (18 bytes)
Event: 12.754 Thread 0x000002507e4c8c30 nmethod 14893 0x000002506a04fc10 code [0x000002506a04fd80, 0x000002506a04fe18]
Event: 12.754 Thread 0x000002507e4c8c30 14937       4       org.jetbrains.kotlin.backend.jvm.lower.ReplaceDefaultImplsOverriddenSymbols::visitElement (15 bytes)
Event: 12.754 Thread 0x000002507e4c8c30 nmethod 14937 0x000002506a04ff10 code [0x000002506a050080, 0x000002506a050138]
Event: 12.754 Thread 0x000002507e4c8c30 14964       4       org.jetbrains.kotlin.ir.visitors.IrElementTransformer$DefaultImpls::visitCall (18 bytes)
Event: 12.755 Thread 0x000002507e4c8c30 nmethod 14964 0x000002506a050210 code [0x000002506a050380, 0x000002506a050418]
Event: 12.755 Thread 0x000002507e4c8c30 14958       4       org.jetbrains.kotlin.ir.visitors.IrElementTransformer$DefaultImpls::visitFunctionAccess (18 bytes)
Event: 12.756 Thread 0x000002507e4c8c30 nmethod 14958 0x000002506a050510 code [0x000002506a050680, 0x000002506a050718]
Event: 12.756 Thread 0x000002507e4c8c30 14854       4       org.jetbrains.kotlin.ir.visitors.IrElementTransformer$DefaultImpls::visitMemberAccess (21 bytes)
Event: 12.757 Thread 0x000002507e4c8c30 nmethod 14854 0x000002506a050810 code [0x000002506a050980, 0x000002506a050a18]
Event: 12.757 Thread 0x000002507e4c8c30 14860       4       org.jetbrains.kotlin.backend.common.ClassLoweringVisitor::visitBlock (13 bytes)
Event: 12.762 Thread 0x000002507e4c8c30 nmethod 14860 0x000002506a050b10 code [0x000002506a050cc0, 0x000002506a050fd8]
Event: 12.771 Thread 0x000002507e4cb150 15029       3       org.jetbrains.kotlin.backend.jvm.mapping.IrTypeCheckerContextForTypeMapping::isInlineClass (18 bytes)
Event: 12.771 Thread 0x000002507e4cb150 nmethod 15029 0x000002506458b310 code [0x000002506458b520, 0x000002506458bba8]
Event: 12.812 Thread 0x0000025002f8d030 nmethod 14602 0x000002506a051510 code [0x000002506a051b80, 0x000002506a059dd0]

GC Heap History (20 events):
Event: 7.513 GC heap after
{Heap after GC invocations=18 (full 0):
 garbage-first heap   total 124928K, used 63507K [0x0000000701000000, 0x0000000800000000)
  region size 2048K, 3 young (6144K), 3 survivors (6144K)
 Metaspace       used 63917K, committed 64192K, reserved 1105920K
  class space    used 7488K, committed 7616K, reserved 1048576K
}
Event: 8.210 GC heap before
{Heap before GC invocations=18 (full 0):
 garbage-first heap   total 124928K, used 94227K [0x0000000701000000, 0x0000000800000000)
  region size 2048K, 18 young (36864K), 3 survivors (6144K)
 Metaspace       used 65274K, committed 65536K, reserved 1114112K
  class space    used 7556K, committed 7680K, reserved 1048576K
}
Event: 8.225 GC heap after
{Heap after GC invocations=19 (full 0):
 garbage-first heap   total 124928K, used 67207K [0x0000000701000000, 0x0000000800000000)
  region size 2048K, 2 young (4096K), 2 survivors (4096K)
 Metaspace       used 65274K, committed 65536K, reserved 1114112K
  class space    used 7556K, committed 7680K, reserved 1048576K
}
Event: 8.828 GC heap before
{Heap before GC invocations=20 (full 0):
 garbage-first heap   total 124928K, used 95879K [0x0000000701000000, 0x0000000800000000)
  region size 2048K, 16 young (32768K), 2 survivors (4096K)
 Metaspace       used 66906K, committed 67264K, reserved 1114112K
  class space    used 7704K, committed 7872K, reserved 1048576K
}
Event: 8.840 GC heap after
{Heap after GC invocations=21 (full 0):
 garbage-first heap   total 124928K, used 69671K [0x0000000701000000, 0x0000000800000000)
  region size 2048K, 2 young (4096K), 2 survivors (4096K)
 Metaspace       used 66906K, committed 67264K, reserved 1114112K
  class space    used 7704K, committed 7872K, reserved 1048576K
}
Event: 9.389 GC heap before
{Heap before GC invocations=21 (full 0):
 garbage-first heap   total 124928K, used 98343K [0x0000000701000000, 0x0000000800000000)
  region size 2048K, 16 young (32768K), 2 survivors (4096K)
 Metaspace       used 71496K, committed 71808K, reserved 1114112K
  class space    used 8200K, committed 8320K, reserved 1048576K
}
Event: 9.401 GC heap after
{Heap after GC invocations=22 (full 0):
 garbage-first heap   total 151552K, used 72157K [0x0000000701000000, 0x0000000800000000)
  region size 2048K, 2 young (4096K), 2 survivors (4096K)
 Metaspace       used 71496K, committed 71808K, reserved 1114112K
  class space    used 8200K, committed 8320K, reserved 1048576K
}
Event: 10.396 GC heap before
{Heap before GC invocations=23 (full 0):
 garbage-first heap   total 151552K, used 117213K [0x0000000701000000, 0x0000000800000000)
  region size 2048K, 24 young (49152K), 2 survivors (4096K)
 Metaspace       used 75589K, committed 75968K, reserved 1122304K
  class space    used 8653K, committed 8832K, reserved 1048576K
}
Event: 10.408 GC heap after
{Heap after GC invocations=24 (full 0):
 garbage-first heap   total 151552K, used 78785K [0x0000000701000000, 0x0000000800000000)
  region size 2048K, 3 young (6144K), 3 survivors (6144K)
 Metaspace       used 75589K, committed 75968K, reserved 1122304K
  class space    used 8653K, committed 8832K, reserved 1048576K
}
Event: 10.929 GC heap before
{Heap before GC invocations=24 (full 0):
 garbage-first heap   total 151552K, used 117697K [0x0000000701000000, 0x0000000800000000)
  region size 2048K, 22 young (45056K), 3 survivors (6144K)
 Metaspace       used 76783K, committed 77120K, reserved 1122304K
  class space    used 8732K, committed 8896K, reserved 1048576K
}
Event: 10.953 GC heap after
{Heap after GC invocations=25 (full 0):
 garbage-first heap   total 151552K, used 88426K [0x0000000701000000, 0x0000000800000000)
  region size 2048K, 3 young (6144K), 3 survivors (6144K)
 Metaspace       used 76783K, committed 77120K, reserved 1122304K
  class space    used 8732K, committed 8896K, reserved 1048576K
}
Event: 11.594 GC heap before
{Heap before GC invocations=26 (full 0):
 garbage-first heap   total 157696K, used 119146K [0x0000000701000000, 0x0000000800000000)
  region size 2048K, 18 young (36864K), 3 survivors (6144K)
 Metaspace       used 82020K, committed 82432K, reserved 1122304K
  class space    used 9344K, committed 9536K, reserved 1048576K
}
Event: 11.603 GC heap after
{Heap after GC invocations=27 (full 0):
 garbage-first heap   total 157696K, used 91779K [0x0000000701000000, 0x0000000800000000)
  region size 2048K, 2 young (4096K), 2 survivors (4096K)
 Metaspace       used 82020K, committed 82432K, reserved 1122304K
  class space    used 9344K, committed 9536K, reserved 1048576K
}
Event: 11.627 GC heap before
{Heap before GC invocations=27 (full 0):
 garbage-first heap   total 157696K, used 93827K [0x0000000701000000, 0x0000000800000000)
  region size 2048K, 3 young (6144K), 2 survivors (4096K)
 Metaspace       used 82320K, committed 82688K, reserved 1122304K
  class space    used 9368K, committed 9536K, reserved 1048576K
}
Event: 11.635 GC heap after
{Heap after GC invocations=28 (full 0):
 garbage-first heap   total 157696K, used 92145K [0x0000000701000000, 0x0000000800000000)
  region size 2048K, 1 young (2048K), 1 survivors (2048K)
 Metaspace       used 82320K, committed 82688K, reserved 1122304K
  class space    used 9368K, committed 9536K, reserved 1048576K
}
Event: 12.129 GC heap before
{Heap before GC invocations=28 (full 0):
 garbage-first heap   total 157696K, used 124913K [0x0000000701000000, 0x0000000800000000)
  region size 2048K, 17 young (34816K), 1 survivors (2048K)
 Metaspace       used 85347K, committed 85760K, reserved 1130496K
  class space    used 9674K, committed 9856K, reserved 1048576K
}
Event: 12.137 GC heap after
{Heap after GC invocations=29 (full 0):
 garbage-first heap   total 157696K, used 94971K [0x0000000701000000, 0x0000000800000000)
  region size 2048K, 2 young (4096K), 2 survivors (4096K)
 Metaspace       used 85347K, committed 85760K, reserved 1130496K
  class space    used 9674K, committed 9856K, reserved 1048576K
}
Event: 12.688 GC heap before
{Heap before GC invocations=30 (full 0):
 garbage-first heap   total 163840K, used 125691K [0x0000000701000000, 0x0000000800000000)
  region size 2048K, 17 young (34816K), 2 survivors (4096K)
 Metaspace       used 86664K, committed 87040K, reserved 1130496K
  class space    used 9740K, committed 9920K, reserved 1048576K
}
Event: 12.697 GC heap after
{Heap after GC invocations=31 (full 0):
 garbage-first heap   total 163840K, used 96197K [0x0000000701000000, 0x0000000800000000)
  region size 2048K, 1 young (2048K), 1 survivors (2048K)
 Metaspace       used 86664K, committed 87040K, reserved 1130496K
  class space    used 9740K, committed 9920K, reserved 1048576K
}
Event: 12.836 GC heap before
{Heap before GC invocations=31 (full 0):
 garbage-first heap   total 163840K, used 102341K [0x0000000701000000, 0x0000000800000000)
  region size 2048K, 4 young (8192K), 1 survivors (2048K)
 Metaspace       used 87740K, committed 88128K, reserved 1130496K
  class space    used 9821K, committed 9984K, reserved 1048576K
}

Dll operation events (2 events):
Event: 0.009 Loaded shared library C:\Program Files\Android\Android Studio\jbr\bin\java.dll
Event: 1.169 Loaded shared library C:\Program Files\Android\Android Studio\jbr\bin\verify.dll

Deoptimization events (20 events):
Event: 12.680 Thread 0x000002505ea8f1e0 Uncommon trap: trap_request=0xffffff66 fr.pc=0x0000025069f6e61c relative=0x00000000000001fc
Event: 12.680 Thread 0x000002505ea8f1e0 Uncommon trap: reason=speculate_class_check action=maybe_recompile pc=0x0000025069f6e61c method=org.jetbrains.kotlin.ir.expressions.IrExpression.transform(Lorg/jetbrains/kotlin/ir/visitors/IrElementTransformer;Ljava/lang/Object;)Lorg/jetbrains/kotlin/ir/e
Event: 12.680 Thread 0x000002505ea8f1e0 DEOPT PACKING pc=0x0000025069f6e61c sp=0x000000f3c67fbea0
Event: 12.680 Thread 0x000002505ea8f1e0 DEOPT UNPACKING pc=0x00000250694e69a3 sp=0x000000f3c67fbdd0 mode 2
Event: 12.680 Thread 0x000002505ea8f1e0 Uncommon trap: trap_request=0xffffffde fr.pc=0x000002506a032554 relative=0x00000000000000b4
Event: 12.680 Thread 0x000002505ea8f1e0 Uncommon trap: reason=class_check action=maybe_recompile pc=0x000002506a032554 method=org.jetbrains.kotlin.ir.expressions.IrGetField.acceptChildren(Lorg/jetbrains/kotlin/ir/visitors/IrElementVisitor;Ljava/lang/Object;)V @ 16 c2
Event: 12.680 Thread 0x000002505ea8f1e0 DEOPT PACKING pc=0x000002506a032554 sp=0x000000f3c67fc630
Event: 12.681 Thread 0x000002505ea8f1e0 DEOPT UNPACKING pc=0x00000250694e69a3 sp=0x000000f3c67fc048 mode 2
Event: 12.766 Thread 0x000002505ea8f1e0 Uncommon trap: trap_request=0xffffff45 fr.pc=0x0000025069ebfb5c relative=0x00000000000002bc
Event: 12.766 Thread 0x000002505ea8f1e0 Uncommon trap: reason=unstable_if action=reinterpret pc=0x0000025069ebfb5c method=java.lang.String.indexOf([BBILjava/lang/String;I)I @ 21 c2
Event: 12.766 Thread 0x000002505ea8f1e0 DEOPT PACKING pc=0x0000025069ebfb5c sp=0x000000f3c67fccd0
Event: 12.766 Thread 0x000002505ea8f1e0 DEOPT UNPACKING pc=0x00000250694e69a3 sp=0x000000f3c67fcb70 mode 2
Event: 12.795 Thread 0x000002505ea8f1e0 Uncommon trap: trap_request=0xffffffde fr.pc=0x0000025069c9be30 relative=0x0000000000000270
Event: 12.795 Thread 0x000002505ea8f1e0 Uncommon trap: reason=class_check action=maybe_recompile pc=0x0000025069c9be30 method=org.jetbrains.kotlin.utils.ThreadLocalDelegate.getValue(Ljava/lang/Object;Lkotlin/reflect/KProperty;)Ljava/lang/Object; @ 42 c2
Event: 12.795 Thread 0x000002505ea8f1e0 DEOPT PACKING pc=0x0000025069c9be30 sp=0x000000f3c67fda00
Event: 12.795 Thread 0x000002505ea8f1e0 DEOPT UNPACKING pc=0x00000250694e69a3 sp=0x000000f3c67fd9a0 mode 2
Event: 12.795 Thread 0x000002505ea8f1e0 Uncommon trap: trap_request=0xffffffde fr.pc=0x0000025069c9be30 relative=0x0000000000000270
Event: 12.795 Thread 0x000002505ea8f1e0 Uncommon trap: reason=class_check action=maybe_recompile pc=0x0000025069c9be30 method=org.jetbrains.kotlin.utils.ThreadLocalDelegate.getValue(Ljava/lang/Object;Lkotlin/reflect/KProperty;)Ljava/lang/Object; @ 42 c2
Event: 12.795 Thread 0x000002505ea8f1e0 DEOPT PACKING pc=0x0000025069c9be30 sp=0x000000f3c67fda00
Event: 12.795 Thread 0x000002505ea8f1e0 DEOPT UNPACKING pc=0x00000250694e69a3 sp=0x000000f3c67fd9a0 mode 2

Classes unloaded (0 events):
No events

Classes redefined (0 events):
No events

Internal exceptions (20 events):
Event: 7.490 Thread 0x000002505ea8f1e0 Exception <a 'java/lang/NoSuchMethodError'{0x00000007069c6378}: 'java.lang.Object java.lang.invoke.DirectMethodHandle$Holder.newInvokeSpecial(java.lang.Object, java.lang.Object, java.lang.Object, java.lang.Object, java.lang.Object, java.lang.Object, java.lang.Object)'> (0x00000007069c6378) 
thrown [s\src\hotspot\share\interpreter\linkResolver.cpp, line 771]
Event: 7.491 Thread 0x000002505ea8f1e0 Exception <a 'java/lang/NoSuchMethodError'{0x00000007069cb1d8}: 'java.lang.Object java.lang.invoke.Invokers$Holder.linkToTargetMethod(java.lang.Object, java.lang.Object, java.lang.Object, java.lang.Object, java.lang.Object, java.lang.Object, java.lang.Object)'> (0x00000007069cb1d8) 
thrown [s\src\hotspot\share\interpreter\linkResolver.cpp, line 771]
Event: 7.902 Thread 0x000002505ea8f1e0 Implicit null exception at 0x0000025069ab8c75 to 0x0000025069ab93b8
Event: 7.910 Thread 0x000002505ea8f1e0 Exception <a 'java/lang/NoSuchMethodError'{0x0000000707931060}: 'java.lang.Object java.lang.invoke.DirectMethodHandle$Holder.invokeInterface(java.lang.Object, java.lang.Object, java.lang.Object)'> (0x0000000707931060) 
thrown [s\src\hotspot\share\interpreter\linkResolver.cpp, line 771]
Event: 7.910 Thread 0x000002505ea8f1e0 Exception <a 'java/lang/IncompatibleClassChangeError'{0x0000000707934eb8}: Found class java.lang.Object, but interface was expected> (0x0000000707934eb8) 
thrown [s\src\hotspot\share\interpreter\linkResolver.cpp, line 838]
Event: 7.915 Thread 0x000002505ea8f1e0 Implicit null exception at 0x0000025069c1ae72 to 0x0000025069c1b5c4
Event: 8.231 Thread 0x000002505ea8f1e0 Exception <a 'java/lang/NoSuchMethodError'{0x0000000710e78050}: 'void java.lang.invoke.DirectMethodHandle$Holder.invokeStatic(java.lang.Object, java.lang.Object, java.lang.Object)'> (0x0000000710e78050) 
thrown [s\src\hotspot\share\interpreter\linkResolver.cpp, line 771]
Event: 8.764 Thread 0x000002505ea8f1e0 Implicit null exception at 0x0000025069ad2b74 to 0x0000025069ad2d90
Event: 9.079 Thread 0x000002505ea8f1e0 Exception <a 'java/lang/NoSuchMethodError'{0x0000000707d0b5c0}: 'java.lang.Object java.lang.invoke.DirectMethodHandle$Holder.invokeStaticInit(java.lang.Object, java.lang.Object, java.lang.Object, java.lang.Object)'> (0x0000000707d0b5c0) 
thrown [s\src\hotspot\share\interpreter\linkResolver.cpp, line 771]
Event: 9.320 Thread 0x000002505ea8f1e0 Exception <a 'java/lang/NoSuchMethodError'{0x000000070712c7f0}: 'java.lang.Object java.lang.invoke.DirectMethodHandle$Holder.newInvokeSpecial(java.lang.Object, java.lang.Object, java.lang.Object, int, int)'> (0x000000070712c7f0) 
thrown [s\src\hotspot\share\interpreter\linkResolver.cpp, line 771]
Event: 9.321 Thread 0x000002505ea8f1e0 Exception <a 'java/lang/NoSuchMethodError'{0x0000000707130630}: 'java.lang.Object java.lang.invoke.DirectMethodHandle$Holder.invokeSpecial(java.lang.Object, java.lang.Object, java.lang.Object, java.lang.Object, int, int)'> (0x0000000707130630) 
thrown [s\src\hotspot\share\interpreter\linkResolver.cpp, line 771]
Event: 9.655 Thread 0x000002505ea8f1e0 Implicit null exception at 0x0000025069a9f700 to 0x0000025069a9f968
Event: 9.714 Thread 0x000002505ea8f1e0 Exception <a 'java/lang/NoSuchMethodError'{0x0000000709978228}: 'java.lang.Object java.lang.invoke.DirectMethodHandle$Holder.newInvokeSpecial(java.lang.Object, java.lang.Object, int, int, java.lang.Object, java.lang.Object, java.lang.Object)'> (0x0000000709978228) 
thrown [s\src\hotspot\share\interpreter\linkResolver.cpp, line 771]
Event: 9.714 Thread 0x000002505ea8f1e0 Exception <a 'java/lang/NoSuchMethodError'{0x000000070997c8c0}: 'java.lang.Object java.lang.invoke.DirectMethodHandle$Holder.invokeSpecial(java.lang.Object, java.lang.Object, java.lang.Object, int, int, java.lang.Object, java.lang.Object, java.lang.Object)'> (0x000000070997c8c0) 
thrown [s\src\hotspot\share\interpreter\linkResolver.cpp, line 771]
Event: 9.721 Thread 0x000002505ea8f1e0 Exception <a 'java/lang/NoSuchMethodError'{0x00000007099b69a0}: 'java.lang.Object java.lang.invoke.DirectMethodHandle$Holder.newInvokeSpecial(java.lang.Object, int, java.lang.Object, java.lang.Object)'> (0x00000007099b69a0) 
thrown [s\src\hotspot\share\interpreter\linkResolver.cpp, line 771]
Event: 9.736 Thread 0x000002505ea8f1e0 Exception <a 'java/lang/NoSuchMethodError'{0x0000000709615ec8}: 'java.lang.Object java.lang.invoke.DirectMethodHandle$Holder.invokeSpecial(java.lang.Object, java.lang.Object, int, int, java.lang.Object, java.lang.Object, java.lang.Object, java.lang.Object, java.lang.Object)'> (0x0000000709615ec8) 
thrown [s\src\hotspot\share\interpreter\linkResolver.cpp, line 771]
Event: 9.850 Thread 0x000002505ea8f1e0 Exception <a 'java/lang/NoSuchMethodError'{0x00000007094f2e70}: 'java.lang.Object java.lang.invoke.DirectMethodHandle$Holder.invokeStatic(java.lang.Object, java.lang.Object, java.lang.Object, int, int, java.lang.Object, java.lang.Object, java.lang.Object, java.lang.Object)'> (0x00000007094f2e70) 
thrown [s\src\hotspot\share\interpreter\linkResolver.cpp, line 771]
Event: 9.851 Thread 0x000002505ea8f1e0 Exception <a 'java/lang/NoSuchMethodError'{0x00000007094fd138}: 'java.lang.Object java.lang.invoke.DirectMethodHandle$Holder.newInvokeSpecial(java.lang.Object, java.lang.Object, java.lang.Object, int, int, java.lang.Object)'> (0x00000007094fd138) 
thrown [s\src\hotspot\share\interpreter\linkResolver.cpp, line 771]
Event: 9.852 Thread 0x000002505ea8f1e0 Exception <a 'java/lang/NoSuchMethodError'{0x0000000709504ad8}: 'java.lang.Object java.lang.invoke.Invokers$Holder.linkToTargetMethod(java.lang.Object, java.lang.Object, int, int, java.lang.Object, java.lang.Object)'> (0x0000000709504ad8) 
thrown [s\src\hotspot\share\interpreter\linkResolver.cpp, line 771]
Event: 11.593 Thread 0x000002505ea8f1e0 Implicit null exception at 0x0000025069f7c04d to 0x0000025069f7d150

VM Operations (20 events):
Event: 12.219 Executing VM operation: G1Concurrent done
Event: 12.250 Executing VM operation: G1Concurrent
Event: 12.250 Executing VM operation: G1Concurrent done
Event: 12.390 Executing VM operation: HandshakeAllThreads
Event: 12.390 Executing VM operation: HandshakeAllThreads done
Event: 12.418 Executing VM operation: ICBufferFull
Event: 12.418 Executing VM operation: ICBufferFull done
Event: 12.593 Executing VM operation: ICBufferFull
Event: 12.594 Executing VM operation: ICBufferFull done
Event: 12.672 Executing VM operation: ICBufferFull
Event: 12.672 Executing VM operation: ICBufferFull done
Event: 12.688 Executing VM operation: G1CollectForAllocation
Event: 12.697 Executing VM operation: G1CollectForAllocation done
Event: 12.744 Executing VM operation: HandshakeAllThreads
Event: 12.744 Executing VM operation: HandshakeAllThreads done
Event: 12.768 Executing VM operation: HandshakeAllThreads
Event: 12.768 Executing VM operation: HandshakeAllThreads done
Event: 12.770 Executing VM operation: HandshakeAllThreads
Event: 12.770 Executing VM operation: HandshakeAllThreads done
Event: 12.836 Executing VM operation: G1CollectForAllocation

Events (20 events):
Event: 11.944 Thread 0x000002507e4cd760 flushing nmethod 0x00000250633ff990
Event: 11.944 Thread 0x000002507e4cd760 flushing nmethod 0x000002506340f690
Event: 11.945 Thread 0x000002507e4cd760 flushing nmethod 0x000002506346ba90
Event: 11.950 Thread 0x000002507e4cd760 flushing nmethod 0x00000250638dfc90
Event: 11.951 Thread 0x000002507e4cd760 flushing nmethod 0x0000025063a8b210
Event: 11.951 Thread 0x000002507e4cd760 flushing nmethod 0x0000025063b0a210
Event: 11.951 Thread 0x000002507e4cd760 flushing nmethod 0x0000025063b1d510
Event: 11.951 Thread 0x000002507e4cd760 flushing nmethod 0x0000025063b38610
Event: 11.951 Thread 0x000002507e4cd760 flushing nmethod 0x0000025063b60d90
Event: 11.951 Thread 0x000002507e4cd760 flushing nmethod 0x0000025063b86b10
Event: 11.952 Thread 0x000002507e4cd760 flushing nmethod 0x0000025063ba7710
Event: 11.952 Thread 0x000002507e4cd760 flushing nmethod 0x0000025063bd0d90
Event: 11.952 Thread 0x000002507e4cd760 flushing nmethod 0x0000025063bd1890
Event: 11.952 Thread 0x000002507e4cd760 flushing nmethod 0x0000025063bde710
Event: 11.952 Thread 0x000002507e4cd760 flushing nmethod 0x0000025063cc2710
Event: 11.952 Thread 0x000002507e4cd760 flushing nmethod 0x0000025063ced810
Event: 11.952 Thread 0x000002507e4cd760 flushing nmethod 0x0000025063cf2a10
Event: 11.952 Thread 0x000002507e4cd760 flushing nmethod 0x0000025063d08d90
Event: 11.952 Thread 0x000002507e4cd760 flushing nmethod 0x0000025063d27510
Event: 11.952 Thread 0x000002507e4cd760 flushing nmethod 0x0000025063d2f490


Dynamic libraries:
0x00007ff6b96f0000 - 0x00007ff6b96fa000 	C:\Program Files\Android\Android Studio\jbr\bin\java.exe
0x00007fff62750000 - 0x00007fff62948000 	C:\windows\SYSTEM32\ntdll.dll
0x00007fff62650000 - 0x00007fff6270f000 	C:\windows\System32\KERNEL32.DLL
0x00007fff5fed0000 - 0x00007fff601c6000 	C:\windows\System32\KERNELBASE.dll
0x00007fff601d0000 - 0x00007fff602d0000 	C:\windows\System32\ucrtbase.dll
0x00007fff5ae20000 - 0x00007fff5ae3b000 	C:\Program Files\Android\Android Studio\jbr\bin\VCRUNTIME140.dll
0x00007fff477f0000 - 0x00007fff47807000 	C:\Program Files\Android\Android Studio\jbr\bin\jli.dll
0x00007fff61900000 - 0x00007fff61a9d000 	C:\windows\System32\USER32.dll
0x00007fff60460000 - 0x00007fff60482000 	C:\windows\System32\win32u.dll
0x00007fff62510000 - 0x00007fff6253c000 	C:\windows\System32\GDI32.dll
0x00007fff605f0000 - 0x00007fff60705000 	C:\windows\System32\gdi32full.dll
0x00007fff490e0000 - 0x00007fff4937a000 	C:\windows\WinSxS\amd64_microsoft.windows.common-controls_6595b64144ccf1df_6.0.19041.1110_none_60b5254171f9507e\COMCTL32.dll
0x00007fff5fe30000 - 0x00007fff5fecd000 	C:\windows\System32\msvcp_win.dll
0x00007fff60d90000 - 0x00007fff60e2e000 	C:\windows\System32\msvcrt.dll
0x00007fff616e0000 - 0x00007fff61710000 	C:\windows\System32\IMM32.DLL
0x00007fff5d2e0000 - 0x00007fff5d2ec000 	C:\Program Files\Android\Android Studio\jbr\bin\vcruntime140_1.dll
0x00007fff5ad60000 - 0x00007fff5aded000 	C:\Program Files\Android\Android Studio\jbr\bin\msvcp140.dll
0x00007fff0cdf0000 - 0x00007fff0da5e000 	C:\Program Files\Android\Android Studio\jbr\bin\server\jvm.dll
0x00007fff61710000 - 0x00007fff617bf000 	C:\windows\System32\ADVAPI32.dll
0x00007fff625b0000 - 0x00007fff6264c000 	C:\windows\System32\sechost.dll
0x00007fff623e0000 - 0x00007fff62506000 	C:\windows\System32\RPCRT4.dll
0x00007fff52f80000 - 0x00007fff52f89000 	C:\windows\SYSTEM32\WSOCK32.dll
0x00007fff53c50000 - 0x00007fff53c77000 	C:\windows\SYSTEM32\WINMM.dll
0x00007fff62540000 - 0x00007fff625ab000 	C:\windows\System32\WS2_32.dll
0x00007fff55d30000 - 0x00007fff55d3a000 	C:\windows\SYSTEM32\VERSION.dll
0x00007fff5e630000 - 0x00007fff5e642000 	C:\windows\SYSTEM32\kernel.appcore.dll
0x00007fff59810000 - 0x00007fff5981a000 	C:\Program Files\Android\Android Studio\jbr\bin\jimage.dll
0x00007fff5db80000 - 0x00007fff5dd64000 	C:\windows\SYSTEM32\DBGHELP.DLL
0x00007fff46250000 - 0x00007fff46284000 	C:\windows\SYSTEM32\dbgcore.DLL
0x00007fff602d0000 - 0x00007fff60352000 	C:\windows\System32\bcryptPrimitives.dll
0x00007fff32490000 - 0x00007fff324b5000 	C:\Program Files\Android\Android Studio\jbr\bin\java.dll
0x00007fff58f80000 - 0x00007fff58f98000 	C:\Program Files\Android\Android Studio\jbr\bin\zip.dll
0x00007fff60ec0000 - 0x00007fff61604000 	C:\windows\System32\SHELL32.dll
0x00007fff5dd70000 - 0x00007fff5e503000 	C:\windows\SYSTEM32\windows.storage.dll
0x00007fff61fa0000 - 0x00007fff622f4000 	C:\windows\System32\combase.dll
0x00007fff5f6c0000 - 0x00007fff5f6ee000 	C:\windows\SYSTEM32\Wldp.dll
0x00007fff61630000 - 0x00007fff616dd000 	C:\windows\System32\SHCORE.dll
0x00007fff60810000 - 0x00007fff60865000 	C:\windows\System32\shlwapi.dll
0x00007fff5fd70000 - 0x00007fff5fd8f000 	C:\windows\SYSTEM32\profapi.dll
0x00007fff4a4f0000 - 0x00007fff4a509000 	C:\Program Files\Android\Android Studio\jbr\bin\net.dll
0x00007fff58190000 - 0x00007fff5829a000 	C:\windows\SYSTEM32\WINHTTP.dll
0x00007fff5f4a0000 - 0x00007fff5f50a000 	C:\windows\system32\mswsock.dll
0x00007fff48a90000 - 0x00007fff48aa6000 	C:\Program Files\Android\Android Studio\jbr\bin\nio.dll
0x00007fff595b0000 - 0x00007fff595c0000 	C:\Program Files\Android\Android Studio\jbr\bin\verify.dll

dbghelp: loaded successfully - version: 4.0.5 - missing functions: none
symbol engine: initialized successfully - sym options: 0x614 - pdb path: .;C:\Program Files\Android\Android Studio\jbr\bin;C:\windows\SYSTEM32;C:\windows\WinSxS\amd64_microsoft.windows.common-controls_6595b64144ccf1df_6.0.19041.1110_none_60b5254171f9507e;C:\Program Files\Android\Android Studio\jbr\bin\server

VM Arguments:
java_command: org.jetbrains.kotlin.cli.jvm.K2JVMCompiler @C:\Users\SSAFY\Desktop\S09P31C206\frontend\app\build\20231029_631589019809869459.compiler.options
java_class_path (initial): C:\Users\SSAFY\.gradle\caches\modules-2\files-2.1\org.jetbrains.kotlin\kotlin-compiler-embeddable\1.8.10\b0757fd774344d54ce93f5ad6c30ba1c1731c8ff\kotlin-compiler-embeddable-1.8.10.jar;C:\Users\SSAFY\.gradle\caches\modules-2\files-2.1\org.jetbrains.kotlin\kotlin-stdlib\1.8.10\6d5560a229477df9406943d5feda5618e98eb64c\kotlin-stdlib-1.8.10.jar;C:\Users\SSAFY\.gradle\caches\modules-2\files-2.1\org.jetbrains.kotlin\kotlin-script-runtime\1.8.10\b13ea9c7e46d589139e56086a878763290e20bd5\kotlin-script-runtime-1.8.10.jar;C:\Users\SSAFY\.gradle\caches\modules-2\files-2.1\org.jetbrains.kotlin\kotlin-reflect\1.6.10\1cbe9c92c12a94eea200d23c2bbaedaf3daf5132\kotlin-reflect-1.6.10.jar;C:\Users\SSAFY\.gradle\caches\modules-2\files-2.1\org.jetbrains.kotlin\kotlin-daemon-embeddable\1.8.10\ad8541d9bc1cf9e52c3204161247910c2cf601d4\kotlin-daemon-embeddable-1.8.10.jar;C:\Users\SSAFY\.gradle\caches\modules-2\files-2.1\org.jetbrains.intellij.deps\trove4j\1.0.20200330\3afb14d5f9ceb459d724e907a21145e8ff394f02\trove4j-1.0.20200330.jar;C:\Users\SSAFY\.gradle\caches\modules-2\files-2.1\net.java.dev.jna\jna\5.6.0\330f2244e9030119ab3030fc3fededc86713d9cc\jna-5.6.0.jar;C:\Users\SSAFY\.gradle\caches\modules-2\files-2.1\org.jetbrains.kotlin\kotlin-stdlib-common\1.8.10\a61b182458550492c12aee66157d7b524a63a5ec\kotlin-stdlib-common-1.8.10.jar;C:\Users\SSAFY\.gradle\caches\modules-2\files-2.1\org.jetbrains\annotations\13.0\919f0dfe192fb4e063e7dacadee7f8bb9a2672a9\annotations-13.0.jar
Launcher Type: SUN_STANDARD

[Global flags]
     intx CICompilerCount                          = 4                                         {product} {ergonomic}
     uint ConcGCThreads                            = 3                                         {product} {ergonomic}
     uint G1ConcRefinementThreads                  = 10                                        {product} {ergonomic}
   size_t G1HeapRegionSize                         = 2097152                                   {product} {ergonomic}
    uintx GCDrainStackTargetSize                   = 64                                        {product} {ergonomic}
   size_t InitialHeapSize                          = 268435456                                 {product} {ergonomic}
   size_t MarkStackSize                            = 4194304                                   {product} {ergonomic}
   size_t MaxHeapSize                              = 4278190080                                {product} {ergonomic}
   size_t MaxNewSize                               = 2566914048                                {product} {ergonomic}
   size_t MinHeapDeltaBytes                        = 2097152                                   {product} {ergonomic}
   size_t MinHeapSize                              = 8388608                                   {product} {ergonomic}
    uintx NonNMethodCodeHeapSize                   = 5839372                                {pd product} {ergonomic}
    uintx NonProfiledCodeHeapSize                  = 122909434                              {pd product} {ergonomic}
    uintx ProfiledCodeHeapSize                     = 122909434                              {pd product} {ergonomic}
    uintx ReservedCodeCacheSize                    = 251658240                              {pd product} {ergonomic}
     bool SegmentedCodeCache                       = true                                      {product} {ergonomic}
   size_t SoftMaxHeapSize                          = 4278190080                             {manageable} {ergonomic}
     bool UseCompressedClassPointers               = true                           {product lp64_product} {ergonomic}
     bool UseCompressedOops                        = true                           {product lp64_product} {ergonomic}
     bool UseG1GC                                  = true                                      {product} {ergonomic}
     bool UseLargePagesIndividualAllocation        = false                                  {pd product} {ergonomic}

Logging:
Log output configuration:
 #0: stdout all=warning uptime,level,tags
 #1: stderr all=off uptime,level,tags

Environment Variables:
JAVA_HOME=C:\Users\SSAFY\.jdks\graalvm-jdk-17.0.9
PATH=C:\Program Files (x86)\VMware\VMware Player\bin\;C:\windows\system32;C:\windows;C:\windows\System32\Wbem;C:\windows\System32\WindowsPowerShell\v1.0\;C:\windows\System32\OpenSSH\;C:\Users\SSAFY\AppData\Roaming\Microsoft\Windows\Start Menu\Programs\Python 3.11;C:\Program Files\Git\cmd;C:\Users\SSAFY\AppData\Roaming\nvm;C:\Program Files\nodejs;C:\Program Files (x86)\MySQL\MySQL Server 5.7\bin;C:\Program Files\PuTTY\;C:\Program Files\Docker\Docker\resources\bin;C:\MinGW\bin;C:\Program Files\Microsoft SQL Server\150\Tools\Binn\;C:\Program Files\Microsoft SQL Server\Client SDK\ODBC\170\Tools\Binn\;C:\Program Files\dotnet\;C:\Program Files\doxygen\bin;C:\Program Files (x86)\Windows Kits\10\Windows Performance Toolkit\;C:\Users\SSAFY\AppData\Roaming\Microsoft\Windows\Start Menu\Programs\Python 3.11;C:\Users\SSAFY\AppData\Local\Android\Sdk;C:\Users\SSAFY\AppData\Local\Android\Sdk\tools;C:\Users\SSAFY\AppData\Local\Android\Sdk\platform-tools;C:\Users\SSAFY\AppData\Local\Android\Sdk\emulator;C:\Users\SSAFY\AppData\Local\Android\Sdk\build-tools;C:\Users\SSAFY\AppData\Local\Microsoft\WindowsApps;C:\Users\SSAFY\AppData\Local\Programs\Microsoft VS Code\bin;C:\Users\SSAFY\AppData\Roaming\Microsoft\Windows\Start Menu\Programs\Python 3.11;C:\Users\SSAFY\AppData\Roaming\npm;C:\Users\SSAFY\AppData\Roaming\nvm;C:\Program Files\nodejs;C:\Program Files\JetBrains\IntelliJ IDEA Community Edition 2023.1.3\bin;;C:\Users\SSAFY\AppData\Local\Microsoft\WinGet\Packages\DenoLand.Deno_Microsoft.Winget.Source_8wekyb3d8bbwe;;C:\Users\SSAFY\.deno\bin;C:\Users\SSAFY\.dotnet\tools
USERNAME=SSAFY
OS=Windows_NT
PROCESSOR_IDENTIFIER=Intel64 Family 6 Model 158 Stepping 10, GenuineIntel
TMP=C:\Users\SSAFY\AppData\Local\Temp
TEMP=C:\Users\SSAFY\AppData\Local\Temp


JNI global refs:
JNI global refs: 10, weak refs: 0

JNI global refs memory usage: 843, weak refs: 841


---------------  S Y S T E M  ---------------

OS:
 Windows 10 , 64 bit Build 19041 (10.0.19041.3031)
OS uptime: 24 days 3:54 hours
Hyper-V role detected

CPU: total 12 (initial active 12) (6 cores per cpu, 2 threads per core) family 6 model 158 stepping 10 microcode 0xcc, cx8, cmov, fxsr, ht, mmx, 3dnowpref, sse, sse2, sse3, ssse3, sse4.1, sse4.2, popcnt, lzcnt, tsc, tscinvbit, avx, avx2, aes, erms, clmul, bmi1, bmi2, adx, fma, vzeroupper, clflush, clflushopt, hv

Memory: 4k page, system-wide physical 16315M (266M free)
TotalPageFile size 65467M (AvailPageFile size 58M)
current process WorkingSet (physical memory assigned to process): 392M, peak: 400M
current process commit charge ("private bytes"): 434M, peak: 530M

vm_info: OpenJDK 64-Bit Server VM (17.0.6+0-b2043.56-10027231) for windows-amd64 JRE (17.0.6+0-b2043.56-10027231), built on Apr 28 2023 00:43:19 by "androidbuild" with MS VC++ 16.10 / 16.11 (VS2019)

END.
