#
# There is insufficient memory for the Java Runtime Environment to continue.
# Native memory allocation (mmap) failed to map 268435456 bytes for G1 virtual space
# Possible reasons:
#   The system is out of physical RAM or swap space
#   The process is running with CompressedOops enabled, and the Java Heap may be blocking the growth of the native heap
# Possible solutions:
#   Reduce memory load on the system
#   Increase physical memory or swap space
#   Check if swap backing store is full
#   Decrease Java heap size (-Xmx/-Xms)
#   Decrease number of Java threads
#   Decrease Java thread stack sizes (-Xss)
#   Set larger code cache with -XX:ReservedCodeCacheSize=
#   JVM is running with Zero Based Compressed Oops mode in which the Java heap is
#     placed in the first 32GB address space. The Java Heap base address is the
#     maximum limit for the native heap growth. Please use -XX:HeapBaseMinAddress
#     to set the Java Heap base and to place the Java Heap above 32GB virtual address.
# This output file may be truncated or incomplete.
#
#  Out of Memory Error (os_windows.cpp:3769), pid=377916, tid=378016
#
# JRE version:  (17.0.6) (build )
# Java VM: OpenJDK 64-Bit Server VM (17.0.6+0-b2043.56-10027231, mixed mode, sharing, tiered, compressed oops, compressed class ptrs, g1 gc, windows-amd64)
# No core dump will be written. Minidumps are not enabled by default on client versions of Windows
#

---------------  S U M M A R Y ------------

Command Line: org.jetbrains.kotlin.cli.jvm.K2JVMCompiler @C:\Users\SSAFY\Desktop\S09P31C206\frontend\buildSrc\build\20231029_6211918783130274521.compiler.options

Host: Intel(R) Core(TM) i7-9750H CPU @ 2.60GHz, 12 cores, 15G,  Windows 10 , 64 bit Build 19041 (10.0.19041.3031)
Time: Sun Oct 29 13:13:02 2023  Windows 10 , 64 bit Build 19041 (10.0.19041.3031) elapsed time: 0.014430 seconds (0d 0h 0m 0s)

---------------  T H R E A D  ---------------

Current thread (0x00000178eb9e9d20):  JavaThread "Unknown thread" [_thread_in_vm, id=378016, stack(0x00000032c5000000,0x00000032c5100000)]

Stack: [0x00000032c5000000,0x00000032c5100000]
Native frames: (J=compiled Java code, j=interpreted, Vv=VM code, C=native code)
V  [jvm.dll+0x683c9a]
V  [jvm.dll+0x8427a4]
V  [jvm.dll+0x843f9e]
V  [jvm.dll+0x844603]
V  [jvm.dll+0x249b75]
V  [jvm.dll+0x680b69]
V  [jvm.dll+0x67505a]
V  [jvm.dll+0x309acb]
V  [jvm.dll+0x310f86]
V  [jvm.dll+0x3608ee]
V  [jvm.dll+0x360b1f]
V  [jvm.dll+0x2dfbf8]
V  [jvm.dll+0x2e0b64]
V  [jvm.dll+0x814091]
V  [jvm.dll+0x36e6a1]
V  [jvm.dll+0x7f35cc]
V  [jvm.dll+0x3f0e8f]
V  [jvm.dll+0x3f29d1]
C  [jli.dll+0x526b]
C  [ucrtbase.dll+0x21bb2]
C  [KERNEL32.DLL+0x17614]
C  [ntdll.dll+0x526f1]


---------------  P R O C E S S  ---------------

Threads class SMR info:
_java_thread_list=0x00007fff0d92c058, length=0, elements={
}

Java Threads: ( => current thread )

Other Threads:
  0x00000178eba588a0 GCTaskThread "GC Thread#0" [stack: 0x00000032c5100000,0x00000032c5200000] [id=377996]
  0x00000178eba6a600 ConcurrentGCThread "G1 Main Marker" [stack: 0x00000032c5200000,0x00000032c5300000] [id=377992]
  0x00000178eba6b6c0 ConcurrentGCThread "G1 Conc#0" [stack: 0x00000032c5300000,0x00000032c5400000] [id=378000]

[error occurred during error reporting (printing all threads), id 0xc0000005, EXCEPTION_ACCESS_VIOLATION (0xc0000005) at pc=0x00007fff0d0e0797]

VM state: not at safepoint (not fully initialized)

VM Mutex/Monitor currently owned by a thread:  ([mutex/lock_event])
[0x00000178e98fbca0] Heap_lock - owner thread: 0x00000178eb9e9d20

Heap address: 0x0000000701000000, size: 4080 MB, Compressed Oops mode: Zero based, Oop shift amount: 3

CDS archive(s) mapped at: [0x0000000000000000-0x0000000000000000-0x0000000000000000), size 0, SharedBaseAddress: 0x0000000800000000, ArchiveRelocationMode: 0.
Narrow klass base: 0x0000000000000000, Narrow klass shift: 0, Narrow klass range: 0x0

GC Precious Log:
<Empty>

Heap:
 garbage-first heap   total 0K, used 0K [0x0000000701000000, 0x0000000800000000)
  region size 2048K, 0 young (0K), 0 survivors (0K)

[error occurred during error reporting (printing heap information), id 0xc0000005, EXCEPTION_ACCESS_VIOLATION (0xc0000005) at pc=0x00007fff0d4cda89]

GC Heap History (0 events):
No events

Dll operation events (1 events):
Event: 0.009 Loaded shared library C:\Program Files\Android\Android Studio\jbr\bin\java.dll

Deoptimization events (0 events):
No events

Classes unloaded (0 events):
No events

Classes redefined (0 events):
No events

Internal exceptions (0 events):
No events

VM Operations (0 events):
No events

Events (0 events):
No events


Dynamic libraries:
0x00007ff6b96f0000 - 0x00007ff6b96fa000 	C:\Program Files\Android\Android Studio\jbr\bin\java.exe
0x00007fff62750000 - 0x00007fff62948000 	C:\windows\SYSTEM32\ntdll.dll
0x00007fff62650000 - 0x00007fff6270f000 	C:\windows\System32\KERNEL32.DLL
0x00007fff5fed0000 - 0x00007fff601c6000 	C:\windows\System32\KERNELBASE.dll
0x00007fff601d0000 - 0x00007fff602d0000 	C:\windows\System32\ucrtbase.dll
0x00007fff5ae20000 - 0x00007fff5ae3b000 	C:\Program Files\Android\Android Studio\jbr\bin\VCRUNTIME140.dll
0x00007fff477f0000 - 0x00007fff47807000 	C:\Program Files\Android\Android Studio\jbr\bin\jli.dll
0x00007fff61900000 - 0x00007fff61a9d000 	C:\windows\System32\USER32.dll
0x00007fff60460000 - 0x00007fff60482000 	C:\windows\System32\win32u.dll
0x00007fff490e0000 - 0x00007fff4937a000 	C:\windows\WinSxS\amd64_microsoft.windows.common-controls_6595b64144ccf1df_6.0.19041.1110_none_60b5254171f9507e\COMCTL32.dll
0x00007fff60d90000 - 0x00007fff60e2e000 	C:\windows\System32\msvcrt.dll
0x00007fff62510000 - 0x00007fff6253c000 	C:\windows\System32\GDI32.dll
0x00007fff605f0000 - 0x00007fff60705000 	C:\windows\System32\gdi32full.dll
0x00007fff5fe30000 - 0x00007fff5fecd000 	C:\windows\System32\msvcp_win.dll
0x00007fff616e0000 - 0x00007fff61710000 	C:\windows\System32\IMM32.DLL
0x00007fff5d2e0000 - 0x00007fff5d2ec000 	C:\Program Files\Android\Android Studio\jbr\bin\vcruntime140_1.dll
0x00007fff5ad60000 - 0x00007fff5aded000 	C:\Program Files\Android\Android Studio\jbr\bin\msvcp140.dll
0x00007fff0cdf0000 - 0x00007fff0da5e000 	C:\Program Files\Android\Android Studio\jbr\bin\server\jvm.dll
0x00007fff61710000 - 0x00007fff617bf000 	C:\windows\System32\ADVAPI32.dll
0x00007fff625b0000 - 0x00007fff6264c000 	C:\windows\System32\sechost.dll
0x00007fff623e0000 - 0x00007fff62506000 	C:\windows\System32\RPCRT4.dll
0x00007fff52f80000 - 0x00007fff52f89000 	C:\windows\SYSTEM32\WSOCK32.dll
0x00007fff53c50000 - 0x00007fff53c77000 	C:\windows\SYSTEM32\WINMM.dll
0x00007fff55d30000 - 0x00007fff55d3a000 	C:\windows\SYSTEM32\VERSION.dll
0x00007fff62540000 - 0x00007fff625ab000 	C:\windows\System32\WS2_32.dll
0x00007fff5e630000 - 0x00007fff5e642000 	C:\windows\SYSTEM32\kernel.appcore.dll
0x00007fff59810000 - 0x00007fff5981a000 	C:\Program Files\Android\Android Studio\jbr\bin\jimage.dll
0x00007fff5db80000 - 0x00007fff5dd64000 	C:\windows\SYSTEM32\DBGHELP.DLL
0x00007fff46250000 - 0x00007fff46284000 	C:\windows\SYSTEM32\dbgcore.DLL
0x00007fff602d0000 - 0x00007fff60352000 	C:\windows\System32\bcryptPrimitives.dll
0x00007fff32490000 - 0x00007fff324b5000 	C:\Program Files\Android\Android Studio\jbr\bin\java.dll

dbghelp: loaded successfully - version: 4.0.5 - missing functions: none
symbol engine: initialized successfully - sym options: 0x614 - pdb path: .;C:\Program Files\Android\Android Studio\jbr\bin;C:\windows\SYSTEM32;C:\windows\WinSxS\amd64_microsoft.windows.common-controls_6595b64144ccf1df_6.0.19041.1110_none_60b5254171f9507e;C:\Program Files\Android\Android Studio\jbr\bin\server

VM Arguments:
java_command: org.jetbrains.kotlin.cli.jvm.K2JVMCompiler @C:\Users\SSAFY\Desktop\S09P31C206\frontend\buildSrc\build\20231029_6211918783130274521.compiler.options
java_class_path (initial): C:\Users\SSAFY\.gradle\caches\modules-2\files-2.1\org.jetbrains.kotlin\kotlin-compiler-embeddable\1.9.0\2c8c3a7402becca891f12739b3e9fd2dc2adbd7a\kotlin-compiler-embeddable-1.9.0.jar;C:\Users\SSAFY\.gradle\caches\modules-2\files-2.1\org.jetbrains.kotlin\kotlin-stdlib\1.9.0\8ee15ef0c67dc83d874f412d84378d7f0eb50b63\kotlin-stdlib-1.9.0.jar;C:\Users\SSAFY\.gradle\caches\modules-2\files-2.1\org.jetbrains.kotlin\kotlin-script-runtime\1.9.0\4b3102cbbb7e1b58d9d1adf89563f00069ffa7d1\kotlin-script-runtime-1.9.0.jar;C:\Users\SSAFY\.gradle\caches\modules-2\files-2.1\org.jetbrains.kotlin\kotlin-reflect\1.6.10\1cbe9c92c12a94eea200d23c2bbaedaf3daf5132\kotlin-reflect-1.6.10.jar;C:\Users\SSAFY\.gradle\caches\modules-2\files-2.1\org.jetbrains.kotlin\kotlin-daemon-embeddable\1.9.0\186543f5e28cf8d9a0290fecc2cf34301c40a65c\kotlin-daemon-embeddable-1.9.0.jar;C:\Users\SSAFY\.gradle\caches\modules-2\files-2.1\org.jetbrains.intellij.deps\trove4j\1.0.20200330\3afb14d5f9ceb459d724e907a21145e8ff394f02\trove4j-1.0.20200330.jar;C:\Users\SSAFY\.gradle\caches\modules-2\files-2.1\org.jetbrains.kotlin\kotlin-stdlib-common\1.9.0\cd65c21cfd1eec4d44ef09f9f52b6d9f8a720636\kotlin-stdlib-common-1.9.0.jar;C:\Users\SSAFY\.gradle\caches\modules-2\files-2.1\org.jetbrains\annotations\13.0\919f0dfe192fb4e063e7dacadee7f8bb9a2672a9\annotations-13.0.jar
Launcher Type: SUN_STANDARD

[Global flags]
     intx CICompilerCount                          = 4                                         {product} {ergonomic}
     uint ConcGCThreads                            = 3                                         {product} {ergonomic}
     uint G1ConcRefinementThreads                  = 10                                        {product} {ergonomic}
   size_t G1HeapRegionSize                         = 2097152                                   {product} {ergonomic}
    uintx GCDrainStackTargetSize                   = 64                                        {product} {ergonomic}
   size_t InitialHeapSize                          = 268435456                                 {product} {ergonomic}
   size_t MarkStackSize                            = 4194304                                   {product} {ergonomic}
   size_t MaxHeapSize                              = 4278190080                                {product} {ergonomic}
   size_t MinHeapDeltaBytes                        = 2097152                                   {product} {ergonomic}
   size_t MinHeapSize                              = 8388608                                   {product} {ergonomic}
    uintx NonNMethodCodeHeapSize                   = 5839372                                {pd product} {ergonomic}
    uintx NonProfiledCodeHeapSize                  = 122909434                              {pd product} {ergonomic}
    uintx ProfiledCodeHeapSize                     = 122909434                              {pd product} {ergonomic}
    uintx ReservedCodeCacheSize                    = 251658240                              {pd product} {ergonomic}
     bool SegmentedCodeCache                       = true                                      {product} {ergonomic}
   size_t SoftMaxHeapSize                          = 4278190080                             {manageable} {ergonomic}
     bool UseCompressedClassPointers               = true                           {product lp64_product} {ergonomic}
     bool UseCompressedOops                        = true                           {product lp64_product} {ergonomic}
     bool UseG1GC                                  = true                                      {product} {ergonomic}
     bool UseLargePagesIndividualAllocation        = false                                  {pd product} {ergonomic}

Logging:
Log output configuration:
 #0: stdout all=warning uptime,level,tags
 #1: stderr all=off uptime,level,tags

Environment Variables:
JAVA_HOME=C:\Users\SSAFY\.jdks\graalvm-jdk-17.0.9
PATH=C:\Program Files (x86)\VMware\VMware Player\bin\;C:\windows\system32;C:\windows;C:\windows\System32\Wbem;C:\windows\System32\WindowsPowerShell\v1.0\;C:\windows\System32\OpenSSH\;C:\Users\SSAFY\AppData\Roaming\Microsoft\Windows\Start Menu\Programs\Python 3.11;C:\Program Files\Git\cmd;C:\Users\SSAFY\AppData\Roaming\nvm;C:\Program Files\nodejs;C:\Program Files (x86)\MySQL\MySQL Server 5.7\bin;C:\Program Files\PuTTY\;C:\Program Files\Docker\Docker\resources\bin;C:\MinGW\bin;C:\Program Files\Microsoft SQL Server\150\Tools\Binn\;C:\Program Files\Microsoft SQL Server\Client SDK\ODBC\170\Tools\Binn\;C:\Program Files\dotnet\;C:\Program Files\doxygen\bin;C:\Program Files (x86)\Windows Kits\10\Windows Performance Toolkit\;C:\Users\SSAFY\AppData\Roaming\Microsoft\Windows\Start Menu\Programs\Python 3.11;C:\Users\SSAFY\AppData\Local\Android\Sdk;C:\Users\SSAFY\AppData\Local\Android\Sdk\tools;C:\Users\SSAFY\AppData\Local\Android\Sdk\platform-tools;C:\Users\SSAFY\AppData\Local\Android\Sdk\emulator;C:\Users\SSAFY\AppData\Local\Android\Sdk\build-tools;C:\Users\SSAFY\AppData\Local\Microsoft\WindowsApps;C:\Users\SSAFY\AppData\Local\Programs\Microsoft VS Code\bin;C:\Users\SSAFY\AppData\Roaming\Microsoft\Windows\Start Menu\Programs\Python 3.11;C:\Users\SSAFY\AppData\Roaming\npm;C:\Users\SSAFY\AppData\Roaming\nvm;C:\Program Files\nodejs;C:\Program Files\JetBrains\IntelliJ IDEA Community Edition 2023.1.3\bin;;C:\Users\SSAFY\AppData\Local\Microsoft\WinGet\Packages\DenoLand.Deno_Microsoft.Winget.Source_8wekyb3d8bbwe;;C:\Users\SSAFY\.deno\bin;C:\Users\SSAFY\.dotnet\tools
USERNAME=SSAFY
OS=Windows_NT
PROCESSOR_IDENTIFIER=Intel64 Family 6 Model 158 Stepping 10, GenuineIntel
TMP=C:\Users\SSAFY\AppData\Local\Temp
TEMP=C:\Users\SSAFY\AppData\Local\Temp


JNI global refs:

[error occurred during error reporting (JNI global references), id 0xc0000005, EXCEPTION_ACCESS_VIOLATION (0xc0000005) at pc=0x00007fff0cea7a10]


---------------  S Y S T E M  ---------------

OS:
 Windows 10 , 64 bit Build 19041 (10.0.19041.3031)
OS uptime: 24 days 4:32 hours
Hyper-V role detected

CPU: total 12 (initial active 12) (6 cores per cpu, 2 threads per core) family 6 model 158 stepping 10 microcode 0xcc, cx8, cmov, fxsr, ht, mmx, 3dnowpref, sse, sse2, sse3, ssse3, sse4.1, sse4.2, popcnt, lzcnt, tsc, tscinvbit, avx, avx2, aes, erms, clmul, bmi1, bmi2, adx, fma, vzeroupper, clflush, clflushopt, hv

Memory: 4k page, system-wide physical 16315M (491M free)
TotalPageFile size 65467M (AvailPageFile size 191M)
current process WorkingSet (physical memory assigned to process): 10M, peak: 10M
current process commit charge ("private bytes"): 64M, peak: 320M

vm_info: OpenJDK 64-Bit Server VM (17.0.6+0-b2043.56-10027231) for windows-amd64 JRE (17.0.6+0-b2043.56-10027231), built on Apr 28 2023 00:43:19 by "androidbuild" with MS VC++ 16.10 / 16.11 (VS2019)

END.
