#
# There is insufficient memory for the Java Runtime Environment to continue.
# Native memory allocation (mmap) failed to map 33554432 bytes for G1 virtual space
# Possible reasons:
#   The system is out of physical RAM or swap space
#   The process is running with CompressedOops enabled, and the Java Heap may be blocking the growth of the native heap
# Possible solutions:
#   Reduce memory load on the system
#   Increase physical memory or swap space
#   Check if swap backing store is full
#   Decrease Java heap size (-Xmx/-Xms)
#   Decrease number of Java threads
#   Decrease Java thread stack sizes (-Xss)
#   Set larger code cache with -XX:ReservedCodeCacheSize=
#   JVM is running with Zero Based Compressed Oops mode in which the Java heap is
#     placed in the first 32GB address space. The Java Heap base address is the
#     maximum limit for the native heap growth. Please use -XX:HeapBaseMinAddress
#     to set the Java Heap base and to place the Java Heap above 32GB virtual address.
# This output file may be truncated or incomplete.
#
#  Out of Memory Error (os_windows.cpp:3769), pid=366500, tid=371600
#
# JRE version: OpenJDK Runtime Environment (17.0.6) (build 17.0.6+0-b2043.56-10027231)
# Java VM: OpenJDK 64-Bit Server VM (17.0.6+0-b2043.56-10027231, mixed mode, tiered, compressed oops, compressed class ptrs, g1 gc, windows-amd64)
# No core dump will be written. Minidumps are not enabled by default on client versions of Windows
#

---------------  S U M M A R Y ------------

Command Line: org.jetbrains.kotlin.cli.jvm.K2JVMCompiler @C:\Users\SSAFY\Desktop\S09P31C206\frontend\app\build\20231029_2820247447483943180.compiler.options

Host: Intel(R) Core(TM) i7-9750H CPU @ 2.60GHz, 12 cores, 15G,  Windows 10 , 64 bit Build 19041 (10.0.19041.3031)
Time: Sun Oct 29 12:33:54 2023  Windows 10 , 64 bit Build 19041 (10.0.19041.3031) elapsed time: 15.996881 seconds (0d 0h 0m 15s)

---------------  T H R E A D  ---------------

Current thread (0x0000029172c3c040):  VMThread "VM Thread" [stack: 0x000000c37f400000,0x000000c37f500000] [id=371600]

Stack: [0x000000c37f400000,0x000000c37f500000]
Native frames: (J=compiled Java code, j=interpreted, Vv=VM code, C=native code)
V  [jvm.dll+0x683c9a]
V  [jvm.dll+0x8427a4]
V  [jvm.dll+0x843f9e]
V  [jvm.dll+0x844603]
V  [jvm.dll+0x249b75]
V  [jvm.dll+0x680b69]
V  [jvm.dll+0x67505a]
V  [jvm.dll+0x309acb]
V  [jvm.dll+0x310f86]
V  [jvm.dll+0x3608ee]
V  [jvm.dll+0x360b1f]
V  [jvm.dll+0x2dfbf8]
V  [jvm.dll+0x2ddec4]
V  [jvm.dll+0x2dd4cc]
V  [jvm.dll+0x321f3b]
V  [jvm.dll+0x848ccb]
V  [jvm.dll+0x849a04]
V  [jvm.dll+0x849f1d]
V  [jvm.dll+0x84a2f4]
V  [jvm.dll+0x84a3c0]
V  [jvm.dll+0x7f274a]
V  [jvm.dll+0x682ad5]
C  [ucrtbase.dll+0x21bb2]
C  [KERNEL32.DLL+0x17614]
C  [ntdll.dll+0x526f1]

VM_Operation (0x000000c37eefb7b0): G1CollectForAllocation, mode: safepoint, requested by thread 0x00000291512cbba0


---------------  P R O C E S S  ---------------

Threads class SMR info:
_java_thread_list=0x00000291778eb220, length=13, elements={
0x00000291512cbba0, 0x0000029172c60630, 0x0000029172c615e0, 0x0000029172c743b0,
0x0000029172c75f70, 0x0000029172c78a30, 0x0000029172c793e0, 0x0000029172c97b10,
0x0000029172c984c0, 0x0000029172c9bab0, 0x0000029172e38260, 0x0000029172e49fd0,
0x00000291774c4670
}

Java Threads: ( => current thread )
  0x00000291512cbba0 JavaThread "main" [_thread_blocked, id=373388, stack(0x000000c37ee00000,0x000000c37ef00000)]
  0x0000029172c60630 JavaThread "Reference Handler" daemon [_thread_blocked, id=375372, stack(0x000000c37f500000,0x000000c37f600000)]
  0x0000029172c615e0 JavaThread "Finalizer" daemon [_thread_blocked, id=366872, stack(0x000000c37f600000,0x000000c37f700000)]
  0x0000029172c743b0 JavaThread "Signal Dispatcher" daemon [_thread_blocked, id=352272, stack(0x000000c37f700000,0x000000c37f800000)]
  0x0000029172c75f70 JavaThread "Attach Listener" daemon [_thread_blocked, id=366760, stack(0x000000c37f800000,0x000000c37f900000)]
  0x0000029172c78a30 JavaThread "Service Thread" daemon [_thread_blocked, id=375532, stack(0x000000c37f900000,0x000000c37fa00000)]
  0x0000029172c793e0 JavaThread "Monitor Deflation Thread" daemon [_thread_blocked, id=374320, stack(0x000000c37fa00000,0x000000c37fb00000)]
  0x0000029172c97b10 JavaThread "C2 CompilerThread0" daemon [_thread_blocked, id=371252, stack(0x000000c37fb00000,0x000000c37fc00000)]
  0x0000029172c984c0 JavaThread "C1 CompilerThread0" daemon [_thread_blocked, id=373924, stack(0x000000c37fc00000,0x000000c37fd00000)]
  0x0000029172c9bab0 JavaThread "Sweeper thread" daemon [_thread_blocked, id=358068, stack(0x000000c37fd00000,0x000000c37fe00000)]
  0x0000029172e38260 JavaThread "Notification Thread" daemon [_thread_blocked, id=375040, stack(0x000000c37fe00000,0x000000c37ff00000)]
  0x0000029172e49fd0 JavaThread "Common-Cleaner" daemon [_thread_blocked, id=368120, stack(0x000000c300000000,0x000000c300100000)]
  0x00000291774c4670 JavaThread "C2 CompilerThread1" daemon [_thread_blocked, id=375412, stack(0x000000c300100000,0x000000c300200000)]

Other Threads:
=>0x0000029172c3c040 VMThread "VM Thread" [stack: 0x000000c37f400000,0x000000c37f500000] [id=371600]
  0x000002915135c1f0 WatcherThread [stack: 0x000000c37ff00000,0x000000c380000000] [id=369924]
  0x000002915133a630 GCTaskThread "GC Thread#0" [stack: 0x000000c37ef00000,0x000000c37f000000] [id=90052]
  0x00000291733ffed0 GCTaskThread "GC Thread#1" [stack: 0x000000c300200000,0x000000c300300000] [id=375760]
  0x0000029173419b50 GCTaskThread "GC Thread#2" [stack: 0x000000c300300000,0x000000c300400000] [id=375676]
  0x00000291733beef0 GCTaskThread "GC Thread#3" [stack: 0x000000c300400000,0x000000c300500000] [id=15736]
  0x00000291733bf1a0 GCTaskThread "GC Thread#4" [stack: 0x000000c300500000,0x000000c300600000] [id=375784]
  0x00000291733bf450 GCTaskThread "GC Thread#5" [stack: 0x000000c300600000,0x000000c300700000] [id=374948]
  0x0000029174470060 GCTaskThread "GC Thread#6" [stack: 0x000000c300700000,0x000000c300800000] [id=368100]
  0x0000029174470310 GCTaskThread "GC Thread#7" [stack: 0x000000c300800000,0x000000c300900000] [id=342456]
  0x00000291744715e0 GCTaskThread "GC Thread#8" [stack: 0x000000c300900000,0x000000c300a00000] [id=354784]
  0x0000029174470870 GCTaskThread "GC Thread#9" [stack: 0x000000c300a00000,0x000000c300b00000] [id=368116]
  0x000002915134b470 ConcurrentGCThread "G1 Main Marker" [stack: 0x000000c37f000000,0x000000c37f100000] [id=330136]
  0x000002915134c620 ConcurrentGCThread "G1 Conc#0" [stack: 0x000000c37f100000,0x000000c37f200000] [id=368108]
  0x0000029174471890 ConcurrentGCThread "G1 Conc#1" [stack: 0x000000c300b00000,0x000000c300c00000] [id=370532]
  0x0000029174471b40 ConcurrentGCThread "G1 Conc#2" [stack: 0x000000c300c00000,0x000000c300d00000] [id=363220]
  0x000002915139e5a0 ConcurrentGCThread "G1 Refine#0" [stack: 0x000000c37f200000,0x000000c37f300000] [id=364896]
  0x0000029171f4c120 ConcurrentGCThread "G1 Service" [stack: 0x000000c37f300000,0x000000c37f400000] [id=370888]

Threads with active compile tasks:
C2 CompilerThread0    16034 15906       4       org.jetbrains.kotlin.ir.util.TypeTranslator::translateType (625 bytes)
C1 CompilerThread0    16034 15951       3       org.jetbrains.kotlin.config.CompilerConfiguration::unmodifiable (116 bytes)
C2 CompilerThread1    16034 15895       4       org.jetbrains.kotlin.ir.util.TypeTranslator::translateTypeArguments (147 bytes)

VM state: at safepoint (normal execution)

VM Mutex/Monitor currently owned by a thread:  ([mutex/lock_event])
[0x000002915112db10] Threads_lock - owner thread: 0x0000029172c3c040
[0x000002915112e770] Heap_lock - owner thread: 0x00000291512cbba0

Heap address: 0x0000000701000000, size: 4080 MB, Compressed Oops mode: Zero based, Oop shift amount: 3

CDS archive(s) not mapped
Compressed class space mapped at: 0x0000000800000000-0x0000000840000000, reserved size: 1073741824
Narrow klass base: 0x0000000800000000, Narrow klass shift: 0, Narrow klass range: 0x40000000

GC Precious Log:
 CPUs: 12 total, 12 available
 Memory: 16315M
 Large Page Support: Disabled
 NUMA Support: Disabled
 Compressed Oops: Enabled (Zero based)
 Heap Region Size: 2M
 Heap Min Capacity: 8M
 Heap Initial Capacity: 256M
 Heap Max Capacity: 4080M
 Pre-touch: Disabled
 Parallel Workers: 10
 Concurrent Workers: 3
 Concurrent Refinement Workers: 10
 Periodic GC: Disabled

Heap:
 garbage-first heap   total 163840K, used 94843K [0x0000000701000000, 0x0000000800000000)
  region size 2048K, 2 young (4096K), 2 survivors (4096K)
 Metaspace       used 91199K, committed 91584K, reserved 1130496K
  class space    used 10069K, committed 10240K, reserved 1048576K

Heap Regions: E=young(eden), S=young(survivor), O=old, HS=humongous(starts), HC=humongous(continues), CS=collection set, F=free, OA=open archive, CA=closed archive, TAMS=top-at-mark-start (previous, next)
|   0|0x0000000701000000, 0x0000000701200000, 0x0000000701200000|100%|HS|  |TAMS 0x0000000701200000, 0x0000000701200000| Complete 
|   1|0x0000000701200000, 0x0000000701400000, 0x0000000701400000|100%|HC|  |TAMS 0x0000000701400000, 0x0000000701400000| Complete 
|   2|0x0000000701400000, 0x0000000701600000, 0x0000000701600000|100%|HS|  |TAMS 0x0000000701600000, 0x0000000701600000| Complete 
|   3|0x0000000701600000, 0x0000000701800000, 0x0000000701800000|100%|HS|  |TAMS 0x0000000701800000, 0x0000000701800000| Complete 
|   4|0x0000000701800000, 0x0000000701a00000, 0x0000000701a00000|100%|HC|  |TAMS 0x0000000701a00000, 0x0000000701a00000| Complete 
|   5|0x0000000701a00000, 0x0000000701c00000, 0x0000000701c00000|100%| O|  |TAMS 0x0000000701c00000, 0x0000000701c00000| Untracked 
|   6|0x0000000701c00000, 0x0000000701e00000, 0x0000000701e00000|100%| O|  |TAMS 0x0000000701e00000, 0x0000000701e00000| Untracked 
|   7|0x0000000701e00000, 0x0000000702000000, 0x0000000702000000|100%| O|  |TAMS 0x0000000702000000, 0x0000000702000000| Untracked 
|   8|0x0000000702000000, 0x0000000702200000, 0x0000000702200000|100%| O|  |TAMS 0x0000000702200000, 0x0000000702200000| Untracked 
|   9|0x0000000702200000, 0x0000000702400000, 0x0000000702400000|100%| O|  |TAMS 0x0000000702400000, 0x0000000702400000| Untracked 
|  10|0x0000000702400000, 0x0000000702501400, 0x0000000702600000| 50%| O|  |TAMS 0x0000000702501400, 0x0000000702501400| Untracked 
|  11|0x0000000702600000, 0x0000000702800000, 0x0000000702800000|100%| O|  |TAMS 0x0000000702800000, 0x0000000702800000| Untracked 
|  12|0x0000000702800000, 0x0000000702a00000, 0x0000000702a00000|100%| O|  |TAMS 0x0000000702a00000, 0x0000000702a00000| Untracked 
|  13|0x0000000702a00000, 0x0000000702c00000, 0x0000000702c00000|100%| O|  |TAMS 0x0000000702c00000, 0x0000000702c00000| Untracked 
|  14|0x0000000702c00000, 0x0000000702e00000, 0x0000000702e00000|100%| O|  |TAMS 0x0000000702e00000, 0x0000000702e00000| Untracked 
|  15|0x0000000702e00000, 0x0000000703000000, 0x0000000703000000|100%| O|  |TAMS 0x0000000703000000, 0x0000000703000000| Untracked 
|  16|0x0000000703000000, 0x0000000703200000, 0x0000000703200000|100%| O|  |TAMS 0x0000000703200000, 0x0000000703200000| Untracked 
|  17|0x0000000703200000, 0x0000000703400000, 0x0000000703400000|100%| O|  |TAMS 0x0000000703400000, 0x0000000703400000| Untracked 
|  18|0x0000000703400000, 0x0000000703600000, 0x0000000703600000|100%| O|  |TAMS 0x0000000703600000, 0x0000000703600000| Untracked 
|  19|0x0000000703600000, 0x0000000703800000, 0x0000000703800000|100%| O|  |TAMS 0x0000000703800000, 0x0000000703800000| Untracked 
|  20|0x0000000703800000, 0x0000000703a00000, 0x0000000703a00000|100%| O|  |TAMS 0x0000000703a00000, 0x0000000703a00000| Untracked 
|  21|0x0000000703a00000, 0x0000000703c00000, 0x0000000703c00000|100%| O|  |TAMS 0x0000000703c00000, 0x0000000703c00000| Untracked 
|  22|0x0000000703c00000, 0x0000000703e00000, 0x0000000703e00000|100%| O|  |TAMS 0x0000000703e00000, 0x0000000703e00000| Untracked 
|  23|0x0000000703e00000, 0x0000000704000000, 0x0000000704000000|100%| O|  |TAMS 0x0000000704000000, 0x0000000704000000| Untracked 
|  24|0x0000000704000000, 0x0000000704200000, 0x0000000704200000|100%| O|  |TAMS 0x0000000704200000, 0x0000000704200000| Untracked 
|  25|0x0000000704200000, 0x0000000704400000, 0x0000000704400000|100%| O|  |TAMS 0x0000000704400000, 0x0000000704400000| Untracked 
|  26|0x0000000704400000, 0x0000000704600000, 0x0000000704600000|100%| O|  |TAMS 0x0000000704600000, 0x0000000704600000| Untracked 
|  27|0x0000000704600000, 0x0000000704800000, 0x0000000704800000|100%| O|  |TAMS 0x0000000704800000, 0x0000000704800000| Untracked 
|  28|0x0000000704800000, 0x0000000704a00000, 0x0000000704a00000|100%| O|  |TAMS 0x0000000704a00000, 0x0000000704a00000| Untracked 
|  29|0x0000000704a00000, 0x0000000704c00000, 0x0000000704c00000|100%| O|  |TAMS 0x0000000704c00000, 0x0000000704c00000| Untracked 
|  30|0x0000000704c00000, 0x0000000704e00000, 0x0000000704e00000|100%| O|  |TAMS 0x0000000704e00000, 0x0000000704e00000| Untracked 
|  31|0x0000000704e00000, 0x0000000705000000, 0x0000000705000000|100%| O|  |TAMS 0x0000000705000000, 0x0000000705000000| Untracked 
|  32|0x0000000705000000, 0x0000000705200000, 0x0000000705200000|100%| O|  |TAMS 0x0000000705200000, 0x0000000705200000| Untracked 
|  33|0x0000000705200000, 0x0000000705200000, 0x0000000705400000|  0%| F|  |TAMS 0x0000000705200000, 0x0000000705200000| Untracked 
|  34|0x0000000705400000, 0x0000000705600000, 0x0000000705600000|100%| O|  |TAMS 0x0000000705600000, 0x0000000705600000| Untracked 
|  35|0x0000000705600000, 0x0000000705800000, 0x0000000705800000|100%| O|  |TAMS 0x0000000705800000, 0x0000000705800000| Untracked 
|  36|0x0000000705800000, 0x0000000705a00000, 0x0000000705a00000|100%| O|  |TAMS 0x0000000705a00000, 0x0000000705a00000| Untracked 
|  37|0x0000000705a00000, 0x0000000705c00000, 0x0000000705c00000|100%| O|  |TAMS 0x0000000705c00000, 0x0000000705c00000| Untracked 
|  38|0x0000000705c00000, 0x0000000705e00000, 0x0000000705e00000|100%| O|  |TAMS 0x0000000705e00000, 0x0000000705e00000| Untracked 
|  39|0x0000000705e00000, 0x0000000706000000, 0x0000000706000000|100%| O|  |TAMS 0x0000000706000000, 0x0000000706000000| Untracked 
|  40|0x0000000706000000, 0x0000000706200000, 0x0000000706200000|100%| O|  |TAMS 0x0000000706200000, 0x0000000706200000| Untracked 
|  41|0x0000000706200000, 0x0000000706400000, 0x0000000706400000|100%| O|  |TAMS 0x0000000706400000, 0x0000000706400000| Untracked 
|  42|0x0000000706400000, 0x0000000706600000, 0x0000000706600000|100%| O|  |TAMS 0x0000000706600000, 0x0000000706600000| Untracked 
|  43|0x0000000706600000, 0x0000000706800000, 0x0000000706800000|100%| O|  |TAMS 0x0000000706600000, 0x0000000706800000| Untracked 
|  44|0x0000000706800000, 0x0000000706a00000, 0x0000000706a00000|100%| O|  |TAMS 0x0000000706800000, 0x0000000706a00000| Untracked 
|  45|0x0000000706a00000, 0x0000000706b9d800, 0x0000000706c00000| 80%| O|  |TAMS 0x0000000706a00000, 0x0000000706b9d800| Untracked 
|  46|0x0000000706c00000, 0x0000000706c00000, 0x0000000706e00000|  0%| F|  |TAMS 0x0000000706c00000, 0x0000000706c00000| Untracked 
|  47|0x0000000706e00000, 0x0000000706e00000, 0x0000000707000000|  0%| F|  |TAMS 0x0000000706e00000, 0x0000000706e00000| Untracked 
|  48|0x0000000707000000, 0x0000000707000000, 0x0000000707200000|  0%| F|  |TAMS 0x0000000707000000, 0x0000000707000000| Untracked 
|  49|0x0000000707200000, 0x0000000707200000, 0x0000000707400000|  0%| F|  |TAMS 0x0000000707200000, 0x0000000707200000| Untracked 
|  50|0x0000000707400000, 0x0000000707400000, 0x0000000707600000|  0%| F|  |TAMS 0x0000000707400000, 0x0000000707400000| Untracked 
|  51|0x0000000707600000, 0x0000000707600000, 0x0000000707800000|  0%| F|  |TAMS 0x0000000707600000, 0x0000000707600000| Untracked 
|  52|0x0000000707800000, 0x0000000707800000, 0x0000000707a00000|  0%| F|  |TAMS 0x0000000707800000, 0x0000000707800000| Untracked 
|  53|0x0000000707a00000, 0x0000000707a00000, 0x0000000707c00000|  0%| F|  |TAMS 0x0000000707a00000, 0x0000000707a00000| Untracked 
|  54|0x0000000707c00000, 0x0000000707c00000, 0x0000000707e00000|  0%| F|  |TAMS 0x0000000707c00000, 0x0000000707c00000| Untracked 
|  55|0x0000000707e00000, 0x0000000707e00000, 0x0000000708000000|  0%| F|  |TAMS 0x0000000707e00000, 0x0000000707e00000| Untracked 
|  56|0x0000000708000000, 0x0000000708000000, 0x0000000708200000|  0%| F|  |TAMS 0x0000000708000000, 0x0000000708000000| Untracked 
|  57|0x0000000708200000, 0x0000000708200000, 0x0000000708400000|  0%| F|  |TAMS 0x0000000708200000, 0x0000000708200000| Untracked 
|  58|0x0000000708400000, 0x0000000708600000, 0x0000000708600000|100%| S|CS|TAMS 0x0000000708400000, 0x0000000708400000| Complete 
|  59|0x0000000708600000, 0x0000000708800000, 0x0000000708800000|100%| S|CS|TAMS 0x0000000708600000, 0x0000000708600000| Complete 
|  60|0x0000000708800000, 0x0000000708800000, 0x0000000708a00000|  0%| F|  |TAMS 0x0000000708800000, 0x0000000708800000| Untracked 
|  61|0x0000000708a00000, 0x0000000708a00000, 0x0000000708c00000|  0%| F|  |TAMS 0x0000000708a00000, 0x0000000708a00000| Untracked 
|  62|0x0000000708c00000, 0x0000000708c00000, 0x0000000708e00000|  0%| F|  |TAMS 0x0000000708c00000, 0x0000000708c00000| Untracked 
|  63|0x0000000708e00000, 0x0000000708e00000, 0x0000000709000000|  0%| F|  |TAMS 0x0000000708e00000, 0x0000000708e00000| Untracked 
|  64|0x0000000709000000, 0x0000000709000000, 0x0000000709200000|  0%| F|  |TAMS 0x0000000709000000, 0x0000000709000000| Untracked 
|  65|0x0000000709200000, 0x0000000709200000, 0x0000000709400000|  0%| F|  |TAMS 0x0000000709200000, 0x0000000709200000| Untracked 
|  66|0x0000000709400000, 0x0000000709400000, 0x0000000709600000|  0%| F|  |TAMS 0x0000000709400000, 0x0000000709400000| Untracked 
|  67|0x0000000709600000, 0x0000000709600000, 0x0000000709800000|  0%| F|  |TAMS 0x0000000709600000, 0x0000000709600000| Untracked 
|  68|0x0000000709800000, 0x0000000709800000, 0x0000000709a00000|  0%| F|  |TAMS 0x0000000709800000, 0x0000000709800000| Untracked 
|  69|0x0000000709a00000, 0x0000000709a00000, 0x0000000709c00000|  0%| F|  |TAMS 0x0000000709a00000, 0x0000000709a00000| Untracked 
|  70|0x0000000709c00000, 0x0000000709c00000, 0x0000000709e00000|  0%| F|  |TAMS 0x0000000709c00000, 0x0000000709c00000| Untracked 
|  71|0x0000000709e00000, 0x0000000709e00000, 0x000000070a000000|  0%| F|  |TAMS 0x0000000709e00000, 0x0000000709e00000| Untracked 
|  72|0x000000070a000000, 0x000000070a000000, 0x000000070a200000|  0%| F|  |TAMS 0x000000070a000000, 0x000000070a000000| Untracked 
|  73|0x000000070a200000, 0x000000070a200000, 0x000000070a400000|  0%| F|  |TAMS 0x000000070a200000, 0x000000070a200000| Untracked 
|  74|0x000000070a400000, 0x000000070a400000, 0x000000070a600000|  0%| F|  |TAMS 0x000000070a400000, 0x000000070a400000| Untracked 
|  75|0x000000070a600000, 0x000000070a600000, 0x000000070a800000|  0%| F|  |TAMS 0x000000070a600000, 0x000000070a600000| Untracked 
|  76|0x000000070a800000, 0x000000070a800000, 0x000000070aa00000|  0%| F|  |TAMS 0x000000070a800000, 0x000000070a800000| Untracked 
|  77|0x000000070aa00000, 0x000000070aa00000, 0x000000070ac00000|  0%| F|  |TAMS 0x000000070aa00000, 0x000000070aa00000| Untracked 
|  78|0x000000070ac00000, 0x000000070ac00000, 0x000000070ae00000|  0%| F|  |TAMS 0x000000070ac00000, 0x000000070ac00000| Untracked 
| 127|0x0000000710e00000, 0x0000000710e00000, 0x0000000711000000|  0%| F|  |TAMS 0x0000000710e00000, 0x0000000710e00000| Untracked 

Card table byte_map: [0x0000029166400000,0x0000029166c00000] _byte_map_base: 0x0000029162bf8000

Marking Bits (Prev, Next): (CMBitMap*) 0x000002915133ac80, (CMBitMap*) 0x000002915133ac40
 Prev Bits: [0x000002916b3c0000, 0x000002916f380000)
 Next Bits: [0x0000029167400000, 0x000002916b3c0000)

Polling page: 0x00000291513a0000

Metaspace:

Usage:
  Non-class:     79.23 MB used.
      Class:      9.83 MB used.
       Both:     89.06 MB used.

Virtual space:
  Non-class space:       80.00 MB reserved,      79.44 MB (>99%) committed,  10 nodes.
      Class space:        1.00 GB reserved,      10.00 MB ( <1%) committed,  1 nodes.
             Both:        1.08 GB reserved,      89.44 MB (  8%) committed. 

Chunk freelists:
   Non-Class:  448.00 KB
       Class:  2.02 MB
        Both:  2.45 MB

MaxMetaspaceSize: unlimited
CompressedClassSpaceSize: 1.00 GB
Initial GC threshold: 21.00 MB
Current GC threshold: 140.12 MB
CDS: off
MetaspaceReclaimPolicy: balanced
 - commit_granule_bytes: 65536.
 - commit_granule_words: 8192.
 - virtual_space_node_default_size: 1048576.
 - enlarge_chunks_in_place: 1.
 - new_chunks_are_fully_committed: 0.
 - uncommit_free_chunks: 1.
 - use_allocation_guard: 0.
 - handle_deallocations: 1.


Internal statistics:

num_allocs_failed_limit: 9.
num_arena_births: 494.
num_arena_deaths: 0.
num_vsnodes_births: 11.
num_vsnodes_deaths: 0.
num_space_committed: 1429.
num_space_uncommitted: 0.
num_chunks_returned_to_freelist: 9.
num_chunks_taken_from_freelist: 3435.
num_chunk_merges: 9.
num_chunk_splits: 2774.
num_chunks_enlarged: 2394.
num_purges: 0.
num_inconsistent_stats: 0.

CodeHeap 'non-profiled nmethods': size=120000Kb used=5661Kb max_used=5661Kb free=114338Kb
 bounds [0x000002915da50000, 0x000002915dfe0000, 0x0000029164f80000]
CodeHeap 'profiled nmethods': size=120000Kb used=34313Kb max_used=34313Kb free=85686Kb
 bounds [0x0000029155f80000, 0x0000029158140000, 0x000002915d4b0000]
CodeHeap 'non-nmethods': size=5760Kb used=1423Kb max_used=1514Kb free=4336Kb
 bounds [0x000002915d4b0000, 0x000002915d720000, 0x000002915da50000]
 total_blobs=14259 nmethods=13504 adapters=662
 compilation: enabled
              stopped_count=0, restarted_count=0
 full_count=0

Compilation events (20 events):
Event: 15.971 Thread 0x0000029172c984c0 nmethod 15939 0x00000291577b3690 code [0x00000291577b3840, 0x00000291577b3bb8]
Event: 15.971 Thread 0x0000029172c984c0 15940       3       org.jetbrains.org.objectweb.asm.MethodWriter::visitMethodInsn (191 bytes)
Event: 15.972 Thread 0x0000029172c984c0 nmethod 15940 0x0000029157d53610 code [0x0000029157d53840, 0x0000029157d54068]
Event: 15.972 Thread 0x0000029172c984c0 15942       3       org.jetbrains.org.objectweb.asm.AnnotationWriter::visit (959 bytes)
Event: 15.976 Thread 0x0000029172c984c0 nmethod 15942 0x000002915812eb90 code [0x000002915812f2c0, 0x00000291581333f8]
Event: 15.976 Thread 0x0000029172c984c0 15946       3       org.jetbrains.kotlin.ir.PsiIrFileEntry::findPsiElement (74 bytes)
Event: 15.977 Thread 0x0000029172c984c0 nmethod 15946 0x0000029157d52490 code [0x0000029157d52700, 0x0000029157d53288]
Event: 15.977 Thread 0x0000029172c984c0 15941       3       org.jetbrains.org.objectweb.asm.SymbolTable::addConstantMethodref (24 bytes)
Event: 15.978 Thread 0x0000029172c984c0 nmethod 15941 0x00000291577b3290 code [0x00000291577b3440, 0x00000291577b35e8]
Event: 15.978 Thread 0x0000029172c984c0 15950       3       org.jetbrains.org.objectweb.asm.Label::getCanonicalInstance (19 bytes)
Event: 15.978 Thread 0x0000029172c984c0 nmethod 15950 0x00000291577b2c10 code [0x00000291577b2da0, 0x00000291577b2f18]
Event: 15.978 Thread 0x0000029172c984c0 15949       3       org.jetbrains.kotlin.codegen.optimization.boxing.BoxingInterpreterKt::isNextMethodCallOfProgressionIterator (84 bytes)
Event: 15.979 Thread 0x00000291774c4670 nmethod 15683 0x000002915dfcc590 code [0x000002915dfcca20, 0x000002915dfd3490]
Event: 15.980 Thread 0x0000029172c984c0 nmethod 15949 0x00000291579af190 code [0x00000291579af500, 0x00000291579b0c48]
Event: 15.980 Thread 0x0000029172c984c0 15935       3       org.jetbrains.org.objectweb.asm.util.CheckSignatureAdapter::visitEnd (40 bytes)
Event: 15.980 Thread 0x00000291774c4670 15895       4       org.jetbrains.kotlin.ir.util.TypeTranslator::translateTypeArguments (147 bytes)
Event: 15.980 Thread 0x0000029172c984c0 nmethod 15935 0x0000029157d51e10 code [0x0000029157d51fe0, 0x0000029157d52378]
Event: 15.980 Thread 0x0000029172c984c0 15947       3       org.jetbrains.kotlin.backend.jvm.codegen.IrCallGenerator::genValueAndPut (59 bytes)
Event: 15.981 Thread 0x0000029172c984c0 nmethod 15947 0x0000029157cfa790 code [0x0000029157cfaba0, 0x0000029157cfc498]
Event: 15.981 Thread 0x0000029172c984c0 15951       3       org.jetbrains.kotlin.config.CompilerConfiguration::unmodifiable (116 bytes)

GC Heap History (20 events):
Event: 9.603 GC heap after
{Heap after GC invocations=18 (full 0):
 garbage-first heap   total 124928K, used 62166K [0x0000000701000000, 0x0000000800000000)
  region size 2048K, 3 young (6144K), 3 survivors (6144K)
 Metaspace       used 64101K, committed 64384K, reserved 1105920K
  class space    used 7476K, committed 7616K, reserved 1048576K
}
Event: 10.377 GC heap before
{Heap before GC invocations=18 (full 0):
 garbage-first heap   total 124928K, used 92886K [0x0000000701000000, 0x0000000800000000)
  region size 2048K, 18 young (36864K), 3 survivors (6144K)
 Metaspace       used 65410K, committed 65728K, reserved 1114112K
  class space    used 7551K, committed 7680K, reserved 1048576K
}
Event: 10.393 GC heap after
{Heap after GC invocations=19 (full 0):
 garbage-first heap   total 124928K, used 65460K [0x0000000701000000, 0x0000000800000000)
  region size 2048K, 2 young (4096K), 2 survivors (4096K)
 Metaspace       used 65410K, committed 65728K, reserved 1114112K
  class space    used 7551K, committed 7680K, reserved 1048576K
}
Event: 10.948 GC heap before
{Heap before GC invocations=20 (full 0):
 garbage-first heap   total 124928K, used 96180K [0x0000000701000000, 0x0000000800000000)
  region size 2048K, 17 young (34816K), 2 survivors (4096K)
 Metaspace       used 66229K, committed 66496K, reserved 1114112K
  class space    used 7603K, committed 7744K, reserved 1048576K
}
Event: 10.960 GC heap after
{Heap after GC invocations=21 (full 0):
 garbage-first heap   total 124928K, used 68031K [0x0000000701000000, 0x0000000800000000)
  region size 2048K, 3 young (6144K), 3 survivors (6144K)
 Metaspace       used 66229K, committed 66496K, reserved 1114112K
  class space    used 7603K, committed 7744K, reserved 1048576K
}
Event: 11.565 GC heap before
{Heap before GC invocations=21 (full 0):
 garbage-first heap   total 124928K, used 96703K [0x0000000701000000, 0x0000000800000000)
  region size 2048K, 17 young (34816K), 3 survivors (6144K)
 Metaspace       used 70278K, committed 70592K, reserved 1114112K
  class space    used 8025K, committed 8128K, reserved 1048576K
}
Event: 11.579 GC heap after
{Heap after GC invocations=22 (full 0):
 garbage-first heap   total 151552K, used 70473K [0x0000000701000000, 0x0000000800000000)
  region size 2048K, 2 young (4096K), 2 survivors (4096K)
 Metaspace       used 70278K, committed 70592K, reserved 1114112K
  class space    used 8025K, committed 8128K, reserved 1048576K
}
Event: 12.682 GC heap before
{Heap before GC invocations=23 (full 0):
 garbage-first heap   total 151552K, used 117577K [0x0000000701000000, 0x0000000800000000)
  region size 2048K, 25 young (51200K), 2 survivors (4096K)
 Metaspace       used 75536K, committed 75840K, reserved 1122304K
  class space    used 8601K, committed 8768K, reserved 1048576K
}
Event: 12.695 GC heap after
{Heap after GC invocations=24 (full 0):
 garbage-first heap   total 151552K, used 76805K [0x0000000701000000, 0x0000000800000000)
  region size 2048K, 4 young (8192K), 4 survivors (8192K)
 Metaspace       used 75536K, committed 75840K, reserved 1122304K
  class space    used 8601K, committed 8768K, reserved 1048576K
}
Event: 13.389 GC heap before
{Heap before GC invocations=24 (full 0):
 garbage-first heap   total 151552K, used 117765K [0x0000000701000000, 0x0000000800000000)
  region size 2048K, 24 young (49152K), 4 survivors (8192K)
 Metaspace       used 77057K, committed 77440K, reserved 1122304K
  class space    used 8729K, committed 8896K, reserved 1048576K
}
Event: 13.410 GC heap after
{Heap after GC invocations=25 (full 0):
 garbage-first heap   total 151552K, used 86725K [0x0000000701000000, 0x0000000800000000)
  region size 2048K, 3 young (6144K), 3 survivors (6144K)
 Metaspace       used 77057K, committed 77440K, reserved 1122304K
  class space    used 8729K, committed 8896K, reserved 1048576K
}
Event: 14.020 GC heap before
{Heap before GC invocations=26 (full 0):
 garbage-first heap   total 153600K, used 117445K [0x0000000701000000, 0x0000000800000000)
  region size 2048K, 18 young (36864K), 3 survivors (6144K)
 Metaspace       used 82294K, committed 82624K, reserved 1122304K
  class space    used 9330K, committed 9472K, reserved 1048576K
}
Event: 14.030 GC heap after
{Heap after GC invocations=27 (full 0):
 garbage-first heap   total 153600K, used 89514K [0x0000000701000000, 0x0000000800000000)
  region size 2048K, 2 young (4096K), 2 survivors (4096K)
 Metaspace       used 82294K, committed 82624K, reserved 1122304K
  class space    used 9330K, committed 9472K, reserved 1048576K
}
Event: 14.562 GC heap before
{Heap before GC invocations=27 (full 0):
 garbage-first heap   total 153600K, used 120234K [0x0000000701000000, 0x0000000800000000)
  region size 2048K, 17 young (34816K), 2 survivors (4096K)
 Metaspace       used 85452K, committed 85824K, reserved 1130496K
  class space    used 9635K, committed 9792K, reserved 1048576K
}
Event: 14.570 GC heap after
{Heap after GC invocations=28 (full 0):
 garbage-first heap   total 153600K, used 92275K [0x0000000701000000, 0x0000000800000000)
  region size 2048K, 3 young (6144K), 3 survivors (6144K)
 Metaspace       used 85452K, committed 85824K, reserved 1130496K
  class space    used 9635K, committed 9792K, reserved 1048576K
}
Event: 15.074 GC heap before
{Heap before GC invocations=29 (full 0):
 garbage-first heap   total 163840K, used 120947K [0x0000000701000000, 0x0000000800000000)
  region size 2048K, 17 young (34816K), 3 survivors (6144K)
 Metaspace       used 86551K, committed 86912K, reserved 1130496K
  class space    used 9704K, committed 9856K, reserved 1048576K
}
Event: 15.083 GC heap after
{Heap after GC invocations=30 (full 0):
 garbage-first heap   total 163840K, used 93458K [0x0000000701000000, 0x0000000800000000)
  region size 2048K, 1 young (2048K), 1 survivors (2048K)
 Metaspace       used 86551K, committed 86912K, reserved 1130496K
  class space    used 9704K, committed 9856K, reserved 1048576K
}
Event: 15.228 GC heap before
{Heap before GC invocations=30 (full 0):
 garbage-first heap   total 163840K, used 99602K [0x0000000701000000, 0x0000000800000000)
  region size 2048K, 4 young (8192K), 1 survivors (2048K)
 Metaspace       used 86939K, committed 87296K, reserved 1130496K
  class space    used 9736K, committed 9920K, reserved 1048576K
}
Event: 15.234 GC heap after
{Heap after GC invocations=31 (full 0):
 garbage-first heap   total 163840K, used 92120K [0x0000000701000000, 0x0000000800000000)
  region size 2048K, 1 young (2048K), 1 survivors (2048K)
 Metaspace       used 86939K, committed 87296K, reserved 1130496K
  class space    used 9736K, committed 9920K, reserved 1048576K
}
Event: 15.982 GC heap before
{Heap before GC invocations=31 (full 0):
 garbage-first heap   total 163840K, used 131032K [0x0000000701000000, 0x0000000800000000)
  region size 2048K, 20 young (40960K), 1 survivors (2048K)
 Metaspace       used 91199K, committed 91584K, reserved 1130496K
  class space    used 10069K, committed 10240K, reserved 1048576K
}

Dll operation events (2 events):
Event: 0.007 Loaded shared library C:\Program Files\Android\Android Studio\jbr\bin\java.dll
Event: 1.210 Loaded shared library C:\Program Files\Android\Android Studio\jbr\bin\verify.dll

Deoptimization events (20 events):
Event: 15.537 Thread 0x00000291512cbba0 DEOPT PACKING pc=0x000002915def0914 sp=0x000000c37eefcd00
Event: 15.537 Thread 0x00000291512cbba0 DEOPT UNPACKING pc=0x000002915d5069a3 sp=0x000000c37eefcc70 mode 2
Event: 15.538 Thread 0x00000291512cbba0 Uncommon trap: trap_request=0xffffffc6 fr.pc=0x000002915def0914 relative=0x0000000000000fd4
Event: 15.538 Thread 0x00000291512cbba0 Uncommon trap: reason=bimorphic_or_optimized_type_check action=maybe_recompile pc=0x000002915def0914 method=org.jetbrains.kotlin.ir.types.IrTypePredicatesKt.hasFqNameEqualToSignature(Lorg/jetbrains/kotlin/ir/declarations/IrClass;Lorg/jetbrains/kotlin/ir/u
Event: 15.539 Thread 0x00000291512cbba0 DEOPT PACKING pc=0x000002915def0914 sp=0x000000c37eefca40
Event: 15.539 Thread 0x00000291512cbba0 DEOPT UNPACKING pc=0x000002915d5069a3 sp=0x000000c37eefc9b0 mode 2
Event: 15.539 Thread 0x00000291512cbba0 Uncommon trap: trap_request=0xffffffc6 fr.pc=0x000002915def0914 relative=0x0000000000000fd4
Event: 15.539 Thread 0x00000291512cbba0 Uncommon trap: reason=bimorphic_or_optimized_type_check action=maybe_recompile pc=0x000002915def0914 method=org.jetbrains.kotlin.ir.types.IrTypePredicatesKt.hasFqNameEqualToSignature(Lorg/jetbrains/kotlin/ir/declarations/IrClass;Lorg/jetbrains/kotlin/ir/u
Event: 15.539 Thread 0x00000291512cbba0 DEOPT PACKING pc=0x000002915def0914 sp=0x000000c37eefc630
Event: 15.539 Thread 0x00000291512cbba0 DEOPT UNPACKING pc=0x000002915d5069a3 sp=0x000000c37eefc5a0 mode 2
Event: 15.557 Thread 0x00000291512cbba0 Uncommon trap: trap_request=0xffffffc6 fr.pc=0x000002915ddac078 relative=0x0000000000001518
Event: 15.557 Thread 0x00000291512cbba0 Uncommon trap: reason=bimorphic_or_optimized_type_check action=maybe_recompile pc=0x000002915ddac078 method=org.jetbrains.kotlin.ir.types.IrTypePredicatesKt.hasFqNameEqualToSignature(Lorg/jetbrains/kotlin/ir/declarations/IrClass;Lorg/jetbrains/kotlin/ir/u
Event: 15.557 Thread 0x00000291512cbba0 DEOPT PACKING pc=0x000002915ddac078 sp=0x000000c37eefd110
Event: 15.557 Thread 0x00000291512cbba0 DEOPT UNPACKING pc=0x000002915d5069a3 sp=0x000000c37eefd100 mode 2
Event: 15.597 Thread 0x00000291512cbba0 Uncommon trap: trap_request=0xffffffde fr.pc=0x000002915de1e8b8 relative=0x0000000000000278
Event: 15.597 Thread 0x00000291512cbba0 Uncommon trap: reason=class_check action=maybe_recompile pc=0x000002915de1e8b8 method=org.jetbrains.kotlin.utils.ThreadLocalDelegate.getValue(Ljava/lang/Object;Lkotlin/reflect/KProperty;)Ljava/lang/Object; @ 42 c2
Event: 15.597 Thread 0x00000291512cbba0 DEOPT PACKING pc=0x000002915de1e8b8 sp=0x000000c37eefd550
Event: 15.597 Thread 0x00000291512cbba0 DEOPT UNPACKING pc=0x000002915d5069a3 sp=0x000000c37eefd4f0 mode 2
Event: 15.715 Thread 0x00000291512cbba0 DEOPT PACKING pc=0x00000291563a8bdb sp=0x000000c37eefdac0
Event: 15.715 Thread 0x00000291512cbba0 DEOPT UNPACKING pc=0x000002915d507143 sp=0x000000c37eefcfe0 mode 0

Classes unloaded (0 events):
No events

Classes redefined (0 events):
No events

Internal exceptions (20 events):
Event: 9.574 Thread 0x00000291512cbba0 Implicit null exception at 0x000002915dbca8f7 to 0x000002915dbcad58
Event: 9.756 Thread 0x00000291512cbba0 Exception <a 'java/lang/NoSuchMethodError'{0x000000070852a340}: 'java.lang.Object java.lang.invoke.DirectMethodHandle$Holder.newInvokeSpecial(java.lang.Object, java.lang.Object, java.lang.Object, java.lang.Object, java.lang.Object, java.lang.Object, java.lang.Object)'> (0x000000070852a340) 
thrown [s\src\hotspot\share\interpreter\linkResolver.cpp, line 771]
Event: 9.757 Thread 0x00000291512cbba0 Exception <a 'java/lang/NoSuchMethodError'{0x000000070852f1a0}: 'java.lang.Object java.lang.invoke.Invokers$Holder.linkToTargetMethod(java.lang.Object, java.lang.Object, java.lang.Object, java.lang.Object, java.lang.Object, java.lang.Object, java.lang.Object)'> (0x000000070852f1a0) 
thrown [s\src\hotspot\share\interpreter\linkResolver.cpp, line 771]
Event: 10.204 Thread 0x00000291512cbba0 Implicit null exception at 0x000002915dd3eaf5 to 0x000002915dd3f238
Event: 10.216 Thread 0x00000291512cbba0 Exception <a 'java/lang/NoSuchMethodError'{0x00000007073d77a0}: 'java.lang.Object java.lang.invoke.DirectMethodHandle$Holder.invokeInterface(java.lang.Object, java.lang.Object, java.lang.Object)'> (0x00000007073d77a0) 
thrown [s\src\hotspot\share\interpreter\linkResolver.cpp, line 771]
Event: 10.216 Thread 0x00000291512cbba0 Exception <a 'java/lang/IncompatibleClassChangeError'{0x00000007073db3b8}: Found class java.lang.Object, but interface was expected> (0x00000007073db3b8) 
thrown [s\src\hotspot\share\interpreter\linkResolver.cpp, line 838]
Event: 10.222 Thread 0x00000291512cbba0 Implicit null exception at 0x000002915dbc08f2 to 0x000002915dbc1044
Event: 10.547 Thread 0x00000291512cbba0 Exception <a 'java/lang/NoSuchMethodError'{0x00000007083d25d0}: 'void java.lang.invoke.DirectMethodHandle$Holder.invokeStatic(java.lang.Object, java.lang.Object, java.lang.Object)'> (0x00000007083d25d0) 
thrown [s\src\hotspot\share\interpreter\linkResolver.cpp, line 771]
Event: 11.015 Thread 0x00000291512cbba0 Implicit null exception at 0x000002915daef474 to 0x000002915daef690
Event: 11.380 Thread 0x00000291512cbba0 Exception <a 'java/lang/NoSuchMethodError'{0x00000007077680a0}: 'java.lang.Object java.lang.invoke.DirectMethodHandle$Holder.invokeStaticInit(java.lang.Object, java.lang.Object, java.lang.Object, java.lang.Object)'> (0x00000007077680a0) 
thrown [s\src\hotspot\share\interpreter\linkResolver.cpp, line 771]
Event: 11.671 Thread 0x00000291512cbba0 Exception <a 'java/lang/NoSuchMethodError'{0x000000070a18ac38}: 'java.lang.Object java.lang.invoke.DirectMethodHandle$Holder.newInvokeSpecial(java.lang.Object, java.lang.Object, java.lang.Object, int, int)'> (0x000000070a18ac38) 
thrown [s\src\hotspot\share\interpreter\linkResolver.cpp, line 771]
Event: 11.671 Thread 0x00000291512cbba0 Exception <a 'java/lang/NoSuchMethodError'{0x000000070a18ea78}: 'java.lang.Object java.lang.invoke.DirectMethodHandle$Holder.invokeSpecial(java.lang.Object, java.lang.Object, java.lang.Object, java.lang.Object, int, int)'> (0x000000070a18ea78) 
thrown [s\src\hotspot\share\interpreter\linkResolver.cpp, line 771]
Event: 12.017 Thread 0x00000291512cbba0 Implicit null exception at 0x000002915dabb680 to 0x000002915dabb8e8
Event: 12.070 Thread 0x00000291512cbba0 Exception <a 'java/lang/NoSuchMethodError'{0x00000007093d4320}: 'java.lang.Object java.lang.invoke.DirectMethodHandle$Holder.newInvokeSpecial(java.lang.Object, java.lang.Object, int, int, java.lang.Object, java.lang.Object, java.lang.Object)'> (0x00000007093d4320) 
thrown [s\src\hotspot\share\interpreter\linkResolver.cpp, line 771]
Event: 12.070 Thread 0x00000291512cbba0 Exception <a 'java/lang/NoSuchMethodError'{0x00000007093d8920}: 'java.lang.Object java.lang.invoke.DirectMethodHandle$Holder.invokeSpecial(java.lang.Object, java.lang.Object, java.lang.Object, int, int, java.lang.Object, java.lang.Object, java.lang.Object)'> (0x00000007093d8920) 
thrown [s\src\hotspot\share\interpreter\linkResolver.cpp, line 771]
Event: 12.075 Thread 0x00000291512cbba0 Exception <a 'java/lang/NoSuchMethodError'{0x0000000709013200}: 'java.lang.Object java.lang.invoke.DirectMethodHandle$Holder.newInvokeSpecial(java.lang.Object, int, java.lang.Object, java.lang.Object)'> (0x0000000709013200) 
thrown [s\src\hotspot\share\interpreter\linkResolver.cpp, line 771]
Event: 12.087 Thread 0x00000291512cbba0 Exception <a 'java/lang/NoSuchMethodError'{0x0000000709071f58}: 'java.lang.Object java.lang.invoke.DirectMethodHandle$Holder.invokeSpecial(java.lang.Object, java.lang.Object, int, int, java.lang.Object, java.lang.Object, java.lang.Object, java.lang.Object, java.lang.Object)'> (0x0000000709071f58) 
thrown [s\src\hotspot\share\interpreter\linkResolver.cpp, line 771]
Event: 12.208 Thread 0x00000291512cbba0 Exception <a 'java/lang/NoSuchMethodError'{0x0000000708f4f100}: 'java.lang.Object java.lang.invoke.DirectMethodHandle$Holder.invokeStatic(java.lang.Object, java.lang.Object, java.lang.Object, int, int, java.lang.Object, java.lang.Object, java.lang.Object, java.lang.Object)'> (0x0000000708f4f100) 
thrown [s\src\hotspot\share\interpreter\linkResolver.cpp, line 771]
Event: 12.209 Thread 0x00000291512cbba0 Exception <a 'java/lang/NoSuchMethodError'{0x0000000708f593c8}: 'java.lang.Object java.lang.invoke.DirectMethodHandle$Holder.newInvokeSpecial(java.lang.Object, java.lang.Object, java.lang.Object, int, int, java.lang.Object)'> (0x0000000708f593c8) 
thrown [s\src\hotspot\share\interpreter\linkResolver.cpp, line 771]
Event: 12.209 Thread 0x00000291512cbba0 Exception <a 'java/lang/NoSuchMethodError'{0x0000000708f60d68}: 'java.lang.Object java.lang.invoke.Invokers$Holder.linkToTargetMethod(java.lang.Object, java.lang.Object, int, int, java.lang.Object, java.lang.Object)'> (0x0000000708f60d68) 
thrown [s\src\hotspot\share\interpreter\linkResolver.cpp, line 771]

VM Operations (20 events):
Event: 15.345 Executing VM operation: HandshakeAllThreads done
Event: 15.347 Executing VM operation: HandshakeAllThreads
Event: 15.347 Executing VM operation: HandshakeAllThreads done
Event: 15.367 Executing VM operation: HandshakeAllThreads
Event: 15.367 Executing VM operation: HandshakeAllThreads done
Event: 15.440 Executing VM operation: HandshakeAllThreads
Event: 15.440 Executing VM operation: HandshakeAllThreads done
Event: 15.481 Executing VM operation: HandshakeAllThreads
Event: 15.481 Executing VM operation: HandshakeAllThreads done
Event: 15.547 Executing VM operation: ICBufferFull
Event: 15.548 Executing VM operation: ICBufferFull done
Event: 15.645 Executing VM operation: HandshakeAllThreads
Event: 15.645 Executing VM operation: HandshakeAllThreads done
Event: 15.658 Executing VM operation: ICBufferFull
Event: 15.658 Executing VM operation: ICBufferFull done
Event: 15.828 Executing VM operation: ICBufferFull
Event: 15.828 Executing VM operation: ICBufferFull done
Event: 15.969 Executing VM operation: ICBufferFull
Event: 15.970 Executing VM operation: ICBufferFull done
Event: 15.982 Executing VM operation: G1CollectForAllocation

Events (20 events):
Event: 15.468 Thread 0x0000029172c9bab0 flushing nmethod 0x0000029157cd0390
Event: 15.468 Thread 0x0000029172c9bab0 flushing nmethod 0x0000029157cf9690
Event: 15.468 Thread 0x0000029172c9bab0 flushing nmethod 0x0000029157d0ac10
Event: 15.468 Thread 0x0000029172c9bab0 flushing nmethod 0x0000029157d35c10
Event: 15.468 Thread 0x0000029172c9bab0 flushing nmethod 0x0000029157d36a90
Event: 15.468 Thread 0x0000029172c9bab0 flushing nmethod 0x0000029157d46490
Event: 15.468 Thread 0x0000029172c9bab0 flushing nmethod 0x0000029157d51290
Event: 15.468 Thread 0x0000029172c9bab0 flushing nmethod 0x0000029157d52c10
Event: 15.468 Thread 0x0000029172c9bab0 flushing nmethod 0x0000029157d63c10
Event: 15.468 Thread 0x0000029172c9bab0 flushing nmethod 0x0000029157d64f10
Event: 15.468 Thread 0x0000029172c9bab0 flushing nmethod 0x0000029157d6c690
Event: 15.468 Thread 0x0000029172c9bab0 flushing nmethod 0x0000029157d6ee10
Event: 15.468 Thread 0x0000029172c9bab0 flushing nmethod 0x0000029157d81890
Event: 15.468 Thread 0x0000029172c9bab0 flushing nmethod 0x0000029157d8ab90
Event: 15.468 Thread 0x0000029172c9bab0 flushing nmethod 0x0000029157d8b690
Event: 15.469 Thread 0x0000029172c9bab0 flushing nmethod 0x0000029157db2790
Event: 15.471 Thread 0x0000029172c9bab0 flushing nmethod 0x0000029157fe5590
Event: 15.471 Thread 0x0000029172c9bab0 flushing nmethod 0x0000029158047790
Event: 15.500 loading class java/util/Vector$Itr
Event: 15.500 loading class java/util/Vector$Itr done


Dynamic libraries:
0x00007ff6b96f0000 - 0x00007ff6b96fa000 	C:\Program Files\Android\Android Studio\jbr\bin\java.exe
0x00007fff62750000 - 0x00007fff62948000 	C:\windows\SYSTEM32\ntdll.dll
0x00007fff62650000 - 0x00007fff6270f000 	C:\windows\System32\KERNEL32.DLL
0x00007fff5fed0000 - 0x00007fff601c6000 	C:\windows\System32\KERNELBASE.dll
0x00007fff601d0000 - 0x00007fff602d0000 	C:\windows\System32\ucrtbase.dll
0x00007fff477f0000 - 0x00007fff47807000 	C:\Program Files\Android\Android Studio\jbr\bin\jli.dll
0x00007fff5ae20000 - 0x00007fff5ae3b000 	C:\Program Files\Android\Android Studio\jbr\bin\VCRUNTIME140.dll
0x00007fff61900000 - 0x00007fff61a9d000 	C:\windows\System32\USER32.dll
0x00007fff60460000 - 0x00007fff60482000 	C:\windows\System32\win32u.dll
0x00007fff62510000 - 0x00007fff6253c000 	C:\windows\System32\GDI32.dll
0x00007fff490e0000 - 0x00007fff4937a000 	C:\windows\WinSxS\amd64_microsoft.windows.common-controls_6595b64144ccf1df_6.0.19041.1110_none_60b5254171f9507e\COMCTL32.dll
0x00007fff605f0000 - 0x00007fff60705000 	C:\windows\System32\gdi32full.dll
0x00007fff60d90000 - 0x00007fff60e2e000 	C:\windows\System32\msvcrt.dll
0x00007fff5fe30000 - 0x00007fff5fecd000 	C:\windows\System32\msvcp_win.dll
0x00007fff616e0000 - 0x00007fff61710000 	C:\windows\System32\IMM32.DLL
0x00007fff5d2e0000 - 0x00007fff5d2ec000 	C:\Program Files\Android\Android Studio\jbr\bin\vcruntime140_1.dll
0x00007fff5ad60000 - 0x00007fff5aded000 	C:\Program Files\Android\Android Studio\jbr\bin\msvcp140.dll
0x00007fff0cdf0000 - 0x00007fff0da5e000 	C:\Program Files\Android\Android Studio\jbr\bin\server\jvm.dll
0x00007fff61710000 - 0x00007fff617bf000 	C:\windows\System32\ADVAPI32.dll
0x00007fff625b0000 - 0x00007fff6264c000 	C:\windows\System32\sechost.dll
0x00007fff623e0000 - 0x00007fff62506000 	C:\windows\System32\RPCRT4.dll
0x00007fff52f80000 - 0x00007fff52f89000 	C:\windows\SYSTEM32\WSOCK32.dll
0x00007fff53c50000 - 0x00007fff53c77000 	C:\windows\SYSTEM32\WINMM.dll
0x00007fff55d30000 - 0x00007fff55d3a000 	C:\windows\SYSTEM32\VERSION.dll
0x00007fff62540000 - 0x00007fff625ab000 	C:\windows\System32\WS2_32.dll
0x00007fff5e630000 - 0x00007fff5e642000 	C:\windows\SYSTEM32\kernel.appcore.dll
0x00007fff59810000 - 0x00007fff5981a000 	C:\Program Files\Android\Android Studio\jbr\bin\jimage.dll
0x00007fff5db80000 - 0x00007fff5dd64000 	C:\windows\SYSTEM32\DBGHELP.DLL
0x00007fff46250000 - 0x00007fff46284000 	C:\windows\SYSTEM32\dbgcore.DLL
0x00007fff602d0000 - 0x00007fff60352000 	C:\windows\System32\bcryptPrimitives.dll
0x00007fff32490000 - 0x00007fff324b5000 	C:\Program Files\Android\Android Studio\jbr\bin\java.dll
0x00007fff58f80000 - 0x00007fff58f98000 	C:\Program Files\Android\Android Studio\jbr\bin\zip.dll
0x00007fff60ec0000 - 0x00007fff61604000 	C:\windows\System32\SHELL32.dll
0x00007fff5dd70000 - 0x00007fff5e503000 	C:\windows\SYSTEM32\windows.storage.dll
0x00007fff61fa0000 - 0x00007fff622f4000 	C:\windows\System32\combase.dll
0x00007fff5f6c0000 - 0x00007fff5f6ee000 	C:\windows\SYSTEM32\Wldp.dll
0x00007fff61630000 - 0x00007fff616dd000 	C:\windows\System32\SHCORE.dll
0x00007fff60810000 - 0x00007fff60865000 	C:\windows\System32\shlwapi.dll
0x00007fff5fd70000 - 0x00007fff5fd8f000 	C:\windows\SYSTEM32\profapi.dll
0x00007fff4a4f0000 - 0x00007fff4a509000 	C:\Program Files\Android\Android Studio\jbr\bin\net.dll
0x00007fff58190000 - 0x00007fff5829a000 	C:\windows\SYSTEM32\WINHTTP.dll
0x00007fff5f4a0000 - 0x00007fff5f50a000 	C:\windows\system32\mswsock.dll
0x00007fff48a90000 - 0x00007fff48aa6000 	C:\Program Files\Android\Android Studio\jbr\bin\nio.dll
0x00007fff595b0000 - 0x00007fff595c0000 	C:\Program Files\Android\Android Studio\jbr\bin\verify.dll

dbghelp: loaded successfully - version: 4.0.5 - missing functions: none
symbol engine: initialized successfully - sym options: 0x614 - pdb path: .;C:\Program Files\Android\Android Studio\jbr\bin;C:\windows\SYSTEM32;C:\windows\WinSxS\amd64_microsoft.windows.common-controls_6595b64144ccf1df_6.0.19041.1110_none_60b5254171f9507e;C:\Program Files\Android\Android Studio\jbr\bin\server

VM Arguments:
java_command: org.jetbrains.kotlin.cli.jvm.K2JVMCompiler @C:\Users\SSAFY\Desktop\S09P31C206\frontend\app\build\20231029_2820247447483943180.compiler.options
java_class_path (initial): C:\Users\SSAFY\.gradle\caches\modules-2\files-2.1\org.jetbrains.kotlin\kotlin-compiler-embeddable\1.8.10\b0757fd774344d54ce93f5ad6c30ba1c1731c8ff\kotlin-compiler-embeddable-1.8.10.jar;C:\Users\SSAFY\.gradle\caches\modules-2\files-2.1\org.jetbrains.kotlin\kotlin-stdlib\1.8.10\6d5560a229477df9406943d5feda5618e98eb64c\kotlin-stdlib-1.8.10.jar;C:\Users\SSAFY\.gradle\caches\modules-2\files-2.1\org.jetbrains.kotlin\kotlin-script-runtime\1.8.10\b13ea9c7e46d589139e56086a878763290e20bd5\kotlin-script-runtime-1.8.10.jar;C:\Users\SSAFY\.gradle\caches\modules-2\files-2.1\org.jetbrains.kotlin\kotlin-reflect\1.6.10\1cbe9c92c12a94eea200d23c2bbaedaf3daf5132\kotlin-reflect-1.6.10.jar;C:\Users\SSAFY\.gradle\caches\modules-2\files-2.1\org.jetbrains.kotlin\kotlin-daemon-embeddable\1.8.10\ad8541d9bc1cf9e52c3204161247910c2cf601d4\kotlin-daemon-embeddable-1.8.10.jar;C:\Users\SSAFY\.gradle\caches\modules-2\files-2.1\org.jetbrains.intellij.deps\trove4j\1.0.20200330\3afb14d5f9ceb459d724e907a21145e8ff394f02\trove4j-1.0.20200330.jar;C:\Users\SSAFY\.gradle\caches\modules-2\files-2.1\net.java.dev.jna\jna\5.6.0\330f2244e9030119ab3030fc3fededc86713d9cc\jna-5.6.0.jar;C:\Users\SSAFY\.gradle\caches\modules-2\files-2.1\org.jetbrains.kotlin\kotlin-stdlib-common\1.8.10\a61b182458550492c12aee66157d7b524a63a5ec\kotlin-stdlib-common-1.8.10.jar;C:\Users\SSAFY\.gradle\caches\modules-2\files-2.1\org.jetbrains\annotations\13.0\919f0dfe192fb4e063e7dacadee7f8bb9a2672a9\annotations-13.0.jar
Launcher Type: SUN_STANDARD

[Global flags]
     intx CICompilerCount                          = 4                                         {product} {ergonomic}
     uint ConcGCThreads                            = 3                                         {product} {ergonomic}
     uint G1ConcRefinementThreads                  = 10                                        {product} {ergonomic}
   size_t G1HeapRegionSize                         = 2097152                                   {product} {ergonomic}
    uintx GCDrainStackTargetSize                   = 64                                        {product} {ergonomic}
   size_t InitialHeapSize                          = 268435456                                 {product} {ergonomic}
   size_t MarkStackSize                            = 4194304                                   {product} {ergonomic}
   size_t MaxHeapSize                              = 4278190080                                {product} {ergonomic}
   size_t MaxNewSize                               = 2566914048                                {product} {ergonomic}
   size_t MinHeapDeltaBytes                        = 2097152                                   {product} {ergonomic}
   size_t MinHeapSize                              = 8388608                                   {product} {ergonomic}
    uintx NonNMethodCodeHeapSize                   = 5839372                                {pd product} {ergonomic}
    uintx NonProfiledCodeHeapSize                  = 122909434                              {pd product} {ergonomic}
    uintx ProfiledCodeHeapSize                     = 122909434                              {pd product} {ergonomic}
    uintx ReservedCodeCacheSize                    = 251658240                              {pd product} {ergonomic}
     bool SegmentedCodeCache                       = true                                      {product} {ergonomic}
   size_t SoftMaxHeapSize                          = 4278190080                             {manageable} {ergonomic}
     bool UseCompressedClassPointers               = true                           {product lp64_product} {ergonomic}
     bool UseCompressedOops                        = true                           {product lp64_product} {ergonomic}
     bool UseG1GC                                  = true                                      {product} {ergonomic}
     bool UseLargePagesIndividualAllocation        = false                                  {pd product} {ergonomic}

Logging:
Log output configuration:
 #0: stdout all=warning uptime,level,tags
 #1: stderr all=off uptime,level,tags

Environment Variables:
JAVA_HOME=C:\Users\SSAFY\.jdks\graalvm-jdk-17.0.9
PATH=C:\Program Files (x86)\VMware\VMware Player\bin\;C:\windows\system32;C:\windows;C:\windows\System32\Wbem;C:\windows\System32\WindowsPowerShell\v1.0\;C:\windows\System32\OpenSSH\;C:\Users\SSAFY\AppData\Roaming\Microsoft\Windows\Start Menu\Programs\Python 3.11;C:\Program Files\Git\cmd;C:\Users\SSAFY\AppData\Roaming\nvm;C:\Program Files\nodejs;C:\Program Files (x86)\MySQL\MySQL Server 5.7\bin;C:\Program Files\PuTTY\;C:\Program Files\Docker\Docker\resources\bin;C:\MinGW\bin;C:\Program Files\Microsoft SQL Server\150\Tools\Binn\;C:\Program Files\Microsoft SQL Server\Client SDK\ODBC\170\Tools\Binn\;C:\Program Files\dotnet\;C:\Program Files\doxygen\bin;C:\Program Files (x86)\Windows Kits\10\Windows Performance Toolkit\;C:\Users\SSAFY\AppData\Roaming\Microsoft\Windows\Start Menu\Programs\Python 3.11;C:\Users\SSAFY\AppData\Local\Android\Sdk;C:\Users\SSAFY\AppData\Local\Android\Sdk\tools;C:\Users\SSAFY\AppData\Local\Android\Sdk\platform-tools;C:\Users\SSAFY\AppData\Local\Android\Sdk\emulator;C:\Users\SSAFY\AppData\Local\Android\Sdk\build-tools;C:\Users\SSAFY\AppData\Local\Microsoft\WindowsApps;C:\Users\SSAFY\AppData\Local\Programs\Microsoft VS Code\bin;C:\Users\SSAFY\AppData\Roaming\Microsoft\Windows\Start Menu\Programs\Python 3.11;C:\Users\SSAFY\AppData\Roaming\npm;C:\Users\SSAFY\AppData\Roaming\nvm;C:\Program Files\nodejs;C:\Program Files\JetBrains\IntelliJ IDEA Community Edition 2023.1.3\bin;;C:\Users\SSAFY\AppData\Local\Microsoft\WinGet\Packages\DenoLand.Deno_Microsoft.Winget.Source_8wekyb3d8bbwe;;C:\Users\SSAFY\.deno\bin;C:\Users\SSAFY\.dotnet\tools
USERNAME=SSAFY
OS=Windows_NT
PROCESSOR_IDENTIFIER=Intel64 Family 6 Model 158 Stepping 10, GenuineIntel
TMP=C:\Users\SSAFY\AppData\Local\Temp
TEMP=C:\Users\SSAFY\AppData\Local\Temp


JNI global refs:
JNI global refs: 13, weak refs: 17

JNI global refs memory usage: 843, weak refs: 841


---------------  S Y S T E M  ---------------

OS:
 Windows 10 , 64 bit Build 19041 (10.0.19041.3031)
OS uptime: 24 days 3:53 hours
Hyper-V role detected

CPU: total 12 (initial active 12) (6 cores per cpu, 2 threads per core) family 6 model 158 stepping 10 microcode 0xcc, cx8, cmov, fxsr, ht, mmx, 3dnowpref, sse, sse2, sse3, ssse3, sse4.1, sse4.2, popcnt, lzcnt, tsc, tscinvbit, avx, avx2, aes, erms, clmul, bmi1, bmi2, adx, fma, vzeroupper, clflush, clflushopt, hv

Memory: 4k page, system-wide physical 16315M (327M free)
TotalPageFile size 65467M (AvailPageFile size 14M)
current process WorkingSet (physical memory assigned to process): 386M, peak: 392M
current process commit charge ("private bytes"): 433M, peak: 465M

vm_info: OpenJDK 64-Bit Server VM (17.0.6+0-b2043.56-10027231) for windows-amd64 JRE (17.0.6+0-b2043.56-10027231), built on Apr 28 2023 00:43:19 by "androidbuild" with MS VC++ 16.10 / 16.11 (VS2019)

END.
